 INPUT OCEAN TASK PARAMETERS FROM octask.par
       1800.0  :STEP,IN SECONDS(*-FORMAT,11-COLUMNS)
        5.0  :DURATION OF RUN IN DAY(*11C)
          0  :INITIAL STEP(=0=>START FROM INIT.T&S; >0=>START FROM CONTROL POINT)(I7)
       2013  :INITIAL YEAR(I7)
         0   :WRITING PERIOD IN STEPS FOR CONTROL POINT OUTPUT
         0   :WRITING PERIOD IN STEPS FOR INTEGRAL PARAMETER OUTPUT
         5   :WRITING PERIOD IN STEPS FOR LOCAL OUTPUT (not use if =<0)
  0. 0.0     :EXTERNAL&INTERNAL PERIODS IN DAYS TO WRITE XYZ ARRAYS
  0. 0.0     :EXTERNAL&INTERNAL PERIODS IN DAYS TO WRITE PASSIVE TRACER ARRAYS
  1. 0.2     :EXTERNAL&INTERNAL PERIODS IN DAYS TO WRITE  XY ARRAYS
  0. 0.0     :EXTERNAL&INTERNAL PERIODS IN DAYS TO WRITE  YZ ARRAYS
  -2   -2   3    :TYPES OF SS CONDITION FOR T,S,WIND(IGT,IGS =1,2,3),IGWS=(1,2,3,4)(3I4)
   0   30        :USAGE OF ICE BLOCK IN OCEAN MODEL(0-DO NOT USE,1-USE)
   1   1         :1-DO NOT 2- REMOVE SPACE AVARAGING HEAT & FRESH WATER FLUXES(2I4)
 1.0E-03   1.0E-03       :COEFFICIENT OF RELAXATION FOR SST & SSS[CM/S](*22C)
 E                           :PATH TO OCEAN CONTROL POINT(RESULTES)(A32)
 ../Data_NEMO/SS2013               :PATH TO OCEAN DATA FILES
 sst.dat                           :SEA SURFACE TEMPERATURE
 sss.dat                           :SEA SURFACE SALINITY
 tlbc.dat                          :T-VALUES FOR LIQUID WALLS
 slbc.dat                          :S-VALUES FOR LIQUID WAL
 /san1lun1nfs/Data/COSMO13kmINMOM/ :PATH TO FILES OF ATM FORCINGM
 mzs.dat                           : SEA SURFACE ZONAL WIND STRESS(A32)
 mms.dat                           : SEA SURFACE MERIDIONAL WIND STRESS(A32)
 mnhf.dat                          : SEA SURFACE HEAT BALANCE(OCMOD)(A32)
 mswr.dat                          : SEA SURFACE SHORTWAVE RAD BALANCE(A32)^M
 mpme.dat                          : PRECIPITATION-EVAPORATION(A32)^M
 icemask.dat                       : ICE MASK (A32)^M
 sst_OkhSea.dat                    : TEMPERATURE OF ATMOSPHERE(COUPLED MODEL ONLY)^M
 slp.dat                           : SEA LEVEL PRESSURE^M
 rof4joseas_cosmo.dat              : RIVER RUNOFF^M
 trd.dat                           : DW-LW-RAD
 srd.dat                           : DW-SW-RAD
 tpr.dat                           : PRECIPIT
 t2m.dat                           : TEMP OF ATMOSPHERE
 q2m.dat                           : HUMIDITY
 u10.dat                           : U-WIND SPEED
 v10.dat                           : V-WIND SPEED
 NONE                              : SEA-LAND MASK FOR ATMPSPHERE^M
 
 COMMENTS:
 
 TYPES OF SS CONDITION FOR T,S:
 
 1 - FIRST CONDITION
     (ONLY T,S AT OCEAN SURFACE ARE USED)
 2 - SECOND CONDITION
     (HEAT AND FRESH WATER BALANCES ARE USED)
 3 - THIRD CONDITION
     (HEAT AND SALT FLUXES ARE CALCULATED BY BULK-FORMULAE)
 
 TYPES OF SS CONDITION FOR U,V:
 
 1 - WIND STRESS COMPONENTS ARE READ FROM FILES,
     ATM PRESSURE DOES NOT AFFECT DYNAMICS
 2 - WIND STRESS COMPONENTS ARE READ FROM FILES,
     ATM PRESSURE AFFECTS DYNAMICS
 3 - WIND STRESS COMPONENTS ARE CALCULATED BY BULK FORMULAE,
     ATM PRESSURE DOES NOT AFFECT DYNAMICS
 4 - WIND STRESS COMPONENTS ARE CALCULATED BY BULK FORMULAE,
     ATM PRESSURE AFFECTS DYNAMICS
 
 USAGE OF ICE BLOCK IN OCEAN MODEL:
 
 (FIRST NUMBER)
 0 - ICE BLOCK IS NOT USED
 1 - ICE BLOCK IS USED
 
 
 (SECOND NUMBER) - NUMBER OF TIME STEPS OF ICE MODEL
 IN ONE TIME STEP OF OCEAN MODEL
 EQUAL 1 IF ICE RHEOLOGY IS NOT USED
 >>1 (~60) IF ICE RHEOLOGY IS USED
 

  NUMBER OF ALL GRID POINTS =   4392993
  TOTAL MEMORY =  17571972 Bytes,    16.758 Mbytes,  0.016365 Gbytes.

      4 -SWITCHING KEYS FOR TASK:INP.COND
      5 -SEA LEVEL(+)/STREAM FUNCTION(-)
      3 -T&S LATERAL  TRANSPORT&MIX
     -5 -T&S VERTICAL TRANSP&MIX
     -2 -U&V LATERAL TRANSPORT&MIX
      3 -U&V VERTICAL TRANSPORT&MIX
      1 -PASSIVETRACER LATERAL TRANSPORT&MIX
      1 -PASSIVETRACER VERTICAL TRANSPORT&MIX
      0 -NUMBER OF LIQUID BOUNDARIES INCLUDED
  0.1000E-06  0.0000 BOTTOM FRICTION AND ITERATION PARAMETER FOR STREAM FUNCTION
  0.1000E+01  0.1000E+06[CM**2/S] -LATERAL DIFFUSION OF 2nd ORDER IN X & Y DIRECTION
  0.1000E+01  0.2500E+06[CM**2/S] -LATERAL VISCOSITY OF 2nd ORDER IN X & Y DIRECTION
  0.1560E-01  0.1560E-01[UNDIM,CM**4/S] -LATERAL DIFFUSION OF 4th ORDER IN X&Y DIRECTION
  0.1000E-02  0.1000E-02[UNDIM,CM**4/S] -LATERAL VISCOSITY OF 4th ORDER IN X&Y DIRECTION
  50.0000   0.0500-MAX(TOP)&BACKGROUND DIFFUS.
 150.0000   1.0000-MAX(TOP)&BACKGROUND VISKOS.
  300.0  300.0    0.5-SWITCHING DEPTHS AND RESIDUAL FRACTION OF LATERAL DIFFUSION
 FILE WITH TEM. POINT SEA-LAND MASK: mask_2c.txt
        FILE WITH BOTTOM TOPOGRAPHY: hh.dat
 NUMBER OF LEVITUS HORIZONTS: 29 FOR H= 3500.00
   W-LEVELS ARE ARRANGED IN THE MIDDLES OF T-LAYERS.
  W-LEVELS W-STEPS  T-LEVELS T-STEPS *1000.00
   1000.00 1000.00    666.67  666.67
   BASIN PARAMETERS FROM 0COM.INC:

   ERTH RADIUS = 0.6370000E+09(cm); rn = 0.6370000E+09[cm, or undim]
  EARTH ANGULAR VELOCITY(OMEGA) = 0.7292123E-04[RAD/SEC]
         HEAT CAPACITY OF WATER =  4.100000    [J/GR/GRAD] FOR 35%. SAL
              REFERENCE DENSITY =  1.025000    [GR/CM**3]
     FREE FALL ACCELERATION(GRV)=   980.600[CM/S**2]
  FREE FALL ACCELERATION/RH0 (G)=   956.683[CM/S**2/(GR/CM**3)]
                        CPW*RH0 =  4.202500    [J/GRAD/CM**3]
    NX= 260;  NY= 132;  NZ=   1;  MMM=   3; NNN=   3
   MLR=  13;  MM= 258;  NN= 130; MDIM= 260; MMD=   0
  Temperature mask.(nx, ny) = (260, 132). DXST =0.05, DYST =0.05.                
  BOTTOM MASK BASED ON TEMPERATURE MASK HAS
  NUMBER OF GRIDS =    33153
   COMPUTING IIX, JJX, LRX  BY LU
   COMPUTING IIXU,JJXU,LRXU BY LUU
   COMPUTING IIY, JJY, LRY  BY LU
   COMPUTING IIYU,JJYU,LRYU BY LUU
   MLR=     13;  MLRDEF =      1
   LRX  =      1;  LRY =      1
   LRXU =      1;  LRYU=      1
   WARNING! PARAMETER OF SECTION IN COMMON BLOCK 0COM.INC
   IS GREATER THEN DEFINED: MLR=     13 > MLRDEF=      1

   BEGIN TESTING IIX-JJX 
   SEARCHING FOR LENGTH <      2
   END TESTING; ERRORS=      0

   BEGIN TESTING IIY-JJY 
   SEARCHING FOR LENGTH <      2
   END TESTING; ERRORS=      0

   BEGIN TESTING IIX-JJX 
   SEARCHING FOR LENGTH <      3
   END TESTING; ERRORS=      0

   BEGIN TESTING IIY-JJY 
   SEARCHING FOR LENGTH <      3
   END TESTING; ERRORS=      0

   BEGIN TESTING IIXU-JJXU
   SEARCHING FOR LENGTH <      2
   END TESTING; ERRORS=      0

   BEGIN TESTING IIYU-JJYU
   SEARCHING FOR LENGTH <      2
   END TESTING; ERRORS=      0

   RECONSTRUCTION OF MASK BASED ON IIX AND JJX
   MASK BASED ON IIX, JJX; NUMBER OF GRIDS =    32768

   RECONSTRUCTION OF MASK BASED ON IIY AND JJY
   MASK BASED ON IIY, JJY; NUMBER OF GRIDS =    32768

   RECONSTRUCTION OF TEMPERATURE MASK BASED ON
   (IIX,JJX) AND (IIY,JJY) SIMULTANEOUSLY:
   TEMPERATURE MASK BASED ON (IIX,JJX) AND (IIY,JJY)
   IS EQUAL TO ORIGINAL MASK
   NUMBER OF GRIDS =    32768

   RECONSTRUCTION OF MASK BASED ON IIXU AND JJXU
   MASK BASED ON IIXU, JJXU; NUMBER OF GRIDS=    32385

   RECONSTRUCTION OF MASK BASED ON IIYU AND JJYU
   MASK BASED ON IIYU, JJYU; NUMBER OF GRIDS=    32385
   CONSTRUCTION OF C-X-Y-GRID MASKS BASED ON T-GRID:
   C-GRID MASK IN X DIRECTION HAS NUMBER OF OCEAN POINTS=    32640
   C-GRID MASK IN Y DIRECTION HAS NUMBER OF OCEAN POINTS=    32512
   TOTAL VECTOR DIMENSION ON T-GRID =  32768
   TOTAL VECTOR DIMENSION ON H-GRID =  32385
   MEAN DEPTH [CM]:100000.09
  SUM OF SW DIVERGENCE COEFFICIENT =  32768.00
  FOR   32768.00 T-GRID POINTS
   Shortwave penetration divergent coefficients have been defined

    VERTICAL SWITCH FUNCTIONS IN VICINITY OF POINT
      LON = 323.00000   LAT =  53.50000
     WITH COORDINATES OF   12.90 W,   49.00 N.
                        SWITCH DEPTH FOR TYPE OF DIFFUSION:  300.0
     SWITCH DEPTH&RESIDUAL FRACTION FOR VALUE OF DIFFUSION:  300.0    0.5
 Depth[m] 0   0.25 0.50 0.75  1     
 ---------+----+----+----+----+-----
     0.0 |*                   +     

   Setting vertical switching function for lateral diffusion.
 RDR;RMU;EPS= 0.100E-06 0.000E+00 0.500E-03
    LATERAL DIFFUSION TYPE:
   WCLSD, WCLZD, WCLRD  = 1.00000 1.00000 0.00000
         WCVZD1,WCVRD1  =         1.00000 0.00000
  WCVZD2,WCVRD2,WCVZRD  =         1.00000 0.00000 0.00000
 TT & SS: AMXT,AMYT =  0.1000E+06  0.1000E+06
 UU & VV: AMXU,AMYU =  0.2500E+06  0.2500E+06
 ANUMAXT,ANUBGRT  =     50.0000      0.0500 -MAX(TOP)&BACKGR.TS VERT.DIFFUS.
 ANUMAXU,ANUBGRU  =    150.0000      1.0000 -MAX(TOP)&BACKGR. VERT.VISKOSITY
  STEP:   0.50HRS;  1800.00SEC;  0.02083DAY.
  DURATION OF RUN     5.00 DAYS.
  START DAY:   1; TIME:  0: 0: 0,16
 
START OF TIME INTEGRATION OF OCEAN MODEL
 
 MatForm:   298.14476895332336     
 RHSForm:  6.67788982391357422E-002
           0 KSPSolve   12.484477996826172      its         723 norm  1.62603145937255280E-003 nvar       97920
   FORM u,v,slh:  3.03816795349121094E-003
   SYNC:  4.19616699218750000E-005
 SolveSys:   12.487931013107300     
 RHSForm:  3.43201160430908203E-002
           0 KSPSolve   10.899255990982056      its         642 norm  2.46637154403170486E-003 nvar       97920
   FORM u,v,slh:  1.35588645935058594E-003
   SYNC:  4.10079956054687500E-005
 SolveSys:   10.901283979415894     
 RHSForm:  3.38940620422363281E-002
           0 KSPSolve   8.4777779579162598      its         501 norm  2.63796625784495703E-003 nvar       97920
   FORM u,v,slh:  1.37805938720703125E-003
   SYNC:  4.10079956054687500E-005
 SolveSys:   8.4798681735992432     
 RHSForm:  3.38060855865478516E-002
           0 KSPSolve   8.1758611202239990      its         482 norm  2.36218624551178587E-003 nvar       97920
   FORM u,v,slh:  1.39904022216796875E-003
   SYNC:  4.10079956054687500E-005
 SolveSys:   8.1779711246490479     
 RHSForm:  3.40449810028076172E-002
           0 KSPSolve   5.5352289676666260      its         327 norm  1.92035475077732701E-003 nvar       97920
   FORM u,v,slh:  1.13391876220703125E-003
   SYNC:  4.38690185546875000E-005
 SolveSys:   5.5365829467773438     
 RHSForm:  3.33840847015380859E-002
           0 KSPSolve   6.4449601173400879      its         382 norm  1.55910833027642992E-003 nvar       97920
   FORM u,v,slh:  9.21964645385742188E-004
   SYNC:  3.09944152832031250E-006
 SolveSys:   6.4459571838378906     
 RHSForm:  3.25448513031005859E-002
           0 KSPSolve   9.0916721820831299      its         537 norm  1.39287810398300055E-003 nvar       97920
   FORM u,v,slh:  1.39117240905761719E-003
   SYNC:  4.19616699218750000E-005
 SolveSys:   9.0937080383300781     
 RHSForm:  3.37090492248535156E-002
           0 KSPSolve   7.9941599369049072      its         473 norm  1.40683211288010349E-003 nvar       97920
   FORM u,v,slh:  1.36899948120117188E-003
   SYNC:  6.19888305664062500E-005
 SolveSys:   7.9962549209594727     
 RHSForm:  3.38909626007080078E-002
           0 KSPSolve   7.8484849929809570      its         465 norm  1.49121844625646634E-003 nvar       97920
   FORM u,v,slh:  1.37996673583984375E-003
   SYNC:  4.48226928710937500E-005
 SolveSys:   7.8506290912628174     
 RHSForm:  3.37569713592529297E-002
           0 KSPSolve   4.5808660984039307      its         270 norm  1.57679029052726740E-003 nvar       97920
   FORM u,v,slh:  9.41991806030273438E-004
   SYNC:  2.86102294921875000E-006
 SolveSys:   4.5818839073181152     
  WRITE XY-DATA: REC=       1
   MODEL TIME: 05:00:00  01JAN2013;  DAY IN YEAR:001,  DAY IN 4YRS:0001
 OUTPUT DATA to E/XY/sl.dat
 XY_OUT:  1.71887874603271484E-002
 RHSForm:  3.37982177734375000E-002
           0 KSPSolve   3.8898451328277588      its         229 norm  1.64743305024409102E-003 nvar       97920
   FORM u,v,slh:  1.03807449340820313E-003
   SYNC:  4.10079956054687500E-005
 SolveSys:   3.8910789489746094     
 RHSForm:  3.27670574188232422E-002
           0 KSPSolve   4.2199950218200684      its         248 norm  1.68394655842868824E-003 nvar       97920
   FORM u,v,slh:  8.93115997314453125E-004
   SYNC:  3.09944152832031250E-006
 SolveSys:   4.2210240364074707     
 RHSForm:  3.21040153503417969E-002
           0 KSPSolve   5.2353332042694092      its         307 norm  1.68555656448566476E-003 nvar       97920
   FORM u,v,slh:  1.03712081909179688E-003
   SYNC:  4.19616699218750000E-005
 SolveSys:   5.2365632057189941     
 RHSForm:  3.26509475708007813E-002
           0 KSPSolve   6.2224152088165283      its         364 norm  1.67123767849966629E-003 nvar       97920
   FORM u,v,slh:  8.49962234497070313E-004
   SYNC:  2.14576721191406250E-006
 SolveSys:   6.2233300209045410     
 RHSForm:  3.18300724029541016E-002
           0 KSPSolve   4.2371551990509033      its         249 norm  1.65480051693917712E-003 nvar       97920
   FORM u,v,slh:  1.02996826171875000E-003
   SYNC:  4.00543212890625000E-005
 SolveSys:   4.2383801937103271     
 RHSForm:  3.28698158264160156E-002
           0 KSPSolve   2.5728089809417725      its         150 norm  1.64339423952714818E-003 nvar       97920
   FORM u,v,slh:  8.50915908813476563E-004
   SYNC:  2.14576721191406250E-006
 SolveSys:   2.5737400054931641     
 RHSForm:  3.17809581756591797E-002
           0 KSPSolve  0.32841396331787109      its          21 norm  1.61438004470902913E-003 nvar       97920
   FORM u,v,slh:  9.08136367797851563E-004
   SYNC:  2.14576721191406250E-006
 SolveSys:  0.32938790321350098     
 RHSForm:  3.17490100860595703E-002
           0 KSPSolve   2.6591041088104248      its         154 norm  1.64054403560441901E-003 nvar       97920
   FORM u,v,slh:  8.48054885864257813E-004
   SYNC:  3.09944152832031250E-006
 SolveSys:   2.6600301265716553     
 RHSForm:  3.21969985961914063E-002
           0 KSPSolve   3.1339819431304932      its         183 norm  1.62954098602507199E-003 nvar       97920
   FORM u,v,slh:  1.18207931518554688E-003
   SYNC:  4.10079956054687500E-005
 SolveSys:   3.1358361244201660     
 RHSForm:  3.31521034240722656E-002
           0 KSPSolve   3.1200499534606934      its         182 norm  1.62099251046262608E-003 nvar       97920
   FORM u,v,slh:  8.75949859619140625E-004
   SYNC:  3.09944152832031250E-006
 SolveSys:   3.1209909915924072     
  WRITE XY-DATA: REC=       2
   MODEL TIME: 10:00:00  01JAN2013;  DAY IN YEAR:001,  DAY IN 4YRS:0001
 OUTPUT DATA to E/XY/sl.dat
 XY_OUT:  5.69391250610351563E-003
 RHSForm:  3.33409309387207031E-002
           0 KSPSolve   3.5544178485870361      its         208 norm  1.63949758643165038E-003 nvar       97920
   FORM u,v,slh:  9.41991806030273438E-004
   SYNC:  4.69684600830078125E-005
 SolveSys:   3.5554850101470947     
 RHSForm:  3.18601131439208984E-002
           0 KSPSolve   2.5268540382385254      its         148 norm  1.63475581739828393E-003 nvar       97920
   FORM u,v,slh:  8.90016555786132813E-004
   SYNC:  2.86102294921875000E-006
 SolveSys:   2.5278100967407227     
 RHSForm:  3.18460464477539063E-002
           0 KSPSolve   1.3029589653015137      its          78 norm  1.62198617814535606E-003 nvar       97920
   FORM u,v,slh:  1.03902816772460938E-003
   SYNC:  4.38690185546875000E-005
 SolveSys:   1.3042109012603760     
 RHSForm:  3.28299999237060547E-002
           0 KSPSolve   1.0329639911651611      its          60 norm  1.61649481346324837E-003 nvar       97920
   FORM u,v,slh:  8.87870788574218750E-004
   SYNC:  2.14576721191406250E-006
 SolveSys:   1.0339190959930420     
 RHSForm:  3.18531990051269531E-002
           0 KSPSolve   1.0317840576171875      its          60 norm  1.47825718402454817E-003 nvar       97920
   FORM u,v,slh:  8.81195068359375000E-004
   SYNC:  1.90734863281250000E-006
 SolveSys:   1.0327320098876953     
 RHSForm:  3.18589210510253906E-002
           0 KSPSolve   1.1270420551300049      its          67 norm  1.61062227363107670E-003 nvar       97920
   FORM u,v,slh:  8.80956649780273438E-004
   SYNC:  3.09944152832031250E-006
 SolveSys:   1.1279890537261963     
 RHSForm:  3.18138599395751953E-002
           0 KSPSolve   1.5229010581970215      its          89 norm  1.62913334568717859E-003 nvar       97920
   FORM u,v,slh:  8.82148742675781250E-004
   SYNC:  3.09944152832031250E-006
 SolveSys:   1.5238499641418457     
 RHSForm:  3.18241119384765625E-002
           0 KSPSolve   1.7940449714660645      its         107 norm  1.63383778851126254E-003 nvar       97920
   FORM u,v,slh:  8.64982604980468750E-004
   SYNC:  2.14576721191406250E-006
 SolveSys:   1.7949759960174561     
 RHSForm:  3.17471027374267578E-002
           0 KSPSolve   1.9283599853515625      its         114 norm  1.64266434659292261E-003 nvar       97920
   FORM u,v,slh:  8.61167907714843750E-004
   SYNC:  2.86102294921875000E-006
 SolveSys:   1.9292860031127930     
 RHSForm:  3.17020416259765625E-002
           0 KSPSolve   1.1430261135101318      its          68 norm  1.64398080838090753E-003 nvar       97920
   FORM u,v,slh:  1.03902816772460938E-003
   SYNC:  4.10079956054687500E-005
 SolveSys:   1.1442561149597168     
  WRITE XY-DATA: REC=       3
   MODEL TIME: 15:00:00  01JAN2013;  DAY IN YEAR:001,  DAY IN 4YRS:0001
 OUTPUT DATA to E/XY/sl.dat
 XY_OUT:  3.98302078247070313E-003
 RHSForm:  3.32059860229492188E-002
           0 KSPSolve   1.0326409339904785      its          60 norm  1.55698146941312711E-003 nvar       97920
   FORM u,v,slh:  8.63075256347656250E-004
   SYNC:  3.09944152832031250E-006
 SolveSys:   1.0335710048675537     
 RHSForm:  3.17840576171875000E-002
           0 KSPSolve  0.84105992317199707      its          51 norm  1.63833801751153284E-003 nvar       97920
   FORM u,v,slh:  8.58068466186523438E-004
   SYNC:  1.90734863281250000E-006
 SolveSys:  0.84198403358459473     
 RHSForm:  3.25551033020019531E-002
           0 KSPSolve  0.75016593933105469      its          46 norm  1.65392101554750863E-003 nvar       97920
   FORM u,v,slh:  8.64028930664062500E-004
   SYNC:  2.14576721191406250E-006
 SolveSys:  0.75109481811523438     
 RHSForm:  3.17749977111816406E-002
           0 KSPSolve  0.94288110733032227      its          56 norm  1.62366918308732015E-003 nvar       97920
   FORM u,v,slh:  8.61167907714843750E-004
   SYNC:  1.90734863281250000E-006
 SolveSys:  0.94380807876586914     
 RHSForm:  3.17120552062988281E-002
           0 KSPSolve  0.94380998611450195      its          56 norm  1.62444576890429350E-003 nvar       97920
   FORM u,v,slh:  8.65936279296875000E-004
   SYNC:  1.90734863281250000E-006
 SolveSys:  0.94474101066589355     
 RHSForm:  3.18119525909423828E-002
           0 KSPSolve  0.90150690078735352      its          54 norm  1.65252441757707843E-003 nvar       97920
   FORM u,v,slh:  8.62121582031250000E-004
   SYNC:  3.09944152832031250E-006
 SolveSys:  0.90243482589721680     
 RHSForm:  3.17168235778808594E-002
           0 KSPSolve  0.94361400604248047      its          56 norm  1.61114521863910489E-003 nvar       97920
   FORM u,v,slh:  8.62121582031250000E-004
   SYNC:  1.90734863281250000E-006
 SolveSys:  0.94454002380371094     
 RHSForm:  3.17811965942382813E-002
           0 KSPSolve  0.92178797721862793      its          55 norm  1.62968630811053772E-003 nvar       97920
   FORM u,v,slh:  8.64028930664062500E-004
   SYNC:  1.90734863281250000E-006
 SolveSys:  0.92271900177001953     
 RHSForm:  3.17580699920654297E-002
           0 KSPSolve  0.94346284866333008      its          56 norm  1.63483754266805100E-003 nvar       97920
   FORM u,v,slh:  8.61883163452148438E-004
   SYNC:  2.14576721191406250E-006
 SolveSys:  0.94439196586608887     
 RHSForm:  3.17900180816650391E-002
           0 KSPSolve  0.94292593002319336      its          56 norm  1.64578420239855079E-003 nvar       97920
   FORM u,v,slh:  8.47101211547851563E-004
   SYNC:  1.90734863281250000E-006
 SolveSys:  0.94385099411010742     
  WRITE XY-DATA: REC=       4
   MODEL TIME: 20:00:00  01JAN2013;  DAY IN YEAR:001,  DAY IN 4YRS:0001
 OUTPUT DATA to E/XY/sl.dat
 XY_OUT:  5.39803504943847656E-003
 RHSForm:  3.35369110107421875E-002
           0 KSPSolve  0.94561100006103516      its          56 norm  1.62964569383966767E-003 nvar       97920
   FORM u,v,slh:  9.41991806030273438E-004
   SYNC:  4.60147857666015625E-005
 SolveSys:  0.94667720794677734     
 RHSForm:  3.18100452423095703E-002
           0 KSPSolve  0.90078997611999512      its          54 norm  1.63101865892927305E-003 nvar       97920
   FORM u,v,slh:  8.58068466186523438E-004
   SYNC:  2.86102294921875000E-006
 SolveSys:  0.90171384811401367     
 RHSForm:  3.18510532379150391E-002
           0 KSPSolve  0.82193398475646973      its          50 norm  1.62955473181454198E-003 nvar       97920
   FORM u,v,slh:  8.58068466186523438E-004
   SYNC:  2.14576721191406250E-006
 SolveSys:  0.82285690307617188     
 RHSForm:  3.17578315734863281E-002
           0 KSPSolve  0.71756100654602051      its          44 norm  1.63660279947217685E-003 nvar       97920
   FORM u,v,slh:  8.64982604980468750E-004
   SYNC:  3.09944152832031250E-006
 SolveSys:  0.71849298477172852     
 RHSForm:  3.18679809570312500E-002
           0 KSPSolve  0.54054808616638184      its          31 norm  1.63878337135080188E-003 nvar       97920
   FORM u,v,slh:  8.59975814819335938E-004
   SYNC:  2.14576721191406250E-006
 SolveSys:  0.54147195816040039     
 RHSForm:  3.17869186401367188E-002
           0 KSPSolve  0.58724594116210938      its          35 norm  1.63601558560871386E-003 nvar       97920
   FORM u,v,slh:  8.62836837768554688E-004
   SYNC:  1.90734863281250000E-006
 SolveSys:  0.58817696571350098     
 RHSForm:  3.17928791046142578E-002
           0 KSPSolve  0.71722984313964844      its          44 norm  1.63818176533231277E-003 nvar       97920
   FORM u,v,slh:  8.52108001708984375E-004
   SYNC:  2.86102294921875000E-006
 SolveSys:  0.71814393997192383     
 RHSForm:  3.18100452423095703E-002
           0 KSPSolve  0.57440495491027832      its          34 norm  1.63085422868680598E-003 nvar       97920
   FORM u,v,slh:  8.64982604980468750E-004
   SYNC:  1.90734863281250000E-006
 SolveSys:  0.57533812522888184     
 RHSForm:  3.19249629974365234E-002
           0 KSPSolve  0.57465505599975586      its          34 norm  1.62940467900677516E-003 nvar       97920
   FORM u,v,slh:  8.65936279296875000E-004
   SYNC:  2.14576721191406250E-006
 SolveSys:  0.57558703422546387     
 RHSForm:  3.18429470062255859E-002
           0 KSPSolve  0.70061397552490234      its          43 norm  1.63363135358448870E-003 nvar       97920
   FORM u,v,slh:  8.58068466186523438E-004
   SYNC:  2.14576721191406250E-006
 SolveSys:  0.70153689384460449     
  WRITE XY-DATA: REC=       4
   MODEL TIME: 01:00:00  02JAN2013;  DAY IN YEAR:002,  DAY IN 4YRS:0002
 OUTPUT DATA to E/XY/sl.dat
 XY_OUT:  5.42998313903808594E-003
 RHSForm:  3.35679054260253906E-002
           0 KSPSolve  0.54292821884155273      its          31 norm  1.63194140115076173E-003 nvar       97920
   FORM u,v,slh:  9.43183898925781250E-004
   SYNC:  4.69684600830078125E-005
 SolveSys:  0.54399418830871582     
 RHSForm:  3.18200588226318359E-002
           0 KSPSolve  0.51859617233276367      its          30 norm  1.64182693596150284E-003 nvar       97920
   FORM u,v,slh:  8.59022140502929688E-004
   SYNC:  2.14576721191406250E-006
 SolveSys:  0.51952099800109863     
 RHSForm:  3.17940711975097656E-002
           0 KSPSolve  0.66971206665039063      its          41 norm  1.64322782220310110E-003 nvar       97920
   FORM u,v,slh:  8.44955444335937500E-004
   SYNC:  2.86102294921875000E-006
 SolveSys:  0.67063403129577637     
 RHSForm:  3.17740440368652344E-002
           0 KSPSolve  0.54070878028869629      its          31 norm  1.65156372553096537E-003 nvar       97920
   FORM u,v,slh:  8.48054885864257813E-004
   SYNC:  3.09944152832031250E-006
 SolveSys:  0.54162192344665527     
 RHSForm:  3.18310260772705078E-002
           0 KSPSolve  0.61642503738403320      its          37 norm  1.64628741441956395E-003 nvar       97920
   FORM u,v,slh:  1.03402137756347656E-003
   SYNC:  4.29153442382812500E-005
 SolveSys:  0.61765408515930176     
 RHSForm:  3.28090190887451172E-002
           0 KSPSolve  0.73362994194030762      its          45 norm  1.64366434145527657E-003 nvar       97920
   FORM u,v,slh:  8.59975814819335938E-004
   SYNC:  2.14576721191406250E-006
 SolveSys:  0.73455691337585449     
 RHSForm:  3.17099094390869141E-002
           0 KSPSolve  0.68511795997619629      its          42 norm  1.65098959791245420E-003 nvar       97920
   FORM u,v,slh:  8.60929489135742188E-004
   SYNC:  3.09944152832031250E-006
 SolveSys:  0.68604493141174316     
 RHSForm:  3.17969322204589844E-002
           0 KSPSolve  0.57540988922119141      its          34 norm  1.65268963161591034E-003 nvar       97920
   FORM u,v,slh:  8.61167907714843750E-004
   SYNC:  3.09944152832031250E-006
 SolveSys:  0.57633900642395020     
 RHSForm:  3.18529605865478516E-002
           0 KSPSolve  0.56324911117553711      its          33 norm  1.66017522926443823E-003 nvar       97920
   FORM u,v,slh:  8.62836837768554688E-004
   SYNC:  1.90734863281250000E-006
 SolveSys:  0.56417703628540039     
 RHSForm:  3.19869518280029297E-002
           0 KSPSolve  0.64050102233886719      its          39 norm  1.66467788228555108E-003 nvar       97920
   FORM u,v,slh:  8.63075256347656250E-004
   SYNC:  2.14576721191406250E-006
 SolveSys:  0.64143013954162598     
  WRITE XY-DATA: REC=       1
   MODEL TIME: 06:00:00  02JAN2013;  DAY IN YEAR:002,  DAY IN 4YRS:0002
 OUTPUT DATA to E/XY/sl.dat
 XY_OUT:  6.37793540954589844E-003
 RHSForm:  3.36749553680419922E-002
           0 KSPSolve  0.54155898094177246      its          31 norm  1.66543105356545826E-003 nvar       97920
   FORM u,v,slh:  9.04083251953125000E-004
   SYNC:  2.69412994384765625E-005
 SolveSys:  0.54256105422973633     
 RHSForm:  3.17490100860595703E-002
           0 KSPSolve  0.51777791976928711      its          30 norm  1.66619772136277931E-003 nvar       97920
   FORM u,v,slh:  8.41856002807617188E-004
   SYNC:  2.14576721191406250E-006
 SolveSys:  0.51867818832397461     
 RHSForm:  3.17161083221435547E-002
           0 KSPSolve  0.53969311714172363      its          31 norm  1.66742452267064226E-003 nvar       97920
   FORM u,v,slh:  8.38041305541992188E-004
   SYNC:  3.09944152832031250E-006
 SolveSys:  0.54058909416198730     
 RHSForm:  3.18319797515869141E-002
           0 KSPSolve  0.51765704154968262      its          30 norm  1.67093239274870506E-003 nvar       97920
   FORM u,v,slh:  8.38041305541992188E-004
   SYNC:  1.90734863281250000E-006
 SolveSys:  0.51855492591857910     
 RHSForm:  3.17790508270263672E-002
           0 KSPSolve  0.49496483802795410      its          29 norm  1.66607312366490071E-003 nvar       97920
   FORM u,v,slh:  8.40902328491210938E-004
   SYNC:  1.90734863281250000E-006
 SolveSys:  0.49586391448974609     
 RHSForm:  3.18148136138916016E-002
           0 KSPSolve  0.49496603012084961      its          29 norm  1.66501985097393715E-003 nvar       97920
   FORM u,v,slh:  8.42094421386718750E-004
   SYNC:  2.14576721191406250E-006
 SolveSys:  0.49586701393127441     
 RHSForm:  3.17790508270263672E-002
           0 KSPSolve  0.45060396194458008      its          27 norm  1.67782388700375034E-003 nvar       97920
   FORM u,v,slh:  8.39948654174804688E-004
   SYNC:  1.90734863281250000E-006
 SolveSys:  0.45150184631347656     
 RHSForm:  3.17978858947753906E-002
           0 KSPSolve  0.47223305702209473      its          28 norm  1.67672864907907472E-003 nvar       97920
   FORM u,v,slh:  8.40902328491210938E-004
   SYNC:  9.53674316406250000E-007
 SolveSys:  0.47313404083251953     
 RHSForm:  3.17049026489257813E-002
           0 KSPSolve  0.47207784652709961      its          28 norm  1.66653894569307741E-003 nvar       97920
   FORM u,v,slh:  8.25881958007812500E-004
   SYNC:  1.90734863281250000E-006
 SolveSys:  0.47296190261840820     
 RHSForm:  3.18048000335693359E-002
           0 KSPSolve  0.45060300827026367      its          27 norm  1.67680264543537162E-003 nvar       97920
   FORM u,v,slh:  8.42094421386718750E-004
   SYNC:  2.14576721191406250E-006
 SolveSys:  0.45150399208068848     
  WRITE XY-DATA: REC=       2
   MODEL TIME: 11:00:00  02JAN2013;  DAY IN YEAR:002,  DAY IN 4YRS:0002
 OUTPUT DATA to E/XY/sl.dat
 XY_OUT:  6.90698623657226563E-003
 RHSForm:  3.34270000457763672E-002
           0 KSPSolve  0.47389507293701172      its          28 norm  1.66849064820202321E-003 nvar       97920
   FORM u,v,slh:  9.08136367797851563E-004
   SYNC:  2.78949737548828125E-005
 SolveSys:  0.47490215301513672     
 RHSForm:  3.17251682281494141E-002
           0 KSPSolve  0.45060801506042480      its          27 norm  1.67895657909898350E-003 nvar       97920
   FORM u,v,slh:  8.38994979858398438E-004
   SYNC:  1.90734863281250000E-006
 SolveSys:  0.45150494575500488     
 RHSForm:  3.17409038543701172E-002
           0 KSPSolve  0.47577190399169922      its          28 norm  1.67923756557470934E-003 nvar       97920
   FORM u,v,slh:  9.05990600585937500E-004
   SYNC:  2.40802764892578125E-005
 SolveSys:  0.47683691978454590     
 RHSForm:  3.26437950134277344E-002
           0 KSPSolve  0.49551010131835938      its          29 norm  1.67175537590360168E-003 nvar       97920
   FORM u,v,slh:  8.37087631225585938E-004
   SYNC:  2.14576721191406250E-006
 SolveSys:  0.49640607833862305     
 RHSForm:  3.17859649658203125E-002
           0 KSPSolve  0.47228598594665527      its          28 norm  1.68255943982367024E-003 nvar       97920
   FORM u,v,slh:  8.44001770019531250E-004
   SYNC:  1.90734863281250000E-006
 SolveSys:  0.47318887710571289     
 RHSForm:  3.17800045013427734E-002
           0 KSPSolve  0.51767301559448242      its          30 norm  1.67356446122028570E-003 nvar       97920
   FORM u,v,slh:  8.39233398437500000E-004
   SYNC:  1.90734863281250000E-006
 SolveSys:  0.51857209205627441     
 RHSForm:  3.17258834838867188E-002
           0 KSPSolve  0.49498486518859863      its          29 norm  1.68030424441156963E-003 nvar       97920
   FORM u,v,slh:  8.40187072753906250E-004
   SYNC:  2.14576721191406250E-006
 SolveSys:  0.49588394165039063     
 RHSForm:  3.17840576171875000E-002
           0 KSPSolve  0.53974604606628418      its          31 norm  1.67916375952037174E-003 nvar       97920
   FORM u,v,slh:  8.38041305541992188E-004
   SYNC:  2.14576721191406250E-006
 SolveSys:  0.54064202308654785     
 RHSForm:  3.17621231079101563E-002
           0 KSPSolve  0.53974318504333496      its          31 norm  1.68164065231593161E-003 nvar       97920
   FORM u,v,slh:  8.38994979858398438E-004
   SYNC:  1.90734863281250000E-006
 SolveSys:  0.54064106941223145     
 RHSForm:  3.18040847778320313E-002
           0 KSPSolve  0.57362079620361328      its          34 norm  1.67848496384703414E-003 nvar       97920
   FORM u,v,slh:  8.26835632324218750E-004
   SYNC:  1.90734863281250000E-006
 SolveSys:  0.57451915740966797     
  WRITE XY-DATA: REC=       3
   MODEL TIME: 16:00:00  02JAN2013;  DAY IN YEAR:002,  DAY IN 4YRS:0002
 OUTPUT DATA to E/XY/sl.dat
 XY_OUT:  6.39390945434570313E-003
 RHSForm:  3.34270000457763672E-002
           0 KSPSolve  0.57542204856872559      its          34 norm  1.67836894567836197E-003 nvar       97920
   FORM u,v,slh:  9.05036926269531250E-004
   SYNC:  2.81333923339843750E-005
 SolveSys:  0.57642602920532227     
 RHSForm:  3.18229198455810547E-002
           0 KSPSolve  0.59882807731628418      its          36 norm  1.67929335253239943E-003 nvar       97920
   FORM u,v,slh:  8.27074050903320313E-004
   SYNC:  1.90734863281250000E-006
 SolveSys:  0.59971594810485840     
 RHSForm:  3.17430496215820313E-002
           0 KSPSolve  0.58619403839111328      its          35 norm  1.67580996800368405E-003 nvar       97920
   FORM u,v,slh:  8.47101211547851563E-004
   SYNC:  1.90734863281250000E-006
 SolveSys:  0.58710098266601563     
 RHSForm:  3.18520069122314453E-002
           0 KSPSolve  0.58621692657470703      its          35 norm  1.67944662540799755E-003 nvar       97920
   FORM u,v,slh:  8.40902328491210938E-004
   SYNC:  1.90734863281250000E-006
 SolveSys:  0.58711886405944824     
 RHSForm:  3.18589210510253906E-002
           0 KSPSolve  0.58615112304687500      its          35 norm  1.67979249359812726E-003 nvar       97920
   FORM u,v,slh:  8.44001770019531250E-004
   SYNC:  1.90734863281250000E-006
 SolveSys:  0.58705306053161621     
 RHSForm:  3.18419933319091797E-002
           0 KSPSolve  0.57354688644409180      its          34 norm  1.68277730923378126E-003 nvar       97920
   FORM u,v,slh:  8.28027725219726563E-004
   SYNC:  2.14576721191406250E-006
 SolveSys:  0.57444500923156738     
 RHSForm:  3.18269729614257813E-002
           0 KSPSolve  0.57358312606811523      its          34 norm  1.67809325934908785E-003 nvar       97920
   FORM u,v,slh:  8.42094421386718750E-004
   SYNC:  2.14576721191406250E-006
 SolveSys:  0.57448601722717285     
 RHSForm:  3.18968296051025391E-002
           0 KSPSolve  0.56207394599914551      its          33 norm  1.68227043236131649E-003 nvar       97920
   FORM u,v,slh:  8.39948654174804688E-004
   SYNC:  2.14576721191406250E-006
 SolveSys:  0.56297302246093750     
 RHSForm:  3.18779945373535156E-002
           0 KSPSolve  0.55069613456726074      its          32 norm  1.67880648319104894E-003 nvar       97920
   FORM u,v,slh:  8.28981399536132813E-004
   SYNC:  2.14576721191406250E-006
 SolveSys:  0.55158400535583496     
 RHSForm:  3.18491458892822266E-002
           0 KSPSolve  0.52165889739990234      its          30 norm  1.68357260287141570E-003 nvar       97920
   FORM u,v,slh:  8.90016555786132813E-004
   SYNC:  2.59876251220703125E-005
 SolveSys:  0.52273702621459961     
  WRITE XY-DATA: REC=       4
   MODEL TIME: 21:00:00  02JAN2013;  DAY IN YEAR:002,  DAY IN 4YRS:0002
 OUTPUT DATA to E/XY/sl.dat
 XY_OUT:  5.64479827880859375E-003
 RHSForm:  3.27579975128173828E-002
           0 KSPSolve  0.49558901786804199      its          29 norm  1.68298009528934167E-003 nvar       97920
   FORM u,v,slh:  8.40902328491210938E-004
   SYNC:  1.90734863281250000E-006
 SolveSys:  0.49648904800415039     
 RHSForm:  3.17869186401367188E-002
           0 KSPSolve  0.49491000175476074      its          29 norm  1.68329810255272495E-003 nvar       97920
   FORM u,v,slh:  8.40902328491210938E-004
   SYNC:  1.90734863281250000E-006
 SolveSys:  0.49581003189086914     
 RHSForm:  3.17621231079101563E-002
           0 KSPSolve  0.49499011039733887      its          29 norm  1.67410083701373456E-003 nvar       97920
   FORM u,v,slh:  8.42094421386718750E-004
   SYNC:  2.14576721191406250E-006
 SolveSys:  0.49589204788208008     
 RHSForm:  3.17890644073486328E-002
           0 KSPSolve  0.47214984893798828      its          28 norm  1.67750316145723528E-003 nvar       97920
   FORM u,v,slh:  8.38994979858398438E-004
   SYNC:  2.14576721191406250E-006
 SolveSys:  0.47304797172546387     
 RHSForm:  3.17831039428710938E-002
           0 KSPSolve  0.45063900947570801      its          27 norm  1.68765141292946024E-003 nvar       97920
   FORM u,v,slh:  8.24928283691406250E-004
   SYNC:  1.90734863281250000E-006
 SolveSys:  0.45152187347412109     
 RHSForm:  3.18260192871093750E-002
           0 KSPSolve  0.47217416763305664      its          28 norm  1.68459896618806514E-003 nvar       97920
   FORM u,v,slh:  8.40902328491210938E-004
   SYNC:  2.14576721191406250E-006
 SolveSys:  0.47307419776916504     
 RHSForm:  3.17859649658203125E-002
           0 KSPSolve  0.45061802864074707      its          27 norm  1.68915647771008528E-003 nvar       97920
   FORM u,v,slh:  8.38994979858398438E-004
   SYNC:  1.90734863281250000E-006
 SolveSys:  0.45151400566101074     
 RHSForm:  3.17699909210205078E-002
           0 KSPSolve  0.47210693359375000      its          28 norm  1.68032135037738729E-003 nvar       97920
   FORM u,v,slh:  8.41140747070312500E-004
   SYNC:  2.14576721191406250E-006
 SolveSys:  0.47300696372985840     
 RHSForm:  3.17580699920654297E-002
           0 KSPSolve  0.42922496795654297      its          26 norm  1.69070757125042658E-003 nvar       97920
   FORM u,v,slh:  8.38994979858398438E-004
   SYNC:  2.14576721191406250E-006
 SolveSys:  0.43012309074401855     
 RHSForm:  3.18629741668701172E-002
           0 KSPSolve  0.45042085647583008      its          27 norm  1.68974480996252540E-003 nvar       97920
   FORM u,v,slh:  8.38994979858398438E-004
   SYNC:  2.14576721191406250E-006
 SolveSys:  0.45131802558898926     
  WRITE XY-DATA: REC=       4
   MODEL TIME: 02:00:00  03JAN2013;  DAY IN YEAR:003,  DAY IN 4YRS:0003
 OUTPUT DATA to E/XY/sl.dat
 XY_OUT:  6.10589981079101563E-003
 RHSForm:  3.34098339080810547E-002
           0 KSPSolve  0.45223212242126465      its          27 norm  1.68465134439205752E-003 nvar       97920
   FORM u,v,slh:  9.04083251953125000E-004
   SYNC:  2.78949737548828125E-005
 SolveSys:  0.45323014259338379     
 RHSForm:  3.17740440368652344E-002
           0 KSPSolve  0.40810084342956543      its          25 norm  1.69878613875467971E-003 nvar       97920
   FORM u,v,slh:  8.26120376586914063E-004
   SYNC:  2.14576721191406250E-006
 SolveSys:  0.40898203849792480     
 RHSForm:  3.17499637603759766E-002
           0 KSPSolve  0.45052981376647949      its          27 norm  1.69166197936765805E-003 nvar       97920
   FORM u,v,slh:  8.40902328491210938E-004
   SYNC:  1.90734863281250000E-006
 SolveSys:  0.45142984390258789     
 RHSForm:  3.17740440368652344E-002
           0 KSPSolve  0.40801310539245605      its          25 norm  1.69932478995545575E-003 nvar       97920
   FORM u,v,slh:  8.40902328491210938E-004
   SYNC:  1.90734863281250000E-006
 SolveSys:  0.40891313552856445     
 RHSForm:  3.17399501800537109E-002
           0 KSPSolve  0.45053791999816895      its          27 norm  1.69276038370145621E-003 nvar       97920
   FORM u,v,slh:  8.42094421386718750E-004
   SYNC:  2.14576721191406250E-006
 SolveSys:  0.45143795013427734     
 RHSForm:  3.17940711975097656E-002
           0 KSPSolve  0.40804314613342285      its          25 norm  1.69998451037813893E-003 nvar       97920
   FORM u,v,slh:  8.38041305541992188E-004
   SYNC:  1.90734863281250000E-006
 SolveSys:  0.40894103050231934     
 RHSForm:  3.17118167877197266E-002
           0 KSPSolve  0.42914199829101563      its          26 norm  1.70389365074996731E-003 nvar       97920
   FORM u,v,slh:  8.25881958007812500E-004
   SYNC:  1.90734863281250000E-006
 SolveSys:  0.43002891540527344     
 RHSForm:  3.17800045013427734E-002
           0 KSPSolve  0.42907810211181641      its          26 norm  1.69849611899762455E-003 nvar       97920
   FORM u,v,slh:  8.39948654174804688E-004
   SYNC:  1.90734863281250000E-006
 SolveSys:  0.42997813224792480     
 RHSForm:  3.17840576171875000E-002
           0 KSPSolve  0.40797114372253418      its          25 norm  1.71111548591296246E-003 nvar       97920
   FORM u,v,slh:  8.38041305541992188E-004
   SYNC:  2.14576721191406250E-006
 SolveSys:  0.40886902809143066     
 RHSForm:  3.18031311035156250E-002
           0 KSPSolve  0.42916607856750488      its          26 norm  1.70548947125904364E-003 nvar       97920
   FORM u,v,slh:  8.38994979858398438E-004
   SYNC:  2.14576721191406250E-006
 SolveSys:  0.43006300926208496     
  WRITE XY-DATA: REC=       1
   MODEL TIME: 07:00:00  03JAN2013;  DAY IN YEAR:003,  DAY IN 4YRS:0003
 OUTPUT DATA to E/XY/sl.dat
 XY_OUT:  6.94298744201660156E-003
 RHSForm:  3.34770679473876953E-002
           0 KSPSolve  0.40967297554016113      its          25 norm  1.71074095145582524E-003 nvar       97920
   FORM u,v,slh:  9.05036926269531250E-004
   SYNC:  2.78949737548828125E-005
 SolveSys:  0.41067600250244141     
 RHSForm:  3.18131446838378906E-002
           0 KSPSolve  0.40802907943725586      its          25 norm  1.71288404477178743E-003 nvar       97920
   FORM u,v,slh:  8.42094421386718750E-004
   SYNC:  2.14576721191406250E-006
 SolveSys:  0.40893006324768066     
 RHSForm:  3.17151546478271484E-002
           0 KSPSolve  0.40794491767883301      its          25 norm  1.71487975391898615E-003 nvar       97920
   FORM u,v,slh:  8.42094421386718750E-004
   SYNC:  2.14576721191406250E-006
 SolveSys:  0.40884494781494141     
 RHSForm:  3.17740440368652344E-002
           0 KSPSolve  0.40801286697387695      its          25 norm  1.70787765724479332E-003 nvar       97920
   FORM u,v,slh:  8.26120376586914063E-004
   SYNC:  2.14576721191406250E-006
 SolveSys:  0.40891194343566895     
 RHSForm:  3.16991806030273438E-002
           0 KSPSolve  0.38695001602172852      its          24 norm  1.71622904035043447E-003 nvar       97920
   FORM u,v,slh:  8.25881958007812500E-004
   SYNC:  1.90734863281250000E-006
 SolveSys:  0.38784790039062500     
 RHSForm:  3.17888259887695313E-002
           0 KSPSolve  0.38686490058898926      its          24 norm  1.72049095877052942E-003 nvar       97920
   FORM u,v,slh:  8.25166702270507813E-004
   SYNC:  2.14576721191406250E-006
 SolveSys:  0.38774800300598145     
 RHSForm:  3.17780971527099609E-002
           0 KSPSolve  0.38705420494079590      its          24 norm  1.72152801843456177E-003 nvar       97920
   FORM u,v,slh:  8.43048095703125000E-004
   SYNC:  2.14576721191406250E-006
 SolveSys:  0.38795518875122070     
 RHSForm:  3.17931175231933594E-002
           0 KSPSolve  0.38690304756164551      its          24 norm  1.71663691933246010E-003 nvar       97920
   FORM u,v,slh:  8.40902328491210938E-004
   SYNC:  2.14576721191406250E-006
 SolveSys:  0.38780307769775391     
 RHSForm:  3.17208766937255859E-002
           0 KSPSolve  0.36690998077392578      its          23 norm  1.72296910553891331E-003 nvar       97920
   FORM u,v,slh:  8.38994979858398438E-004
   SYNC:  1.90734863281250000E-006
 SolveSys:  0.36780691146850586     
 RHSForm:  3.17530632019042969E-002
           0 KSPSolve  0.36692810058593750      its          23 norm  1.72959331790386423E-003 nvar       97920
   FORM u,v,slh:  8.38041305541992188E-004
   SYNC:  1.90734863281250000E-006
 SolveSys:  0.36782622337341309     
  WRITE XY-DATA: REC=       2
   MODEL TIME: 12:00:00  03JAN2013;  DAY IN YEAR:003,  DAY IN 4YRS:0003
 OUTPUT DATA to E/XY/sl.dat
 XY_OUT:  6.75010681152343750E-003
 RHSForm:  3.35109233856201172E-002
           0 KSPSolve  0.36861205101013184      its          23 norm  1.72939588158632900E-003 nvar       97920
   FORM u,v,slh:  9.08136367797851563E-004
   SYNC:  2.69412994384765625E-005
 SolveSys:  0.36962008476257324     
 RHSForm:  3.17971706390380859E-002
           0 KSPSolve  0.36694288253784180      its          23 norm  1.72818022147129655E-003 nvar       97920
   FORM u,v,slh:  8.26835632324218750E-004
   SYNC:  1.90734863281250000E-006
 SolveSys:  0.36782908439636230     
 RHSForm:  3.17180156707763672E-002
           0 KSPSolve  0.34713411331176758      its          22 norm  1.73675115919394397E-003 nvar       97920
   FORM u,v,slh:  8.38994979858398438E-004
   SYNC:  9.53674316406250000E-007
 SolveSys:  0.34803295135498047     
 RHSForm:  3.17919254302978516E-002
           0 KSPSolve  0.36693286895751953      its          23 norm  1.73562378097724874E-003 nvar       97920
   FORM u,v,slh:  8.38994979858398438E-004
   SYNC:  2.14576721191406250E-006
 SolveSys:  0.36783218383789063     
 RHSForm:  3.17490100860595703E-002
           0 KSPSolve  0.34723114967346191      its          22 norm  1.73463555638087366E-003 nvar       97920
   FORM u,v,slh:  8.42094421386718750E-004
   SYNC:  2.14576721191406250E-006
 SolveSys:  0.34813117980957031     
 RHSForm:  3.17831039428710938E-002
           0 KSPSolve  0.34714198112487793      its          22 norm  1.74521713475361221E-003 nvar       97920
   FORM u,v,slh:  8.25166702270507813E-004
   SYNC:  2.14576721191406250E-006
 SolveSys:  0.34802412986755371     
 RHSForm:  3.17621231079101563E-002
           0 KSPSolve  0.36694312095642090      its          23 norm  1.73339969088419019E-003 nvar       97920
   FORM u,v,slh:  8.32080841064453125E-004
   SYNC:  2.14576721191406250E-006
 SolveSys:  0.36784195899963379     
 RHSForm:  3.17699909210205078E-002
           0 KSPSolve  0.32783913612365723      its          21 norm  1.74676748947055044E-003 nvar       97920
   FORM u,v,slh:  8.25881958007812500E-004
   SYNC:  1.90734863281250000E-006
 SolveSys:  0.32872295379638672     
 RHSForm:  3.17480564117431641E-002
           0 KSPSolve  0.36690998077392578      its          23 norm  1.74242473760901468E-003 nvar       97920
   FORM u,v,slh:  8.38994979858398438E-004
   SYNC:  1.90734863281250000E-006
 SolveSys:  0.36780714988708496     
 RHSForm:  3.17878723144531250E-002
           0 KSPSolve  0.34712004661560059      its          22 norm  1.74083670301441529E-003 nvar       97920
   FORM u,v,slh:  8.39948654174804688E-004
   SYNC:  1.90734863281250000E-006
 SolveSys:  0.34801888465881348     
  WRITE XY-DATA: REC=       3
   MODEL TIME: 17:00:00  03JAN2013;  DAY IN YEAR:003,  DAY IN 4YRS:0003
 OUTPUT DATA to E/XY/sl.dat
 XY_OUT:  6.25419616699218750E-003
 RHSForm:  3.33640575408935547E-002
           0 KSPSolve  0.34883809089660645      its          22 norm  1.75064017696213844E-003 nvar       97920
   FORM u,v,slh:  9.06944274902343750E-004
   SYNC:  2.81333923339843750E-005
 SolveSys:  0.34984397888183594     
 RHSForm:  3.17928791046142578E-002
           0 KSPSolve  0.36706876754760742      its          23 norm  1.74837695901794237E-003 nvar       97920
   FORM u,v,slh:  8.42809677124023438E-004
   SYNC:  2.14576721191406250E-006
 SolveSys:  0.36796998977661133     
 RHSForm:  3.17139625549316406E-002
           0 KSPSolve  0.34719586372375488      its          22 norm  1.75098353732899684E-003 nvar       97920
   FORM u,v,slh:  8.26120376586914063E-004
   SYNC:  2.14576721191406250E-006
 SolveSys:  0.34807991981506348     
 RHSForm:  3.18439006805419922E-002
           0 KSPSolve  0.36689615249633789      its          23 norm  1.75688225148121473E-003 nvar       97920
   FORM u,v,slh:  8.38994979858398438E-004
   SYNC:  1.90734863281250000E-006
 SolveSys:  0.36779022216796875     
 RHSForm:  3.17249298095703125E-002
           0 KSPSolve  0.36987590789794922      its          23 norm  1.75196428508205861E-003 nvar       97920
   FORM u,v,slh:  9.51051712036132813E-004
   SYNC:  2.28881835937500000E-005
 SolveSys:  0.37098789215087891     
 RHSForm:  3.26888561248779297E-002
           0 KSPSolve  0.36781907081604004      its          23 norm  1.75639013045087713E-003 nvar       97920
   FORM u,v,slh:  8.39948654174804688E-004
   SYNC:  1.90734863281250000E-006
 SolveSys:  0.36871790885925293     
 RHSForm:  3.17599773406982422E-002
           0 KSPSolve  0.38708782196044922      its          24 norm  1.74465481597224094E-003 nvar       97920
   FORM u,v,slh:  8.40902328491210938E-004
   SYNC:  1.90734863281250000E-006
 SolveSys:  0.38798785209655762     
 RHSForm:  3.17599773406982422E-002
           0 KSPSolve  0.34709715843200684      its          22 norm  1.76298072874288021E-003 nvar       97920
   FORM u,v,slh:  8.38994979858398438E-004
   SYNC:  1.90734863281250000E-006
 SolveSys:  0.34799504280090332     
 RHSForm:  3.17659378051757813E-002
           0 KSPSolve  0.40793490409851074      its          25 norm  1.74124633108215182E-003 nvar       97920
   FORM u,v,slh:  8.41140747070312500E-004
   SYNC:  2.14576721191406250E-006
 SolveSys:  0.40883493423461914     
 RHSForm:  3.18031311035156250E-002
           0 KSPSolve  0.34715008735656738      its          22 norm  1.76117931305295669E-003 nvar       97920
   FORM u,v,slh:  8.39948654174804688E-004
   SYNC:  1.90734863281250000E-006
 SolveSys:  0.34804892539978027     
  WRITE XY-DATA: REC=       4
   MODEL TIME: 22:00:00  03JAN2013;  DAY IN YEAR:003,  DAY IN 4YRS:0003
 OUTPUT DATA to E/XY/sl.dat
 XY_OUT:  6.40416145324707031E-003
 RHSForm:  3.33399772644042969E-002
           0 KSPSolve  0.40968799591064453      its          25 norm  1.75189918691186415E-003 nvar       97920
   FORM u,v,slh:  9.05990600585937500E-004
   SYNC:  2.69412994384765625E-005
 SolveSys:  0.41069102287292480     
 RHSForm:  3.17859649658203125E-002
           0 KSPSolve  0.38695812225341797      its          24 norm  1.75453822776075029E-003 nvar       97920
   FORM u,v,slh:  8.38041305541992188E-004
   SYNC:  1.90734863281250000E-006
 SolveSys:  0.38785600662231445     
 RHSForm:  3.17940711975097656E-002
           0 KSPSolve  0.38690805435180664      its          24 norm  1.76737321269589435E-003 nvar       97920
   FORM u,v,slh:  8.41140747070312500E-004
   SYNC:  1.90734863281250000E-006
 SolveSys:  0.38780808448791504     
 RHSForm:  3.17831039428710938E-002
           0 KSPSolve  0.40796804428100586      its          25 norm  1.76787767487563124E-003 nvar       97920
   FORM u,v,slh:  8.38994979858398438E-004
   SYNC:  1.19209289550781250E-006
 SolveSys:  0.40886116027832031     
 RHSForm:  3.17509174346923828E-002
           0 KSPSolve  0.42917490005493164      its          26 norm  1.75340436778852540E-003 nvar       97920
   FORM u,v,slh:  8.38994979858398438E-004
   SYNC:  2.14576721191406250E-006
 SolveSys:  0.43007302284240723     
 RHSForm:  3.17690372467041016E-002
           0 KSPSolve  0.40797305107116699      its          25 norm  1.75707842816138441E-003 nvar       97920
   FORM u,v,slh:  8.26835632324218750E-004
   SYNC:  1.90734863281250000E-006
 SolveSys:  0.40885806083679199     
 RHSForm:  3.17888259887695313E-002
           0 KSPSolve  0.40802288055419922      its          25 norm  1.77000132795186922E-003 nvar       97920
   FORM u,v,slh:  8.40187072753906250E-004
   SYNC:  2.14576721191406250E-006
 SolveSys:  0.40892100334167480     
 RHSForm:  3.17940711975097656E-002
           0 KSPSolve  0.42905998229980469      its          26 norm  1.76242635316337147E-003 nvar       97920
   FORM u,v,slh:  8.40187072753906250E-004
   SYNC:  2.14576721191406250E-006
 SolveSys:  0.42995905876159668     
 RHSForm:  3.17621231079101563E-002
           0 KSPSolve  0.42905998229980469      its          26 norm  1.75890777734817269E-003 nvar       97920
   FORM u,v,slh:  8.39948654174804688E-004
   SYNC:  1.90734863281250000E-006
 SolveSys:  0.42996001243591309     
 RHSForm:  3.17711830139160156E-002
           0 KSPSolve  0.40790700912475586      its          25 norm  1.77124263822608908E-003 nvar       97920
   FORM u,v,slh:  8.42094421386718750E-004
   SYNC:  2.14576721191406250E-006
 SolveSys:  0.40880799293518066     
  WRITE XY-DATA: REC=       4
   MODEL TIME: 03:00:00  04JAN2013;  DAY IN YEAR:004,  DAY IN 4YRS:0004
 OUTPUT DATA to E/XY/sl.dat
 XY_OUT:  6.20007514953613281E-003
 RHSForm:  3.34029197692871094E-002
           0 KSPSolve  0.43073105812072754      its          26 norm  1.77265482886441875E-003 nvar       97920
   FORM u,v,slh:  9.05990600585937500E-004
   SYNC:  2.69412994384765625E-005
 SolveSys:  0.43173408508300781     
 RHSForm:  3.18691730499267578E-002
           0 KSPSolve  0.42907810211181641      its          26 norm  1.76606199888496062E-003 nvar       97920
   FORM u,v,slh:  8.26835632324218750E-004
   SYNC:  1.90734863281250000E-006
 SolveSys:  0.42996287345886230     
 RHSForm:  3.17399501800537109E-002
           0 KSPSolve  0.40799617767333984      its          25 norm  1.77753844083058899E-003 nvar       97920
   FORM u,v,slh:  8.38041305541992188E-004
   SYNC:  2.14576721191406250E-006
 SolveSys:  0.40889310836791992     
 RHSForm:  3.17769050598144531E-002
           0 KSPSolve  0.42903494834899902      its          26 norm  1.77123604681113855E-003 nvar       97920
   FORM u,v,slh:  8.38994979858398438E-004
   SYNC:  1.90734863281250000E-006
 SolveSys:  0.42993187904357910     
 RHSForm:  3.17959785461425781E-002
           0 KSPSolve  0.40803003311157227      its          25 norm  1.77619069053201739E-003 nvar       97920
   FORM u,v,slh:  8.40902328491210938E-004
   SYNC:  2.14576721191406250E-006
 SolveSys:  0.40893101692199707     
 RHSForm:  3.18009853363037109E-002
           0 KSPSolve  0.40801692008972168      its          25 norm  1.78121362243336139E-003 nvar       97920
   FORM u,v,slh:  8.41140747070312500E-004
   SYNC:  2.14576721191406250E-006
 SolveSys:  0.40891695022583008     
 RHSForm:  3.19030284881591797E-002
           0 KSPSolve  0.42902803421020508      its          26 norm  1.76766784021679859E-003 nvar       97920
   FORM u,v,slh:  8.27074050903320313E-004
   SYNC:  1.90734863281250000E-006
 SolveSys:  0.42991185188293457     
 RHSForm:  3.17718982696533203E-002
           0 KSPSolve  0.39072704315185547      its          24 norm  1.77560550594422443E-003 nvar       97920
   FORM u,v,slh:  8.87870788574218750E-004
   SYNC:  2.28881835937500000E-005
 SolveSys:  0.39180493354797363     
 RHSForm:  3.26910018920898438E-002
           0 KSPSolve  0.40849494934082031      its          25 norm  1.77614116069642314E-003 nvar       97920
   FORM u,v,slh:  8.41856002807617188E-004
   SYNC:  1.90734863281250000E-006
 SolveSys:  0.40939617156982422     
 RHSForm:  3.17449569702148438E-002
           0 KSPSolve  0.38689899444580078      its          24 norm  1.78412026175738827E-003 nvar       97920
   FORM u,v,slh:  8.39948654174804688E-004
   SYNC:  2.14576721191406250E-006
 SolveSys:  0.38779711723327637     
  WRITE XY-DATA: REC=       1
   MODEL TIME: 08:00:00  04JAN2013;  DAY IN YEAR:004,  DAY IN 4YRS:0004
 OUTPUT DATA to E/XY/sl.dat
 XY_OUT:  5.69105148315429688E-003
 RHSForm:  3.19130420684814453E-002
           0 KSPSolve  0.40816712379455566      its          25 norm  1.77598948205417084E-003 nvar       97920
   FORM u,v,slh:  8.26835632324218750E-004
   SYNC:  2.86102294921875000E-006
 SolveSys:  0.40905189514160156     
 RHSForm:  3.17389965057373047E-002
           0 KSPSolve  0.38691401481628418      its          24 norm  1.77902277768027576E-003 nvar       97920
   FORM u,v,slh:  8.27074050903320313E-004
   SYNC:  1.90734863281250000E-006
 SolveSys:  0.38779997825622559     
 RHSForm:  3.17530632019042969E-002
           0 KSPSolve  0.38700389862060547      its          24 norm  1.78197076156349967E-003 nvar       97920
   FORM u,v,slh:  8.40902328491210938E-004
   SYNC:  1.90734863281250000E-006
 SolveSys:  0.38790392875671387     
 RHSForm:  3.17809581756591797E-002
           0 KSPSolve  0.38690710067749023      its          24 norm  1.78311113950546207E-003 nvar       97920
   FORM u,v,slh:  8.41140747070312500E-004
   SYNC:  2.14576721191406250E-006
 SolveSys:  0.38780903816223145     
 RHSForm:  3.17041873931884766E-002
           0 KSPSolve  0.36694908142089844      its          23 norm  1.79363718670681434E-003 nvar       97920
   FORM u,v,slh:  8.38041305541992188E-004
   SYNC:  2.14576721191406250E-006
 SolveSys:  0.36784505844116211     
 RHSForm:  3.17950248718261719E-002
           0 KSPSolve  0.38698816299438477      its          24 norm  1.79008206737283617E-003 nvar       97920
   FORM u,v,slh:  8.38994979858398438E-004
   SYNC:  1.90734863281250000E-006
 SolveSys:  0.38788700103759766     
 RHSForm:  3.17249298095703125E-002
           0 KSPSolve  0.36691308021545410      its          23 norm  1.79165061811387312E-003 nvar       97920
   FORM u,v,slh:  8.38994979858398438E-004
   SYNC:  1.90734863281250000E-006
 SolveSys:  0.36781001091003418     
 RHSForm:  3.17459106445312500E-002
           0 KSPSolve  0.36697793006896973      its          23 norm  1.79927140948662437E-003 nvar       97920
   FORM u,v,slh:  8.41140747070312500E-004
   SYNC:  2.14576721191406250E-006
 SolveSys:  0.36787915229797363     
 RHSForm:  3.17800045013427734E-002
           0 KSPSolve  0.36697602272033691      its          23 norm  1.80104161511979665E-003 nvar       97920
   FORM u,v,slh:  8.40902328491210938E-004
   SYNC:  1.90734863281250000E-006
 SolveSys:  0.36787581443786621     
 RHSForm:  3.17339897155761719E-002
           0 KSPSolve  0.36693692207336426      its          23 norm  1.80049374684810356E-003 nvar       97920
   FORM u,v,slh:  8.40187072753906250E-004
   SYNC:  1.90734863281250000E-006
 SolveSys:  0.36783599853515625     
  WRITE XY-DATA: REC=       2
   MODEL TIME: 13:00:00  04JAN2013;  DAY IN YEAR:004,  DAY IN 4YRS:0004
 OUTPUT DATA to E/XY/sl.dat
 XY_OUT:  5.86891174316406250E-003
 RHSForm:  3.34751605987548828E-002
           0 KSPSolve  0.36861610412597656      its          23 norm  1.79711765154690279E-003 nvar       97920
   FORM u,v,slh:  9.05990600585937500E-004
   SYNC:  2.78949737548828125E-005
 SolveSys:  0.36962008476257324     
 RHSForm:  3.18109989166259766E-002
           0 KSPSolve  0.34715414047241211      its          22 norm  1.80279164023009766E-003 nvar       97920
   FORM u,v,slh:  8.39948654174804688E-004
   SYNC:  1.90734863281250000E-006
 SolveSys:  0.34805417060852051     
 RHSForm:  3.17339897155761719E-002
           0 KSPSolve  0.34724283218383789      its          22 norm  1.81021130645193495E-003 nvar       97920
   FORM u,v,slh:  8.24928283691406250E-004
   SYNC:  1.90734863281250000E-006
 SolveSys:  0.34812808036804199     
 RHSForm:  3.18028926849365234E-002
           0 KSPSolve  0.36697483062744141      its          23 norm  1.80001540427339175E-003 nvar       97920
   FORM u,v,slh:  8.38994979858398438E-004
   SYNC:  2.14576721191406250E-006
 SolveSys:  0.36787295341491699     
 RHSForm:  3.17521095275878906E-002
           0 KSPSolve  0.32772111892700195      its          21 norm  1.80608428818404641E-003 nvar       97920
   FORM u,v,slh:  8.24928283691406250E-004
   SYNC:  1.90734863281250000E-006
 SolveSys:  0.32860398292541504     
 RHSForm:  3.18470001220703125E-002
           0 KSPSolve  0.34713912010192871      its          22 norm  1.81135496480127364E-003 nvar       97920
   FORM u,v,slh:  8.39948654174804688E-004
   SYNC:  1.90734863281250000E-006
 SolveSys:  0.34803795814514160     
 RHSForm:  3.17239761352539063E-002
           0 KSPSolve  0.32773804664611816      its          21 norm  1.81945315692830646E-003 nvar       97920
   FORM u,v,slh:  8.41140747070312500E-004
   SYNC:  2.14576721191406250E-006
 SolveSys:  0.32863807678222656     
 RHSForm:  3.18009853363037109E-002
           0 KSPSolve  0.34722995758056641      its          22 norm  1.81467118450310389E-003 nvar       97920
   FORM u,v,slh:  8.41140747070312500E-004
   SYNC:  1.90734863281250000E-006
 SolveSys:  0.34813094139099121     
 RHSForm:  3.17430496215820313E-002
           0 KSPSolve  0.32776904106140137      its          21 norm  1.81848400250567361E-003 nvar       97920
   FORM u,v,slh:  8.42094421386718750E-004
   SYNC:  1.90734863281250000E-006
 SolveSys:  0.32867002487182617     
 RHSForm:  3.18078994750976563E-002
           0 KSPSolve  0.32776904106140137      its          21 norm  1.82496897275225413E-003 nvar       97920
   FORM u,v,slh:  8.41140747070312500E-004
   SYNC:  2.14576721191406250E-006
 SolveSys:  0.32866907119750977     
  WRITE XY-DATA: REC=       3
   MODEL TIME: 18:00:00  04JAN2013;  DAY IN YEAR:004,  DAY IN 4YRS:0004
 OUTPUT DATA to E/XY/sl.dat
 XY_OUT:  6.24299049377441406E-003
 RHSForm:  3.35769653320312500E-002
           0 KSPSolve  0.32956504821777344      its          21 norm  1.82926563581071642E-003 nvar       97920
   FORM u,v,slh:  9.05990600585937500E-004
   SYNC:  2.69412994384765625E-005
 SolveSys:  0.33056712150573730     
 RHSForm:  3.18350791931152344E-002
           0 KSPSolve  0.32770490646362305      its          21 norm  1.82794056767769317E-003 nvar       97920
   FORM u,v,slh:  8.38994979858398438E-004
   SYNC:  1.90734863281250000E-006
 SolveSys:  0.32860183715820313     
 RHSForm:  3.18038463592529297E-002
           0 KSPSolve  0.32775092124938965      its          21 norm  1.82692046294479263E-003 nvar       97920
   FORM u,v,slh:  8.40187072753906250E-004
   SYNC:  2.14576721191406250E-006
 SolveSys:  0.32864904403686523     
 RHSForm:  3.17900180816650391E-002
           0 KSPSolve  0.31183791160583496      its          20 norm  1.83693479780420001E-003 nvar       97920
   FORM u,v,slh:  9.02891159057617188E-004
   SYNC:  2.40802764892578125E-005
 SolveSys:  0.31289100646972656     
 RHSForm:  3.26581001281738281E-002
           0 KSPSolve  0.32834792137145996      its          21 norm  1.82867976500607839E-003 nvar       97920
   FORM u,v,slh:  8.26120376586914063E-004
   SYNC:  2.14576721191406250E-006
 SolveSys:  0.32923102378845215     
 RHSForm:  3.17659378051757813E-002
           0 KSPSolve  0.30833387374877930      its          20 norm  1.83174528237790694E-003 nvar       97920
   FORM u,v,slh:  8.39948654174804688E-004
   SYNC:  2.14576721191406250E-006
 SolveSys:  0.30923199653625488     
 RHSForm:  3.18181514739990234E-002
           0 KSPSolve  0.30844497680664063      its          20 norm  1.84427691087656553E-003 nvar       97920
   FORM u,v,slh:  8.40902328491210938E-004
   SYNC:  1.90734863281250000E-006
 SolveSys:  0.30934500694274902     
 RHSForm:  3.18129062652587891E-002
           0 KSPSolve  0.32768797874450684      its          21 norm  1.82444697156943143E-003 nvar       97920
   FORM u,v,slh:  8.23974609375000000E-004
   SYNC:  9.53674316406250000E-007
 SolveSys:  0.32856893539428711     
 RHSForm:  3.17349433898925781E-002
           0 KSPSolve  0.29000210762023926      its          19 norm  1.83591051042354117E-003 nvar       97920
   FORM u,v,slh:  8.38994979858398438E-004
   SYNC:  2.14576721191406250E-006
 SolveSys:  0.29090118408203125     
 RHSForm:  3.18140983581542969E-002
           0 KSPSolve  0.30841588973999023      its          20 norm  1.84814770545104552E-003 nvar       97920
   FORM u,v,slh:  8.42094421386718750E-004
   SYNC:  2.14576721191406250E-006
 SolveSys:  0.30931806564331055     
  WRITE XY-DATA: REC=       4
   MODEL TIME: 23:00:00  04JAN2013;  DAY IN YEAR:004,  DAY IN 4YRS:0004
 OUTPUT DATA to E/XY/sl.dat
 XY_OUT:  7.05909729003906250E-003
 RHSForm:  3.33621501922607422E-002
           0 KSPSolve  0.31012296676635742      its          20 norm  1.84512149413992594E-003 nvar       97920
   FORM u,v,slh:  9.04798507690429688E-004
   SYNC:  2.71797180175781250E-005
 SolveSys:  0.31112599372863770     
 RHSForm:  3.17459106445312500E-002
           0 KSPSolve  0.28996491432189941      its          19 norm  1.85564048715840366E-003 nvar       97920
   FORM u,v,slh:  8.26120376586914063E-004
   SYNC:  2.14576721191406250E-006
 SolveSys:  0.29084897041320801     
 RHSForm:  3.18188667297363281E-002
           0 KSPSolve  0.32781600952148438      its          21 norm  1.83231470882505923E-003 nvar       97920
   FORM u,v,slh:  8.25881958007812500E-004
   SYNC:  1.90734863281250000E-006
 SolveSys:  0.32869982719421387     
 RHSForm:  3.18160057067871094E-002
           0 KSPSolve  0.25415515899658203      its          17 norm  1.85295744756004016E-003 nvar       97920
   FORM u,v,slh:  8.38994979858398438E-004
   SYNC:  1.90734863281250000E-006
 SolveSys:  0.25505208969116211     
 RHSForm:  3.17552089691162109E-002
           0 KSPSolve  0.30834603309631348      its          20 norm  1.86286823575082289E-003 nvar       97920
   FORM u,v,slh:  8.39948654174804688E-004
   SYNC:  1.90734863281250000E-006
 SolveSys:  0.30924391746520996     
 RHSForm:  3.18009853363037109E-002
           0 KSPSolve  0.29000520706176758      its          19 norm  1.84812341407129105E-003 nvar       97920
   FORM u,v,slh:  8.26835632324218750E-004
   SYNC:  1.90734863281250000E-006
 SolveSys:  0.29088902473449707     
 RHSForm:  3.17380428314208984E-002
           0 KSPSolve  0.27203083038330078      its          18 norm  1.86169609563301727E-003 nvar       97920
   FORM u,v,slh:  8.38994979858398438E-004
   SYNC:  2.14576721191406250E-006
 SolveSys:  0.27293014526367188     
 RHSForm:  3.17931175231933594E-002
           0 KSPSolve  0.30830311775207520      its          20 norm  1.86330333227027463E-003 nvar       97920
   FORM u,v,slh:  8.40902328491210938E-004
   SYNC:  1.90734863281250000E-006
 SolveSys:  0.30920195579528809     
 RHSForm:  3.17778587341308594E-002
           0 KSPSolve  0.27194690704345703      its          18 norm  1.87205022690551488E-003 nvar       97920
   FORM u,v,slh:  8.43048095703125000E-004
   SYNC:  1.90734863281250000E-006
 SolveSys:  0.27284789085388184     
 RHSForm:  3.18059921264648438E-002
           0 KSPSolve  0.32769417762756348      its          21 norm  1.84193925223719241E-003 nvar       97920
   FORM u,v,slh:  8.40902328491210938E-004
   SYNC:  1.90734863281250000E-006
 SolveSys:  0.32859396934509277     
  WRITE XY-DATA: REC=       4
   MODEL TIME: 04:00:00  05JAN2013;  DAY IN YEAR:005,  DAY IN 4YRS:0005
 OUTPUT DATA to E/XY/sl.dat
 XY_OUT:  6.00814819335937500E-003
 RHSForm:  3.34970951080322266E-002
           0 KSPSolve  0.23816108703613281      its          16 norm  1.87661046932196380E-003 nvar       97920
   FORM u,v,slh:  9.05990600585937500E-004
   SYNC:  2.69412994384765625E-005
 SolveSys:  0.23916602134704590     
 RHSForm:  3.17699909210205078E-002
           0 KSPSolve  0.30842304229736328      its          20 norm  1.87447437637583967E-003 nvar       97920
   FORM u,v,slh:  8.39948654174804688E-004
   SYNC:  1.90734863281250000E-006
 SolveSys:  0.30932116508483887     
 RHSForm:  3.17349433898925781E-002
           0 KSPSolve  0.27195286750793457      its          18 norm  1.87136128574961666E-003 nvar       97920
   FORM u,v,slh:  8.39948654174804688E-004
   SYNC:  2.14576721191406250E-006
 SolveSys:  0.27285194396972656     
 RHSForm:  3.18050384521484375E-002
           0 KSPSolve  0.28994488716125488      its          19 norm  1.87655206783532728E-003 nvar       97920
   FORM u,v,slh:  8.38994979858398438E-004
   SYNC:  2.14576721191406250E-006
 SolveSys:  0.29084300994873047     
 RHSForm:  3.17640304565429688E-002
           0 KSPSolve  0.30843901634216309      its          20 norm  1.86166732785205216E-003 nvar       97920
   FORM u,v,slh:  8.38994979858398438E-004
   SYNC:  1.90734863281250000E-006
 SolveSys:  0.30933785438537598     
 RHSForm:  3.18279266357421875E-002
           0 KSPSolve  0.25415515899658203      its          17 norm  1.87367754369691390E-003 nvar       97920
   FORM u,v,slh:  8.40902328491210938E-004
   SYNC:  1.90734863281250000E-006
 SolveSys:  0.25505399703979492     
 RHSForm:  3.17440032958984375E-002
           0 KSPSolve  0.30834412574768066      its          20 norm  1.88313516769685594E-003 nvar       97920
   FORM u,v,slh:  8.40187072753906250E-004
   SYNC:  2.14576721191406250E-006
 SolveSys:  0.30924320220947266     
 RHSForm:  3.18081378936767578E-002
           0 KSPSolve  0.29005813598632813      its          19 norm  1.88030925986408526E-003 nvar       97920
   FORM u,v,slh:  8.38994979858398438E-004
   SYNC:  1.90734863281250000E-006
 SolveSys:  0.29095602035522461     
 RHSForm:  3.18977832794189453E-002
           0 KSPSolve  0.30838704109191895      its          20 norm  1.88491526239177435E-003 nvar       97920
   FORM u,v,slh:  8.38994979858398438E-004
   SYNC:  1.90734863281250000E-006
 SolveSys:  0.30928397178649902     
 RHSForm:  3.18291187286376953E-002
           0 KSPSolve  0.30833697319030762      its          20 norm  1.88840452406075030E-003 nvar       97920
   FORM u,v,slh:  8.41856002807617188E-004
   SYNC:  1.90734863281250000E-006
 SolveSys:  0.30923700332641602     
  WRITE XY-DATA: REC=       1
   MODEL TIME: 09:00:00  05JAN2013;  DAY IN YEAR:005,  DAY IN 4YRS:0005
 OUTPUT DATA to E/XY/sl.dat
 XY_OUT:  6.48117065429687500E-003
 RHSForm:  3.35760116577148438E-002
           0 KSPSolve  0.31010890007019043      its          20 norm  1.89392677493544891E-003 nvar       97920
   FORM u,v,slh:  9.05990600585937500E-004
   SYNC:  2.69412994384765625E-005
 SolveSys:  0.31111288070678711     
 RHSForm:  3.18090915679931641E-002
           0 KSPSolve  0.32775092124938965      its          21 norm  1.87827065090594354E-003 nvar       97920
   FORM u,v,slh:  8.38041305541992188E-004
   SYNC:  2.14576721191406250E-006
 SolveSys:  0.32864689826965332     
 RHSForm:  3.17730903625488281E-002
           0 KSPSolve  0.29006505012512207      its          19 norm  1.89705535863251987E-003 nvar       97920
   FORM u,v,slh:  8.40187072753906250E-004
   SYNC:  3.09944152832031250E-006
 SolveSys:  0.29096317291259766     
 RHSForm:  3.17871570587158203E-002
           0 KSPSolve  0.33090400695800781      its          21 norm  1.89734988138241193E-003 nvar       97920
   FORM u,v,slh:  9.03129577636718750E-004
   SYNC:  2.38418579101562500E-005
 SolveSys:  0.33195400238037109     
 RHSForm:  3.26099395751953125E-002
           0 KSPSolve  0.32829594612121582      its          21 norm  1.88041194781941043E-003 nvar       97920
   FORM u,v,slh:  8.40187072753906250E-004
   SYNC:  2.14576721191406250E-006
 SolveSys:  0.32919502258300781     
 RHSForm:  3.17850112915039063E-002
           0 KSPSolve  0.29000592231750488      its          19 norm  1.90217303650739092E-003 nvar       97920
   FORM u,v,slh:  8.41140747070312500E-004
   SYNC:  2.14576721191406250E-006
 SolveSys:  0.29090595245361328     
 RHSForm:  3.18140983581542969E-002
           0 KSPSolve  0.34716916084289551      its          22 norm  1.88729723284365757E-003 nvar       97920
   FORM u,v,slh:  8.38041305541992188E-004
   SYNC:  1.90734863281250000E-006
 SolveSys:  0.34806704521179199     
 RHSForm:  3.18109989166259766E-002
           0 KSPSolve  0.30828309059143066      its          20 norm  1.89641975272913780E-003 nvar       97920
   FORM u,v,slh:  8.39948654174804688E-004
   SYNC:  1.90734863281250000E-006
 SolveSys:  0.30918097496032715     
 RHSForm:  3.17449569702148438E-002
           0 KSPSolve  0.32776117324829102      its          21 norm  1.91049544559644766E-003 nvar       97920
   FORM u,v,slh:  8.38041305541992188E-004
   SYNC:  9.53674316406250000E-007
 SolveSys:  0.32865905761718750     
 RHSForm:  3.18140983581542969E-002
           0 KSPSolve  0.34720182418823242      its          22 norm  1.89878314602667602E-003 nvar       97920
   FORM u,v,slh:  8.41856002807617188E-004
   SYNC:  1.90734863281250000E-006
 SolveSys:  0.34810185432434082     
  WRITE XY-DATA: REC=       2
   MODEL TIME: 14:00:00  05JAN2013;  DAY IN YEAR:005,  DAY IN 4YRS:0005
 OUTPUT DATA to E/XY/sl.dat
 XY_OUT:  7.74502754211425781E-003
 RHSForm:  3.33302021026611328E-002
           0 KSPSolve  0.32953190803527832      its          21 norm  1.90208707679642101E-003 nvar       97920
   FORM u,v,slh:  9.05990600585937500E-004
   SYNC:  2.69412994384765625E-005
 SolveSys:  0.33053803443908691     
 RHSForm:  3.17192077636718750E-002
           0 KSPSolve  0.34725403785705566      its          22 norm  1.90887246958822078E-003 nvar       97920
   FORM u,v,slh:  8.37087631225585938E-004
   SYNC:  2.14576721191406250E-006
 SolveSys:  0.34815001487731934     
 RHSForm:  3.17621231079101563E-002
           0 KSPSolve  0.34714818000793457      its          22 norm  1.90663672330883879E-003 nvar       97920
   FORM u,v,slh:  8.41140747070312500E-004
   SYNC:  1.90734863281250000E-006
 SolveSys:  0.34804606437683105     
 RHSForm:  3.18031311035156250E-002
           0 KSPSolve  0.34713602066040039      its          22 norm  1.91013677791666099E-003 nvar       97920
   FORM u,v,slh:  8.41856002807617188E-004
   SYNC:  1.90734863281250000E-006
 SolveSys:  0.34803700447082520     
 RHSForm:  3.17180156707763672E-002
           0 KSPSolve  0.34729099273681641      its          22 norm  1.91709529449219230E-003 nvar       97920
   FORM u,v,slh:  8.37802886962890625E-004
   SYNC:  2.14576721191406250E-006
 SolveSys:  0.34818816184997559     
 RHSForm:  3.17990779876708984E-002
           0 KSPSolve  0.36698603630065918      its          23 norm  1.90509794754982866E-003 nvar       97920
   FORM u,v,slh:  8.39948654174804688E-004
   SYNC:  1.90734863281250000E-006
 SolveSys:  0.36788511276245117     
 RHSForm:  3.17499637603759766E-002
           0 KSPSolve  0.32770800590515137      its          21 norm  1.91878344003203086E-003 nvar       97920
   FORM u,v,slh:  8.38041305541992188E-004
   SYNC:  1.90734863281250000E-006
 SolveSys:  0.32860398292541504     
 RHSForm:  3.17950248718261719E-002
           0 KSPSolve  0.36698698997497559      its          23 norm  1.91719183565541699E-003 nvar       97920
   FORM u,v,slh:  8.39948654174804688E-004
   SYNC:  2.86102294921875000E-006
 SolveSys:  0.36788582801818848     
 RHSForm:  3.17189693450927734E-002
           0 KSPSolve  0.34714412689208984      its          22 norm  1.91746787676907115E-003 nvar       97920
   FORM u,v,slh:  8.39948654174804688E-004
   SYNC:  1.90734863281250000E-006
 SolveSys:  0.34804201126098633     
 RHSForm:  3.17828655242919922E-002
           0 KSPSolve  0.34720921516418457      its          22 norm  1.92765323382803277E-003 nvar       97920
   FORM u,v,slh:  8.40902328491210938E-004
   SYNC:  1.90734863281250000E-006
 SolveSys:  0.34810900688171387     
  WRITE XY-DATA: REC=       3
   MODEL TIME: 19:00:00  05JAN2013;  DAY IN YEAR:005,  DAY IN 4YRS:0005
 OUTPUT DATA to E/XY/sl.dat
 XY_OUT:  5.86199760437011719E-003
 RHSForm:  3.34320068359375000E-002
           0 KSPSolve  0.36861801147460938      its          23 norm  1.91819301952259719E-003 nvar       97920
   FORM u,v,slh:  9.09090042114257813E-004
   SYNC:  2.69412994384765625E-005
 SolveSys:  0.36962294578552246     
 RHSForm:  3.17900180816650391E-002
           0 KSPSolve  0.32776403427124023      its          21 norm  1.93220150990996444E-003 nvar       97920
   FORM u,v,slh:  8.38994979858398438E-004
   SYNC:  1.90734863281250000E-006
 SolveSys:  0.32866096496582031     
 RHSForm:  3.17339897155761719E-002
           0 KSPSolve  0.36700081825256348      its          23 norm  1.92861121421878615E-003 nvar       97920
   FORM u,v,slh:  8.38994979858398438E-004
   SYNC:  2.14576721191406250E-006
 SolveSys:  0.36790013313293457     
 RHSForm:  3.17840576171875000E-002
           0 KSPSolve  0.34713697433471680      its          22 norm  1.92836714446456840E-003 nvar       97920
   FORM u,v,slh:  8.38041305541992188E-004
   SYNC:  1.90734863281250000E-006
 SolveSys:  0.34803390502929688     
 RHSForm:  3.16860675811767578E-002
           0 KSPSolve  0.34717082977294922      its          22 norm  1.93430377382679090E-003 nvar       97920
   FORM u,v,slh:  8.24928283691406250E-004
   SYNC:  1.90734863281250000E-006
 SolveSys:  0.34805393218994141     
 RHSForm:  3.18589210510253906E-002
           0 KSPSolve  0.36676502227783203      its          23 norm  1.92222840521041123E-003 nvar       97920
   FORM u,v,slh:  8.24928283691406250E-004
   SYNC:  1.90734863281250000E-006
 SolveSys:  0.36764287948608398     
 RHSForm:  3.18670272827148438E-002
           0 KSPSolve  0.30837011337280273      its          20 norm  1.94165809063293038E-003 nvar       97920
   FORM u,v,slh:  8.39948654174804688E-004
   SYNC:  1.90734863281250000E-006
 SolveSys:  0.30926799774169922     
 RHSForm:  3.17778587341308594E-002
           0 KSPSolve  0.36691284179687500      its          23 norm  1.92805780763407914E-003 nvar       97920
   FORM u,v,slh:  8.40902328491210938E-004
   SYNC:  1.90734863281250000E-006
 SolveSys:  0.36781287193298340     
 RHSForm:  3.17068099975585938E-002
           0 KSPSolve  0.30839490890502930      its          20 norm  1.94319479242997871E-003 nvar       97920
   FORM u,v,slh:  8.42094421386718750E-004
   SYNC:  1.90734863281250000E-006
 SolveSys:  0.30929398536682129     
 RHSForm:  3.18198204040527344E-002
           0 KSPSolve  0.35026001930236816      its          22 norm  1.94542499255240644E-003 nvar       97920
   FORM u,v,slh:  9.05036926269531250E-004
   SYNC:  2.31266021728515625E-005
 SolveSys:  0.35131096839904785     
  WRITE XY-DATA: REC=       4
   MODEL TIME: 24:00:00  05JAN2013;  DAY IN YEAR:005,  DAY IN 4YRS:0005
 OUTPUT DATA to E/XY/sl.dat
 XY_OUT:  5.03015518188476563E-003
 
END OF TIME INTEGRATION OF OCEAN MODEL
 
 TIME GLOBAL:   533.22929191589355     
  ELAPSED DAY:   1; TIME:  0: 8:52,70
