 INPUT OCEAN TASK PARAMETERS FROM octask.par
       1800.0  :STEP,IN SECONDS(*-FORMAT,11-COLUMNS)
        5.0  :DURATION OF RUN IN DAY(*11C)
          0  :INITIAL STEP(=0=>START FROM INIT.T&S; >0=>START FROM CONTROL POINT)(I7)
       2013  :INITIAL YEAR(I7)
         0   :WRITING PERIOD IN STEPS FOR CONTROL POINT OUTPUT
         0   :WRITING PERIOD IN STEPS FOR INTEGRAL PARAMETER OUTPUT
         5   :WRITING PERIOD IN STEPS FOR LOCAL OUTPUT (not use if =<0)
  0. 0.0     :EXTERNAL&INTERNAL PERIODS IN DAYS TO WRITE XYZ ARRAYS
  0. 0.0     :EXTERNAL&INTERNAL PERIODS IN DAYS TO WRITE PASSIVE TRACER ARRAYS
  1. 0.2     :EXTERNAL&INTERNAL PERIODS IN DAYS TO WRITE  XY ARRAYS
  0. 0.0     :EXTERNAL&INTERNAL PERIODS IN DAYS TO WRITE  YZ ARRAYS
  -2   -2   3    :TYPES OF SS CONDITION FOR T,S,WIND(IGT,IGS =1,2,3),IGWS=(1,2,3,4)(3I4)
   0   30        :USAGE OF ICE BLOCK IN OCEAN MODEL(0-DO NOT USE,1-USE)
   1   1         :1-DO NOT 2- REMOVE SPACE AVARAGING HEAT & FRESH WATER FLUXES(2I4)
 1.0E-03   1.0E-03       :COEFFICIENT OF RELAXATION FOR SST & SSS[CM/S](*22C)
 E                           :PATH TO OCEAN CONTROL POINT(RESULTES)(A32)
 ../Data_NEMO/SS2013               :PATH TO OCEAN DATA FILES
 sst.dat                           :SEA SURFACE TEMPERATURE
 sss.dat                           :SEA SURFACE SALINITY
 tlbc.dat                          :T-VALUES FOR LIQUID WALLS
 slbc.dat                          :S-VALUES FOR LIQUID WAL
 /san1lun1nfs/Data/COSMO13kmINMOM/ :PATH TO FILES OF ATM FORCINGM
 mzs.dat                           : SEA SURFACE ZONAL WIND STRESS(A32)
 mms.dat                           : SEA SURFACE MERIDIONAL WIND STRESS(A32)
 mnhf.dat                          : SEA SURFACE HEAT BALANCE(OCMOD)(A32)
 mswr.dat                          : SEA SURFACE SHORTWAVE RAD BALANCE(A32)^M
 mpme.dat                          : PRECIPITATION-EVAPORATION(A32)^M
 icemask.dat                       : ICE MASK (A32)^M
 sst_OkhSea.dat                    : TEMPERATURE OF ATMOSPHERE(COUPLED MODEL ONLY)^M
 slp.dat                           : SEA LEVEL PRESSURE^M
 rof4joseas_cosmo.dat              : RIVER RUNOFF^M
 trd.dat                           : DW-LW-RAD
 srd.dat                           : DW-SW-RAD
 tpr.dat                           : PRECIPIT
 t2m.dat                           : TEMP OF ATMOSPHERE
 q2m.dat                           : HUMIDITY
 u10.dat                           : U-WIND SPEED
 v10.dat                           : V-WIND SPEED
 NONE                              : SEA-LAND MASK FOR ATMPSPHERE^M
 
 COMMENTS:
 
 TYPES OF SS CONDITION FOR T,S:
 
 1 - FIRST CONDITION
     (ONLY T,S AT OCEAN SURFACE ARE USED)
 2 - SECOND CONDITION
     (HEAT AND FRESH WATER BALANCES ARE USED)
 3 - THIRD CONDITION
     (HEAT AND SALT FLUXES ARE CALCULATED BY BULK-FORMULAE)
 
 TYPES OF SS CONDITION FOR U,V:
 
 1 - WIND STRESS COMPONENTS ARE READ FROM FILES,
     ATM PRESSURE DOES NOT AFFECT DYNAMICS
 2 - WIND STRESS COMPONENTS ARE READ FROM FILES,
     ATM PRESSURE AFFECTS DYNAMICS
 3 - WIND STRESS COMPONENTS ARE CALCULATED BY BULK FORMULAE,
     ATM PRESSURE DOES NOT AFFECT DYNAMICS
 4 - WIND STRESS COMPONENTS ARE CALCULATED BY BULK FORMULAE,
     ATM PRESSURE AFFECTS DYNAMICS
 
 USAGE OF ICE BLOCK IN OCEAN MODEL:
 
 (FIRST NUMBER)
 0 - ICE BLOCK IS NOT USED
 1 - ICE BLOCK IS USED
 
 
 (SECOND NUMBER) - NUMBER OF TIME STEPS OF ICE MODEL
 IN ONE TIME STEP OF OCEAN MODEL
 EQUAL 1 IF ICE RHEOLOGY IS NOT USED
 >>1 (~60) IF ICE RHEOLOGY IS USED
 

 INPUT OCEAN TASK PARAMETERS FROM octask.par
       1800.0  :STEP,IN SECONDS(*-FORMAT,11-COLUMNS)
        5.0  :DURATION OF RUN IN DAY(*11C)
          0  :INITIAL STEP(=0=>START FROM INIT.T&S; >0=>START FROM CONTROL POINT)(I7)
       2013  :INITIAL YEAR(I7)
         0   :WRITING PERIOD IN STEPS FOR CONTROL POINT OUTPUT
         0   :WRITING PERIOD IN STEPS FOR INTEGRAL PARAMETER OUTPUT
         5   :WRITING PERIOD IN STEPS FOR LOCAL OUTPUT (not use if =<0)
  0. 0.0     :EXTERNAL&INTERNAL PERIODS IN DAYS TO WRITE XYZ ARRAYS
  0. 0.0     :EXTERNAL&INTERNAL PERIODS IN DAYS TO WRITE PASSIVE TRACER ARRAYS
  1. 0.2     :EXTERNAL&INTERNAL PERIODS IN DAYS TO WRITE  XY ARRAYS
  0. 0.0     :EXTERNAL&INTERNAL PERIODS IN DAYS TO WRITE  YZ ARRAYS
  -2   -2   3    :TYPES OF SS CONDITION FOR T,S,WIND(IGT,IGS =1,2,3),IGWS=(1,2,3,4)(3I4)
   0   30        :USAGE OF ICE BLOCK IN OCEAN MODEL(0-DO NOT USE,1-USE)
   1   1         :1-DO NOT 2- REMOVE SPACE AVARAGING HEAT & FRESH WATER FLUXES(2I4)
 1.0E-03   1.0E-03       :COEFFICIENT OF RELAXATION FOR SST & SSS[CM/S](*22C)
 E                           :PATH TO OCEAN CONTROL POINT(RESULTES)(A32)
 ../Data_NEMO/SS2013               :PATH TO OCEAN DATA FILES
 sst.dat                           :SEA SURFACE TEMPERATURE
 sss.dat                           :SEA SURFACE SALINITY
 tlbc.dat                          :T-VALUES FOR LIQUID WALLS
 slbc.dat                          :S-VALUES FOR LIQUID WAL
 /san1lun1nfs/Data/COSMO13kmINMOM/ :PATH TO FILES OF ATM FORCINGM
 mzs.dat                           : SEA SURFACE ZONAL WIND STRESS(A32)
 mms.dat                           : SEA SURFACE MERIDIONAL WIND STRESS(A32)
 mnhf.dat                          : SEA SURFACE HEAT BALANCE(OCMOD)(A32)
 mswr.dat                          : SEA SURFACE SHORTWAVE RAD BALANCE(A32)^M
 mpme.dat                          : PRECIPITATION-EVAPORATION(A32)^M
 icemask.dat                       : ICE MASK (A32)^M
 sst_OkhSea.dat                    : TEMPERATURE OF ATMOSPHERE(COUPLED MODEL ONLY)^M
 slp.dat                           : SEA LEVEL PRESSURE^M
 rof4joseas_cosmo.dat              : RIVER RUNOFF^M
 trd.dat                           : DW-LW-RAD
 srd.dat                           : DW-SW-RAD
 tpr.dat                           : PRECIPIT
 t2m.dat                           : TEMP OF ATMOSPHERE
 q2m.dat                           : HUMIDITY
 u10.dat                           : U-WIND SPEED
 v10.dat                           : V-WIND SPEED
 NONE                              : SEA-LAND MASK FOR ATMPSPHERE^M
 
 COMMENTS:
 
 TYPES OF SS CONDITION FOR T,S:
 
 1 - FIRST CONDITION
     (ONLY T,S AT OCEAN SURFACE ARE USED)
 2 - SECOND CONDITION
     (HEAT AND FRESH WATER BALANCES ARE USED)
 3 - THIRD CONDITION
     (HEAT AND SALT FLUXES ARE CALCULATED BY BULK-FORMULAE)
 
 TYPES OF SS CONDITION FOR U,V:
 
 1 - WIND STRESS COMPONENTS ARE READ FROM FILES,
     ATM PRESSURE DOES NOT AFFECT DYNAMICS
 2 - WIND STRESS COMPONENTS ARE READ FROM FILES,
     ATM PRESSURE AFFECTS DYNAMICS
 3 - WIND STRESS COMPONENTS ARE CALCULATED BY BULK FORMULAE,
     ATM PRESSURE DOES NOT AFFECT DYNAMICS
 4 - WIND STRESS COMPONENTS ARE CALCULATED BY BULK FORMULAE,
     ATM PRESSURE AFFECTS DYNAMICS
 
 USAGE OF ICE BLOCK IN OCEAN MODEL:
 
 (FIRST NUMBER)
 0 - ICE BLOCK IS NOT USED
 1 - ICE BLOCK IS USED
 
 
 (SECOND NUMBER) - NUMBER OF TIME STEPS OF ICE MODEL
 IN ONE TIME STEP OF OCEAN MODEL
 EQUAL 1 IF ICE RHEOLOGY IS NOT USED
 >>1 (~60) IF ICE RHEOLOGY IS USED
 

  NUMBER OF ALL GRID POINTS =   4392993
  TOTAL MEMORY =  17571972 Bytes,    16.758 Mbytes,  0.016365 Gbytes.

  NUMBER OF ALL GRID POINTS =   4392993
  TOTAL MEMORY =  17571972 Bytes,    16.758 Mbytes,  0.016365 Gbytes.

      4 -SWITCHING KEYS FOR TASK:INP.COND
      5 -SEA LEVEL(+)/STREAM FUNCTION(-)
      3 -T&S LATERAL  TRANSPORT&MIX
     -5 -T&S VERTICAL TRANSP&MIX
     -2 -U&V LATERAL TRANSPORT&MIX
      3 -U&V VERTICAL TRANSPORT&MIX
      1 -PASSIVETRACER LATERAL TRANSPORT&MIX
      1 -PASSIVETRACER VERTICAL TRANSPORT&MIX
      0 -NUMBER OF LIQUID BOUNDARIES INCLUDED
  0.1000E-06  0.0000 BOTTOM FRICTION AND ITERATION PARAMETER FOR STREAM FUNCTION
  0.1000E+01  0.1000E+06[CM**2/S] -LATERAL DIFFUSION OF 2nd ORDER IN X & Y DIRECTION
  0.1000E+01  0.2500E+06[CM**2/S] -LATERAL VISCOSITY OF 2nd ORDER IN X & Y DIRECTION
  0.1560E-01  0.1560E-01[UNDIM,CM**4/S] -LATERAL DIFFUSION OF 4th ORDER IN X&Y DIRECTION
  0.1000E-02  0.1000E-02[UNDIM,CM**4/S] -LATERAL VISCOSITY OF 4th ORDER IN X&Y DIRECTION
  50.0000   0.0500-MAX(TOP)&BACKGROUND DIFFUS.
 150.0000   1.0000-MAX(TOP)&BACKGROUND VISKOS.
  300.0  300.0    0.5-SWITCHING DEPTHS AND RESIDUAL FRACTION OF LATERAL DIFFUSION
 FILE WITH TEM. POINT SEA-LAND MASK: mask_2c.txt
        FILE WITH BOTTOM TOPOGRAPHY: hh.dat
      4 -SWITCHING KEYS FOR TASK:INP.COND
      5 -SEA LEVEL(+)/STREAM FUNCTION(-)
      3 -T&S LATERAL  TRANSPORT&MIX
     -5 -T&S VERTICAL TRANSP&MIX
     -2 -U&V LATERAL TRANSPORT&MIX
      3 -U&V VERTICAL TRANSPORT&MIX
      1 -PASSIVETRACER LATERAL TRANSPORT&MIX
      1 -PASSIVETRACER VERTICAL TRANSPORT&MIX
      0 -NUMBER OF LIQUID BOUNDARIES INCLUDED
  0.1000E-06  0.0000 BOTTOM FRICTION AND ITERATION PARAMETER FOR STREAM FUNCTION
  0.1000E+01  0.1000E+06[CM**2/S] -LATERAL DIFFUSION OF 2nd ORDER IN X & Y DIRECTION
  0.1000E+01  0.2500E+06[CM**2/S] -LATERAL VISCOSITY OF 2nd ORDER IN X & Y DIRECTION
  0.1560E-01  0.1560E-01[UNDIM,CM**4/S] -LATERAL DIFFUSION OF 4th ORDER IN X&Y DIRECTION
  0.1000E-02  0.1000E-02[UNDIM,CM**4/S] -LATERAL VISCOSITY OF 4th ORDER IN X&Y DIRECTION
  50.0000   0.0500-MAX(TOP)&BACKGROUND DIFFUS.
 150.0000   1.0000-MAX(TOP)&BACKGROUND VISKOS.
  300.0  300.0    0.5-SWITCHING DEPTHS AND RESIDUAL FRACTION OF LATERAL DIFFUSION
 FILE WITH TEM. POINT SEA-LAND MASK: mask_2c.txt
        FILE WITH BOTTOM TOPOGRAPHY: hh.dat
 NUMBER OF LEVITUS HORIZONTS: 29 FOR H= 3500.00
   W-LEVELS ARE ARRANGED IN THE MIDDLES OF T-LAYERS.
  W-LEVELS W-STEPS  T-LEVELS T-STEPS *1000.00
   1000.00 1000.00    666.67  666.67
 NUMBER OF LEVITUS HORIZONTS: 29 FOR H= 3500.00
   W-LEVELS ARE ARRANGED IN THE MIDDLES OF T-LAYERS.
  W-LEVELS W-STEPS  T-LEVELS T-STEPS *1000.00
   1000.00 1000.00    666.67  666.67
   BASIN PARAMETERS FROM 0COM.INC:

   BASIN PARAMETERS FROM 0COM.INC:

   ERTH RADIUS = 0.6370000E+09(cm); rn = 0.6370000E+09[cm, or undim]
  EARTH ANGULAR VELOCITY(OMEGA) = 0.7292123E-04[RAD/SEC]
         HEAT CAPACITY OF WATER =  4.100000    [J/GR/GRAD] FOR 35%. SAL
              REFERENCE DENSITY =  1.025000    [GR/CM**3]
   ERTH RADIUS = 0.6370000E+09(cm); rn = 0.6370000E+09[cm, or undim]
  EARTH ANGULAR VELOCITY(OMEGA) = 0.7292123E-04[RAD/SEC]
         HEAT CAPACITY OF WATER =  4.100000    [J/GR/GRAD] FOR 35%. SAL
              REFERENCE DENSITY =  1.025000    [GR/CM**3]
     FREE FALL ACCELERATION(GRV)=   980.600[CM/S**2]
     FREE FALL ACCELERATION(GRV)=   980.600[CM/S**2]
  FREE FALL ACCELERATION/RH0 (G)=   956.683[CM/S**2/(GR/CM**3)]
                        CPW*RH0 =  4.202500    [J/GRAD/CM**3]
    NX= 260;  NY= 132;  NZ=   1;  MMM=   3; NNN=   3
  FREE FALL ACCELERATION/RH0 (G)=   956.683[CM/S**2/(GR/CM**3)]
                        CPW*RH0 =  4.202500    [J/GRAD/CM**3]
    NX= 260;  NY= 132;  NZ=   1;  MMM=   3; NNN=   3
   MLR=  13;  MM= 258;  NN= 130; MDIM= 260; MMD=   0
   MLR=  13;  MM= 258;  NN= 130; MDIM= 260; MMD=   0
  Temperature mask.(nx, ny) = (260, 132). DXST =0.05, DYST =0.05.                
  Temperature mask.(nx, ny) = (260, 132). DXST =0.05, DYST =0.05.                
  BOTTOM MASK BASED ON TEMPERATURE MASK HAS
  NUMBER OF GRIDS =    33153
  BOTTOM MASK BASED ON TEMPERATURE MASK HAS
  NUMBER OF GRIDS =    33153
   COMPUTING IIX, JJX, LRX  BY LU
   COMPUTING IIX, JJX, LRX  BY LU
   COMPUTING IIXU,JJXU,LRXU BY LUU
   COMPUTING IIXU,JJXU,LRXU BY LUU
   COMPUTING IIY, JJY, LRY  BY LU
   COMPUTING IIY, JJY, LRY  BY LU
   COMPUTING IIYU,JJYU,LRYU BY LUU
   COMPUTING IIYU,JJYU,LRYU BY LUU
   MLR=     13;  MLRDEF =      1
   LRX  =      1;  LRY =      1
   LRXU =      1;  LRYU=      1
   WARNING! PARAMETER OF SECTION IN COMMON BLOCK 0COM.INC
   IS GREATER THEN DEFINED: MLR=     13 > MLRDEF=      1

   BEGIN TESTING IIX-JJX 
   SEARCHING FOR LENGTH <      2
   END TESTING; ERRORS=      0

   BEGIN TESTING IIY-JJY 
   SEARCHING FOR LENGTH <      2
   END TESTING; ERRORS=      0

   BEGIN TESTING IIX-JJX 
   SEARCHING FOR LENGTH <      3
   END TESTING; ERRORS=      0

   BEGIN TESTING IIY-JJY 
   SEARCHING FOR LENGTH <      3
   END TESTING; ERRORS=      0

   BEGIN TESTING IIXU-JJXU
   SEARCHING FOR LENGTH <      2
   END TESTING; ERRORS=      0

   BEGIN TESTING IIYU-JJYU
   SEARCHING FOR LENGTH <      2
   END TESTING; ERRORS=      0

   RECONSTRUCTION OF MASK BASED ON IIX AND JJX
   MLR=     13;  MLRDEF =      1
   LRX  =      1;  LRY =      1
   LRXU =      1;  LRYU=      1
   WARNING! PARAMETER OF SECTION IN COMMON BLOCK 0COM.INC
   IS GREATER THEN DEFINED: MLR=     13 > MLRDEF=      1

   BEGIN TESTING IIX-JJX 
   SEARCHING FOR LENGTH <      2
   END TESTING; ERRORS=      0

   BEGIN TESTING IIY-JJY 
   SEARCHING FOR LENGTH <      2
   END TESTING; ERRORS=      0

   BEGIN TESTING IIX-JJX 
   SEARCHING FOR LENGTH <      3
   END TESTING; ERRORS=      0

   BEGIN TESTING IIY-JJY 
   SEARCHING FOR LENGTH <      3
   END TESTING; ERRORS=      0

   BEGIN TESTING IIXU-JJXU
   SEARCHING FOR LENGTH <      2
   END TESTING; ERRORS=      0

   BEGIN TESTING IIYU-JJYU
   SEARCHING FOR LENGTH <      2
   END TESTING; ERRORS=      0

   RECONSTRUCTION OF MASK BASED ON IIX AND JJX
   MASK BASED ON IIX, JJX; NUMBER OF GRIDS =    32768

   RECONSTRUCTION OF MASK BASED ON IIY AND JJY
   MASK BASED ON IIX, JJX; NUMBER OF GRIDS =    32768

   RECONSTRUCTION OF MASK BASED ON IIY AND JJY
   MASK BASED ON IIY, JJY; NUMBER OF GRIDS =    32768

   RECONSTRUCTION OF TEMPERATURE MASK BASED ON
   (IIX,JJX) AND (IIY,JJY) SIMULTANEOUSLY:
   MASK BASED ON IIY, JJY; NUMBER OF GRIDS =    32768

   RECONSTRUCTION OF TEMPERATURE MASK BASED ON
   (IIX,JJX) AND (IIY,JJY) SIMULTANEOUSLY:
   TEMPERATURE MASK BASED ON (IIX,JJX) AND (IIY,JJY)
   IS EQUAL TO ORIGINAL MASK
   NUMBER OF GRIDS =    32768

   RECONSTRUCTION OF MASK BASED ON IIXU AND JJXU
   TEMPERATURE MASK BASED ON (IIX,JJX) AND (IIY,JJY)
   IS EQUAL TO ORIGINAL MASK
   NUMBER OF GRIDS =    32768

   RECONSTRUCTION OF MASK BASED ON IIXU AND JJXU
   MASK BASED ON IIXU, JJXU; NUMBER OF GRIDS=    32385

   RECONSTRUCTION OF MASK BASED ON IIYU AND JJYU
   MASK BASED ON IIXU, JJXU; NUMBER OF GRIDS=    32385

   RECONSTRUCTION OF MASK BASED ON IIYU AND JJYU
   MASK BASED ON IIYU, JJYU; NUMBER OF GRIDS=    32385
   CONSTRUCTION OF C-X-Y-GRID MASKS BASED ON T-GRID:
   MASK BASED ON IIYU, JJYU; NUMBER OF GRIDS=    32385
   CONSTRUCTION OF C-X-Y-GRID MASKS BASED ON T-GRID:
   C-GRID MASK IN X DIRECTION HAS NUMBER OF OCEAN POINTS=    32640
   C-GRID MASK IN Y DIRECTION HAS NUMBER OF OCEAN POINTS=    32512
   C-GRID MASK IN X DIRECTION HAS NUMBER OF OCEAN POINTS=    32640
   C-GRID MASK IN Y DIRECTION HAS NUMBER OF OCEAN POINTS=    32512
   TOTAL VECTOR DIMENSION ON T-GRID =  32768
   TOTAL VECTOR DIMENSION ON T-GRID =  32768
   TOTAL VECTOR DIMENSION ON H-GRID =  32385
   TOTAL VECTOR DIMENSION ON H-GRID =  32385
   MEAN DEPTH [CM]:100000.09
   MEAN DEPTH [CM]:100000.09
  SUM OF SW DIVERGENCE COEFFICIENT =  32768.00
  FOR   32768.00 T-GRID POINTS
   Shortwave penetration divergent coefficients have been defined
  SUM OF SW DIVERGENCE COEFFICIENT =  32768.00
  FOR   32768.00 T-GRID POINTS
   Shortwave penetration divergent coefficients have been defined

    VERTICAL SWITCH FUNCTIONS IN VICINITY OF POINT
      LON = 323.00000   LAT =  53.50000
     WITH COORDINATES OF   12.90 W,   49.00 N.
                        SWITCH DEPTH FOR TYPE OF DIFFUSION:  300.0
     SWITCH DEPTH&RESIDUAL FRACTION FOR VALUE OF DIFFUSION:  300.0    0.5

    VERTICAL SWITCH FUNCTIONS IN VICINITY OF POINT
      LON = 323.00000   LAT =  53.50000
 Depth[m] 0   0.25 0.50 0.75  1     
 ---------+----+----+----+----+-----
     0.0 |*                   +     

   Setting vertical switching function for lateral diffusion.
     WITH COORDINATES OF   12.90 W,   49.00 N.
                        SWITCH DEPTH FOR TYPE OF DIFFUSION:  300.0
     SWITCH DEPTH&RESIDUAL FRACTION FOR VALUE OF DIFFUSION:  300.0    0.5
 Depth[m] 0   0.25 0.50 0.75  1     
 ---------+----+----+----+----+-----
     0.0 |*                   +     

   Setting vertical switching function for lateral diffusion.
 RDR;RMU;EPS= 0.100E-06 0.000E+00 0.500E-03
    LATERAL DIFFUSION TYPE:
   WCLSD, WCLZD, WCLRD  = 1.00000 1.00000 0.00000
         WCVZD1,WCVRD1  =         1.00000 0.00000
  WCVZD2,WCVRD2,WCVZRD  =         1.00000 0.00000 0.00000
 TT & SS: AMXT,AMYT =  0.1000E+06  0.1000E+06
 UU & VV: AMXU,AMYU =  0.2500E+06  0.2500E+06
 ANUMAXT,ANUBGRT  =     50.0000      0.0500 -MAX(TOP)&BACKGR.TS VERT.DIFFUS.
 ANUMAXU,ANUBGRU  =    150.0000      1.0000 -MAX(TOP)&BACKGR. VERT.VISKOSITY
  START DAY:   1; TIME:  0: 0: 0,16
 RDR;RMU;EPS= 0.100E-06 0.000E+00 0.500E-03
    LATERAL DIFFUSION TYPE:
   WCLSD, WCLZD, WCLRD  = 1.00000 1.00000 0.00000
         WCVZD1,WCVRD1  =         1.00000 0.00000
  WCVZD2,WCVRD2,WCVZRD  =         1.00000 0.00000 0.00000
 TT & SS: AMXT,AMYT =  0.1000E+06  0.1000E+06
 UU & VV: AMXU,AMYU =  0.2500E+06  0.2500E+06
 ANUMAXT,ANUBGRT  =     50.0000      0.0500 -MAX(TOP)&BACKGR.TS VERT.DIFFUS.
 ANUMAXU,ANUBGRU  =    150.0000      1.0000 -MAX(TOP)&BACKGR. VERT.VISKOSITY
  STEP:   0.50HRS;  1800.00SEC;  0.02083DAY.
  DURATION OF RUN     5.00 DAYS.
  START DAY:   1; TIME:  0: 0: 0,17
 
START OF TIME INTEGRATION OF OCEAN MODEL
 
 MatForm:   81.783046007156372     
 RHSForm:  2.25570201873779297E-002
           0 KSPSolve   9.6708059310913086      its         960 norm  1.62994038888835974E-003 nvar       97920
   FORM u,v,slh:  3.97396087646484375E-003
   SYNC:  6.32047653198242188E-004
 SolveSys:   9.6762669086456299     
 RHSForm:  1.94871425628662109E-002
           0 KSPSolve   7.4093708992004395      its         743 norm  2.47925341892597838E-003 nvar       97920
   FORM u,v,slh:  6.66856765747070313E-004
   SYNC:  5.03063201904296875E-004
 SolveSys:   7.4111430644989014     
 RHSForm:  1.87501907348632813E-002
           0 KSPSolve   8.1373710632324219      its         822 norm  2.64696610306478257E-003 nvar       97920
   FORM u,v,slh:  4.21047210693359375E-004
   SYNC:  2.34127044677734375E-004
 SolveSys:   8.1380870342254639     
 RHSForm:  1.69789791107177734E-002
           0 KSPSolve   5.3900949954986572      its         540 norm  2.31900167693365042E-003 nvar       97920
   FORM u,v,slh:  6.78062438964843750E-004
   SYNC:  5.31911849975585938E-004
 SolveSys:   5.3919491767883301     
 RHSForm:  1.92849636077880859E-002
           0 KSPSolve   4.5808269977569580      its         465 norm  1.91697893118563463E-003 nvar       97920
   FORM u,v,slh:  5.09023666381835938E-004
   SYNC:  1.90973281860351563E-004
 SolveSys:   4.5815930366516113     
 RHSForm:  1.74889564514160156E-002
           0 KSPSolve   6.1927499771118164      its         622 norm  1.55796994951290296E-003 nvar       97920
   FORM u,v,slh:  6.89983367919921875E-004
   SYNC:  5.40018081665039063E-004
 SolveSys:   6.1944899559020996     
 RHSForm:  1.85508728027343750E-002
           0 KSPSolve   5.3810911178588867      its         545 norm  1.38994880663899519E-003 nvar       97920
   FORM u,v,slh:  6.58035278320312500E-004
   SYNC:  2.37941741943359375E-004
 SolveSys:   5.3825101852416992     
 RHSForm:  1.94020271301269531E-002
           0 KSPSolve   7.2803161144256592      its         736 norm  1.40603543239514240E-003 nvar       97920
   FORM u,v,slh:  4.36067581176757813E-004
   SYNC:  2.16960906982421875E-004
 SolveSys:   7.2810280323028564     
 RHSForm:  1.75049304962158203E-002
           0 KSPSolve   5.3612258434295654      its         539 norm  1.49019957682088098E-003 nvar       97920
   FORM u,v,slh:  6.67095184326171875E-004
   SYNC:  5.92947006225585938E-004
 SolveSys:   5.3630719184875488     
 RHSForm:  1.93898677825927734E-002
           0 KSPSolve   4.1027309894561768      its         417 norm  1.58694750808597239E-003 nvar       97920
   FORM u,v,slh:  4.38928604125976563E-004
   SYNC:  1.32083892822265625E-004
 SolveSys:   4.1033620834350586     
  WRITE XY-DATA: REC=       1
   MODEL TIME: 05:00:00  01JAN2013;  DAY IN YEAR:001,  DAY IN 4YRS:0001
 OUTPUT DATA to E/XY/sl.dat
 XY_OUT:  2.04019546508789063E-002
 RHSForm:  1.95231437683105469E-002
           0 KSPSolve   3.5646960735321045      its         364 norm  1.65225274690775211E-003 nvar       97920
   FORM u,v,slh:  7.46011734008789063E-004
   SYNC:  5.49077987670898438E-004
 SolveSys:   3.5665221214294434     
 RHSForm:  1.92110538482666016E-002
           0 KSPSolve   4.0683290958404541      its         416 norm  1.69205920690333180E-003 nvar       97920
   FORM u,v,slh:  5.08069992065429688E-004
   SYNC:  2.41041183471679688E-004
 SolveSys:   4.0691452026367188     
 RHSForm:  1.82380676269531250E-002
           0 KSPSolve   4.0165951251983643      its         412 norm  1.68845712504595209E-003 nvar       97920
   FORM u,v,slh:  4.62055206298828125E-004
   SYNC:  2.34842300415039063E-004
 SolveSys:   4.0173540115356445     
 RHSForm:  1.73950195312500000E-002
           0 KSPSolve   4.2302558422088623      its         428 norm  1.66774016254216920E-003 nvar       97920
   FORM u,v,slh:  7.05003738403320313E-004
   SYNC:  6.64949417114257813E-004
 SolveSys:   4.2322440147399902     
 RHSForm:  1.95269584655761719E-002
           0 KSPSolve   4.2988998889923096      its         438 norm  1.65119122269015320E-003 nvar       97920
   FORM u,v,slh:  4.83036041259765625E-004
   SYNC:  2.15053558349609375E-004
 SolveSys:   4.2996609210968018     
 RHSForm:  1.69279575347900391E-002
           0 KSPSolve   2.1563110351562500      its         217 norm  1.63836525648221689E-003 nvar       97920
   FORM u,v,slh:  6.09874725341796875E-004
   SYNC:  2.41041183471679688E-004
 SolveSys:   2.1573019027709961     
 RHSForm:  1.79879665374755859E-002
           0 KSPSolve  0.28445005416870117      its          29 norm  1.60033017024096094E-003 nvar       97920
   FORM u,v,slh:  4.60147857666015625E-004
   SYNC:  1.99079513549804688E-004
 SolveSys:  0.28517508506774902     
 RHSForm:  1.69131755828857422E-002
           0 KSPSolve   2.1929359436035156      its         227 norm  1.63925309826870526E-003 nvar       97920
   FORM u,v,slh:  4.39167022705078125E-004
   SYNC:  2.67982482910156250E-004
 SolveSys:   2.1937098503112793     
 RHSForm:  1.75170898437500000E-002
           0 KSPSolve   2.0085830688476563      its         203 norm  1.64387072375986906E-003 nvar       97920
   FORM u,v,slh:  4.37021255493164063E-004
   SYNC:  2.34127044677734375E-004
 SolveSys:   2.0093140602111816     
 RHSForm:  1.69620513916015625E-002
           0 KSPSolve   2.3770737648010254      its         240 norm  1.63730360198403890E-003 nvar       97920
   FORM u,v,slh:  4.37021255493164063E-004
   SYNC:  2.27928161621093750E-004
 SolveSys:   2.3777987957000732     
  WRITE XY-DATA: REC=       2
   MODEL TIME: 10:00:00  01JAN2013;  DAY IN YEAR:001,  DAY IN 4YRS:0001
 OUTPUT DATA to E/XY/sl.dat
 XY_OUT:  1.04939937591552734E-002
 RHSForm:  1.90289020538330078E-002
           0 KSPSolve   1.9149110317230225      its         197 norm  1.63902916051981897E-003 nvar       97920
   FORM u,v,slh:  4.84943389892578125E-004
   SYNC:  2.21967697143554688E-004
 SolveSys:   1.9157278537750244     
 RHSForm:  1.68368816375732422E-002
           0 KSPSolve   1.7681999206542969      its         178 norm  1.63760924269480538E-003 nvar       97920
   FORM u,v,slh:  5.08069992065429688E-004
   SYNC:  2.16007232666015625E-004
 SolveSys:   1.7690529823303223     
 RHSForm:  1.83618068695068359E-002
           0 KSPSolve  0.99927997589111328      its         105 norm  1.63058578816921060E-003 nvar       97920
   FORM u,v,slh:  4.21047210693359375E-004
   SYNC:  2.31981277465820313E-004
 SolveSys:  0.99999213218688965     
 RHSForm:  1.68921947479248047E-002
           0 KSPSolve  0.69025301933288574      its          72 norm  1.62191867088347461E-003 nvar       97920
   FORM u,v,slh:  4.38928604125976563E-004
   SYNC:  2.06947326660156250E-004
 SolveSys:  0.69096088409423828     
 RHSForm:  1.75309181213378906E-002
           0 KSPSolve  0.69402003288269043      its          72 norm  1.60905588479481952E-003 nvar       97920
   FORM u,v,slh:  4.21047210693359375E-004
   SYNC:  1.87873840332031250E-004
 SolveSys:  0.69468903541564941     
 RHSForm:  1.72798633575439453E-002
           0 KSPSolve   1.6000940799713135      its         164 norm  1.61875553485367430E-003 nvar       97920
   FORM u,v,slh:  4.20808792114257813E-004
   SYNC:  2.86102294921875000E-004
 SolveSys:   1.6008591651916504     
 RHSForm:  1.67779922485351563E-002
           0 KSPSolve   1.1357908248901367      its         117 norm  1.62570410053416558E-003 nvar       97920
   FORM u,v,slh:  4.37021255493164063E-004
   SYNC:  2.23875045776367188E-004
 SolveSys:   1.1365118026733398     
 RHSForm:  1.68669223785400391E-002
           0 KSPSolve   1.1119709014892578      its         114 norm  1.62876152363478793E-003 nvar       97920
   FORM u,v,slh:  4.36067581176757813E-004
   SYNC:  2.26020812988281250E-004
 SolveSys:   1.1126940250396729     
 RHSForm:  1.68979167938232422E-002
           0 KSPSolve   1.0742988586425781      its         111 norm  1.63757551127736468E-003 nvar       97920
   FORM u,v,slh:  4.22000885009765625E-004
   SYNC:  2.30073928833007813E-004
 SolveSys:   1.0750229358673096     
 RHSForm:  1.69119834899902344E-002
           0 KSPSolve  0.90584802627563477      its          93 norm  1.64534694255337346E-003 nvar       97920
   FORM u,v,slh:  4.57048416137695313E-004
   SYNC:  2.55107879638671875E-004
 SolveSys:  0.90662312507629395     
  WRITE XY-DATA: REC=       3
   MODEL TIME: 15:00:00  01JAN2013;  DAY IN YEAR:001,  DAY IN 4YRS:0001
 OUTPUT DATA to E/XY/sl.dat
 XY_OUT:  1.01001262664794922E-002
 RHSForm:  1.96719169616699219E-002
           0 KSPSolve  0.74036717414855957      its          77 norm  1.65227361790049932E-003 nvar       97920
   FORM u,v,slh:  5.03063201904296875E-004
   SYNC:  2.08854675292968750E-004
 SolveSys:  0.74124097824096680     
 RHSForm:  1.75750255584716797E-002
           0 KSPSolve  0.64150714874267578      its          64 norm  1.62502323668295054E-003 nvar       97920
   FORM u,v,slh:  4.39882278442382813E-004
   SYNC:  2.33173370361328125E-004
 SolveSys:  0.64224314689636230     
 RHSForm:  1.79729461669921875E-002
           0 KSPSolve  0.55279397964477539      its          56 norm  1.64641925512963388E-003 nvar       97920
   FORM u,v,slh:  4.37974929809570313E-004
   SYNC:  2.07901000976562500E-004
 SolveSys:  0.55351781845092773     
 RHSForm:  1.77509784698486328E-002
           0 KSPSolve  0.54408502578735352      its          55 norm  1.64286840749967573E-003 nvar       97920
   FORM u,v,slh:  4.21047210693359375E-004
   SYNC:  1.90019607543945313E-004
 SolveSys:  0.54477405548095703     
 RHSForm:  1.82859897613525391E-002
           0 KSPSolve  0.55030417442321777      its          56 norm  1.63192252972056044E-003 nvar       97920
   FORM u,v,slh:  4.28199768066406250E-004
   SYNC:  2.34842300415039063E-004
 SolveSys:  0.55103206634521484     
 RHSForm:  1.73490047454833984E-002
           0 KSPSolve  0.56007981300354004      its          57 norm  1.59093049807395594E-003 nvar       97920
   FORM u,v,slh:  4.62055206298828125E-004
   SYNC:  2.51054763793945313E-004
 SolveSys:  0.56085586547851563     
 RHSForm:  1.73680782318115234E-002
           0 KSPSolve  0.59954214096069336      its          61 norm  1.65286834758622547E-003 nvar       97920
   FORM u,v,slh:  5.68151473999023438E-004
   SYNC:  7.25030899047851563E-004
 SolveSys:  0.60094499588012695     
 RHSForm:  2.00500488281250000E-002
           0 KSPSolve  0.72885203361511230      its          76 norm  1.65299375909338381E-003 nvar       97920
   FORM u,v,slh:  4.32014465332031250E-004
   SYNC:  2.16960906982421875E-004
 SolveSys:  0.72956609725952148     
 RHSForm:  1.69010162353515625E-002
           0 KSPSolve  0.65785408020019531      its          68 norm  1.64682876344358323E-003 nvar       97920
   FORM u,v,slh:  4.46081161499023438E-004
   SYNC:  1.91926956176757813E-004
 SolveSys:  0.65855622291564941     
 RHSForm:  1.68881416320800781E-002
           0 KSPSolve  0.71545410156250000      its          74 norm  1.64572225675310040E-003 nvar       97920
   FORM u,v,slh:  4.57048416137695313E-004
   SYNC:  1.90019607543945313E-004
 SolveSys:  0.71616506576538086     
  WRITE XY-DATA: REC=       4
   MODEL TIME: 20:00:00  01JAN2013;  DAY IN YEAR:001,  DAY IN 4YRS:0001
 OUTPUT DATA to E/XY/sl.dat
 XY_OUT:  9.44113731384277344E-003
 RHSForm:  1.92461013793945313E-002
           0 KSPSolve  0.66809606552124023      its          70 norm  1.64462955286040903E-003 nvar       97920
   FORM u,v,slh:  5.30004501342773438E-004
   SYNC:  2.20060348510742188E-004
 SolveSys:  0.66896891593933105     
 RHSForm:  1.73180103302001953E-002
           0 KSPSolve  0.65207600593566895      its          67 norm  1.63216992219130546E-003 nvar       97920
   FORM u,v,slh:  4.39882278442382813E-004
   SYNC:  2.33173370361328125E-004
 SolveSys:  0.65281200408935547     
 RHSForm:  1.86538696289062500E-002
           0 KSPSolve  0.60928106307983398      its          61 norm  1.63288654359315883E-003 nvar       97920
   FORM u,v,slh:  4.22000885009765625E-004
   SYNC:  2.13146209716796875E-004
 SolveSys:  0.60997509956359863     
 RHSForm:  1.68471336364746094E-002
           0 KSPSolve  0.52299714088439941      its          55 norm  1.61978481522501226E-003 nvar       97920
   FORM u,v,slh:  4.37021255493164063E-004
   SYNC:  1.08957290649414063E-004
 SolveSys:  0.52360486984252930     
 RHSForm:  1.77240371704101563E-002
           0 KSPSolve  0.47741198539733887      its          50 norm  1.62186117879390898E-003 nvar       97920
   FORM u,v,slh:  4.25100326538085938E-004
   SYNC:  1.05857849121093750E-004
 SolveSys:  0.47800183296203613     
 RHSForm:  1.72719955444335938E-002
           0 KSPSolve  0.47976708412170410      its          50 norm  1.61885691701369209E-003 nvar       97920
   FORM u,v,slh:  4.38213348388671875E-004
   SYNC:  1.97172164916992188E-004
 SolveSys:  0.48048496246337891     
 RHSForm:  1.75039768218994141E-002
           0 KSPSolve  0.47662591934204102      its          50 norm  1.63489481175385751E-003 nvar       97920
   FORM u,v,slh:  4.20093536376953125E-004
   SYNC:  2.49862670898437500E-004
 SolveSys:  0.47736001014709473     
 RHSForm:  1.71971321105957031E-002
           0 KSPSolve  0.48862385749816895      its          51 norm  1.63573606486690291E-003 nvar       97920
   FORM u,v,slh:  6.03199005126953125E-004
   SYNC:  2.52962112426757813E-004
 SolveSys:  0.48962283134460449     
 RHSForm:  1.79250240325927734E-002
           0 KSPSolve  0.46907997131347656      its          50 norm  1.64181921744876590E-003 nvar       97920
   FORM u,v,slh:  4.42981719970703125E-004
   SYNC:  2.27928161621093750E-004
 SolveSys:  0.46981596946716309     
 RHSForm:  1.68910026550292969E-002
           0 KSPSolve  0.47422599792480469      its          51 norm  1.62416622244446716E-003 nvar       97920
   FORM u,v,slh:  4.30822372436523438E-004
   SYNC:  2.19106674194335938E-004
 SolveSys:  0.47494006156921387     
  WRITE XY-DATA: REC=       4
   MODEL TIME: 01:00:00  02JAN2013;  DAY IN YEAR:002,  DAY IN 4YRS:0002
 OUTPUT DATA to E/XY/sl.dat
 XY_OUT:  1.02341175079345703E-002
 RHSForm:  1.86219215393066406E-002
           0 KSPSolve  0.46326613426208496      its          49 norm  1.64010480705851450E-003 nvar       97920
   FORM u,v,slh:  5.19990921020507813E-004
   SYNC:  1.67131423950195313E-004
 SolveSys:  0.46409296989440918     
 RHSForm:  1.74610614776611328E-002
           0 KSPSolve  0.48289704322814941      its          51 norm  1.63333903266296905E-003 nvar       97920
   FORM u,v,slh:  4.20093536376953125E-004
   SYNC:  2.23159790039062500E-004
 SolveSys:  0.48360109329223633     
 RHSForm:  1.68631076812744141E-002
           0 KSPSolve  0.46775102615356445      its          50 norm  1.64737736816246731E-003 nvar       97920
   FORM u,v,slh:  4.37974929809570313E-004
   SYNC:  2.17199325561523438E-004
 SolveSys:  0.46846604347229004     
 RHSForm:  1.68571472167968750E-002
           0 KSPSolve  0.47941899299621582      its          51 norm  1.64273612301427401E-003 nvar       97920
   FORM u,v,slh:  4.18901443481445313E-004
   SYNC:  2.33888626098632813E-004
 SolveSys:  0.48013210296630859     
 RHSForm:  1.79960727691650391E-002
           0 KSPSolve  0.48425102233886719      its          51 norm  1.63411007600401019E-003 nvar       97920
   FORM u,v,slh:  4.37021255493164063E-004
   SYNC:  2.25067138671875000E-004
 SolveSys:  0.48498106002807617     
 RHSForm:  1.74500942230224609E-002
           0 KSPSolve  0.47674608230590820      its          50 norm  1.64145028351667544E-003 nvar       97920
   FORM u,v,slh:  4.95910644531250000E-004
   SYNC:  2.05993652343750000E-004
 SolveSys:  0.47751498222351074     
 RHSForm:  1.74808502197265625E-002
           0 KSPSolve  0.46685719490051270      its          50 norm  1.65051243889840983E-003 nvar       97920
   FORM u,v,slh:  4.22000885009765625E-004
   SYNC:  2.31981277465820313E-004
 SolveSys:  0.46757411956787109     
 RHSForm:  1.67629718780517578E-002
           0 KSPSolve  0.46418595314025879      its          50 norm  1.65539703070918592E-003 nvar       97920
   FORM u,v,slh:  4.42981719970703125E-004
   SYNC:  2.35080718994140625E-004
 SolveSys:  0.46492815017700195     
 RHSForm:  1.67839527130126953E-002
           0 KSPSolve  0.45814085006713867      its          49 norm  1.66427024192217698E-003 nvar       97920
   FORM u,v,slh:  4.84943389892578125E-004
   SYNC:  2.37941741943359375E-004
 SolveSys:  0.45893192291259766     
 RHSForm:  1.75940990447998047E-002
           0 KSPSolve  0.46558713912963867      its          49 norm  1.65719653458874447E-003 nvar       97920
   FORM u,v,slh:  4.85897064208984375E-004
   SYNC:  1.19209289550781250E-004
 SolveSys:  0.46625709533691406     
  WRITE XY-DATA: REC=       1
   MODEL TIME: 06:00:00  02JAN2013;  DAY IN YEAR:002,  DAY IN 4YRS:0002
 OUTPUT DATA to E/XY/sl.dat
 XY_OUT:  8.65077972412109375E-003
 RHSForm:  1.98280811309814453E-002
           0 KSPSolve  0.44619488716125488      its          47 norm  1.66107175868436215E-003 nvar       97920
   FORM u,v,slh:  4.86135482788085938E-004
   SYNC:  1.99794769287109375E-004
 SolveSys:  0.44699501991271973     
 RHSForm:  1.72369480133056641E-002
           0 KSPSolve  0.42539095878601074      its          45 norm  1.66640991636981747E-003 nvar       97920
   FORM u,v,slh:  4.62055206298828125E-004
   SYNC:  1.97887420654296875E-004
 SolveSys:  0.42611598968505859     
 RHSForm:  1.77929401397705078E-002
           0 KSPSolve  0.40030002593994141      its          43 norm  1.66929863018229572E-003 nvar       97920
   FORM u,v,slh:  4.33921813964843750E-004
   SYNC:  2.36034393310546875E-004
 SolveSys:  0.40103602409362793     
 RHSForm:  1.71501636505126953E-002
           0 KSPSolve  0.38635301589965820      its          41 norm  1.66900935360236912E-003 nvar       97920
   FORM u,v,slh:  4.40835952758789063E-004
   SYNC:  2.60114669799804688E-004
 SolveSys:  0.38711905479431152     
 RHSForm:  1.71020030975341797E-002
           0 KSPSolve  0.34886693954467773      its          37 norm  1.66835465938434220E-003 nvar       97920
   FORM u,v,slh:  4.21047210693359375E-004
   SYNC:  2.50816345214843750E-004
 SolveSys:  0.34960484504699707     
 RHSForm:  1.75361633300781250E-002
           0 KSPSolve  0.29986691474914551      its          30 norm  1.65776961602883376E-003 nvar       97920
   FORM u,v,slh:  4.56094741821289063E-004
   SYNC:  1.14917755126953125E-004
 SolveSys:  0.30050301551818848     
 RHSForm:  1.73079967498779297E-002
           0 KSPSolve  0.23558902740478516      its          25 norm  1.65952610305203732E-003 nvar       97920
   FORM u,v,slh:  4.58955764770507813E-004
   SYNC:  2.52008438110351563E-004
 SolveSys:  0.23636603355407715     
 RHSForm:  1.71780586242675781E-002
           0 KSPSolve  0.29629802703857422      its          30 norm  1.66619402211446539E-003 nvar       97920
   FORM u,v,slh:  4.21047210693359375E-004
   SYNC:  2.33888626098632813E-004
 SolveSys:  0.29701590538024902     
 RHSForm:  1.72059535980224609E-002
           0 KSPSolve  0.28799104690551758      its          29 norm  1.66334395671718081E-003 nvar       97920
   FORM u,v,slh:  4.37974929809570313E-004
   SYNC:  2.53200531005859375E-004
 SolveSys:  0.28874397277832031     
 RHSForm:  1.78561210632324219E-002
           0 KSPSolve  0.29079294204711914      its          29 norm  1.67898242133189980E-003 nvar       97920
   FORM u,v,slh:  4.24861907958984375E-004
   SYNC:  1.92880630493164063E-004
 SolveSys:  0.29147386550903320     
  WRITE XY-DATA: REC=       2
   MODEL TIME: 11:00:00  02JAN2013;  DAY IN YEAR:002,  DAY IN 4YRS:0002
 OUTPUT DATA to E/XY/sl.dat
 XY_OUT:  9.08207893371582031E-003
 RHSForm:  1.91719532012939453E-002
           0 KSPSolve  0.33870291709899902      its          35 norm  1.67829591974754029E-003 nvar       97920
   FORM u,v,slh:  4.83989715576171875E-004
   SYNC:  2.27212905883789063E-004
 SolveSys:  0.33952188491821289     
 RHSForm:  1.72398090362548828E-002
           0 KSPSolve  0.39457702636718750      its          42 norm  1.68010528106676284E-003 nvar       97920
   FORM u,v,slh:  4.21047210693359375E-004
   SYNC:  2.23159790039062500E-004
 SolveSys:  0.39527916908264160     
 RHSForm:  1.71129703521728516E-002
           0 KSPSolve  0.39489102363586426      its          42 norm  1.67427525073312331E-003 nvar       97920
   FORM u,v,slh:  4.22000885009765625E-004
   SYNC:  2.09093093872070313E-004
 SolveSys:  0.39558100700378418     
 RHSForm:  1.72591209411621094E-002
           0 KSPSolve  0.36912107467651367      its          39 norm  1.68177192024015175E-003 nvar       97920
   FORM u,v,slh:  4.19855117797851563E-004
   SYNC:  1.91926956176757813E-004
 SolveSys:  0.36979317665100098     
 RHSForm:  1.71902179718017578E-002
           0 KSPSolve  0.34437990188598633      its          35 norm  1.67746314003244757E-003 nvar       97920
   FORM u,v,slh:  4.22000885009765625E-004
   SYNC:  2.08854675292968750E-004
 SolveSys:  0.34508609771728516     
 RHSForm:  1.69010162353515625E-002
           0 KSPSolve  0.30032181739807129      its          30 norm  1.67102925099029721E-003 nvar       97920
   FORM u,v,slh:  4.37974929809570313E-004
   SYNC:  1.98125839233398438E-004
 SolveSys:  0.30102396011352539     
 RHSForm:  1.77659988403320313E-002
           0 KSPSolve  0.30229997634887695      its          30 norm  1.68142513302494984E-003 nvar       97920
   FORM u,v,slh:  4.22000885009765625E-004
   SYNC:  2.37941741943359375E-004
 SolveSys:  0.30302309989929199     
 RHSForm:  1.68099403381347656E-002
           0 KSPSolve  0.41035389900207520      its          44 norm  1.67475423042514476E-003 nvar       97920
   FORM u,v,slh:  4.42981719970703125E-004
   SYNC:  1.14917755126953125E-004
 SolveSys:  0.41097497940063477     
 RHSForm:  1.74529552459716797E-002
           0 KSPSolve  0.44204878807067871      its          47 norm  1.67379301497612193E-003 nvar       97920
   FORM u,v,slh:  4.59909439086914063E-004
   SYNC:  1.15871429443359375E-004
 SolveSys:  0.44268798828125000     
 RHSForm:  1.68628692626953125E-002
           0 KSPSolve  0.45197296142578125      its          48 norm  1.67718837064875239E-003 nvar       97920
   FORM u,v,slh:  4.55141067504882813E-004
   SYNC:  1.15871429443359375E-004
 SolveSys:  0.45260906219482422     
  WRITE XY-DATA: REC=       3
   MODEL TIME: 16:00:00  02JAN2013;  DAY IN YEAR:002,  DAY IN 4YRS:0002
 OUTPUT DATA to E/XY/sl.dat
 XY_OUT:  9.39702987670898438E-003
 RHSForm:  1.84881687164306641E-002
           0 KSPSolve  0.43891501426696777      its          47 norm  1.68083800966162137E-003 nvar       97920
   FORM u,v,slh:  5.30004501342773438E-004
   SYNC:  2.21967697143554688E-004
 SolveSys:  0.43978691101074219     
 RHSForm:  1.70710086822509766E-002
           0 KSPSolve  0.43743705749511719      its          47 norm  1.67802345294392049E-003 nvar       97920
   FORM u,v,slh:  4.47034835815429688E-004
   SYNC:  1.91926956176757813E-004
 SolveSys:  0.43814110755920410     
 RHSForm:  1.69019699096679688E-002
           0 KSPSolve  0.43246006965637207      its          47 norm  1.67924582363037809E-003 nvar       97920
   FORM u,v,slh:  4.54902648925781250E-004
   SYNC:  1.92165374755859375E-004
 SolveSys:  0.43317008018493652     
 RHSForm:  1.72550678253173828E-002
           0 KSPSolve  0.44383096694946289      its          47 norm  1.67852385243212848E-003 nvar       97920
   FORM u,v,slh:  4.51087951660156250E-004
   SYNC:  2.01940536499023438E-004
 SolveSys:  0.44455099105834961     
 RHSForm:  1.78310871124267578E-002
           0 KSPSolve  0.43949198722839355      its          47 norm  1.67242212712111400E-003 nvar       97920
   FORM u,v,slh:  4.60147857666015625E-004
   SYNC:  2.25782394409179688E-004
 SolveSys:  0.44024205207824707     
 RHSForm:  1.73411369323730469E-002
           0 KSPSolve  0.41436195373535156      its          45 norm  1.67924779438795345E-003 nvar       97920
   FORM u,v,slh:  4.57048416137695313E-004
   SYNC:  2.28881835937500000E-004
 SolveSys:  0.41511082649230957     
 RHSForm:  1.74789428710937500E-002
           0 KSPSolve  0.40429902076721191      its          44 norm  1.67686427921606793E-003 nvar       97920
   FORM u,v,slh:  4.37974929809570313E-004
   SYNC:  2.50816345214843750E-004
 SolveSys:  0.40505003929138184     
 RHSForm:  1.73959732055664063E-002
           0 KSPSolve  0.40594506263732910      its          43 norm  1.68102362692144599E-003 nvar       97920
   FORM u,v,slh:  4.58955764770507813E-004
   SYNC:  2.31981277465820313E-004
 SolveSys:  0.40669703483581543     
 RHSForm:  1.77891254425048828E-002
           0 KSPSolve  0.39323902130126953      its          42 norm  1.68194775713023247E-003 nvar       97920
   FORM u,v,slh:  4.20093536376953125E-004
   SYNC:  2.27928161621093750E-004
 SolveSys:  0.39394593238830566     
 RHSForm:  1.67670249938964844E-002
           0 KSPSolve  0.37439393997192383      its          40 norm  1.68309517471634611E-003 nvar       97920
   FORM u,v,slh:  4.25100326538085938E-004
   SYNC:  5.13076782226562500E-004
 SolveSys:  0.37540411949157715     
  WRITE XY-DATA: REC=       4
   MODEL TIME: 21:00:00  02JAN2013;  DAY IN YEAR:002,  DAY IN 4YRS:0002
 OUTPUT DATA to E/XY/sl.dat
 XY_OUT:  9.73892211914062500E-003
 RHSForm:  1.95810794830322266E-002
           0 KSPSolve  0.34669208526611328      its          36 norm  1.67996647035247829E-003 nvar       97920
   FORM u,v,slh:  5.26905059814453125E-004
   SYNC:  2.68936157226562500E-004
 SolveSys:  0.34763598442077637     
 RHSForm:  1.91349983215332031E-002
           0 KSPSolve  0.28524494171142578      its          29 norm  1.68203720344605899E-003 nvar       97920
   FORM u,v,slh:  4.38928604125976563E-004
   SYNC:  2.04801559448242188E-004
 SolveSys:  0.28595113754272461     
 RHSForm:  1.76620483398437500E-002
           0 KSPSolve  0.24594998359680176      its          26 norm  1.67095445782827409E-003 nvar       97920
   FORM u,v,slh:  4.63008880615234375E-004
   SYNC:  1.95026397705078125E-004
 SolveSys:  0.24667000770568848     
 RHSForm:  1.76808834075927734E-002
           0 KSPSolve  0.28290700912475586      its          29 norm  1.67438078566169136E-003 nvar       97920
   FORM u,v,slh:  4.37021255493164063E-004
   SYNC:  2.17199325561523438E-004
 SolveSys:  0.28362202644348145     
 RHSForm:  1.78461074829101563E-002
           0 KSPSolve  0.30077505111694336      its          30 norm  1.68348072490362194E-003 nvar       97920
   FORM u,v,slh:  4.21047210693359375E-004
   SYNC:  2.30073928833007813E-004
 SolveSys:  0.30148887634277344     
 RHSForm:  1.69110298156738281E-002
           0 KSPSolve  0.31677293777465820      its          31 norm  1.68673429583764698E-003 nvar       97920
   FORM u,v,slh:  5.18083572387695313E-004
   SYNC:  3.91960144042968750E-004
 SolveSys:  0.31780886650085449     
 RHSForm:  1.89740657806396484E-002
           0 KSPSolve  0.37246394157409668      its          40 norm  1.68725908846207814E-003 nvar       97920
   FORM u,v,slh:  4.62055206298828125E-004
   SYNC:  2.29835510253906250E-004
 SolveSys:  0.37321901321411133     
 RHSForm:  1.75909996032714844E-002
           0 KSPSolve  0.35715818405151367      its          37 norm  1.68935256042404818E-003 nvar       97920
   FORM u,v,slh:  4.20093536376953125E-004
   SYNC:  2.26974487304687500E-004
 SolveSys:  0.35786604881286621     
 RHSForm:  1.69188976287841797E-002
           0 KSPSolve  0.29770517349243164      its          30 norm  1.68745581362460804E-003 nvar       97920
   FORM u,v,slh:  4.40120697021484375E-004
   SYNC:  2.25782394409179688E-004
 SolveSys:  0.29845213890075684     
 RHSForm:  1.77340507507324219E-002
           0 KSPSolve  0.25280904769897461      its          26 norm  1.68676019715380656E-003 nvar       97920
   FORM u,v,slh:  4.53948974609375000E-004
   SYNC:  1.05142593383789063E-004
 SolveSys:  0.25342917442321777     
  WRITE XY-DATA: REC=       4
   MODEL TIME: 02:00:00  03JAN2013;  DAY IN YEAR:003,  DAY IN 4YRS:0003
 OUTPUT DATA to E/XY/sl.dat
 XY_OUT:  9.49192047119140625E-003
 RHSForm:  1.99398994445800781E-002
           0 KSPSolve  0.33462500572204590      its          34 norm  1.68863124502982120E-003 nvar       97920
   FORM u,v,slh:  5.13076782226562500E-004
   SYNC:  1.99079513549804688E-004
 SolveSys:  0.33545708656311035     
 RHSForm:  1.73449516296386719E-002
           0 KSPSolve  0.33094191551208496      its          34 norm  1.69035002698429498E-003 nvar       97920
   FORM u,v,slh:  4.21047210693359375E-004
   SYNC:  1.66893005371093750E-004
 SolveSys:  0.33159089088439941     
 RHSForm:  1.71558856964111328E-002
           0 KSPSolve  0.34502506256103516      its          36 norm  1.69863821253346211E-003 nvar       97920
   FORM u,v,slh:  4.46081161499023438E-004
   SYNC:  1.14917755126953125E-004
 SolveSys:  0.34564805030822754     
 RHSForm:  1.77719593048095703E-002
           0 KSPSolve  0.35610485076904297      its          37 norm  1.70302114442755594E-003 nvar       97920
   FORM u,v,slh:  4.40120697021484375E-004
   SYNC:  2.00986862182617188E-004
 SolveSys:  0.35682296752929688     
 RHSForm:  1.75268650054931641E-002
           0 KSPSolve  0.32883596420288086      its          34 norm  1.70053621369250173E-003 nvar       97920
   FORM u,v,slh:  4.22954559326171875E-004
   SYNC:  2.30073928833007813E-004
 SolveSys:  0.32955598831176758     
 RHSForm:  1.69909000396728516E-002
           0 KSPSolve  0.31602001190185547      its          32 norm  1.70605678026030782E-003 nvar       97920
   FORM u,v,slh:  4.55141067504882813E-004
   SYNC:  1.88112258911132813E-004
 SolveSys:  0.31672596931457520     
 RHSForm:  1.95860862731933594E-002
           0 KSPSolve  0.33641481399536133      its          34 norm  1.70939605690807544E-003 nvar       97920
   FORM u,v,slh:  4.39167022705078125E-004
   SYNC:  2.10046768188476563E-004
 SolveSys:  0.33712792396545410     
 RHSForm:  1.73380374908447266E-002
           0 KSPSolve  0.34174585342407227      its          36 norm  1.70589616379308254E-003 nvar       97920
   FORM u,v,slh:  4.38928604125976563E-004
   SYNC:  1.08003616333007813E-004
 SolveSys:  0.34237289428710938     
 RHSForm:  1.73828601837158203E-002
           0 KSPSolve  0.31704998016357422      its          33 norm  1.71396172953670553E-003 nvar       97920
   FORM u,v,slh:  4.57048416137695313E-004
   SYNC:  2.31027603149414063E-004
 SolveSys:  0.31780099868774414     
 RHSForm:  1.75011157989501953E-002
           0 KSPSolve  0.31224799156188965      its          32 norm  1.71313629905573924E-003 nvar       97920
   FORM u,v,slh:  4.34875488281250000E-004
   SYNC:  2.29120254516601563E-004
 SolveSys:  0.31297302246093750     
  WRITE XY-DATA: REC=       1
   MODEL TIME: 07:00:00  03JAN2013;  DAY IN YEAR:003,  DAY IN 4YRS:0003
 OUTPUT DATA to E/XY/sl.dat
 XY_OUT:  8.96596908569335938E-003
 RHSForm:  1.89630985260009766E-002
           0 KSPSolve  0.32053804397583008      its          33 norm  1.71866043961161024E-003 nvar       97920
   FORM u,v,slh:  4.86850738525390625E-004
   SYNC:  2.46047973632812500E-004
 SolveSys:  0.32139015197753906     
 RHSForm:  1.69079303741455078E-002
           0 KSPSolve  0.32251691818237305      its          34 norm  1.71273291204330894E-003 nvar       97920
   FORM u,v,slh:  4.34160232543945313E-004
   SYNC:  2.31027603149414063E-004
 SolveSys:  0.32324504852294922     
 RHSForm:  1.68581008911132813E-002
           0 KSPSolve  0.31048798561096191      its          32 norm  1.71762673659634629E-003 nvar       97920
   FORM u,v,slh:  4.22000885009765625E-004
   SYNC:  2.18868255615234375E-004
 SolveSys:  0.31118917465209961     
 RHSForm:  1.67529582977294922E-002
           0 KSPSolve  0.29178881645202637      its          30 norm  1.72149749118268784E-003 nvar       97920
   FORM u,v,slh:  4.37974929809570313E-004
   SYNC:  2.15053558349609375E-004
 SolveSys:  0.29250192642211914     
 RHSForm:  1.67331695556640625E-002
           0 KSPSolve  0.29176878929138184      its          30 norm  1.72080964087681842E-003 nvar       97920
   FORM u,v,slh:  4.21047210693359375E-004
   SYNC:  2.13861465454101563E-004
 SolveSys:  0.29246282577514648     
 RHSForm:  1.67369842529296875E-002
           0 KSPSolve  0.28157114982604980      its          29 norm  1.72657155962679487E-003 nvar       97920
   FORM u,v,slh:  4.44173812866210938E-004
   SYNC:  2.14815139770507813E-004
 SolveSys:  0.28229117393493652     
 RHSForm:  1.67839527130126953E-002
           0 KSPSolve  0.29254412651062012      its          30 norm  1.71932279437664814E-003 nvar       97920
   FORM u,v,slh:  4.46081161499023438E-004
   SYNC:  2.14099884033203125E-004
 SolveSys:  0.29326605796813965     
 RHSForm:  1.68039798736572266E-002
           0 KSPSolve  0.26847505569458008      its          28 norm  1.73100169515037305E-003 nvar       97920
   FORM u,v,slh:  4.19855117797851563E-004
   SYNC:  2.09093093872070313E-004
 SolveSys:  0.26916408538818359     
 RHSForm:  1.75709724426269531E-002
           0 KSPSolve  0.29919290542602539      its          30 norm  1.71806953540510113E-003 nvar       97920
   FORM u,v,slh:  4.59909439086914063E-004
   SYNC:  2.31027603149414063E-004
 SolveSys:  0.29994797706604004     
 RHSForm:  1.84159278869628906E-002
           0 KSPSolve  0.26058292388916016      its          27 norm  1.73472901077213791E-003 nvar       97920
   FORM u,v,slh:  4.19855117797851563E-004
   SYNC:  2.00033187866210938E-004
 SolveSys:  0.26127600669860840     
  WRITE XY-DATA: REC=       2
   MODEL TIME: 12:00:00  03JAN2013;  DAY IN YEAR:003,  DAY IN 4YRS:0003
 OUTPUT DATA to E/XY/sl.dat
 XY_OUT:  9.38010215759277344E-003
 RHSForm:  1.90839767456054688E-002
           0 KSPSolve  0.28687977790832520      its          29 norm  1.73445651137463068E-003 nvar       97920
   FORM u,v,slh:  4.99010086059570313E-004
   SYNC:  2.60114669799804688E-004
 SolveSys:  0.28772187232971191     
 RHSForm:  1.77979469299316406E-002
           0 KSPSolve  0.27073097229003906      its          28 norm  1.73579077700361799E-003 nvar       97920
   FORM u,v,slh:  4.30107116699218750E-004
   SYNC:  2.00033187866210938E-004
 SolveSys:  0.27142310142517090     
 RHSForm:  1.87568664550781250E-002
           0 KSPSolve  0.28732895851135254      its          29 norm  1.72526562943503396E-003 nvar       97920
   FORM u,v,slh:  4.41074371337890625E-004
   SYNC:  2.36034393310546875E-004
 SolveSys:  0.28807187080383301     
 RHSForm:  1.76980495452880859E-002
           0 KSPSolve  0.27057099342346191      its          28 norm  1.72991750142371861E-003 nvar       97920
   FORM u,v,slh:  4.74929809570312500E-004
   SYNC:  1.22070312500000000E-004
 SolveSys:  0.27123284339904785     
 RHSForm:  1.76999568939208984E-002
           0 KSPSolve  0.27387785911560059      its          28 norm  1.73576086532365803E-003 nvar       97920
   FORM u,v,slh:  4.21047210693359375E-004
   SYNC:  2.11000442504882813E-004
 SolveSys:  0.27457380294799805     
 RHSForm:  1.68931484222412109E-002
           0 KSPSolve  0.26739406585693359      its          28 norm  1.74476206764888082E-003 nvar       97920
   FORM u,v,slh:  4.43935394287109375E-004
   SYNC:  1.99079513549804688E-004
 SolveSys:  0.26810002326965332     
 RHSForm:  1.70331001281738281E-002
           0 KSPSolve  0.28937101364135742      its          29 norm  1.73370676395872138E-003 nvar       97920
   FORM u,v,slh:  4.96864318847656250E-004
   SYNC:  2.16960906982421875E-004
 SolveSys:  0.29021501541137695     
 RHSForm:  1.81198120117187500E-002
           0 KSPSolve  0.26847410202026367      its          28 norm  1.73926590812525754E-003 nvar       97920
   FORM u,v,slh:  4.32968139648437500E-004
   SYNC:  2.34842300415039063E-004
 SolveSys:  0.26920795440673828     
 RHSForm:  1.69939994812011719E-002
           0 KSPSolve  0.26753306388854980      its          28 norm  1.75148806877385471E-003 nvar       97920
   FORM u,v,slh:  4.42981719970703125E-004
   SYNC:  1.16109848022460938E-004
 SolveSys:  0.26815485954284668     
 RHSForm:  1.68499946594238281E-002
           0 KSPSolve  0.28225803375244141      its          29 norm  1.74418175823509627E-003 nvar       97920
   FORM u,v,slh:  4.37974929809570313E-004
   SYNC:  2.62022018432617188E-004
 SolveSys:  0.28302097320556641     
  WRITE XY-DATA: REC=       3
   MODEL TIME: 17:00:00  03JAN2013;  DAY IN YEAR:003,  DAY IN 4YRS:0003
 OUTPUT DATA to E/XY/sl.dat
 XY_OUT:  8.72087478637695313E-003
 RHSForm:  2.01339721679687500E-002
           0 KSPSolve  0.27830004692077637      its          28 norm  1.75171014669308418E-003 nvar       97920
   FORM u,v,slh:  4.99010086059570313E-004
   SYNC:  1.94072723388671875E-004
 SolveSys:  0.27907586097717285     
 RHSForm:  1.77390575408935547E-002
           0 KSPSolve  0.29126000404357910      its          29 norm  1.75477312637440535E-003 nvar       97920
   FORM u,v,slh:  4.37974929809570313E-004
   SYNC:  1.08957290649414063E-004
 SolveSys:  0.29187893867492676     
 RHSForm:  1.75218582153320313E-002
           0 KSPSolve  0.28476285934448242      its          29 norm  1.75357890267462992E-003 nvar       97920
   FORM u,v,slh:  4.38928604125976563E-004
   SYNC:  2.28166580200195313E-004
 SolveSys:  0.28549194335937500     
 RHSForm:  1.70288085937500000E-002
           0 KSPSolve  0.30162000656127930      its          30 norm  1.74222436825733360E-003 nvar       97920
   FORM u,v,slh:  4.41074371337890625E-004
   SYNC:  1.96933746337890625E-004
 SolveSys:  0.30232000350952148     
 RHSForm:  1.80320739746093750E-002
           0 KSPSolve  0.28548812866210938      its          29 norm  1.74715630663938633E-003 nvar       97920
   FORM u,v,slh:  4.36782836914062500E-004
   SYNC:  2.29120254516601563E-004
 SolveSys:  0.28621506690979004     
 RHSForm:  1.70412063598632813E-002
           0 KSPSolve  0.30421614646911621      its          30 norm  1.74652106071682004E-003 nvar       97920
   FORM u,v,slh:  4.37974929809570313E-004
   SYNC:  2.12907791137695313E-004
 SolveSys:  0.30492806434631348     
 RHSForm:  1.79011821746826172E-002
           0 KSPSolve  0.29353308677673340      its          30 norm  1.74732900774775008E-003 nvar       97920
   FORM u,v,slh:  4.36067581176757813E-004
   SYNC:  2.21967697143554688E-004
 SolveSys:  0.29425287246704102     
 RHSForm:  1.74419879913330078E-002
           0 KSPSolve  0.29426407814025879      its          30 norm  1.75499736406802779E-003 nvar       97920
   FORM u,v,slh:  4.39882278442382813E-004
   SYNC:  2.26020812988281250E-004
 SolveSys:  0.29499006271362305     
 RHSForm:  1.89681053161621094E-002
           0 KSPSolve  0.30962896347045898      its          31 norm  1.76157714532521395E-003 nvar       97920
   FORM u,v,slh:  4.22000885009765625E-004
   SYNC:  2.30073928833007813E-004
 SolveSys:  0.31034994125366211     
 RHSForm:  1.68261528015136719E-002
           0 KSPSolve  0.32938098907470703      its          34 norm  1.75783638353803839E-003 nvar       97920
   FORM u,v,slh:  4.37974929809570313E-004
   SYNC:  1.09910964965820313E-004
 SolveSys:  0.32999205589294434     
  WRITE XY-DATA: REC=       4
   MODEL TIME: 22:00:00  03JAN2013;  DAY IN YEAR:003,  DAY IN 4YRS:0003
 OUTPUT DATA to E/XY/sl.dat
 XY_OUT:  9.16600227355957031E-003
 RHSForm:  2.04479694366455078E-002
           0 KSPSolve  0.34386491775512695      its          35 norm  1.75881035243076076E-003 nvar       97920
   FORM u,v,slh:  5.00917434692382813E-004
   SYNC:  2.88009643554687500E-004
 SolveSys:  0.34476900100708008     
 RHSForm:  1.69498920440673828E-002
           0 KSPSolve  0.32797002792358398      its          34 norm  1.76524246156722128E-003 nvar       97920
   FORM u,v,slh:  4.61101531982421875E-004
   SYNC:  1.25885009765625000E-004
 SolveSys:  0.32862114906311035     
 RHSForm:  1.78959369659423828E-002
           0 KSPSolve  0.34076786041259766      its          35 norm  1.76495016701112470E-003 nvar       97920
   FORM u,v,slh:  4.42981719970703125E-004
   SYNC:  2.35080718994140625E-004
 SolveSys:  0.34150981903076172     
 RHSForm:  1.73912048339843750E-002
           0 KSPSolve  0.34468102455139160      its          36 norm  1.76398518563586348E-003 nvar       97920
   FORM u,v,slh:  4.37974929809570313E-004
   SYNC:  2.27928161621093750E-004
 SolveSys:  0.34540891647338867     
 RHSForm:  1.75108909606933594E-002
           0 KSPSolve  0.34224987030029297      its          35 norm  1.76491376841493943E-003 nvar       97920
   FORM u,v,slh:  4.22954559326171875E-004
   SYNC:  5.19037246704101563E-004
 SolveSys:  0.34326410293579102     
 RHSForm:  1.78399085998535156E-002
           0 KSPSolve  0.34449505805969238      its          35 norm  1.76362536158574702E-003 nvar       97920
   FORM u,v,slh:  4.24861907958984375E-004
   SYNC:  1.70946121215820313E-004
 SolveSys:  0.34515213966369629     
 RHSForm:  1.71360969543457031E-002
           0 KSPSolve  0.34955096244812012      its          36 norm  1.76339739773305406E-003 nvar       97920
   FORM u,v,slh:  4.62055206298828125E-004
   SYNC:  2.09093093872070313E-004
 SolveSys:  0.35028600692749023     
 RHSForm:  1.79281234741210938E-002
           0 KSPSolve  0.34030103683471680      its          35 norm  1.76808397710564069E-003 nvar       97920
   FORM u,v,slh:  4.62055206298828125E-004
   SYNC:  2.30073928833007813E-004
 SolveSys:  0.34105610847473145     
 RHSForm:  1.74300670623779297E-002
           0 KSPSolve  0.33194899559020996      its          34 norm  1.77141490786500411E-003 nvar       97920
   FORM u,v,slh:  4.22954559326171875E-004
   SYNC:  2.39133834838867188E-004
 SolveSys:  0.33267498016357422     
 RHSForm:  1.70140266418457031E-002
           0 KSPSolve  0.34856009483337402      its          36 norm  1.77028701115395249E-003 nvar       97920
   FORM u,v,slh:  4.34875488281250000E-004
   SYNC:  2.31027603149414063E-004
 SolveSys:  0.34928607940673828     
  WRITE XY-DATA: REC=       4
   MODEL TIME: 03:00:00  04JAN2013;  DAY IN YEAR:004,  DAY IN 4YRS:0004
 OUTPUT DATA to E/XY/sl.dat
 XY_OUT:  9.94801521301269531E-003
 RHSForm:  1.88369750976562500E-002
           0 KSPSolve  0.34100794792175293      its          35 norm  1.77399534397028411E-003 nvar       97920
   FORM u,v,slh:  5.24044036865234375E-004
   SYNC:  2.98976898193359375E-004
 SolveSys:  0.34197592735290527     
 RHSForm:  1.76439285278320313E-002
           0 KSPSolve  0.33064508438110352      its          34 norm  1.77307714975207930E-003 nvar       97920
   FORM u,v,slh:  4.22000885009765625E-004
   SYNC:  2.26974487304687500E-004
 SolveSys:  0.33135509490966797     
 RHSForm:  1.67548656463623047E-002
           0 KSPSolve  0.32914113998413086      its          35 norm  1.77039060850740586E-003 nvar       97920
   FORM u,v,slh:  4.23192977905273438E-004
   SYNC:  2.25782394409179688E-004
 SolveSys:  0.32985115051269531     
 RHSForm:  1.67529582977294922E-002
           0 KSPSolve  0.32828712463378906      its          34 norm  1.77745091450202605E-003 nvar       97920
   FORM u,v,slh:  4.42981719970703125E-004
   SYNC:  2.34127044677734375E-004
 SolveSys:  0.32902812957763672     
 RHSForm:  1.79679393768310547E-002
           0 KSPSolve  0.33267593383789063      its          34 norm  1.77266930738687392E-003 nvar       97920
   FORM u,v,slh:  4.58955764770507813E-004
   SYNC:  2.38180160522460938E-004
 SolveSys:  0.33343696594238281     
 RHSForm:  1.74009799957275391E-002
           0 KSPSolve  0.32368588447570801      its          34 norm  1.77303197316926349E-003 nvar       97920
   FORM u,v,slh:  4.38213348388671875E-004
   SYNC:  2.36034393310546875E-004
 SolveSys:  0.32442307472229004     
 RHSForm:  1.73809528350830078E-002
           0 KSPSolve  0.33118605613708496      its          33 norm  1.77855452828449439E-003 nvar       97920
   FORM u,v,slh:  5.09977340698242188E-004
   SYNC:  2.16960906982421875E-004
 SolveSys:  0.33203911781311035     
 RHSForm:  1.82461738586425781E-002
           0 KSPSolve  0.32330513000488281      its          33 norm  1.77926453809586888E-003 nvar       97920
   FORM u,v,slh:  4.34875488281250000E-004
   SYNC:  2.07901000976562500E-004
 SolveSys:  0.32400822639465332     
 RHSForm:  1.74119472503662109E-002
           0 KSPSolve  0.31679987907409668      its          32 norm  1.78524577958227479E-003 nvar       97920
   FORM u,v,slh:  4.37021255493164063E-004
   SYNC:  2.04801559448242188E-004
 SolveSys:  0.31750106811523438     
 RHSForm:  1.71029567718505859E-002
           0 KSPSolve  0.31376504898071289      its          32 norm  1.78758726514417115E-003 nvar       97920
   FORM u,v,slh:  4.37974929809570313E-004
   SYNC:  4.80890274047851563E-004
 SolveSys:  0.31475710868835449     
  WRITE XY-DATA: REC=       1
   MODEL TIME: 08:00:00  04JAN2013;  DAY IN YEAR:004,  DAY IN 4YRS:0004
 OUTPUT DATA to E/XY/sl.dat
 XY_OUT:  9.85312461853027344E-003
 RHSForm:  1.98631286621093750E-002
           0 KSPSolve  0.32290887832641602      its          32 norm  1.78634192741496849E-003 nvar       97920
   FORM u,v,slh:  5.24044036865234375E-004
   SYNC:  5.51939010620117188E-004
 SolveSys:  0.32414102554321289     
 RHSForm:  1.80079936981201172E-002
           0 KSPSolve  0.30876398086547852      its          31 norm  1.78845857250947032E-003 nvar       97920
   FORM u,v,slh:  4.32014465332031250E-004
   SYNC:  5.17129898071289063E-004
 SolveSys:  0.30978393554687500     
 RHSForm:  1.77969932556152344E-002
           0 KSPSolve  0.29582500457763672      its          30 norm  1.79124487529826594E-003 nvar       97920
   FORM u,v,slh:  4.57048416137695313E-004
   SYNC:  2.35795974731445313E-004
 SolveSys:  0.29658222198486328     
 RHSForm:  1.75671577453613281E-002
           0 KSPSolve  0.30107688903808594      its          30 norm  1.78330106142293222E-003 nvar       97920
   FORM u,v,slh:  4.40120697021484375E-004
   SYNC:  5.19037246704101563E-004
 SolveSys:  0.30211400985717773     
 RHSForm:  1.91979408264160156E-002
           0 KSPSolve  0.28618788719177246      its          29 norm  1.78868264819286244E-003 nvar       97920
   FORM u,v,slh:  4.37021255493164063E-004
   SYNC:  2.19821929931640625E-004
 SolveSys:  0.28690576553344727     
 RHSForm:  1.73358917236328125E-002
           0 KSPSolve  0.28400897979736328      its          29 norm  1.79422604850089070E-003 nvar       97920
   FORM u,v,slh:  4.58955764770507813E-004
   SYNC:  1.07049942016601563E-004
 SolveSys:  0.28463602066040039     
 RHSForm:  1.78668498992919922E-002
           0 KSPSolve  0.28738999366760254      its          29 norm  1.79816131859444439E-003 nvar       97920
   FORM u,v,slh:  4.63008880615234375E-004
   SYNC:  1.13010406494140625E-004
 SolveSys:  0.28802895545959473     
 RHSForm:  1.75998210906982422E-002
           0 KSPSolve  0.28514719009399414      its          29 norm  1.79770545531488597E-003 nvar       97920
   FORM u,v,slh:  4.38928604125976563E-004
   SYNC:  2.46047973632812500E-004
 SolveSys:  0.28589200973510742     
 RHSForm:  1.76780223846435547E-002
           0 KSPSolve  0.28593301773071289      its          29 norm  1.79647343985554720E-003 nvar       97920
   FORM u,v,slh:  4.34875488281250000E-004
   SYNC:  2.31027603149414063E-004
 SolveSys:  0.28665995597839355     
 RHSForm:  1.75092220306396484E-002
           0 KSPSolve  0.27713394165039063      its          28 norm  1.80422101423387379E-003 nvar       97920
   FORM u,v,slh:  4.34160232543945313E-004
   SYNC:  2.30073928833007813E-004
 SolveSys:  0.27785992622375488     
  WRITE XY-DATA: REC=       2
   MODEL TIME: 13:00:00  04JAN2013;  DAY IN YEAR:004,  DAY IN 4YRS:0004
 OUTPUT DATA to E/XY/sl.dat
 XY_OUT:  8.83316993713378906E-003
 RHSForm:  1.87919139862060547E-002
           0 KSPSolve  0.28923702239990234      its          29 norm  1.79800396176216216E-003 nvar       97920
   FORM u,v,slh:  5.57899475097656250E-004
   SYNC:  1.99079513549804688E-004
 SolveSys:  0.29007792472839355     
 RHSForm:  1.68821811676025391E-002
           0 KSPSolve  0.25698614120483398      its          27 norm  1.81020958374940593E-003 nvar       97920
   FORM u,v,slh:  4.61101531982421875E-004
   SYNC:  2.00986862182617188E-004
 SolveSys:  0.25771522521972656     
 RHSForm:  1.73909664154052734E-002
           0 KSPSolve  0.28519797325134277      its          29 norm  1.79974443943488088E-003 nvar       97920
   FORM u,v,slh:  4.38928604125976563E-004
   SYNC:  2.36988067626953125E-004
 SolveSys:  0.28593707084655762     
 RHSForm:  1.79409980773925781E-002
           0 KSPSolve  0.25072216987609863      its          26 norm  1.81422153951503874E-003 nvar       97920
   FORM u,v,slh:  4.20093536376953125E-004
   SYNC:  2.25067138671875000E-004
 SolveSys:  0.25142717361450195     
 RHSForm:  1.82938575744628906E-002
           0 KSPSolve  0.27548813819885254      its          28 norm  1.81688507631467579E-003 nvar       97920
   FORM u,v,slh:  4.22000885009765625E-004
   SYNC:  2.29120254516601563E-004
 SolveSys:  0.27619814872741699     
 RHSForm:  1.69661045074462891E-002
           0 KSPSolve  0.25600600242614746      its          27 norm  1.81613767434379500E-003 nvar       97920
   FORM u,v,slh:  4.58955764770507813E-004
   SYNC:  2.11954116821289063E-004
 SolveSys:  0.25673890113830566     
 RHSForm:  1.77860260009765625E-002
           0 KSPSolve  0.26555991172790527      its          27 norm  1.82035266138668599E-003 nvar       97920
   FORM u,v,slh:  4.38213348388671875E-004
   SYNC:  2.08139419555664063E-004
 SolveSys:  0.26626706123352051     
 RHSForm:  1.77068710327148438E-002
           0 KSPSolve  0.25818085670471191      its          27 norm  1.82494862620909831E-003 nvar       97920
   FORM u,v,slh:  4.21047210693359375E-004
   SYNC:  2.26020812988281250E-004
 SolveSys:  0.25888895988464355     
 RHSForm:  1.68559551239013672E-002
           0 KSPSolve  0.26154398918151855      its          27 norm  1.81934775996740045E-003 nvar       97920
   FORM u,v,slh:  4.60147857666015625E-004
   SYNC:  2.11000442504882813E-004
 SolveSys:  0.26227784156799316     
 RHSForm:  1.78639888763427734E-002
           0 KSPSolve  0.24635195732116699      its          26 norm  1.82963552081673612E-003 nvar       97920
   FORM u,v,slh:  4.58002090454101563E-004
   SYNC:  2.07901000976562500E-004
 SolveSys:  0.24707794189453125     
  WRITE XY-DATA: REC=       3
   MODEL TIME: 18:00:00  04JAN2013;  DAY IN YEAR:004,  DAY IN 4YRS:0004
 OUTPUT DATA to E/XY/sl.dat
 XY_OUT:  9.32693481445312500E-003
 RHSForm:  1.98409557342529297E-002
           0 KSPSolve  0.25644779205322266      its          27 norm  1.82472118527018208E-003 nvar       97920
   FORM u,v,slh:  5.16176223754882813E-004
   SYNC:  2.07901000976562500E-004
 SolveSys:  0.25726699829101563     
 RHSForm:  1.74660682678222656E-002
           0 KSPSolve  0.24861478805541992      its          26 norm  1.82332253052951490E-003 nvar       97920
   FORM u,v,slh:  4.58955764770507813E-004
   SYNC:  2.31981277465820313E-004
 SolveSys:  0.24937009811401367     
 RHSForm:  1.75199508666992188E-002
           0 KSPSolve  0.24799513816833496      its          26 norm  1.82567630743705350E-003 nvar       97920
   FORM u,v,slh:  4.40120697021484375E-004
   SYNC:  2.42948532104492188E-004
 SolveSys:  0.24874114990234375     
 RHSForm:  1.74770355224609375E-002
           0 KSPSolve  0.24787592887878418      its          26 norm  1.82590636532846667E-003 nvar       97920
   FORM u,v,slh:  4.36067581176757813E-004
   SYNC:  2.27212905883789063E-004
 SolveSys:  0.24860000610351563     
 RHSForm:  1.72898769378662109E-002
           0 KSPSolve  0.23629212379455566      its          25 norm  1.83118914326972897E-003 nvar       97920
   FORM u,v,slh:  4.22000885009765625E-004
   SYNC:  2.11000442504882813E-004
 SolveSys:  0.23698496818542480     
 RHSForm:  1.68728828430175781E-002
           0 KSPSolve  0.24526119232177734      its          26 norm  1.83017150979286657E-003 nvar       97920
   FORM u,v,slh:  4.37021255493164063E-004
   SYNC:  2.29835510253906250E-004
 SolveSys:  0.24599194526672363     
 RHSForm:  1.75449848175048828E-002
           0 KSPSolve  0.21865391731262207      its          24 norm  1.84239330437976781E-003 nvar       97920
   FORM u,v,slh:  4.62055206298828125E-004
   SYNC:  2.35080718994140625E-004
 SolveSys:  0.21941208839416504     
 RHSForm:  1.75261497497558594E-002
           0 KSPSolve  0.24725008010864258      its          26 norm  1.83800677363710630E-003 nvar       97920
   FORM u,v,slh:  4.36067581176757813E-004
   SYNC:  2.38895416259765625E-004
 SolveSys:  0.24798703193664551     
 RHSForm:  1.75440311431884766E-002
           0 KSPSolve  0.22370004653930664      its          24 norm  1.84251769465098832E-003 nvar       97920
   FORM u,v,slh:  4.37021255493164063E-004
   SYNC:  2.31027603149414063E-004
 SolveSys:  0.22443008422851563     
 RHSForm:  1.91757678985595703E-002
           0 KSPSolve  0.23163199424743652      its          25 norm  1.85087996961102075E-003 nvar       97920
   FORM u,v,slh:  4.52041625976562500E-004
   SYNC:  2.33173370361328125E-004
 SolveSys:  0.23238015174865723     
  WRITE XY-DATA: REC=       4
   MODEL TIME: 23:00:00  04JAN2013;  DAY IN YEAR:004,  DAY IN 4YRS:0004
 OUTPUT DATA to E/XY/sl.dat
 XY_OUT:  8.98194313049316406E-003
 RHSForm:  1.95491313934326172E-002
           0 KSPSolve  0.23281192779541016      its          25 norm  1.84451125848866847E-003 nvar       97920
   FORM u,v,slh:  4.99010086059570313E-004
   SYNC:  2.05993652343750000E-004
 SolveSys:  0.23359894752502441     
 RHSForm:  1.74350738525390625E-002
           0 KSPSolve  0.22424697875976563      its          24 norm  1.85153503422436300E-003 nvar       97920
   FORM u,v,slh:  4.57048416137695313E-004
   SYNC:  2.29835510253906250E-004
 SolveSys:  0.22499585151672363     
 RHSForm:  1.74551010131835938E-002
           0 KSPSolve  0.23110198974609375      its          25 norm  1.85544157041419373E-003 nvar       97920
   FORM u,v,slh:  4.37974929809570313E-004
   SYNC:  2.19106674194335938E-004
 SolveSys:  0.23182201385498047     
 RHSForm:  1.75399780273437500E-002
           0 KSPSolve  0.22284579277038574      its          24 norm  1.86051570698528659E-003 nvar       97920
   FORM u,v,slh:  4.20808792114257813E-004
   SYNC:  2.98023223876953125E-004
 SolveSys:  0.22363996505737305     
 RHSForm:  1.70850753784179688E-002
           0 KSPSolve  0.23193597793579102      its          25 norm  1.86024258489466527E-003 nvar       97920
   FORM u,v,slh:  4.61101531982421875E-004
   SYNC:  2.17914581298828125E-004
 SolveSys:  0.23267793655395508     
 RHSForm:  1.74260139465332031E-002
           0 KSPSolve  0.22420883178710938      its          24 norm  1.86640638796568316E-003 nvar       97920
   FORM u,v,slh:  4.60147857666015625E-004
   SYNC:  2.29835510253906250E-004
 SolveSys:  0.22496199607849121     
 RHSForm:  1.75821781158447266E-002
           0 KSPSolve  0.23551297187805176      its          25 norm  1.86413412714452292E-003 nvar       97920
   FORM u,v,slh:  4.39882278442382813E-004
   SYNC:  4.20093536376953125E-004
 SolveSys:  0.23644804954528809     
 RHSForm:  1.81260108947753906E-002
           0 KSPSolve  0.22063112258911133      its          24 norm  1.86900381968524258E-003 nvar       97920
   FORM u,v,slh:  4.58002090454101563E-004
   SYNC:  2.28881835937500000E-004
 SolveSys:  0.22138094902038574     
 RHSForm:  1.75230503082275391E-002
           0 KSPSolve  0.23054003715515137      its          25 norm  1.86728244681773434E-003 nvar       97920
   FORM u,v,slh:  4.58955764770507813E-004
   SYNC:  2.33173370361328125E-004
 SolveSys:  0.23129510879516602     
 RHSForm:  1.74589157104492188E-002
           0 KSPSolve  0.21858501434326172      its          24 norm  1.87365021471685251E-003 nvar       97920
   FORM u,v,slh:  4.37021255493164063E-004
   SYNC:  2.32934951782226563E-004
 SolveSys:  0.21932888031005859     
  WRITE XY-DATA: REC=       4
   MODEL TIME: 04:00:00  05JAN2013;  DAY IN YEAR:005,  DAY IN 4YRS:0005
 OUTPUT DATA to E/XY/sl.dat
 XY_OUT:  9.10496711730957031E-003
 RHSForm:  1.95231437683105469E-002
           0 KSPSolve  0.23167896270751953      its          25 norm  1.87375792743407960E-003 nvar       97920
   FORM u,v,slh:  4.99963760375976563E-004
   SYNC:  2.20060348510742188E-004
 SolveSys:  0.23248195648193359     
 RHSForm:  1.72770023345947266E-002
           0 KSPSolve  0.22967100143432617      its          25 norm  1.86632595537956762E-003 nvar       97920
   FORM u,v,slh:  4.39882278442382813E-004
   SYNC:  2.35080718994140625E-004
 SolveSys:  0.23040699958801270     
 RHSForm:  1.73840522766113281E-002
           0 KSPSolve  0.21817493438720703      its          24 norm  1.87569565939861289E-003 nvar       97920
   FORM u,v,slh:  4.39882278442382813E-004
   SYNC:  2.45094299316406250E-004
 SolveSys:  0.21892094612121582     
 RHSForm:  1.73330307006835938E-002
           0 KSPSolve  0.24171686172485352      its          26 norm  1.86440699619336661E-003 nvar       97920
   FORM u,v,slh:  4.37974929809570313E-004
   SYNC:  2.12907791137695313E-004
 SolveSys:  0.24242782592773438     
 RHSForm:  1.73962116241455078E-002
           0 KSPSolve  0.20965600013732910      its          23 norm  1.88095094867769667E-003 nvar       97920
   FORM u,v,slh:  4.21047210693359375E-004
   SYNC:  2.36988067626953125E-004
 SolveSys:  0.21037602424621582     
 RHSForm:  1.67319774627685547E-002
           0 KSPSolve  0.24121403694152832      its          26 norm  1.88050368499016653E-003 nvar       97920
   FORM u,v,slh:  4.20808792114257813E-004
   SYNC:  2.39133834838867188E-004
 SolveSys:  0.24193310737609863     
 RHSForm:  1.68840885162353516E-002
           0 KSPSolve  0.21709394454956055      its          24 norm  1.88708457749789003E-003 nvar       97920
   FORM u,v,slh:  4.21047210693359375E-004
   SYNC:  2.28166580200195313E-004
 SolveSys:  0.21780300140380859     
 RHSForm:  1.68390274047851563E-002
           0 KSPSolve  0.24085688591003418      its          26 norm  1.88637401233719411E-003 nvar       97920
   FORM u,v,slh:  4.32014465332031250E-004
   SYNC:  2.21014022827148438E-004
 SolveSys:  0.24157094955444336     
 RHSForm:  1.68089866638183594E-002
           0 KSPSolve  0.22901988029479980      its          25 norm  1.89196083736772598E-003 nvar       97920
   FORM u,v,slh:  4.37974929809570313E-004
   SYNC:  2.13861465454101563E-004
 SolveSys:  0.22973299026489258     
 RHSForm:  1.67360305786132813E-002
           0 KSPSolve  0.24127793312072754      its          26 norm  1.89147466573648198E-003 nvar       97920
   FORM u,v,slh:  4.37021255493164063E-004
   SYNC:  2.11954116821289063E-004
 SolveSys:  0.24198698997497559     
  WRITE XY-DATA: REC=       1
   MODEL TIME: 09:00:00  05JAN2013;  DAY IN YEAR:005,  DAY IN 4YRS:0005
 OUTPUT DATA to E/XY/sl.dat
 XY_OUT:  8.88800621032714844E-003
 RHSForm:  1.90470218658447266E-002
           0 KSPSolve  0.24277997016906738      its          26 norm  1.89160168515785767E-003 nvar       97920
   FORM u,v,slh:  5.00202178955078125E-004
   SYNC:  2.87771224975585938E-004
 SolveSys:  0.24365305900573730     
 RHSForm:  1.67579650878906250E-002
           0 KSPSolve  0.24118399620056152      its          26 norm  1.89495581041436304E-003 nvar       97920
   FORM u,v,slh:  4.36067581176757813E-004
   SYNC:  2.14099884033203125E-004
 SolveSys:  0.24189305305480957     
 RHSForm:  1.67548656463623047E-002
           0 KSPSolve  0.25332880020141602      its          27 norm  1.88926107140001691E-003 nvar       97920
   FORM u,v,slh:  4.35113906860351563E-004
   SYNC:  2.18152999877929688E-004
 SolveSys:  0.25404191017150879     
 RHSForm:  1.67391300201416016E-002
           0 KSPSolve  0.24165606498718262      its          26 norm  1.89396947747695371E-003 nvar       97920
   FORM u,v,slh:  4.20093536376953125E-004
   SYNC:  2.10046768188476563E-004
 SolveSys:  0.24234604835510254     
 RHSForm:  1.67381763458251953E-002
           0 KSPSolve  0.25306010246276855      its          27 norm  1.89987625562249495E-003 nvar       97920
   FORM u,v,slh:  4.37974929809570313E-004
   SYNC:  2.12192535400390625E-004
 SolveSys:  0.25377011299133301     
 RHSForm:  1.67369842529296875E-002
           0 KSPSolve  0.25321006774902344      its          27 norm  1.90102731271898852E-003 nvar       97920
   FORM u,v,slh:  4.36067581176757813E-004
   SYNC:  2.16007232666015625E-004
 SolveSys:  0.25392198562622070     
 RHSForm:  1.67310237884521484E-002
           0 KSPSolve  0.26536703109741211      its          28 norm  1.88968398296757785E-003 nvar       97920
   FORM u,v,slh:  4.37021255493164063E-004
   SYNC:  2.12907791137695313E-004
 SolveSys:  0.26607584953308105     
 RHSForm:  1.73540115356445313E-002
           0 KSPSolve  0.24117302894592285      its          26 norm  1.90768686362389637E-003 nvar       97920
   FORM u,v,slh:  4.21047210693359375E-004
   SYNC:  2.43186950683593750E-004
 SolveSys:  0.24189710617065430     
 RHSForm:  1.67651176452636719E-002
           0 KSPSolve  0.27821898460388184      its          29 norm  1.88744591597180900E-003 nvar       97920
   FORM u,v,slh:  4.21047210693359375E-004
   SYNC:  2.24113464355468750E-004
 SolveSys:  0.27892208099365234     
 RHSForm:  1.67410373687744141E-002
           0 KSPSolve  0.24146509170532227      its          26 norm  1.90166707185968563E-003 nvar       97920
   FORM u,v,slh:  4.18901443481445313E-004
   SYNC:  2.15053558349609375E-004
 SolveSys:  0.24217104911804199     
  WRITE XY-DATA: REC=       2
   MODEL TIME: 14:00:00  05JAN2013;  DAY IN YEAR:005,  DAY IN 4YRS:0005
 OUTPUT DATA to E/XY/sl.dat
 XY_OUT:  9.93299484252929688E-003
 RHSForm:  1.88219547271728516E-002
           0 KSPSolve  0.26882815361022949      its          28 norm  1.91136332447813242E-003 nvar       97920
   FORM u,v,slh:  4.85897064208984375E-004
   SYNC:  1.99079513549804688E-004
 SolveSys:  0.26959514617919922     
 RHSForm:  1.68650150299072266E-002
           0 KSPSolve  0.26530098915100098      its          28 norm  1.90931308285279423E-003 nvar       97920
   FORM u,v,slh:  4.21047210693359375E-004
   SYNC:  2.17914581298828125E-004
 SolveSys:  0.26599907875061035     
 RHSForm:  1.67310237884521484E-002
           0 KSPSolve  0.26542997360229492      its          28 norm  1.91086772621971621E-003 nvar       97920
   FORM u,v,slh:  4.36067581176757813E-004
   SYNC:  2.09808349609375000E-004
 SolveSys:  0.26613616943359375     
 RHSForm:  1.67360305786132813E-002
           0 KSPSolve  0.27894115447998047      its          29 norm  1.90188761799686972E-003 nvar       97920
   FORM u,v,slh:  4.21047210693359375E-004
   SYNC:  1.02996826171875000E-004
 SolveSys:  0.27952313423156738     
 RHSForm:  1.73468589782714844E-002
           0 KSPSolve  0.25984621047973633      its          27 norm  1.91665083013868478E-003 nvar       97920
   FORM u,v,slh:  4.20093536376953125E-004
   SYNC:  2.12907791137695313E-004
 SolveSys:  0.26053810119628906     
 RHSForm:  1.71320438385009766E-002
           0 KSPSolve  0.28452801704406738      its          29 norm  1.91160772416051525E-003 nvar       97920
   FORM u,v,slh:  4.36067581176757813E-004
   SYNC:  2.15053558349609375E-004
 SolveSys:  0.28523898124694824     
 RHSForm:  1.72350406646728516E-002
           0 KSPSolve  0.26990699768066406      its          28 norm  1.91492444454726589E-003 nvar       97920
   FORM u,v,slh:  4.63008880615234375E-004
   SYNC:  2.32934951782226563E-004
 SolveSys:  0.27066588401794434     
 RHSForm:  1.73490047454833984E-002
           0 KSPSolve  0.27930116653442383      its          29 norm  1.90789072357426450E-003 nvar       97920
   FORM u,v,slh:  4.55856323242187500E-004
   SYNC:  2.26974487304687500E-004
 SolveSys:  0.28004503250122070     
 RHSForm:  1.74779891967773438E-002
           0 KSPSolve  0.27801609039306641      its          28 norm  1.91496015523793346E-003 nvar       97920
   FORM u,v,slh:  4.92095947265625000E-004
   SYNC:  2.62975692749023438E-004
 SolveSys:  0.27890491485595703     
 RHSForm:  1.83720588684082031E-002
           0 KSPSolve  0.26812291145324707      its          28 norm  1.92438711611023065E-003 nvar       97920
   FORM u,v,slh:  4.21047210693359375E-004
   SYNC:  2.27928161621093750E-004
 SolveSys:  0.26883006095886230     
  WRITE XY-DATA: REC=       3
   MODEL TIME: 19:00:00  05JAN2013;  DAY IN YEAR:005,  DAY IN 4YRS:0005
 OUTPUT DATA to E/XY/sl.dat
 XY_OUT:  8.10694694519042969E-003
 RHSForm:  1.73349380493164063E-002
           0 KSPSolve  0.28595709800720215      its          29 norm  1.91599302711251617E-003 nvar       97920
   FORM u,v,slh:  4.38928604125976563E-004
   SYNC:  1.59978866577148438E-004
 SolveSys:  0.28661704063415527     
 RHSForm:  1.72622203826904297E-002
           0 KSPSolve  0.25911998748779297      its          27 norm  1.93099982827356072E-003 nvar       97920
   FORM u,v,slh:  4.33921813964843750E-004
   SYNC:  2.31027603149414063E-004
 SolveSys:  0.25984501838684082     
 RHSForm:  1.72998905181884766E-002
           0 KSPSolve  0.28501820564270020      its          29 norm  1.92418814159966284E-003 nvar       97920
   FORM u,v,slh:  4.21047210693359375E-004
   SYNC:  2.28881835937500000E-004
 SolveSys:  0.28572702407836914     
 RHSForm:  1.70140266418457031E-002
           0 KSPSolve  0.26467204093933105      its          27 norm  1.93465440751609970E-003 nvar       97920
   FORM u,v,slh:  4.36067581176757813E-004
   SYNC:  1.02996826171875000E-004
 SolveSys:  0.26527214050292969     
 RHSForm:  1.70459747314453125E-002
           0 KSPSolve  0.28846287727355957      its          29 norm  1.92200619198936102E-003 nvar       97920
   FORM u,v,slh:  4.21047210693359375E-004
   SYNC:  2.30073928833007813E-004
 SolveSys:  0.28917288780212402     
 RHSForm:  1.71220302581787109E-002
           0 KSPSolve  0.24565196037292480      its          26 norm  1.94003066379904517E-003 nvar       97920
   FORM u,v,slh:  4.34875488281250000E-004
   SYNC:  1.02043151855468750E-004
 SolveSys:  0.24624896049499512     
 RHSForm:  1.71949863433837891E-002
           0 KSPSolve  0.28544902801513672      its          29 norm  1.92221275632894193E-003 nvar       97920
   FORM u,v,slh:  4.37974929809570313E-004
   SYNC:  2.62975692749023438E-004
 SolveSys:  0.28621292114257813     
 RHSForm:  1.77900791168212891E-002
           0 KSPSolve  0.24069285392761230      its          25 norm  1.94236871716628391E-003 nvar       97920
   FORM u,v,slh:  4.22000885009765625E-004
   SYNC:  2.32934951782226563E-004
 SolveSys:  0.24140691757202148     
 RHSForm:  1.73449516296386719E-002
           0 KSPSolve  0.27365684509277344      its          28 norm  1.93956474075173964E-003 nvar       97920
   FORM u,v,slh:  4.54902648925781250E-004
   SYNC:  1.45912170410156250E-004
 SolveSys:  0.27432394027709961     
 RHSForm:  1.79469585418701172E-002
           0 KSPSolve  0.24517583847045898      its          26 norm  1.94820066185380893E-003 nvar       97920
   FORM u,v,slh:  4.54187393188476563E-004
   SYNC:  2.39133834838867188E-004
 SolveSys:  0.24593496322631836     
  WRITE XY-DATA: REC=       4
   MODEL TIME: 24:00:00  05JAN2013;  DAY IN YEAR:005,  DAY IN 4YRS:0005
 OUTPUT DATA to E/XY/sl.dat
 XY_OUT:  9.67192649841308594E-003
 
END OF TIME INTEGRATION OF OCEAN MODEL
 
 TIME GLOBAL:   260.99098610877991     
  ELAPSED DAY:   1; TIME:  0: 4:15,67
  ELAPSED DAY:   1; TIME:  0: 4: 5,72
