
 MatForm:   24.279829025268555     
 RHSForm:  6.10489845275878906E-002
           0 KSPSolve   10.101272106170654      its        1008 norm  1.62756983154813606E-003 nvar       97920
   FORM u,v,slh:  4.18910980224609375E-002
   SYNC:  1.80697441101074219E-003
 SolveSys:   10.145637035369873     
 RHSForm:  1.65429115295410156E-002
           0 KSPSolve   7.1845071315765381      its         765 norm  2.47545168956686198E-003 nvar       97920
   FORM u,v,slh:  3.92913818359375000E-004
   SYNC:  6.48021697998046875E-004
 SolveSys:   7.1864590644836426     
 RHSForm:  2.87618637084960938E-002
           0 KSPSolve   8.2756078243255615      its         862 norm  2.63719343310941890E-003 nvar       97920
   FORM u,v,slh:  8.27074050903320313E-004
   SYNC:  1.17087364196777344E-003
 SolveSys:   8.2783198356628418     
 RHSForm:  1.59149169921875000E-002
           0 KSPSolve   5.4526009559631348      its         571 norm  2.34917442383571727E-003 nvar       97920
   FORM u,v,slh:  5.16891479492187500E-004
   SYNC:  7.13109970092773438E-004
 SolveSys:   5.4540419578552246     
 RHSForm:  1.41940116882324219E-002
           0 KSPSolve   4.6485869884490967      its         495 norm  1.91193522134399112E-003 nvar       97920
   FORM u,v,slh:  4.08887863159179688E-004
   SYNC:  3.02076339721679688E-004
 SolveSys:   4.6493690013885498     
 RHSForm:  1.16810798645019531E-002
           0 KSPSolve   6.2873699665069580      its         700 norm  1.55581710811060416E-003 nvar       97920
   FORM u,v,slh:  7.02857971191406250E-004
   SYNC:  9.56058502197265625E-004
 SolveSys:   6.2892718315124512     
 RHSForm:  1.62661075592041016E-002
           0 KSPSolve   5.5647351741790771      its         604 norm  1.37733275752693158E-003 nvar       97920
   FORM u,v,slh:  3.91006469726562500E-004
   SYNC:  3.19957733154296875E-004
 SolveSys:   5.5655140876770020     
 RHSForm:  1.70390605926513672E-002
           0 KSPSolve   6.8615860939025879      its         729 norm  1.39893368335418291E-003 nvar       97920
   FORM u,v,slh:  7.92026519775390625E-004
   SYNC:  9.26017761230468750E-004
 SolveSys:   6.8639471530914307     
 RHSForm:  1.65839195251464844E-002
           0 KSPSolve   4.3267118930816650      its         469 norm  1.48858095214305709E-003 nvar       97920
   FORM u,v,slh:  3.79085540771484375E-004
   SYNC:  4.38928604125976563E-004
 SolveSys:   4.3275959491729736     
 RHSForm:  1.34110450744628906E-002
           0 KSPSolve   4.3130860328674316      its         465 norm  1.58394529315798054E-003 nvar       97920
   FORM u,v,slh:  5.50031661987304688E-004
   SYNC:  8.83102416992187500E-004
 SolveSys:   4.3149800300598145     
  WRITE XY-DATA: REC=       1
   MODEL TIME: 05:00:00  01JAN2013;  DAY IN YEAR:001,  DAY IN 4YRS:0001
 OUTPUT DATA to E/XY/sl.dat
 XY_OUT:  0.10298895835876465     
 RHSForm:  1.70831680297851563E-002
           0 KSPSolve   3.8525481224060059      its         399 norm  1.65560560394765934E-003 nvar       97920
   FORM u,v,slh:  3.49044799804687500E-004
   SYNC:  2.78949737548828125E-004
 SolveSys:   3.8532989025115967     
 RHSForm:  1.06999874114990234E-002
           0 KSPSolve   4.4779689311981201      its         464 norm  1.69005108261774829E-003 nvar       97920
   FORM u,v,slh:  8.29935073852539063E-004
   SYNC:  1.04188919067382813E-003
 SolveSys:   4.4804580211639404     
 RHSForm:  2.07138061523437500E-002
           0 KSPSolve   4.0347039699554443      its         428 norm  1.68575423208871633E-003 nvar       97920
   FORM u,v,slh:  3.83853912353515625E-004
   SYNC:  3.94821166992187500E-004
 SolveSys:   4.0355980396270752     
 RHSForm:  1.73568725585937500E-002
           0 KSPSolve   3.7397630214691162      its         403 norm  1.67091725467126179E-003 nvar       97920
   FORM u,v,slh:  4.16040420532226563E-004
   SYNC:  3.75032424926757813E-004
 SolveSys:   3.7406289577484131     
 RHSForm:  1.09758377075195313E-002
           0 KSPSolve   4.4920988082885742      its         467 norm  1.64965108412509689E-003 nvar       97920
   FORM u,v,slh:  7.92980194091796875E-004
   SYNC:  1.51205062866210938E-003
 SolveSys:   4.4950578212738037     
 RHSForm:  1.62408351898193359E-002
           0 KSPSolve   2.0718939304351807      its         234 norm  1.64016252653303930E-003 nvar       97920
   FORM u,v,slh:  3.47852706909179688E-004
   SYNC:  6.47068023681640625E-004
 SolveSys:   2.0730130672454834     
 RHSForm:  1.75881385803222656E-002
           0 KSPSolve  0.29135799407958984      its          29 norm  1.62938883700206125E-003 nvar       97920
   FORM u,v,slh:  3.89099121093750000E-004
   SYNC:  3.47852706909179688E-004
 SolveSys:  0.29216098785400391     
 RHSForm:  1.75459384918212891E-002
           0 KSPSolve   2.1016490459442139      its         236 norm  1.63622981009764403E-003 nvar       97920
   FORM u,v,slh:  2.95162200927734375E-004
   SYNC:  4.47034835815429688E-004
 SolveSys:   2.1024549007415771     
 RHSForm:  1.22709274291992188E-002
           0 KSPSolve   2.1735558509826660      its         225 norm  1.63992229613543175E-003 nvar       97920
   FORM u,v,slh:  5.02824783325195313E-004
   SYNC:  7.64846801757812500E-004
 SolveSys:   2.1750209331512451     
 RHSForm:  1.91018581390380859E-002
           0 KSPSolve   2.2389481067657471      its         241 norm  1.63870985465441941E-003 nvar       97920
   FORM u,v,slh:  4.06980514526367188E-004
   SYNC:  4.10079956054687500E-004
 SolveSys:   2.2398390769958496     
  WRITE XY-DATA: REC=       2
   MODEL TIME: 10:00:00  01JAN2013;  DAY IN YEAR:001,  DAY IN 4YRS:0001
 OUTPUT DATA to E/XY/sl.dat
 XY_OUT:  1.23219490051269531E-002
 RHSForm:  1.86500549316406250E-002
           0 KSPSolve   2.0644900798797607      its         229 norm  1.63525254003113268E-003 nvar       97920
   FORM u,v,slh:  3.10897827148437500E-004
   SYNC:  1.53517723083496094E-003
 SolveSys:   2.0664839744567871     
 RHSForm:  1.70860290527343750E-002
           0 KSPSolve   1.6248679161071777      its         179 norm  1.62652000634528888E-003 nvar       97920
   FORM u,v,slh:  3.91960144042968750E-004
   SYNC:  2.77996063232421875E-004
 SolveSys:   1.6256060600280762     
 RHSForm:  1.25169754028320313E-002
           0 KSPSolve  0.98312211036682129      its         113 norm  1.62959080475866746E-003 nvar       97920
   FORM u,v,slh:  2.50101089477539063E-004
   SYNC:  2.83956527709960938E-004
 SolveSys:  0.98373913764953613     
 RHSForm:  1.09839439392089844E-002
           0 KSPSolve  0.73721909523010254      its          83 norm  1.61792228815259786E-003 nvar       97920
   FORM u,v,slh:  3.79085540771484375E-004
   SYNC:  5.85079193115234375E-004
 SolveSys:  0.73825192451477051     
 RHSForm:  1.27289295196533203E-002
           0 KSPSolve  0.62335419654846191      its          72 norm  1.61310091724992284E-003 nvar       97920
   FORM u,v,slh:  3.98874282836914063E-004
   SYNC:  2.97069549560546875E-004
 SolveSys:  0.62412619590759277     
 RHSForm:  1.19020938873291016E-002
           0 KSPSolve   1.0419609546661377      its          98 norm  1.61641891597378890E-003 nvar       97920
   FORM u,v,slh:  5.02109527587890625E-004
   SYNC:  1.38711929321289063E-003
 SolveSys:   1.0440819263458252     
 RHSForm:  1.43249034881591797E-002
           0 KSPSolve   1.0766379833221436      its         122 norm  1.62427142738670919E-003 nvar       97920
   FORM u,v,slh:  3.89099121093750000E-004
   SYNC:  6.33001327514648438E-004
 SolveSys:   1.0777328014373779     
 RHSForm:  1.70700550079345703E-002
           0 KSPSolve   1.2454769611358643      its         137 norm  1.62986272310365501E-003 nvar       97920
   FORM u,v,slh:  3.95059585571289063E-004
   SYNC:  3.39031219482421875E-004
 SolveSys:   1.2462880611419678     
 RHSForm:  1.13680362701416016E-002
           0 KSPSolve  0.90660405158996582      its          98 norm  1.63734237850297979E-003 nvar       97920
   FORM u,v,slh:  4.36067581176757813E-004
   SYNC:  5.97953796386718750E-004
 SolveSys:  0.90770816802978516     
 RHSForm:  1.67839527130126953E-002
           0 KSPSolve  0.95321583747863770      its         103 norm  1.64391824022299088E-003 nvar       97920
   FORM u,v,slh:  3.97920608520507813E-004
   SYNC:  3.24964523315429688E-004
 SolveSys:  0.95402789115905762     
  WRITE XY-DATA: REC=       3
   MODEL TIME: 15:00:00  01JAN2013;  DAY IN YEAR:001,  DAY IN 4YRS:0001
 OUTPUT DATA to E/XY/sl.dat
 XY_OUT:  1.23391151428222656E-002
 RHSForm:  1.66389942169189453E-002
           0 KSPSolve  0.88569784164428711      its          98 norm  1.64786517980244169E-003 nvar       97920
   FORM u,v,slh:  5.04970550537109375E-004
   SYNC:  6.24895095825195313E-004
 SolveSys:  0.88700294494628906     
 RHSForm:  1.74448490142822266E-002
           0 KSPSolve  0.60849809646606445      its          63 norm  1.64561987305947288E-003 nvar       97920
   FORM u,v,slh:  3.92913818359375000E-004
   SYNC:  9.14096832275390625E-004
 SolveSys:  0.60987615585327148     
 RHSForm:  1.24220848083496094E-002
           0 KSPSolve  0.52217698097229004      its          58 norm  1.62313565599673409E-003 nvar       97920
   FORM u,v,slh:  3.87907028198242188E-004
   SYNC:  2.93970108032226563E-004
 SolveSys:  0.52297401428222656     
 RHSForm:  3.12530994415283203E-002
           0 KSPSolve  0.51020407676696777      its          54 norm  1.64986508490230755E-003 nvar       97920
   FORM u,v,slh:  3.93152236938476563E-004
   SYNC:  2.58922576904296875E-004
 SolveSys:  0.51093816757202148     
 RHSForm:  1.04501247406005859E-002
           0 KSPSolve  0.45649194717407227      its          56 norm  1.64749488840395457E-003 nvar       97920
   FORM u,v,slh:  2.63929367065429688E-004
   SYNC:  4.99010086059570313E-004
 SolveSys:  0.45733094215393066     
 RHSForm:  1.24340057373046875E-002
           0 KSPSolve  0.49128794670104980      its          57 norm  1.65104057164344471E-003 nvar       97920
   FORM u,v,slh:  2.13861465454101563E-004
   SYNC:  3.91006469726562500E-004
 SolveSys:  0.49200081825256348     
 RHSForm:  1.25939846038818359E-002
           0 KSPSolve  0.56371712684631348      its          68 norm  1.64231440478533673E-003 nvar       97920
   FORM u,v,slh:  4.73976135253906250E-004
   SYNC:  4.32968139648437500E-004
 SolveSys:  0.56470203399658203     
 RHSForm:  1.12960338592529297E-002
           0 KSPSolve  0.72822499275207520      its          86 norm  1.64727946022237798E-003 nvar       97920
   FORM u,v,slh:  3.95059585571289063E-004
   SYNC:  3.00884246826171875E-004
 SolveSys:  0.72907900810241699     
 RHSForm:  1.32451057434082031E-002
           0 KSPSolve  0.56300115585327148      its          64 norm  1.64784056521994379E-003 nvar       97920
   FORM u,v,slh:  2.26020812988281250E-004
   SYNC:  2.72989273071289063E-004
 SolveSys:  0.56356620788574219     
 RHSForm:  1.13649368286132813E-002
           0 KSPSolve  0.50962686538696289      its          59 norm  1.63919953405393956E-003 nvar       97920
   FORM u,v,slh:  3.97920608520507813E-004
   SYNC:  6.61849975585937500E-004
 SolveSys:  0.51083397865295410     
  WRITE XY-DATA: REC=       4
   MODEL TIME: 20:00:00  01JAN2013;  DAY IN YEAR:001,  DAY IN 4YRS:0001
 OUTPUT DATA to E/XY/sl.dat
 XY_OUT:  9.42206382751464844E-003
 RHSForm:  2.04780101776123047E-002
           0 KSPSolve  0.72036790847778320      its          82 norm  1.64215318383007436E-003 nvar       97920
   FORM u,v,slh:  2.42948532104492188E-004
   SYNC:  2.72035598754882813E-004
 SolveSys:  0.72095298767089844     
 RHSForm:  1.38521194458007813E-002
           0 KSPSolve  0.58936095237731934      its          60 norm  1.63120090550554898E-003 nvar       97920
   FORM u,v,slh:  3.74078750610351563E-004
   SYNC:  3.21865081787109375E-004
 SolveSys:  0.59012389183044434     
 RHSForm:  1.07660293579101563E-002
           0 KSPSolve  0.55763506889343262      its          57 norm  1.63151733292461461E-003 nvar       97920
   FORM u,v,slh:  3.95059585571289063E-004
   SYNC:  4.57048416137695313E-004
 SolveSys:  0.55856299400329590     
 RHSForm:  1.35390758514404297E-002
           0 KSPSolve  0.56014680862426758      its          57 norm  1.62720449248756802E-003 nvar       97920
   FORM u,v,slh:  3.91960144042968750E-004
   SYNC:  3.50952148437500000E-004
 SolveSys:  0.56096315383911133     
 RHSForm:  3.19578647613525391E-002
           0 KSPSolve  0.58746790885925293      its          53 norm  1.62857949462401493E-003 nvar       97920
   FORM u,v,slh:  3.96966934204101563E-004
   SYNC:  2.47001647949218750E-004
 SolveSys:  0.58817791938781738     
 RHSForm:  1.06360912322998047E-002
           0 KSPSolve  0.43589210510253906      its          52 norm  1.62093273466496347E-003 nvar       97920
   FORM u,v,slh:  3.76939773559570313E-004
   SYNC:  5.01871109008789063E-004
 SolveSys:  0.43683910369873047     
 RHSForm:  1.66780948638916016E-002
           0 KSPSolve  0.42844200134277344      its          51 norm  1.61736863329322742E-003 nvar       97920
   FORM u,v,slh:  2.15053558349609375E-004
   SYNC:  3.02076339721679688E-004
 SolveSys:  0.42902207374572754     
 RHSForm:  1.16729736328125000E-002
           0 KSPSolve  0.44485807418823242      its          51 norm  1.61902197559544211E-003 nvar       97920
   FORM u,v,slh:  4.02927398681640625E-004
   SYNC:  3.43799591064453125E-004
 SolveSys:  0.44569110870361328     
 RHSForm:  1.73110961914062500E-002
           0 KSPSolve  0.42514204978942871      its          50 norm  1.63753099027016307E-003 nvar       97920
   FORM u,v,slh:  3.79085540771484375E-004
   SYNC:  6.55889511108398438E-004
 SolveSys:  0.42624592781066895     
 RHSForm:  1.31268501281738281E-002
           0 KSPSolve  0.45359301567077637      its          51 norm  1.63620917051997446E-003 nvar       97920
   FORM u,v,slh:  2.34842300415039063E-004
   SYNC:  2.48193740844726563E-004
 SolveSys:  0.45414090156555176     
  WRITE XY-DATA: REC=       4
   MODEL TIME: 01:00:00  02JAN2013;  DAY IN YEAR:002,  DAY IN 4YRS:0002
 OUTPUT DATA to E/XY/sl.dat
 XY_OUT:  1.79100036621093750E-002
 RHSForm:  1.32639408111572266E-002
           0 KSPSolve  0.47598409652709961      its          51 norm  1.62012453908343015E-003 nvar       97920
   FORM u,v,slh:  5.04970550537109375E-004
   SYNC:  6.84976577758789063E-004
 SolveSys:  0.47730708122253418     
 RHSForm:  1.67400836944580078E-002
           0 KSPSolve  0.47296690940856934      its          49 norm  1.64458502541141435E-003 nvar       97920
   FORM u,v,slh:  3.84092330932617188E-004
   SYNC:  5.99145889282226563E-004
 SolveSys:  0.47402095794677734     
 RHSForm:  1.23641490936279297E-002
           0 KSPSolve  0.48754405975341797      its          52 norm  1.62673841980185167E-003 nvar       97920
   FORM u,v,slh:  3.91960144042968750E-004
   SYNC:  6.38008117675781250E-004
 SolveSys:  0.48864483833312988     
 RHSForm:  1.69048309326171875E-002
           0 KSPSolve  0.47152805328369141      its          50 norm  1.64888909362160435E-003 nvar       97920
   FORM u,v,slh:  3.76939773559570313E-004
   SYNC:  3.79085540771484375E-004
 SolveSys:  0.47235083580017090     
 RHSForm:  2.80041694641113281E-002
           0 KSPSolve  0.47461390495300293      its          51 norm  1.65289308784714482E-003 nvar       97920
   FORM u,v,slh:  3.87907028198242188E-004
   SYNC:  3.12089920043945313E-004
 SolveSys:  0.47538185119628906     
 RHSForm:  1.98750495910644531E-002
           0 KSPSolve  0.46811795234680176      its          51 norm  1.65092574983851065E-003 nvar       97920
   FORM u,v,slh:  4.62055206298828125E-004
   SYNC:  5.13076782226562500E-004
 SolveSys:  0.46916794776916504     
 RHSForm:  1.70888900756835938E-002
           0 KSPSolve  0.47078609466552734      its          50 norm  1.65889294069579982E-003 nvar       97920
   FORM u,v,slh:  3.91960144042968750E-004
   SYNC:  4.22000885009765625E-004
 SolveSys:  0.47166705131530762     
 RHSForm:  1.66261196136474609E-002
           0 KSPSolve  0.45933294296264648      its          50 norm  1.65536361024290393E-003 nvar       97920
   FORM u,v,slh:  3.91006469726562500E-004
   SYNC:  3.25918197631835938E-004
 SolveSys:  0.46012091636657715     
 RHSForm:  1.27789974212646484E-002
           0 KSPSolve  0.47418999671936035      its          49 norm  1.65521824352367732E-003 nvar       97920
   FORM u,v,slh:  4.96149063110351563E-004
   SYNC:  7.10964202880859375E-004
 SolveSys:  0.47556805610656738     
 RHSForm:  1.22580528259277344E-002
           0 KSPSolve  0.42602610588073730      its          48 norm  1.65659757945437933E-003 nvar       97920
   FORM u,v,slh:  4.15086746215820313E-004
   SYNC:  3.57866287231445313E-004
 SolveSys:  0.42686796188354492     
  WRITE XY-DATA: REC=       1
   MODEL TIME: 06:00:00  02JAN2013;  DAY IN YEAR:002,  DAY IN 4YRS:0002
 OUTPUT DATA to E/XY/sl.dat
 XY_OUT:  1.11670494079589844E-002
 RHSForm:  1.86181068420410156E-002
           0 KSPSolve  0.40507888793945313      its          47 norm  1.66150138526610755E-003 nvar       97920
   FORM u,v,slh:  3.85046005249023438E-004
   SYNC:  6.58988952636718750E-004
 SolveSys:  0.40618991851806641     
 RHSForm:  1.27389430999755859E-002
           0 KSPSolve  0.36626696586608887      its          46 norm  1.67049703674858959E-003 nvar       97920
   FORM u,v,slh:  4.01973724365234375E-004
   SYNC:  3.24964523315429688E-004
 SolveSys:  0.36710596084594727     
 RHSForm:  1.24421119689941406E-002
           0 KSPSolve  0.40683412551879883      its          46 norm  1.67188925223277999E-003 nvar       97920
   FORM u,v,slh:  3.84092330932617188E-004
   SYNC:  3.16858291625976563E-004
 SolveSys:  0.40760397911071777     
 RHSForm:  1.05872154235839844E-002
           0 KSPSolve  0.41824221611022949      its          46 norm  1.66570677221949612E-003 nvar       97920
   FORM u,v,slh:  3.79085540771484375E-004
   SYNC:  6.18934631347656250E-004
 SolveSys:  0.41930818557739258     
 RHSForm:  1.39238834381103516E-002
           0 KSPSolve  0.37095403671264648      its          43 norm  1.67275162523886751E-003 nvar       97920
   FORM u,v,slh:  2.23875045776367188E-004
   SYNC:  6.45875930786132813E-004
 SolveSys:  0.37189102172851563     
 RHSForm:  1.43649578094482422E-002
           0 KSPSolve  0.35553407669067383      its          40 norm  1.67155376069449036E-003 nvar       97920
   FORM u,v,slh:  3.82184982299804688E-004
   SYNC:  2.83002853393554688E-004
 SolveSys:  0.35627317428588867     
 RHSForm:  1.15101337432861328E-002
           0 KSPSolve  0.32702898979187012      its          35 norm  1.66957295525120889E-003 nvar       97920
   FORM u,v,slh:  3.93867492675781250E-004
   SYNC:  3.60965728759765625E-004
 SolveSys:  0.32790112495422363     
 RHSForm:  1.21550559997558594E-002
           0 KSPSolve  0.24787402153015137      its          29 norm  1.66556708783592751E-003 nvar       97920
   FORM u,v,slh:  3.80039215087890625E-004
   SYNC:  2.70128250122070313E-004
 SolveSys:  0.24859213829040527     
 RHSForm:  1.19779109954833984E-002
           0 KSPSolve  0.25374507904052734      its          27 norm  1.66711999687892999E-003 nvar       97920
   FORM u,v,slh:  3.88145446777343750E-004
   SYNC:  2.43902206420898438E-004
 SolveSys:  0.25444412231445313     
 RHSForm:  1.82681083679199219E-002
           0 KSPSolve  0.30790090560913086      its          33 norm  1.67152775847294408E-003 nvar       97920
   FORM u,v,slh:  3.91960144042968750E-004
   SYNC:  2.74896621704101563E-004
 SolveSys:  0.30863499641418457     
  WRITE XY-DATA: REC=       2
   MODEL TIME: 11:00:00  02JAN2013;  DAY IN YEAR:002,  DAY IN 4YRS:0002
 OUTPUT DATA to E/XY/sl.dat
 XY_OUT:  1.13670825958251953E-002
 RHSForm:  3.53338718414306641E-002
           0 KSPSolve  0.40143704414367676      its          39 norm  1.67619072106348597E-003 nvar       97920
   FORM u,v,slh:  5.01871109008789063E-004
   SYNC:  5.17845153808593750E-004
 SolveSys:  0.40265417098999023     
 RHSForm:  1.37839317321777344E-002
           0 KSPSolve  0.40873098373413086      its          46 norm  1.67261094606728131E-003 nvar       97920
   FORM u,v,slh:  2.28881835937500000E-004
   SYNC:  4.12940979003906250E-004
 SolveSys:  0.40944004058837891     
 RHSForm:  1.03621482849121094E-002
           0 KSPSolve  0.37948608398437500      its          46 norm  1.67227891350771210E-003 nvar       97920
   FORM u,v,slh:  3.86953353881835938E-004
   SYNC:  3.15904617309570313E-004
 SolveSys:  0.38026213645935059     
 RHSForm:  1.04551315307617188E-002
           0 KSPSolve  0.39235496520996094      its          44 norm  1.67323549574135261E-003 nvar       97920
   FORM u,v,slh:  4.00066375732421875E-004
   SYNC:  3.26156616210937500E-004
 SolveSys:  0.39315199851989746     
 RHSForm:  1.08840465545654297E-002
           0 KSPSolve  0.41037797927856445      its          44 norm  1.67492678235402572E-003 nvar       97920
   FORM u,v,slh:  4.01973724365234375E-004
   SYNC:  6.54935836791992188E-004
 SolveSys:  0.41150689125061035     
 RHSForm:  1.69789791107177734E-002
           0 KSPSolve  0.44337797164916992      its          47 norm  1.67638357562583285E-003 nvar       97920
   FORM u,v,slh:  4.01020050048828125E-004
   SYNC:  3.57151031494140625E-004
 SolveSys:  0.44421005249023438     
 RHSForm:  1.76770687103271484E-002
           0 KSPSolve  0.42427492141723633      its          48 norm  1.67447363463056696E-003 nvar       97920
   FORM u,v,slh:  4.30107116699218750E-004
   SYNC:  2.78949737548828125E-004
 SolveSys:  0.42506313323974609     
 RHSForm:  1.22401714324951172E-002
           0 KSPSolve  0.41212797164916992      its          47 norm  1.67380487115441584E-003 nvar       97920
   FORM u,v,slh:  2.12907791137695313E-004
   SYNC:  2.28166580200195313E-004
 SolveSys:  0.41263103485107422     
 RHSForm:  1.07841491699218750E-002
           0 KSPSolve  0.39865708351135254      its          47 norm  1.67489542169146845E-003 nvar       97920
   FORM u,v,slh:  2.77042388916015625E-004
   SYNC:  2.75135040283203125E-004
 SolveSys:  0.39943194389343262     
 RHSForm:  1.17330551147460938E-002
           0 KSPSolve  0.40209102630615234      its          48 norm  1.67517858076909366E-003 nvar       97920
   FORM u,v,slh:  3.91960144042968750E-004
   SYNC:  3.24010848999023438E-004
 SolveSys:  0.40289115905761719     
  WRITE XY-DATA: REC=       3
   MODEL TIME: 16:00:00  02JAN2013;  DAY IN YEAR:002,  DAY IN 4YRS:0002
 OUTPUT DATA to E/XY/sl.dat
 XY_OUT:  1.22289657592773438E-002
 RHSForm:  1.67069435119628906E-002
           0 KSPSolve  0.40526485443115234      its          48 norm  1.67798262754008994E-003 nvar       97920
   FORM u,v,slh:  4.92095947265625000E-004
   SYNC:  3.49998474121093750E-004
 SolveSys:  0.40623497962951660     
 RHSForm:  1.18811130523681641E-002
           0 KSPSolve  0.38826584815979004      its          48 norm  1.67536800248518480E-003 nvar       97920
   FORM u,v,slh:  3.80992889404296875E-004
   SYNC:  4.83989715576171875E-004
 SolveSys:  0.38919782638549805     
 RHSForm:  1.05080604553222656E-002
           0 KSPSolve  0.45677018165588379      its          48 norm  1.66875683529126690E-003 nvar       97920
   FORM u,v,slh:  3.93867492675781250E-004
   SYNC:  3.62157821655273438E-004
 SolveSys:  0.45759916305541992     
 RHSForm:  1.23989582061767578E-002
           0 KSPSolve  0.43576216697692871      its          47 norm  1.66922237046504703E-003 nvar       97920
   FORM u,v,slh:  5.30004501342773438E-004
   SYNC:  5.86032867431640625E-004
 SolveSys:  0.43710708618164063     
 RHSForm:  1.37891769409179688E-002
           0 KSPSolve  0.42422795295715332      its          46 norm  1.67508445398358583E-003 nvar       97920
   FORM u,v,slh:  3.81946563720703125E-004
   SYNC:  3.73125076293945313E-004
 SolveSys:  0.42504882812500000     
 RHSForm:  1.73511505126953125E-002
           0 KSPSolve  0.42152190208435059      its          47 norm  1.67018130953148266E-003 nvar       97920
   FORM u,v,slh:  3.80992889404296875E-004
   SYNC:  5.17129898071289063E-004
 SolveSys:  0.42248916625976563     
 RHSForm:  1.07860565185546875E-002
           0 KSPSolve  0.43013691902160645      its          46 norm  1.67605772574175326E-003 nvar       97920
   FORM u,v,slh:  3.78847122192382813E-004
   SYNC:  2.79188156127929688E-004
 SolveSys:  0.43086290359497070     
 RHSForm:  1.25420093536376953E-002
           0 KSPSolve  0.38138484954833984      its          45 norm  1.67674170974816826E-003 nvar       97920
   FORM u,v,slh:  4.09126281738281250E-004
   SYNC:  6.38961791992187500E-004
 SolveSys:  0.38250684738159180     
 RHSForm:  1.19969844818115234E-002
           0 KSPSolve  0.40353798866271973      its          44 norm  1.67808379769669811E-003 nvar       97920
   FORM u,v,slh:  3.90052795410156250E-004
   SYNC:  3.62157821655273438E-004
 SolveSys:  0.40440702438354492     
 RHSForm:  1.68130397796630859E-002
           0 KSPSolve  0.44605183601379395      its          43 norm  1.68069159094641658E-003 nvar       97920
   FORM u,v,slh:  3.56912612915039063E-004
   SYNC:  1.09791755676269531E-003
 SolveSys:  0.44766187667846680     
  WRITE XY-DATA: REC=       4
   MODEL TIME: 21:00:00  02JAN2013;  DAY IN YEAR:002,  DAY IN 4YRS:0002
 OUTPUT DATA to E/XY/sl.dat
 XY_OUT:  1.29060745239257813E-002
 RHSForm:  1.43249034881591797E-002
           0 KSPSolve  0.38043689727783203      its          42 norm  1.68093833455247523E-003 nvar       97920
   FORM u,v,slh:  5.07116317749023438E-004
   SYNC:  4.29868698120117188E-004
 SolveSys:  0.38148188591003418     
 RHSForm:  3.17769050598144531E-002
           0 KSPSolve  0.48663210868835449      its          41 norm  1.67697024196394309E-003 nvar       97920
   FORM u,v,slh:  3.95059585571289063E-004
   SYNC:  3.43084335327148438E-004
 SolveSys:  0.48744392395019531     
 RHSForm:  1.40109062194824219E-002
           0 KSPSolve  0.35920810699462891      its          38 norm  1.68054789171588224E-003 nvar       97920
   FORM u,v,slh:  4.02212142944335938E-004
   SYNC:  3.73125076293945313E-004
 SolveSys:  0.36005687713623047     
 RHSForm:  1.71909332275390625E-002
           0 KSPSolve  0.32292008399963379      its          33 norm  1.67915207685566848E-003 nvar       97920
   FORM u,v,slh:  4.03881072998046875E-004
   SYNC:  4.55856323242187500E-004
 SolveSys:  0.32385492324829102     
 RHSForm:  1.70099735260009766E-002
           0 KSPSolve  0.27009797096252441      its          28 norm  1.65952251401556674E-003 nvar       97920
   FORM u,v,slh:  4.09841537475585938E-004
   SYNC:  3.03983688354492188E-004
 SolveSys:  0.27088212966918945     
 RHSForm:  3.19371223449707031E-002
           0 KSPSolve  0.22964692115783691      its          24 norm  1.68728124710676073E-003 nvar       97920
   FORM u,v,slh:  4.02927398681640625E-004
   SYNC:  3.12089920043945313E-004
 SolveSys:  0.23044085502624512     
 RHSForm:  1.75738334655761719E-002
           0 KSPSolve  0.32998991012573242      its          36 norm  1.68392706499346091E-003 nvar       97920
   FORM u,v,slh:  4.14133071899414063E-004
   SYNC:  2.93970108032226563E-004
 SolveSys:  0.33076906204223633     
 RHSForm:  1.27189159393310547E-002
           0 KSPSolve  0.30321598052978516      its          34 norm  1.68135562642279953E-003 nvar       97920
   FORM u,v,slh:  4.08887863159179688E-004
   SYNC:  4.11033630371093750E-004
 SolveSys:  0.30411005020141602     
 RHSForm:  1.22110843658447266E-002
           0 KSPSolve  0.34269285202026367      its          36 norm  1.68619846943855321E-003 nvar       97920
   FORM u,v,slh:  4.01020050048828125E-004
   SYNC:  2.49862670898437500E-004
 SolveSys:  0.34343004226684570     
 RHSForm:  1.09891891479492188E-002
           0 KSPSolve  0.34954690933227539      its          36 norm  1.68701565976408130E-003 nvar       97920
   FORM u,v,slh:  4.01020050048828125E-004
   SYNC:  6.72101974487304688E-004
 SolveSys:  0.35069203376770020     
  WRITE XY-DATA: REC=       4
   MODEL TIME: 02:00:00  03JAN2013;  DAY IN YEAR:003,  DAY IN 4YRS:0003
 OUTPUT DATA to E/XY/sl.dat
 XY_OUT:  1.14769935607910156E-002
 RHSForm:  2.81159877777099609E-002
           0 KSPSolve  0.33266496658325195      its          38 norm  1.69012783175389041E-003 nvar       97920
   FORM u,v,slh:  2.89916992187500000E-004
   SYNC:  5.71012496948242188E-004
 SolveSys:  0.33363008499145508     
 RHSForm:  1.16579532623291016E-002
           0 KSPSolve  0.30866599082946777      its          35 norm  1.69493012528139321E-003 nvar       97920
   FORM u,v,slh:  2.78949737548828125E-004
   SYNC:  3.60012054443359375E-004
 SolveSys:  0.30959105491638184     
 RHSForm:  3.17459106445312500E-002
           0 KSPSolve  0.34762501716613770      its          32 norm  1.69500801922744301E-003 nvar       97920
   FORM u,v,slh:  3.96966934204101563E-004
   SYNC:  3.49998474121093750E-004
 SolveSys:  0.34844303131103516     
 RHSForm:  1.20630264282226563E-002
           0 KSPSolve  0.32221984863281250      its          33 norm  1.69953317667361999E-003 nvar       97920
   FORM u,v,slh:  4.34875488281250000E-004
   SYNC:  3.65972518920898438E-004
 SolveSys:  0.32314491271972656     
 RHSForm:  2.13570594787597656E-002
           0 KSPSolve  0.33480191230773926      its          37 norm  1.70437932414346186E-003 nvar       97920
   FORM u,v,slh:  3.80992889404296875E-004
   SYNC:  2.95877456665039063E-004
 SolveSys:  0.33554601669311523     
 RHSForm:  3.15098762512207031E-002
           0 KSPSolve  0.33552289009094238      its          36 norm  1.70587049882200384E-003 nvar       97920
   FORM u,v,slh:  4.47988510131835938E-004
   SYNC:  5.62906265258789063E-004
 SolveSys:  0.33660697937011719     
 RHSForm:  1.19719505310058594E-002
           0 KSPSolve  0.29155516624450684      its          34 norm  1.70419881015728336E-003 nvar       97920
   FORM u,v,slh:  4.08887863159179688E-004
   SYNC:  3.40223312377929688E-004
 SolveSys:  0.29237699508666992     
 RHSForm:  1.43430233001708984E-002
           0 KSPSolve  0.28834819793701172      its          33 norm  1.71086154714801021E-003 nvar       97920
   FORM u,v,slh:  4.07934188842773438E-004
   SYNC:  2.72989273071289063E-004
 SolveSys:  0.28915810585021973     
 RHSForm:  3.15001010894775391E-002
           0 KSPSolve  0.34871792793273926      its          36 norm  1.70947871765491071E-003 nvar       97920
   FORM u,v,slh:  3.74078750610351563E-004
   SYNC:  3.22818756103515625E-004
 SolveSys:  0.34964299201965332     
 RHSForm:  1.17769241333007813E-002
           0 KSPSolve  0.29792714118957520      its          35 norm  1.71325548775823930E-003 nvar       97920
   FORM u,v,slh:  3.96966934204101563E-004
   SYNC:  3.03983688354492188E-004
 SolveSys:  0.29869508743286133     
  WRITE XY-DATA: REC=       1
   MODEL TIME: 07:00:00  03JAN2013;  DAY IN YEAR:003,  DAY IN 4YRS:0003
 OUTPUT DATA to E/XY/sl.dat
 XY_OUT:  1.18761062622070313E-002
 RHSForm:  2.00910568237304688E-002
           0 KSPSolve  0.28838491439819336      its          33 norm  1.71666238025342866E-003 nvar       97920
   FORM u,v,slh:  4.92095947265625000E-004
   SYNC:  7.92980194091796875E-004
 SolveSys:  0.28991103172302246     
 RHSForm:  1.06949806213378906E-002
           0 KSPSolve  0.28223109245300293      its          33 norm  1.71749443041722743E-003 nvar       97920
   FORM u,v,slh:  3.85046005249023438E-004
   SYNC:  7.97986984252929688E-004
 SolveSys:  0.28348493576049805     
 RHSForm:  1.26399993896484375E-002
           0 KSPSolve  0.31822896003723145      its          34 norm  1.72174676125045733E-003 nvar       97920
   FORM u,v,slh:  3.99827957153320313E-004
   SYNC:  6.24179840087890625E-004
 SolveSys:  0.31932497024536133     
 RHSForm:  1.23939514160156250E-002
           0 KSPSolve  0.32203602790832520      its          34 norm  1.71699565529560144E-003 nvar       97920
   FORM u,v,slh:  3.89099121093750000E-004
   SYNC:  3.71932983398437500E-004
 SolveSys:  0.32288098335266113     
 RHSForm:  1.67939662933349609E-002
           0 KSPSolve  0.32354688644409180      its          32 norm  1.72251833777697905E-003 nvar       97920
   FORM u,v,slh:  3.90052795410156250E-004
   SYNC:  3.34978103637695313E-004
 SolveSys:  0.32434201240539551     
 RHSForm:  1.60229206085205078E-002
           0 KSPSolve  0.29716396331787109      its          31 norm  1.72411679083633537E-003 nvar       97920
   FORM u,v,slh:  4.01020050048828125E-004
   SYNC:  5.81026077270507813E-004
 SolveSys:  0.29825997352600098     
 RHSForm:  1.28030776977539063E-002
           0 KSPSolve  0.28560614585876465      its          31 norm  1.72489845992172342E-003 nvar       97920
   FORM u,v,slh:  3.86953353881835938E-004
   SYNC:  2.91824340820312500E-004
 SolveSys:  0.28635120391845703     
 RHSForm:  3.14819812774658203E-002
           0 KSPSolve  0.35682511329650879      its          31 norm  1.72507084624234160E-003 nvar       97920
   FORM u,v,slh:  3.80992889404296875E-004
   SYNC:  3.91006469726562500E-004
 SolveSys:  0.35766720771789551     
 RHSForm:  1.05988979339599609E-002
           0 KSPSolve  0.28302192687988281      its          30 norm  1.72733956960158014E-003 nvar       97920
   FORM u,v,slh:  3.75986099243164063E-004
   SYNC:  2.93970108032226563E-004
 SolveSys:  0.28375911712646484     
 RHSForm:  1.31909847259521484E-002
           0 KSPSolve  0.28946900367736816      its          30 norm  1.72363879015577869E-003 nvar       97920
   FORM u,v,slh:  3.89099121093750000E-004
   SYNC:  3.37123870849609375E-004
 SolveSys:  0.29026603698730469     
  WRITE XY-DATA: REC=       2
   MODEL TIME: 12:00:00  03JAN2013;  DAY IN YEAR:003,  DAY IN 4YRS:0003
 OUTPUT DATA to E/XY/sl.dat
 XY_OUT:  1.13840103149414063E-002
 RHSForm:  2.05168724060058594E-002
           0 KSPSolve  0.28682208061218262      its          29 norm  1.72819146970223307E-003 nvar       97920
   FORM u,v,slh:  5.13076782226562500E-004
   SYNC:  5.82933425903320313E-004
 SolveSys:  0.28803014755249023     
 RHSForm:  1.69091224670410156E-002
           0 KSPSolve  0.29713892936706543      its          30 norm  1.72459378781072829E-003 nvar       97920
   FORM u,v,slh:  4.11987304687500000E-004
   SYNC:  6.12974166870117188E-004
 SolveSys:  0.29823684692382813     
 RHSForm:  1.75149440765380859E-002
           0 KSPSolve  0.25228714942932129      its          28 norm  1.73776882845503178E-003 nvar       97920
   FORM u,v,slh:  2.68936157226562500E-004
   SYNC:  5.24997711181640625E-004
 SolveSys:  0.25315403938293457     
 RHSForm:  1.11320018768310547E-002
           0 KSPSolve  0.26339697837829590      its          30 norm  1.73588568236634393E-003 nvar       97920
   FORM u,v,slh:  3.86953353881835938E-004
   SYNC:  3.60965728759765625E-004
 SolveSys:  0.26421403884887695     
 RHSForm:  1.46961212158203125E-002
           0 KSPSolve  0.25624084472656250      its          29 norm  1.73058215235826970E-003 nvar       97920
   FORM u,v,slh:  3.90052795410156250E-004
   SYNC:  3.44038009643554688E-004
 SolveSys:  0.25704288482666016     
 RHSForm:  1.04010105133056641E-002
           0 KSPSolve  0.26428699493408203      its          29 norm  1.74115473442333244E-003 nvar       97920
   FORM u,v,slh:  2.13146209716796875E-004
   SYNC:  5.28097152709960938E-004
 SolveSys:  0.26509308815002441     
 RHSForm:  1.27260684967041016E-002
           0 KSPSolve  0.26613211631774902      its          30 norm  1.73201013188919854E-003 nvar       97920
   FORM u,v,slh:  2.36034393310546875E-004
   SYNC:  3.13997268676757813E-004
 SolveSys:  0.26675605773925781     
 RHSForm:  1.09469890594482422E-002
           0 KSPSolve  0.25333905220031738      its          29 norm  1.73705512321532026E-003 nvar       97920
   FORM u,v,slh:  4.02927398681640625E-004
   SYNC:  3.25202941894531250E-004
 SolveSys:  0.25422406196594238     
 RHSForm:  3.17599773406982422E-002
           0 KSPSolve  0.30075287818908691      its          30 norm  1.73702432957592427E-003 nvar       97920
   FORM u,v,slh:  4.01020050048828125E-004
   SYNC:  6.25133514404296875E-004
 SolveSys:  0.30185103416442871     
 RHSForm:  1.31819248199462891E-002
           0 KSPSolve  0.29883313179016113      its          30 norm  1.73463434173100534E-003 nvar       97920
   FORM u,v,slh:  4.38928604125976563E-004
   SYNC:  3.37123870849609375E-004
 SolveSys:  0.29967713356018066     
  WRITE XY-DATA: REC=       3
   MODEL TIME: 17:00:00  03JAN2013;  DAY IN YEAR:003,  DAY IN 4YRS:0003
 OUTPUT DATA to E/XY/sl.dat
 XY_OUT:  1.35490894317626953E-002
 RHSForm:  2.00979709625244141E-002
           0 KSPSolve  0.28963899612426758      its          29 norm  1.74773471652431463E-003 nvar       97920
   FORM u,v,slh:  5.14030456542968750E-004
   SYNC:  8.11100006103515625E-004
 SolveSys:  0.29108095169067383     
 RHSForm:  1.70440673828125000E-002
           0 KSPSolve  0.34244990348815918      its          31 norm  1.74979222882194990E-003 nvar       97920
   FORM u,v,slh:  3.97920608520507813E-004
   SYNC:  6.14166259765625000E-004
 SolveSys:  0.34353208541870117     
 RHSForm:  1.32548809051513672E-002
           0 KSPSolve  0.29524493217468262      its          31 norm  1.75441288138871452E-003 nvar       97920
   FORM u,v,slh:  3.82900238037109375E-004
   SYNC:  3.80992889404296875E-004
 SolveSys:  0.29607582092285156     
 RHSForm:  1.33399963378906250E-002
           0 KSPSolve  0.32658505439758301      its          33 norm  1.75320712089659016E-003 nvar       97920
   FORM u,v,slh:  3.78847122192382813E-004
   SYNC:  4.43935394287109375E-004
 SolveSys:  0.32748198509216309     
 RHSForm:  1.71239376068115234E-002
           0 KSPSolve  0.32093214988708496      its          34 norm  1.75309328499312291E-003 nvar       97920
   FORM u,v,slh:  2.14815139770507813E-004
   SYNC:  5.86986541748046875E-004
 SolveSys:  0.32179713249206543     
 RHSForm:  1.07498168945312500E-002
           0 KSPSolve  0.27106785774230957      its          34 norm  1.75314026685806802E-003 nvar       97920
   FORM u,v,slh:  3.92198562622070313E-004
   SYNC:  3.32832336425781250E-004
 SolveSys:  0.27186799049377441     
 RHSForm:  1.31819248199462891E-002
           0 KSPSolve  0.29905104637145996      its          34 norm  1.75715673784630809E-003 nvar       97920
   FORM u,v,slh:  2.15053558349609375E-004
   SYNC:  7.42912292480468750E-004
 SolveSys:  0.30007410049438477     
 RHSForm:  1.22900009155273438E-002
           0 KSPSolve  0.28623604774475098      its          35 norm  1.75621009850369198E-003 nvar       97920
   FORM u,v,slh:  3.51905822753906250E-004
   SYNC:  3.60012054443359375E-004
 SolveSys:  0.28707790374755859     
 RHSForm:  1.09169483184814453E-002
           0 KSPSolve  0.32361006736755371      its          36 norm  1.75395815188324786E-003 nvar       97920
   FORM u,v,slh:  2.47001647949218750E-004
   SYNC:  5.25951385498046875E-004
 SolveSys:  0.32449507713317871     
 RHSForm:  1.09579563140869141E-002
           0 KSPSolve  0.30299377441406250      its          34 norm  1.76131626988178572E-003 nvar       97920
   FORM u,v,slh:  4.04834747314453125E-004
   SYNC:  3.55958938598632813E-004
 SolveSys:  0.30390787124633789     
  WRITE XY-DATA: REC=       4
   MODEL TIME: 22:00:00  03JAN2013;  DAY IN YEAR:003,  DAY IN 4YRS:0003
 OUTPUT DATA to E/XY/sl.dat
 XY_OUT:  1.32050514221191406E-002
 RHSForm:  1.47149562835693359E-002
           0 KSPSolve  0.29354095458984375      its          36 norm  1.75561080126502927E-003 nvar       97920
   FORM u,v,slh:  3.07083129882812500E-004
   SYNC:  5.54800033569335938E-004
 SolveSys:  0.29462790489196777     
 RHSForm:  1.22928619384765625E-002
           0 KSPSolve  0.31579494476318359      its          36 norm  1.76221442200398776E-003 nvar       97920
   FORM u,v,slh:  3.84092330932617188E-004
   SYNC:  3.46183776855468750E-004
 SolveSys:  0.31659603118896484     
 RHSForm:  1.41317844390869141E-002
           0 KSPSolve  0.32512211799621582      its          36 norm  1.76373426554491449E-003 nvar       97920
   FORM u,v,slh:  2.41994857788085938E-004
   SYNC:  4.83036041259765625E-004
 SolveSys:  0.32591605186462402     
 RHSForm:  1.22158527374267578E-002
           0 KSPSolve  0.31951403617858887      its          36 norm  1.76235929461466948E-003 nvar       97920
   FORM u,v,slh:  3.81946563720703125E-004
   SYNC:  3.25918197631835938E-004
 SolveSys:  0.32028794288635254     
 RHSForm:  1.29148960113525391E-002
           0 KSPSolve  0.31738591194152832      its          37 norm  1.76470157760619229E-003 nvar       97920
   FORM u,v,slh:  4.05073165893554688E-004
   SYNC:  3.21865081787109375E-004
 SolveSys:  0.31819796562194824     
 RHSForm:  1.21979713439941406E-002
           0 KSPSolve  0.32250595092773438      its          37 norm  1.75992257845894256E-003 nvar       97920
   FORM u,v,slh:  3.91960144042968750E-004
   SYNC:  3.34024429321289063E-004
 SolveSys:  0.32330107688903809     
 RHSForm:  1.77459716796875000E-002
           0 KSPSolve  0.35443401336669922      its          35 norm  1.76678417593850051E-003 nvar       97920
   FORM u,v,slh:  3.92913818359375000E-004
   SYNC:  3.49044799804687500E-004
 SolveSys:  0.35535502433776855     
 RHSForm:  3.10671329498291016E-002
           0 KSPSolve  0.32841801643371582      its          34 norm  1.76900378124439307E-003 nvar       97920
   FORM u,v,slh:  3.78847122192382813E-004
   SYNC:  6.03199005126953125E-004
 SolveSys:  0.32947015762329102     
 RHSForm:  1.70588493347167969E-002
           0 KSPSolve  0.35098695755004883      its          38 norm  1.76722446551122025E-003 nvar       97920
   FORM u,v,slh:  4.11033630371093750E-004
   SYNC:  3.66926193237304688E-004
 SolveSys:  0.35183501243591309     
 RHSForm:  1.09419822692871094E-002
           0 KSPSolve  0.32977104187011719      its          37 norm  1.76397499704206997E-003 nvar       97920
   FORM u,v,slh:  4.01020050048828125E-004
   SYNC:  5.35964965820312500E-004
 SolveSys:  0.33078002929687500     
  WRITE XY-DATA: REC=       4
   MODEL TIME: 03:00:00  04JAN2013;  DAY IN YEAR:004,  DAY IN 4YRS:0004
 OUTPUT DATA to E/XY/sl.dat
 XY_OUT:  1.21381282806396484E-002
 RHSForm:  1.54371261596679688E-002
           0 KSPSolve  0.32570290565490723      its          32 norm  1.76977966629177259E-003 nvar       97920
   FORM u,v,slh:  5.30004501342773438E-004
   SYNC:  5.71012496948242188E-004
 SolveSys:  0.32708001136779785     
 RHSForm:  1.72789096832275391E-002
           0 KSPSolve  0.29855084419250488      its          30 norm  1.77290175142923558E-003 nvar       97920
   FORM u,v,slh:  4.10795211791992188E-004
   SYNC:  6.21080398559570313E-004
 SolveSys:  0.29965400695800781     
 RHSForm:  1.72519683837890625E-002
           0 KSPSolve  0.32524108886718750      its          35 norm  1.77343859926995984E-003 nvar       97920
   FORM u,v,slh:  3.90052795410156250E-004
   SYNC:  3.42130661010742188E-004
 SolveSys:  0.32604193687438965     
 RHSForm:  1.35211944580078125E-002
           0 KSPSolve  0.33687591552734375      its          37 norm  1.77009044247070416E-003 nvar       97920
   FORM u,v,slh:  3.79800796508789063E-004
   SYNC:  2.22206115722656250E-004
 SolveSys:  0.33755397796630859     
 RHSForm:  1.22928619384765625E-002
           0 KSPSolve  0.29200100898742676      its          34 norm  1.77416416390566243E-003 nvar       97920
   FORM u,v,slh:  3.91006469726562500E-004
   SYNC:  3.91006469726562500E-004
 SolveSys:  0.29285907745361328     
 RHSForm:  1.37898921966552734E-002
           0 KSPSolve  0.27487301826477051      its          32 norm  1.77628808791751658E-003 nvar       97920
   FORM u,v,slh:  4.22000885009765625E-004
   SYNC:  3.29017639160156250E-004
 SolveSys:  0.27570605278015137     
 RHSForm:  1.52409076690673828E-002
           0 KSPSolve  0.30758905410766602      its          35 norm  1.77568972605761160E-003 nvar       97920
   FORM u,v,slh:  3.84092330932617188E-004
   SYNC:  7.19070434570312500E-004
 SolveSys:  0.30883002281188965     
 RHSForm:  1.38869285583496094E-002
           0 KSPSolve  0.31014084815979004      its          35 norm  1.77441820152015131E-003 nvar       97920
   FORM u,v,slh:  4.00066375732421875E-004
   SYNC:  3.29017639160156250E-004
 SolveSys:  0.31093907356262207     
 RHSForm:  1.09488964080810547E-002
           0 KSPSolve  0.29584598541259766      its          33 norm  1.78023418037067467E-003 nvar       97920
   FORM u,v,slh:  3.75986099243164063E-004
   SYNC:  3.24010848999023438E-004
 SolveSys:  0.29661202430725098     
 RHSForm:  3.17001342773437500E-002
           0 KSPSolve  0.32211899757385254      its          32 norm  1.78525266942892351E-003 nvar       97920
   FORM u,v,slh:  4.04119491577148438E-004
   SYNC:  3.60012054443359375E-004
 SolveSys:  0.32295513153076172     
  WRITE XY-DATA: REC=       1
   MODEL TIME: 08:00:00  04JAN2013;  DAY IN YEAR:004,  DAY IN 4YRS:0004
 OUTPUT DATA to E/XY/sl.dat
 XY_OUT:  1.31528377532958984E-002
 RHSForm:  1.97679996490478516E-002
           0 KSPSolve  0.34420394897460938      its          34 norm  1.78568470409684469E-003 nvar       97920
   FORM u,v,slh:  4.85897064208984375E-004
   SYNC:  5.17845153808593750E-004
 SolveSys:  0.34535908699035645     
 RHSForm:  1.71360969543457031E-002
           0 KSPSolve  0.32710504531860352      its          34 norm  1.77980564375136274E-003 nvar       97920
   FORM u,v,slh:  3.90052795410156250E-004
   SYNC:  4.71115112304687500E-004
 SolveSys:  0.32803797721862793     
 RHSForm:  1.38869285583496094E-002
           0 KSPSolve  0.27428483963012695      its          32 norm  1.78505349277452820E-003 nvar       97920
   FORM u,v,slh:  2.37941741943359375E-004
   SYNC:  4.32014465332031250E-004
 SolveSys:  0.27502083778381348     
 RHSForm:  1.18930339813232422E-002
           0 KSPSolve  0.27158999443054199      its          31 norm  1.78607322351251926E-003 nvar       97920
   FORM u,v,slh:  3.81946563720703125E-004
   SYNC:  3.73125076293945313E-004
 SolveSys:  0.27242112159729004     
 RHSForm:  1.39381885528564453E-002
           0 KSPSolve  0.27644801139831543      its          31 norm  1.78972778285329788E-003 nvar       97920
   FORM u,v,slh:  4.12940979003906250E-004
   SYNC:  6.88076019287109375E-004
 SolveSys:  0.27762103080749512     
 RHSForm:  1.55088901519775391E-002
           0 KSPSolve  0.31586098670959473      its          31 norm  1.79052699706305080E-003 nvar       97920
   FORM u,v,slh:  3.80992889404296875E-004
   SYNC:  3.81946563720703125E-004
 SolveSys:  0.31678509712219238     
 RHSForm:  1.73590183258056641E-002
           0 KSPSolve  0.29852223396301270      its          30 norm  1.79664505302371122E-003 nvar       97920
   FORM u,v,slh:  4.06026840209960938E-004
   SYNC:  3.36170196533203125E-004
 SolveSys:  0.29933714866638184     
 RHSForm:  3.17938327789306641E-002
           0 KSPSolve  0.30235409736633301      its          30 norm  1.79403215793553540E-003 nvar       97920
   FORM u,v,slh:  4.12940979003906250E-004
   SYNC:  3.59058380126953125E-004
 SolveSys:  0.30319690704345703     
 RHSForm:  1.73511505126953125E-002
           0 KSPSolve  0.28589415550231934      its          29 norm  1.80206523204245518E-003 nvar       97920
   FORM u,v,slh:  4.03881072998046875E-004
   SYNC:  3.80039215087890625E-004
 SolveSys:  0.28680396080017090     
 RHSForm:  1.70011520385742188E-002
           0 KSPSolve  0.30058097839355469      its          30 norm  1.79704264952448107E-003 nvar       97920
   FORM u,v,slh:  3.76939773559570313E-004
   SYNC:  4.33921813964843750E-004
 SolveSys:  0.30146479606628418     
  WRITE XY-DATA: REC=       2
   MODEL TIME: 13:00:00  04JAN2013;  DAY IN YEAR:004,  DAY IN 4YRS:0004
 OUTPUT DATA to E/XY/sl.dat
 XY_OUT:  1.17089748382568359E-002
 RHSForm:  2.31909751892089844E-002
           0 KSPSolve  0.29249095916748047      its          29 norm  1.79636155346679107E-003 nvar       97920
   FORM u,v,slh:  5.22851943969726563E-004
   SYNC:  7.93933868408203125E-004
 SolveSys:  0.29399299621582031     
 RHSForm:  1.74841880798339844E-002
           0 KSPSolve  0.27069997787475586      its          29 norm  1.80171436216831383E-003 nvar       97920
   FORM u,v,slh:  4.12940979003906250E-004
   SYNC:  3.21149826049804688E-004
 SolveSys:  0.27150893211364746     
 RHSForm:  1.37548446655273438E-002
           0 KSPSolve  0.28114700317382813      its          29 norm  1.80130960441785438E-003 nvar       97920
   FORM u,v,slh:  3.90052795410156250E-004
   SYNC:  3.35216522216796875E-004
 SolveSys:  0.28193902969360352     
 RHSForm:  1.08170509338378906E-002
           0 KSPSolve  0.25234484672546387      its          28 norm  1.81102572022485454E-003 nvar       97920
   FORM u,v,slh:  4.07934188842773438E-004
   SYNC:  2.60829925537109375E-004
 SolveSys:  0.25313091278076172     
 RHSForm:  1.04858875274658203E-002
           0 KSPSolve  0.25932192802429199      its          29 norm  1.80966854953940460E-003 nvar       97920
   FORM u,v,slh:  4.00066375732421875E-004
   SYNC:  3.40938568115234375E-004
 SolveSys:  0.26013398170471191     
 RHSForm:  1.20530128479003906E-002
           0 KSPSolve  0.26015615463256836      its          28 norm  1.81114715590990493E-003 nvar       97920
   FORM u,v,slh:  2.57015228271484375E-004
   SYNC:  8.33034515380859375E-004
 SolveSys:  0.26131010055541992     
 RHSForm:  1.05609893798828125E-002
           0 KSPSolve  0.26068282127380371      its          28 norm  1.81782986883859631E-003 nvar       97920
   FORM u,v,slh:  4.03881072998046875E-004
   SYNC:  3.54051589965820313E-004
 SolveSys:  0.26160407066345215     
 RHSForm:  1.27980709075927734E-002
           0 KSPSolve  0.24722003936767578      its          28 norm  1.81869979707177296E-003 nvar       97920
   FORM u,v,slh:  4.18901443481445313E-004
   SYNC:  2.89916992187500000E-004
 SolveSys:  0.24805402755737305     
 RHSForm:  1.24969482421875000E-002
           0 KSPSolve  0.26034092903137207      its          28 norm  1.81532006459755348E-003 nvar       97920
   FORM u,v,slh:  3.63111495971679688E-004
   SYNC:  5.28097152709960938E-004
 SolveSys:  0.26135897636413574     
 RHSForm:  1.28400325775146484E-002
           0 KSPSolve  0.24136304855346680      its          27 norm  1.82271953517780549E-003 nvar       97920
   FORM u,v,slh:  2.36988067626953125E-004
   SYNC:  2.36988067626953125E-004
 SolveSys:  0.24190211296081543     
  WRITE XY-DATA: REC=       3
   MODEL TIME: 18:00:00  04JAN2013;  DAY IN YEAR:004,  DAY IN 4YRS:0004
 OUTPUT DATA to E/XY/sl.dat
 XY_OUT:  1.20618343353271484E-002
 RHSForm:  1.71999931335449219E-002
           0 KSPSolve  0.25779008865356445      its          28 norm  1.81630722040034432E-003 nvar       97920
   FORM u,v,slh:  5.09023666381835938E-004
   SYNC:  5.76019287109375000E-004
 SolveSys:  0.25899410247802734     
 RHSForm:  1.27270221710205078E-002
           0 KSPSolve  0.23061609268188477      its          26 norm  1.82557260995030849E-003 nvar       97920
   FORM u,v,slh:  3.68118286132812500E-004
   SYNC:  3.30924987792968750E-004
 SolveSys:  0.23143506050109863     
 RHSForm:  1.19738578796386719E-002
           0 KSPSolve  0.23952484130859375      its          27 norm  1.83192935568025320E-003 nvar       97920
   FORM u,v,slh:  2.13861465454101563E-004
   SYNC:  3.54051589965820313E-004
 SolveSys:  0.24015688896179199     
 RHSForm:  1.06799602508544922E-002
           0 KSPSolve  0.22877407073974609      its          27 norm  1.82340294756757650E-003 nvar       97920
   FORM u,v,slh:  2.23159790039062500E-004
   SYNC:  3.44991683959960938E-004
 SolveSys:  0.22940802574157715     
 RHSForm:  1.23291015625000000E-002
           0 KSPSolve  0.24780106544494629      its          26 norm  1.83086634557626748E-003 nvar       97920
   FORM u,v,slh:  4.09841537475585938E-004
   SYNC:  3.59058380126953125E-004
 SolveSys:  0.24865484237670898     
 RHSForm:  3.01809310913085938E-002
           0 KSPSolve  0.23616814613342285      its          27 norm  1.82697886252826641E-003 nvar       97920
   FORM u,v,slh:  3.74078750610351563E-004
   SYNC:  2.15053558349609375E-004
 SolveSys:  0.23683714866638184     
 RHSForm:  1.04529857635498047E-002
           0 KSPSolve  0.22406792640686035      its          25 norm  1.84383967597522990E-003 nvar       97920
   FORM u,v,slh:  3.99827957153320313E-004
   SYNC:  3.01122665405273438E-004
 SolveSys:  0.22487092018127441     
 RHSForm:  1.67798995971679688E-002
           0 KSPSolve  0.30928206443786621      its          27 norm  1.83652339849963331E-003 nvar       97920
   FORM u,v,slh:  4.08887863159179688E-004
   SYNC:  3.06129455566406250E-004
 SolveSys:  0.31007099151611328     
 RHSForm:  1.72159671783447266E-002
           0 KSPSolve  0.23570203781127930      its          25 norm  1.84665256621892120E-003 nvar       97920
   FORM u,v,slh:  4.02212142944335938E-004
   SYNC:  6.36100769042968750E-004
 SolveSys:  0.23681211471557617     
 RHSForm:  1.24771595001220703E-002
           0 KSPSolve  0.23709392547607422      its          27 norm  1.83474493035148197E-003 nvar       97920
   FORM u,v,slh:  3.67879867553710938E-004
   SYNC:  3.05175781250000000E-004
 SolveSys:  0.23787617683410645     
  WRITE XY-DATA: REC=       4
   MODEL TIME: 23:00:00  04JAN2013;  DAY IN YEAR:004,  DAY IN 4YRS:0004
 OUTPUT DATA to E/XY/sl.dat
 XY_OUT:  1.29029750823974609E-002
 RHSForm:  3.00459861755371094E-002
           0 KSPSolve  0.24782991409301758      its          25 norm  1.84227100606377831E-003 nvar       97920
   FORM u,v,slh:  5.24044036865234375E-004
   SYNC:  4.43935394287109375E-004
 SolveSys:  0.24890089035034180     
 RHSForm:  1.28090381622314453E-002
           0 KSPSolve  0.24690198898315430      its          26 norm  1.84287473866519822E-003 nvar       97920
   FORM u,v,slh:  4.01020050048828125E-004
   SYNC:  3.80992889404296875E-004
 SolveSys:  0.24775385856628418     
 RHSForm:  1.73239707946777344E-002
           0 KSPSolve  0.23089694976806641      its          25 norm  1.85691357499697253E-003 nvar       97920
   FORM u,v,slh:  3.86953353881835938E-004
   SYNC:  5.97953796386718750E-004
 SolveSys:  0.23195099830627441     
 RHSForm:  1.63149833679199219E-002
           0 KSPSolve  0.23550915718078613      its          26 norm  1.85454999839868473E-003 nvar       97920
   FORM u,v,slh:  4.00066375732421875E-004
   SYNC:  5.55992126464843750E-004
 SolveSys:  0.23653602600097656     
 RHSForm:  1.30178928375244141E-002
           0 KSPSolve  0.22714495658874512      its          26 norm  1.84727359411072565E-003 nvar       97920
   FORM u,v,slh:  2.24113464355468750E-004
   SYNC:  3.05175781250000000E-004
 SolveSys:  0.22774291038513184     
 RHSForm:  1.17371082305908203E-002
           0 KSPSolve  0.21034002304077148      its          25 norm  1.85331770082755392E-003 nvar       97920
   FORM u,v,slh:  4.14848327636718750E-004
   SYNC:  4.26054000854492188E-004
 SolveSys:  0.21124982833862305     
 RHSForm:  1.37829780578613281E-002
           0 KSPSolve  0.24560618400573730      its          26 norm  1.85632111748704524E-003 nvar       97920
   FORM u,v,slh:  3.98159027099609375E-004
   SYNC:  3.91960144042968750E-004
 SolveSys:  0.24650311470031738     
 RHSForm:  3.17399501800537109E-002
           0 KSPSolve  0.29307293891906738      its          25 norm  1.86113644486730098E-003 nvar       97920
   FORM u,v,slh:  3.98159027099609375E-004
   SYNC:  4.47988510131835938E-004
 SolveSys:  0.29399800300598145     
 RHSForm:  1.30879878997802734E-002
           0 KSPSolve  0.22293996810913086      its          26 norm  1.86488333476060673E-003 nvar       97920
   FORM u,v,slh:  3.91960144042968750E-004
   SYNC:  4.40120697021484375E-004
 SolveSys:  0.22384190559387207     
 RHSForm:  1.19159221649169922E-002
           0 KSPSolve  0.21969008445739746      its          26 norm  1.85578618635506365E-003 nvar       97920
   FORM u,v,slh:  3.96013259887695313E-004
   SYNC:  2.83956527709960938E-004
 SolveSys:  0.22043585777282715     
  WRITE XY-DATA: REC=       4
   MODEL TIME: 04:00:00  05JAN2013;  DAY IN YEAR:005,  DAY IN 4YRS:0005
 OUTPUT DATA to E/XY/sl.dat
 XY_OUT:  1.22668743133544922E-002
 RHSForm:  1.91829204559326172E-002
           0 KSPSolve  0.21931099891662598      its          25 norm  1.86932667095707022E-003 nvar       97920
   FORM u,v,slh:  5.19990921020507813E-004
   SYNC:  5.86986541748046875E-004
 SolveSys:  0.22052907943725586     
 RHSForm:  1.12431049346923828E-002
           0 KSPSolve  0.24960398674011230      its          26 norm  1.87690497338954105E-003 nvar       97920
   FORM u,v,slh:  2.12907791137695313E-004
   SYNC:  7.75814056396484375E-004
 SolveSys:  0.25065493583679199     
 RHSForm:  1.34370326995849609E-002
           0 KSPSolve  0.23751807212829590      its          26 norm  1.87341555264641563E-003 nvar       97920
   FORM u,v,slh:  3.91006469726562500E-004
   SYNC:  5.90085983276367188E-004
 SolveSys:  0.23856592178344727     
 RHSForm:  1.51259899139404297E-002
           0 KSPSolve  0.24159884452819824      its          26 norm  1.87584317661048912E-003 nvar       97920
   FORM u,v,slh:  4.07934188842773438E-004
   SYNC:  4.01020050048828125E-004
 SolveSys:  0.24248099327087402     
 RHSForm:  1.22048854827880859E-002
           0 KSPSolve  0.23666095733642578      its          27 norm  1.86542801652841398E-003 nvar       97920
   FORM u,v,slh:  4.09841537475585938E-004
   SYNC:  3.35931777954101563E-004
 SolveSys:  0.23748207092285156     
 RHSForm:  1.23698711395263672E-002
           0 KSPSolve  0.20310497283935547      its          25 norm  1.87976064118121106E-003 nvar       97920
   FORM u,v,slh:  2.24113464355468750E-004
   SYNC:  5.17845153808593750E-004
 SolveSys:  0.20391988754272461     
 RHSForm:  1.07638835906982422E-002
           0 KSPSolve  0.22075581550598145      its          27 norm  1.88255364484110968E-003 nvar       97920
   FORM u,v,slh:  2.41041183471679688E-004
   SYNC:  4.94956970214843750E-004
 SolveSys:  0.22156000137329102     
 RHSForm:  1.21881961822509766E-002
           0 KSPSolve  0.24458909034729004      its          26 norm  1.88601499501568387E-003 nvar       97920
   FORM u,v,slh:  4.10079956054687500E-004
   SYNC:  3.59058380126953125E-004
 SolveSys:  0.24543404579162598     
 RHSForm:  1.71768665313720703E-002
           0 KSPSolve  0.23395800590515137      its          27 norm  1.88888510925706138E-003 nvar       97920
   FORM u,v,slh:  2.45094299316406250E-004
   SYNC:  5.08069992065429688E-004
 SolveSys:  0.23479485511779785     
 RHSForm:  1.29239559173583984E-002
           0 KSPSolve  0.24535799026489258      its          27 norm  1.89000102294344693E-003 nvar       97920
   FORM u,v,slh:  4.00066375732421875E-004
   SYNC:  4.00066375732421875E-004
 SolveSys:  0.24623107910156250     
  WRITE XY-DATA: REC=       1
   MODEL TIME: 09:00:00  05JAN2013;  DAY IN YEAR:005,  DAY IN 4YRS:0005
 OUTPUT DATA to E/XY/sl.dat
 XY_OUT:  1.14269256591796875E-002
 RHSForm:  1.71399116516113281E-002
           0 KSPSolve  0.24162197113037109      its          28 norm  1.87675202016154992E-003 nvar       97920
   FORM u,v,slh:  2.90155410766601563E-004
   SYNC:  6.12020492553710938E-004
 SolveSys:  0.24262213706970215     
 RHSForm:  1.30980014801025391E-002
           0 KSPSolve  0.25278496742248535      its          26 norm  1.89468223123828543E-003 nvar       97920
   FORM u,v,slh:  3.85999679565429688E-004
   SYNC:  2.48908996582031250E-004
 SolveSys:  0.25348711013793945     
 RHSForm:  2.50699520111083984E-002
           0 KSPSolve  0.30798983573913574      its          29 norm  1.87683350307041308E-003 nvar       97920
   FORM u,v,slh:  3.87907028198242188E-004
   SYNC:  5.96046447753906250E-004
 SolveSys:  0.30904412269592285     
 RHSForm:  1.73320770263671875E-002
           0 KSPSolve  0.22429203987121582      its          26 norm  1.88982168970646953E-003 nvar       97920
   FORM u,v,slh:  2.13861465454101563E-004
   SYNC:  2.84910202026367188E-004
 SolveSys:  0.22485399246215820     
 RHSForm:  1.37000083923339844E-002
           0 KSPSolve  0.26873898506164551      its          29 norm  1.88385519176547528E-003 nvar       97920
   FORM u,v,slh:  2.13861465454101563E-004
   SYNC:  3.15904617309570313E-004
 SolveSys:  0.26933908462524414     
 RHSForm:  1.08790397644042969E-002
           0 KSPSolve  0.23253607749938965      its          27 norm  1.89555780586927384E-003 nvar       97920
   FORM u,v,slh:  4.34875488281250000E-004
   SYNC:  3.42130661010742188E-004
 SolveSys:  0.23345494270324707     
 RHSForm:  1.24621391296386719E-002
           0 KSPSolve  0.25629496574401855      its          29 norm  1.89306592846395848E-003 nvar       97920
   FORM u,v,slh:  3.99112701416015625E-004
   SYNC:  3.29971313476562500E-004
 SolveSys:  0.25710082054138184     
 RHSForm:  1.72140598297119141E-002
           0 KSPSolve  0.27366590499877930      its          28 norm  1.90227500231677929E-003 nvar       97920
   FORM u,v,slh:  3.71932983398437500E-004
   SYNC:  4.03881072998046875E-004
 SolveSys:  0.27464818954467773     
 RHSForm:  3.15301418304443359E-002
           0 KSPSolve  0.24902892112731934      its          29 norm  1.90431786015694739E-003 nvar       97920
   FORM u,v,slh:  2.21014022827148438E-004
   SYNC:  1.19495391845703125E-003
 SolveSys:  0.25056695938110352     
 RHSForm:  1.37498378753662109E-002
           0 KSPSolve  0.25792694091796875      its          29 norm  1.90574379249894765E-003 nvar       97920
   FORM u,v,slh:  4.11987304687500000E-004
   SYNC:  2.82049179077148438E-004
 SolveSys:  0.25869083404541016     
  WRITE XY-DATA: REC=       2
   MODEL TIME: 14:00:00  05JAN2013;  DAY IN YEAR:005,  DAY IN 4YRS:0005
 OUTPUT DATA to E/XY/sl.dat
 XY_OUT:  1.16670131683349609E-002
 RHSForm:  1.35180950164794922E-002
           0 KSPSolve  0.27694797515869141      its          29 norm  1.90923024337211070E-003 nvar       97920
   FORM u,v,slh:  4.95910644531250000E-004
   SYNC:  4.58955764770507813E-004
 SolveSys:  0.27803206443786621     
 RHSForm:  1.22661590576171875E-002
           0 KSPSolve  0.25473308563232422      its          30 norm  1.89940747926385135E-003 nvar       97920
   FORM u,v,slh:  2.57968902587890625E-004
   SYNC:  2.75135040283203125E-004
 SolveSys:  0.25533604621887207     
 RHSForm:  1.07638835906982422E-002
           0 KSPSolve  0.27434301376342773      its          29 norm  1.90180118201793463E-003 nvar       97920
   FORM u,v,slh:  3.80039215087890625E-004
   SYNC:  3.82900238037109375E-004
 SolveSys:  0.27517509460449219     
 RHSForm:  2.50759124755859375E-002
           0 KSPSolve  0.28837299346923828      its          29 norm  1.91360110643070693E-003 nvar       97920
   FORM u,v,slh:  2.23159790039062500E-004
   SYNC:  1.68299674987792969E-003
 SolveSys:  0.29034209251403809     
 RHSForm:  1.47979259490966797E-002
           0 KSPSolve  0.28322100639343262      its          30 norm  1.90952124775656414E-003 nvar       97920
   FORM u,v,slh:  2.41041183471679688E-004
   SYNC:  3.52859497070312500E-004
 SolveSys:  0.28388595581054688     
 RHSForm:  1.19462013244628906E-002
           0 KSPSolve  0.28556108474731445      its          29 norm  1.91643451937810504E-003 nvar       97920
   FORM u,v,slh:  3.79085540771484375E-004
   SYNC:  3.81946563720703125E-004
 SolveSys:  0.28639197349548340     
 RHSForm:  1.41248703002929688E-002
           0 KSPSolve  0.30040001869201660      its          30 norm  1.91661593233916419E-003 nvar       97920
   FORM u,v,slh:  3.89099121093750000E-004
   SYNC:  2.88009643554687500E-004
 SolveSys:  0.30115199089050293     
 RHSForm:  1.21061801910400391E-002
           0 KSPSolve  0.32405805587768555      its          30 norm  1.90801094002436642E-003 nvar       97920
   FORM u,v,slh:  3.75986099243164063E-004
   SYNC:  2.97069549560546875E-004
 SolveSys:  0.32479715347290039     
 RHSForm:  3.12500000000000000E-002
           0 KSPSolve  0.37181210517883301      its          29 norm  1.91358132405136661E-003 nvar       97920
   FORM u,v,slh:  2.15053558349609375E-004
   SYNC:  2.34842300415039063E-004
 SolveSys:  0.37234807014465332     
 RHSForm:  1.04768276214599609E-002
           0 KSPSolve  0.29193496704101563      its          30 norm  1.90986707256031755E-003 nvar       97920
   FORM u,v,slh:  3.85999679565429688E-004
   SYNC:  5.71012496948242188E-004
 SolveSys:  0.29299211502075195     
  WRITE XY-DATA: REC=       3
   MODEL TIME: 19:00:00  05JAN2013;  DAY IN YEAR:005,  DAY IN 4YRS:0005
 OUTPUT DATA to E/XY/sl.dat
 XY_OUT:  1.15089416503906250E-002
 RHSForm:  1.57718658447265625E-002
           0 KSPSolve  0.24597501754760742      its          28 norm  1.92621199331735387E-003 nvar       97920
   FORM u,v,slh:  5.28812408447265625E-004
   SYNC:  4.35113906860351563E-004
 SolveSys:  0.24705100059509277     
 RHSForm:  1.21970176696777344E-002
           0 KSPSolve  0.28078293800354004      its          30 norm  1.92182742930504841E-003 nvar       97920
   FORM u,v,slh:  3.89814376831054688E-004
   SYNC:  2.83002853393554688E-004
 SolveSys:  0.28153181076049805     
 RHSForm:  1.18489265441894531E-002
           0 KSPSolve  0.27252388000488281      its          29 norm  1.92089696903694363E-003 nvar       97920
   FORM u,v,slh:  3.91006469726562500E-004
   SYNC:  2.98976898193359375E-004
 SolveSys:  0.27328681945800781     
 RHSForm:  1.05781555175781250E-002
           0 KSPSolve  0.29065918922424316      its          29 norm  1.92425499075701205E-003 nvar       97920
   FORM u,v,slh:  3.85046005249023438E-004
   SYNC:  3.63111495971679688E-004
 SolveSys:  0.29148006439208984     
 RHSForm:  1.31571292877197266E-002
           0 KSPSolve  0.28634405136108398      its          29 norm  1.92683718474583499E-003 nvar       97920
   FORM u,v,slh:  3.96966934204101563E-004
   SYNC:  2.98976898193359375E-004
 SolveSys:  0.28711199760437012     
 RHSForm:  1.13739967346191406E-002
           0 KSPSolve  0.28658103942871094      its          29 norm  1.92424309174596799E-003 nvar       97920
   FORM u,v,slh:  4.01973724365234375E-004
   SYNC:  3.17811965942382813E-004
 SolveSys:  0.28737092018127441     
 RHSForm:  1.68700218200683594E-002
           0 KSPSolve  0.25177383422851563      its          28 norm  1.93560646437391549E-003 nvar       97920
   FORM u,v,slh:  3.90052795410156250E-004
   SYNC:  2.58922576904296875E-004
 SolveSys:  0.25248885154724121     
 RHSForm:  1.67329311370849609E-002
           0 KSPSolve  0.26445078849792480      its          29 norm  1.93308854616136019E-003 nvar       97920
   FORM u,v,slh:  2.28166580200195313E-004
   SYNC:  2.49147415161132813E-004
 SolveSys:  0.26499891281127930     
 RHSForm:  1.16219520568847656E-002
           0 KSPSolve  0.27216291427612305      its          28 norm  1.93567835730636237E-003 nvar       97920
   FORM u,v,slh:  4.00066375732421875E-004
   SYNC:  3.58819961547851563E-004
 SolveSys:  0.27299594879150391     
 RHSForm:  1.68988704681396484E-002
           0 KSPSolve  0.25268101692199707      its          28 norm  1.94214949251792402E-003 nvar       97920
   FORM u,v,slh:  3.79085540771484375E-004
   SYNC:  3.91006469726562500E-004
 SolveSys:  0.25352215766906738     
  WRITE XY-DATA: REC=       4
   MODEL TIME: 24:00:00  05JAN2013;  DAY IN YEAR:005,  DAY IN 4YRS:0005
 OUTPUT DATA to E/XY/sl.dat
 XY_OUT:  1.31127834320068359E-002
 
END OF TIME INTEGRATION OF OCEAN MODEL
 
 TIME GLOBAL:   202.80352091789246     
  ELAPSED DAY:   1; TIME:  0: 2:51,30
  ELAPSED DAY:   1; TIME:  0: 2:43,23
  ELAPSED DAY:   1; TIME:  0: 2:36, 2
  ELAPSED DAY:   1; TIME:  0: 2:59,91
