  START DAY:   1; TIME:  0: 0: 0,27
 MatForm:   13.015388011932373     
 RHSForm:  9.29830074310302734E-002
           0 KSPSolve   11.166747808456421      its        1009 norm  1.62830996561756647E-003 nvar       97920
   FORM u,v,slh:  4.88400459289550781E-002
   SYNC:  9.76085662841796875E-004
 SolveSys:   11.217805147171021     
 RHSForm:  1.73449516296386719E-002
           0 KSPSolve   7.8369278907775879      its         748 norm  2.47498511278035089E-003 nvar       97920
   FORM u,v,slh:  4.52995300292968750E-004
   SYNC:  1.14989280700683594E-003
 SolveSys:   7.8388049602508545     
 RHSForm:  1.97310447692871094E-002
           0 KSPSolve   8.6869559288024902      its         831 norm  2.63071745209507392E-003 nvar       97920
   FORM u,v,slh:  9.01937484741210938E-004
   SYNC:  1.79314613342285156E-003
 SolveSys:   8.6903939247131348     
 RHSForm:  1.54349803924560547E-002
           0 KSPSolve   6.0569429397583008      its         581 norm  2.35579991699147928E-003 nvar       97920
   FORM u,v,slh:  2.05993652343750000E-004
   SYNC:  7.29084014892578125E-004
 SolveSys:   6.0579960346221924     
 RHSForm:  1.62508487701416016E-002
           0 KSPSolve   5.2186069488525391      its         494 norm  1.91368689360444798E-003 nvar       97920
   FORM u,v,slh:  6.96182250976562500E-004
   SYNC:  3.19314002990722656E-003
 SolveSys:   5.2229058742523193     
 RHSForm:  2.12450027465820313E-002
           0 KSPSolve   7.1713199615478516      its         700 norm  1.55350894412403101E-003 nvar       97920
   FORM u,v,slh:  5.71012496948242188E-004
   SYNC:  2.41184234619140625E-003
 SolveSys:   7.1761689186096191     
 RHSForm:  1.92339420318603516E-002
           0 KSPSolve   6.2567288875579834      its         604 norm  1.39621223319608048E-003 nvar       97920
   FORM u,v,slh:  2.01940536499023438E-004
   SYNC:  1.04713439941406250E-003
 SolveSys:   6.2580819129943848     
 RHSForm:  1.40991210937500000E-002
           0 KSPSolve   7.2303719520568848      its         702 norm  1.40350875892614039E-003 nvar       97920
   FORM u,v,slh:  5.12838363647460938E-004
   SYNC:  5.40971755981445313E-004
 SolveSys:   7.2316570281982422     
 RHSForm:  1.86650753021240234E-002
           0 KSPSolve   4.9844949245452881      its         477 norm  1.48596102462775345E-003 nvar       97920
   FORM u,v,slh:  3.06844711303710938E-004
   SYNC:  9.41991806030273438E-004
 SolveSys:   4.9859309196472168     
 RHSForm:  1.90198421478271484E-002
           0 KSPSolve   4.7859702110290527      its         462 norm  1.58580448122667907E-003 nvar       97920
   FORM u,v,slh:  2.21014022827148438E-004
   SYNC:  7.10010528564453125E-004
 SolveSys:   4.7870030403137207     
  WRITE XY-DATA: REC=       1
   MODEL TIME: 05:00:00  01JAN2013;  DAY IN YEAR:001,  DAY IN 4YRS:0001
 OUTPUT DATA to E/XY/sl.dat
 XY_OUT:  0.22155213356018066     
 RHSForm:  2.08110809326171875E-002
           0 KSPSolve   4.1262218952178955      its         402 norm  1.65002925272584493E-003 nvar       97920
   FORM u,v,slh:  3.44038009643554688E-004
   SYNC:  9.53912734985351563E-004
 SolveSys:   4.1276500225067139     
 RHSForm:  1.56550407409667969E-002
           0 KSPSolve   4.9795329570770264      its         472 norm  1.68722718587322341E-003 nvar       97920
   FORM u,v,slh:  8.74042510986328125E-004
   SYNC:  1.25098228454589844E-003
 SolveSys:   4.9821629524230957     
 RHSForm:  1.61571502685546875E-002
           0 KSPSolve   4.4390819072723389      its         430 norm  1.68826696375674618E-003 nvar       97920
   FORM u,v,slh:  2.25067138671875000E-004
   SYNC:  5.58137893676757813E-004
 SolveSys:   4.4399399757385254     
 RHSForm:  1.89149379730224609E-002
           0 KSPSolve   4.1066009998321533      its         399 norm  1.67132415088086668E-003 nvar       97920
   FORM u,v,slh:  4.15802001953125000E-004
   SYNC:  3.41796875000000000E-003
 SolveSys:   4.1129360198974609     
 RHSForm:  1.96309089660644531E-002
           0 KSPSolve   4.8207161426544189      its         463 norm  1.64907358853865513E-003 nvar       97920
   FORM u,v,slh:  2.33888626098632813E-004
   SYNC:  5.45024871826171875E-004
 SolveSys:   4.8216419219970703     
 RHSForm:  1.09238624572753906E-002
           0 KSPSolve   2.4558510780334473      its         234 norm  1.63438453098007958E-003 nvar       97920
   FORM u,v,slh:  3.25918197631835938E-004
   SYNC:  6.70909881591796875E-004
 SolveSys:   2.4570810794830322     
 RHSForm:  1.97589397430419922E-002
           0 KSPSolve  0.31901597976684570      its          30 norm  1.60138230897318139E-003 nvar       97920
   FORM u,v,slh:  2.01940536499023438E-004
   SYNC:  9.36985015869140625E-004
 SolveSys:  0.32023310661315918     
 RHSForm:  1.20561122894287109E-002
           0 KSPSolve   2.4570600986480713      its         238 norm  1.63357939595631940E-003 nvar       97920
   FORM u,v,slh:  2.26974487304687500E-004
   SYNC:  6.06775283813476563E-004
 SolveSys:   2.4579751491546631     
 RHSForm:  1.51510238647460938E-002
           0 KSPSolve   2.3261909484863281      its         229 norm  1.63945535514156151E-003 nvar       97920
   FORM u,v,slh:  2.26020812988281250E-004
   SYNC:  7.80105590820312500E-004
 SolveSys:   2.3272709846496582     
 RHSForm:  1.71620845794677734E-002
           0 KSPSolve   2.5772278308868408      its         243 norm  1.63988273145500361E-003 nvar       97920
   FORM u,v,slh:  2.01940536499023438E-004
   SYNC:  1.15895271301269531E-003
 SolveSys:   2.5792479515075684     
  WRITE XY-DATA: REC=       2
   MODEL TIME: 10:00:00  01JAN2013;  DAY IN YEAR:001,  DAY IN 4YRS:0001
 OUTPUT DATA to E/XY/sl.dat
 XY_OUT:  2.14250087738037109E-002
 RHSForm:  2.58979797363281250E-002
           0 KSPSolve   2.3813180923461914      its         233 norm  1.63139436246089245E-003 nvar       97920
   FORM u,v,slh:  4.82082366943359375E-004
   SYNC:  1.07908248901367188E-003
 SolveSys:   2.3830981254577637     
 RHSForm:  2.18939781188964844E-002
           0 KSPSolve   1.8032188415527344      its         179 norm  1.63272539059098579E-003 nvar       97920
   FORM u,v,slh:  2.27928161621093750E-004
   SYNC:  1.00803375244140625E-003
 SolveSys:   1.8045330047607422     
 RHSForm:  1.30069255828857422E-002
           0 KSPSolve   1.1476259231567383      its         113 norm  1.62387850539105739E-003 nvar       97920
   FORM u,v,slh:  2.31027603149414063E-004
   SYNC:  9.32216644287109375E-004
 SolveSys:   1.1488749980926514     
 RHSForm:  1.65410041809082031E-002
           0 KSPSolve  0.82195186614990234      its          84 norm  1.61592498831007172E-003 nvar       97920
   FORM u,v,slh:  1.93119049072265625E-004
   SYNC:  9.10043716430664063E-004
 SolveSys:  0.82313299179077148     
 RHSForm:  1.18389129638671875E-002
           0 KSPSolve  0.78822398185729980      its          78 norm  1.61218841327363544E-003 nvar       97920
   FORM u,v,slh:  2.13861465454101563E-004
   SYNC:  7.98225402832031250E-004
 SolveSys:  0.78930878639221191     
 RHSForm:  1.50580406188964844E-002
           0 KSPSolve  0.91344308853149414      its          86 norm  1.61814597776319298E-003 nvar       97920
   FORM u,v,slh:  2.33888626098632813E-004
   SYNC:  9.09090042114257813E-004
 SolveSys:  0.91466808319091797     
 RHSForm:  1.54211521148681641E-002
           0 KSPSolve   1.3117609024047852      its         122 norm  1.62129379173484088E-003 nvar       97920
   FORM u,v,slh:  1.65939331054687500E-004
   SYNC:  1.07407569885253906E-003
 SolveSys:   1.3130750656127930     
 RHSForm:  1.66199207305908203E-002
           0 KSPSolve   1.4095089435577393      its         139 norm  1.62698442760066575E-003 nvar       97920
   FORM u,v,slh:  2.30073928833007813E-004
   SYNC:  6.16073608398437500E-004
 SolveSys:   1.4104290008544922     
 RHSForm:  1.17299556732177734E-002
           0 KSPSolve  0.95156979560852051      its          90 norm  1.63257001186147628E-003 nvar       97920
   FORM u,v,slh:  3.34978103637695313E-004
   SYNC:  9.47952270507812500E-004
 SolveSys:  0.95302700996398926     
 RHSForm:  1.75240039825439453E-002
           0 KSPSolve   1.1586339473724365      its         114 norm  1.63423482203764784E-003 nvar       97920
   FORM u,v,slh:  2.52962112426757813E-004
   SYNC:  1.18803977966308594E-003
 SolveSys:   1.1601498126983643     
  WRITE XY-DATA: REC=       3
   MODEL TIME: 15:00:00  01JAN2013;  DAY IN YEAR:001,  DAY IN 4YRS:0001
 OUTPUT DATA to E/XY/sl.dat
 XY_OUT:  1.96008682250976563E-002
 RHSForm:  1.63450241088867188E-002
           0 KSPSolve  0.96084117889404297      its          91 norm  1.64568587600405405E-003 nvar       97920
   FORM u,v,slh:  1.85012817382812500E-004
   SYNC:  1.33109092712402344E-003
 SolveSys:  0.96251010894775391     
 RHSForm:  1.54769420623779297E-002
           0 KSPSolve  0.59586811065673828      its          64 norm  1.63156836308976454E-003 nvar       97920
   FORM u,v,slh:  2.00033187866210938E-004
   SYNC:  5.78165054321289063E-004
 SolveSys:  0.59672617912292480     
 RHSForm:  1.56581401824951172E-002
           0 KSPSolve  0.57439088821411133      its          57 norm  1.63017275918565319E-003 nvar       97920
   FORM u,v,slh:  2.36034393310546875E-004
   SYNC:  6.08921051025390625E-004
 SolveSys:  0.57531189918518066     
 RHSForm:  1.22659206390380859E-002
           0 KSPSolve  0.59136414527893066      its          57 norm  1.63857974837399302E-003 nvar       97920
   FORM u,v,slh:  1.49965286254882813E-004
   SYNC:  6.13927841186523438E-004
 SolveSys:  0.59228897094726563     
 RHSForm:  1.52420997619628906E-002
           0 KSPSolve  0.60060501098632813      its          57 norm  1.65561806762353132E-003 nvar       97920
   FORM u,v,slh:  2.15053558349609375E-004
   SYNC:  9.00983810424804688E-004
 SolveSys:  0.60180997848510742     
 RHSForm:  1.88879966735839844E-002
           0 KSPSolve  0.71646785736083984      its          70 norm  1.64590771628438473E-003 nvar       97920
   FORM u,v,slh:  2.00033187866210938E-004
   SYNC:  9.79900360107421875E-004
 SolveSys:  0.71779990196228027     
 RHSForm:  1.52411460876464844E-002
           0 KSPSolve  0.70690703392028809      its          69 norm  1.64515353188962230E-003 nvar       97920
   FORM u,v,slh:  2.01940536499023438E-004
   SYNC:  8.32080841064453125E-004
 SolveSys:  0.70802211761474609     
 RHSForm:  1.53489112854003906E-002
           0 KSPSolve  0.95252013206481934      its          90 norm  1.64590160909993928E-003 nvar       97920
   FORM u,v,slh:  2.54154205322265625E-004
   SYNC:  7.53164291381835938E-004
 SolveSys:  0.95360398292541504     
 RHSForm:  1.29981040954589844E-002
           0 KSPSolve  0.68882203102111816      its          68 norm  1.64041954346215543E-003 nvar       97920
   FORM u,v,slh:  2.13861465454101563E-004
   SYNC:  6.16073608398437500E-004
 SolveSys:  0.68972921371459961     
 RHSForm:  1.55649185180664063E-002
           0 KSPSolve  0.66698503494262695      its          62 norm  1.62867366635239706E-003 nvar       97920
   FORM u,v,slh:  2.00033187866210938E-004
   SYNC:  9.03129577636718750E-004
 SolveSys:  0.66816806793212891     
  WRITE XY-DATA: REC=       4
   MODEL TIME: 20:00:00  01JAN2013;  DAY IN YEAR:001,  DAY IN 4YRS:0001
 OUTPUT DATA to E/XY/sl.dat
 XY_OUT:  1.81009769439697266E-002
 RHSForm:  1.78320407867431641E-002
           0 KSPSolve  0.83315110206604004      its          81 norm  1.63334211453428817E-003 nvar       97920
   FORM u,v,slh:  3.35931777954101563E-004
   SYNC:  1.33681297302246094E-003
 SolveSys:  0.83499193191528320     
 RHSForm:  1.20201110839843750E-002
           0 KSPSolve  0.63193607330322266      its          58 norm  1.63564148033699106E-003 nvar       97920
   FORM u,v,slh:  8.72850418090820313E-004
   SYNC:  9.26017761230468750E-004
 SolveSys:  0.63392519950866699     
 RHSForm:  1.53732299804687500E-002
           0 KSPSolve  0.59493398666381836      its          57 norm  1.62184754267463401E-003 nvar       97920
   FORM u,v,slh:  2.29120254516601563E-004
   SYNC:  9.00030136108398438E-004
 SolveSys:  0.59614896774291992     
 RHSForm:  1.29930973052978516E-002
           0 KSPSolve  0.55271100997924805      its          56 norm  1.63086033345347429E-003 nvar       97920
   FORM u,v,slh:  2.24828720092773438E-004
   SYNC:  5.77211380004882813E-004
 SolveSys:  0.55359005928039551     
 RHSForm:  1.14469528198242188E-002
           0 KSPSolve  0.53721213340759277      its          53 norm  1.61241418129149522E-003 nvar       97920
   FORM u,v,slh:  1.74999237060546875E-004
   SYNC:  4.02927398681640625E-004
 SolveSys:  0.53831601142883301     
 RHSForm:  1.46069526672363281E-002
           0 KSPSolve  0.47347307205200195      its          50 norm  1.63716828124790847E-003 nvar       97920
   FORM u,v,slh:  2.03847885131835938E-004
   SYNC:  6.84976577758789063E-004
 SolveSys:  0.47455811500549316     
 RHSForm:  1.54380798339843750E-002
           0 KSPSolve  0.48721289634704590      its          52 norm  1.61759830253547501E-003 nvar       97920
   FORM u,v,slh:  1.40905380249023438E-004
   SYNC:  7.89165496826171875E-004
 SolveSys:  0.48821711540222168     
 RHSForm:  1.21331214904785156E-002
           0 KSPSolve  0.51378083229064941      its          51 norm  1.62211559727917353E-003 nvar       97920
   FORM u,v,slh:  1.82867050170898438E-004
   SYNC:  5.84125518798828125E-004
 SolveSys:  0.51473498344421387     
 RHSForm:  2.45559215545654297E-002
           0 KSPSolve  0.50729608535766602      its          51 norm  1.63279526654242424E-003 nvar       97920
   FORM u,v,slh:  2.08139419555664063E-004
   SYNC:  5.11884689331054688E-004
 SolveSys:  0.50845193862915039     
 RHSForm:  1.59058570861816406E-002
           0 KSPSolve  0.52904796600341797      its          52 norm  1.61472040569860518E-003 nvar       97920
   FORM u,v,slh:  2.33888626098632813E-004
   SYNC:  1.05190277099609375E-003
 SolveSys:  0.53044700622558594     
  WRITE XY-DATA: REC=       4
   MODEL TIME: 01:00:00  02JAN2013;  DAY IN YEAR:002,  DAY IN 4YRS:0002
 OUTPUT DATA to E/XY/sl.dat
 XY_OUT:  1.89428329467773438E-002
 RHSForm:  1.78461074829101563E-002
           0 KSPSolve  0.49510502815246582      its          50 norm  1.63664817147252855E-003 nvar       97920
   FORM u,v,slh:  3.08990478515625000E-004
   SYNC:  1.28698348999023438E-003
 SolveSys:  0.49686598777770996     
 RHSForm:  1.55339241027832031E-002
           0 KSPSolve  0.55589103698730469      its          52 norm  1.62702672463124081E-003 nvar       97920
   FORM u,v,slh:  2.16960906982421875E-004
   SYNC:  8.86917114257812500E-004
 SolveSys:  0.55707502365112305     
 RHSForm:  1.57220363616943359E-002
           0 KSPSolve  0.52333617210388184      its          51 norm  1.64356518529691869E-003 nvar       97920
   FORM u,v,slh:  2.04086303710937500E-004
   SYNC:  8.23020935058593750E-004
 SolveSys:  0.52446413040161133     
 RHSForm:  1.15108489990234375E-002
           0 KSPSolve  0.51247382164001465      its          52 norm  1.64375017402699402E-003 nvar       97920
   FORM u,v,slh:  1.93119049072265625E-004
   SYNC:  6.06060028076171875E-004
 SolveSys:  0.51342916488647461     
 RHSForm:  1.11711025238037109E-002
           0 KSPSolve  0.50896096229553223      its          52 norm  1.64659384709161453E-003 nvar       97920
   FORM u,v,slh:  2.00033187866210938E-004
   SYNC:  6.36100769042968750E-004
 SolveSys:  0.50997591018676758     
 RHSForm:  1.11899375915527344E-002
           0 KSPSolve  0.52408099174499512      its          52 norm  1.65297431387883241E-003 nvar       97920
   FORM u,v,slh:  2.47001647949218750E-004
   SYNC:  9.93967056274414063E-004
 SolveSys:  0.52545809745788574     
 RHSForm:  1.33390426635742188E-002
           0 KSPSolve  0.53328800201416016      its          52 norm  1.64733940932994326E-003 nvar       97920
   FORM u,v,slh:  2.19106674194335938E-004
   SYNC:  9.31978225708007813E-004
 SolveSys:  0.53453397750854492     
 RHSForm:  1.55489444732666016E-002
           0 KSPSolve  0.50280213356018066      its          50 norm  1.66190658059993304E-003 nvar       97920
   FORM u,v,slh:  2.00986862182617188E-004
   SYNC:  8.42094421386718750E-004
 SolveSys:  0.50392508506774902     
 RHSForm:  1.29871368408203125E-002
           0 KSPSolve  0.49796986579895020      its          50 norm  1.65064076553541835E-003 nvar       97920
   FORM u,v,slh:  2.16007232666015625E-004
   SYNC:  8.50915908813476563E-004
 SolveSys:  0.49911904335021973     
 RHSForm:  1.11939907073974609E-002
           0 KSPSolve  0.43713092803955078      its          47 norm  1.66663816045524373E-003 nvar       97920
   FORM u,v,slh:  2.03847885131835938E-004
   SYNC:  7.97986984252929688E-004
 SolveSys:  0.43821001052856445     
  WRITE XY-DATA: REC=       1
   MODEL TIME: 06:00:00  02JAN2013;  DAY IN YEAR:002,  DAY IN 4YRS:0002
 OUTPUT DATA to E/XY/sl.dat
 XY_OUT:  1.69889926910400391E-002
 RHSForm:  2.17969417572021484E-002
           0 KSPSolve  0.48897194862365723      its          48 norm  1.65808712691464105E-003 nvar       97920
   FORM u,v,slh:  3.41892242431640625E-004
   SYNC:  1.57594680786132813E-003
 SolveSys:  0.49102616310119629     
 RHSForm:  1.63629055023193359E-002
           0 KSPSolve  0.47127103805541992      its          47 norm  1.66190853662104114E-003 nvar       97920
   FORM u,v,slh:  2.29835510253906250E-004
   SYNC:  9.82046127319335938E-004
 SolveSys:  0.47255897521972656     
 RHSForm:  1.34949684143066406E-002
           0 KSPSolve  0.45031714439392090      its          45 norm  1.67161816260201729E-003 nvar       97920
   FORM u,v,slh:  2.19106674194335938E-004
   SYNC:  6.29901885986328125E-004
 SolveSys:  0.45124506950378418     
 RHSForm:  1.57840251922607422E-002
           0 KSPSolve  0.45168805122375488      its          45 norm  1.66763464732558797E-003 nvar       97920
   FORM u,v,slh:  2.30789184570312500E-004
   SYNC:  8.56876373291015625E-004
 SolveSys:  0.45286393165588379     
 RHSForm:  1.56869888305664063E-002
           0 KSPSolve  0.43703103065490723      its          45 norm  1.66696349418040410E-003 nvar       97920
   FORM u,v,slh:  2.25067138671875000E-004
   SYNC:  9.31024551391601563E-004
 SolveSys:  0.43826413154602051     
 RHSForm:  1.54478549957275391E-002
           0 KSPSolve  0.41026806831359863      its          43 norm  1.67478177849220708E-003 nvar       97920
   FORM u,v,slh:  1.56164169311523438E-004
   SYNC:  1.17588043212890625E-003
 SolveSys:  0.41167306900024414     
 RHSForm:  1.21340751647949219E-002
           0 KSPSolve  0.42930412292480469      its          42 norm  1.67057541121961098E-003 nvar       97920
   FORM u,v,slh:  1.43051147460937500E-004
   SYNC:  1.06692314147949219E-003
 SolveSys:  0.43058705329895020     
 RHSForm:  1.57780647277832031E-002
           0 KSPSolve  0.40602588653564453      its          41 norm  1.67262988195965583E-003 nvar       97920
   FORM u,v,slh:  2.47001647949218750E-004
   SYNC:  1.01685523986816406E-003
 SolveSys:  0.40737581253051758     
 RHSForm:  1.11179351806640625E-002
           0 KSPSolve  0.37780499458312988      its          41 norm  1.67115712754164407E-003 nvar       97920
   FORM u,v,slh:  2.00033187866210938E-004
   SYNC:  1.03187561035156250E-003
 SolveSys:  0.37912702560424805     
 RHSForm:  1.61211490631103516E-002
           0 KSPSolve  0.37888288497924805      its          42 norm  1.67436964647678594E-003 nvar       97920
   FORM u,v,slh:  2.16007232666015625E-004
   SYNC:  1.05094909667968750E-003
 SolveSys:  0.38022804260253906     
  WRITE XY-DATA: REC=       2
   MODEL TIME: 11:00:00  02JAN2013;  DAY IN YEAR:002,  DAY IN 4YRS:0002
 OUTPUT DATA to E/XY/sl.dat
 XY_OUT:  1.78179740905761719E-002
 RHSForm:  1.70998573303222656E-002
           0 KSPSolve  0.43085479736328125      its          44 norm  1.67758024571078063E-003 nvar       97920
   FORM u,v,slh:  3.26156616210937500E-004
   SYNC:  9.41038131713867188E-004
 SolveSys:  0.43223094940185547     
 RHSForm:  1.67570114135742188E-002
           0 KSPSolve  0.45857095718383789      its          46 norm  1.67299379155577709E-003 nvar       97920
   FORM u,v,slh:  1.97172164916992188E-004
   SYNC:  9.14096832275390625E-004
 SolveSys:  0.45976495742797852     
 RHSForm:  1.55839920043945313E-002
           0 KSPSolve  0.42396283149719238      its          45 norm  1.67874177994984004E-003 nvar       97920
   FORM u,v,slh:  2.16007232666015625E-004
   SYNC:  6.69956207275390625E-004
 SolveSys:  0.42495298385620117     
 RHSForm:  1.91349983215332031E-002
           0 KSPSolve  0.45832109451293945      its          46 norm  1.67357865537034762E-003 nvar       97920
   FORM u,v,slh:  2.02178955078125000E-004
   SYNC:  6.79016113281250000E-004
 SolveSys:  0.45927715301513672     
 RHSForm:  1.56211853027343750E-002
           0 KSPSolve  0.46949696540832520      its          47 norm  1.67356809655055819E-003 nvar       97920
   FORM u,v,slh:  2.33888626098632813E-004
   SYNC:  6.26802444458007813E-004
 SolveSys:  0.47045087814331055     
 RHSForm:  1.65159702301025391E-002
           0 KSPSolve  0.45999813079833984      its          47 norm  1.67624923184729211E-003 nvar       97920
   FORM u,v,slh:  2.04086303710937500E-004
   SYNC:  5.13076782226562500E-004
 SolveSys:  0.46079111099243164     
 RHSForm:  1.57270431518554688E-002
           0 KSPSolve  0.46176910400390625      its          48 norm  1.66862883156486353E-003 nvar       97920
   FORM u,v,slh:  2.24828720092773438E-004
   SYNC:  1.01900100708007813E-003
 SolveSys:  0.46309304237365723     
 RHSForm:  1.17778778076171875E-002
           0 KSPSolve  0.40681481361389160      its          48 norm  1.66495600280579335E-003 nvar       97920
   FORM u,v,slh:  2.36034393310546875E-004
   SYNC:  5.78165054321289063E-004
 SolveSys:  0.40773701667785645     
 RHSForm:  1.20081901550292969E-002
           0 KSPSolve  0.46096801757812500      its          47 norm  1.67573424734366173E-003 nvar       97920
   FORM u,v,slh:  2.00986862182617188E-004
   SYNC:  1.05500221252441406E-003
 SolveSys:  0.46231698989868164     
 RHSForm:  1.50260925292968750E-002
           0 KSPSolve  0.46957302093505859      its          49 norm  1.66610351115889272E-003 nvar       97920
   FORM u,v,slh:  2.29120254516601563E-004
   SYNC:  9.29117202758789063E-004
 SolveSys:  0.47080898284912109     
  WRITE XY-DATA: REC=       3
   MODEL TIME: 16:00:00  02JAN2013;  DAY IN YEAR:002,  DAY IN 4YRS:0002
 OUTPUT DATA to E/XY/sl.dat
 XY_OUT:  1.68650150299072266E-002
 RHSForm:  1.94089412689208984E-002
           0 KSPSolve  0.46413111686706543      its          48 norm  1.67133420482862868E-003 nvar       97920
   FORM u,v,slh:  3.19957733154296875E-004
   SYNC:  1.18303298950195313E-003
 SolveSys:  0.46574306488037109     
 RHSForm:  1.87208652496337891E-002
           0 KSPSolve  0.47146391868591309      its          48 norm  1.66751225513175395E-003 nvar       97920
   FORM u,v,slh:  1.97172164916992188E-004
   SYNC:  8.19921493530273438E-004
 SolveSys:  0.47255587577819824     
 RHSForm:  1.16338729858398438E-002
           0 KSPSolve  0.44671297073364258      its          47 norm  1.67568578286054625E-003 nvar       97920
   FORM u,v,slh:  4.93049621582031250E-004
   SYNC:  6.92844390869140625E-004
 SolveSys:  0.44815802574157715     
 RHSForm:  1.93419456481933594E-002
           0 KSPSolve  0.45108604431152344      its          48 norm  1.66834952002416822E-003 nvar       97920
   FORM u,v,slh:  2.16960906982421875E-004
   SYNC:  1.00302696228027344E-003
 SolveSys:  0.45240497589111328     
 RHSForm:  1.41899585723876953E-002
           0 KSPSolve  0.46242809295654297      its          47 norm  1.67096636806966423E-003 nvar       97920
   FORM u,v,slh:  2.28166580200195313E-004
   SYNC:  8.57114791870117188E-004
 SolveSys:  0.46359205245971680     
 RHSForm:  1.54640674591064453E-002
           0 KSPSolve  0.46224784851074219      its          46 norm  1.67233236711805352E-003 nvar       97920
   FORM u,v,slh:  2.28881835937500000E-004
   SYNC:  7.65085220336914063E-004
 SolveSys:  0.46340990066528320     
 RHSForm:  1.11339092254638672E-002
           0 KSPSolve  0.46544981002807617      its          46 norm  1.67005387278857699E-003 nvar       97920
   FORM u,v,slh:  2.36988067626953125E-004
   SYNC:  8.85963439941406250E-004
 SolveSys:  0.46665287017822266     
 RHSForm:  1.66070461273193359E-002
           0 KSPSolve  0.41684484481811523      its          45 norm  1.67625091484737993E-003 nvar       97920
   FORM u,v,slh:  2.36988067626953125E-004
   SYNC:  8.21828842163085938E-004
 SolveSys:  0.41798186302185059     
 RHSForm:  1.13120079040527344E-002
           0 KSPSolve  0.43242406845092773      its          45 norm  1.67262686591137795E-003 nvar       97920
   FORM u,v,slh:  2.29120254516601563E-004
   SYNC:  7.30037689208984375E-004
 SolveSys:  0.43346405029296875     
 RHSForm:  1.55909061431884766E-002
           0 KSPSolve  0.43361401557922363      its          44 norm  1.67449389190154198E-003 nvar       97920
   FORM u,v,slh:  2.31981277465820313E-004
   SYNC:  5.54800033569335938E-004
 SolveSys:  0.43447804450988770     
  WRITE XY-DATA: REC=       4
   MODEL TIME: 21:00:00  02JAN2013;  DAY IN YEAR:002,  DAY IN 4YRS:0002
 OUTPUT DATA to E/XY/sl.dat
 XY_OUT:  1.87580585479736328E-002
 RHSForm:  2.08268165588378906E-002
           0 KSPSolve  0.39735889434814453      its          42 norm  1.68056080600731037E-003 nvar       97920
   FORM u,v,slh:  3.08990478515625000E-004
   SYNC:  1.01685523986816406E-003
 SolveSys:  0.39885497093200684     
 RHSForm:  1.63400173187255859E-002
           0 KSPSolve  0.39499402046203613      its          40 norm  1.68054226618911430E-003 nvar       97920
   FORM u,v,slh:  2.51054763793945313E-004
   SYNC:  1.02186203002929688E-003
 SolveSys:  0.39634513854980469     
 RHSForm:  1.16469860076904297E-002
           0 KSPSolve  0.36953210830688477      its          37 norm  1.67968930785648623E-003 nvar       97920
   FORM u,v,slh:  2.03847885131835938E-004
   SYNC:  8.47816467285156250E-004
 SolveSys:  0.37066102027893066     
 RHSForm:  1.58040523529052734E-002
           0 KSPSolve  0.34145617485046387      its          32 norm  1.68007231099161799E-003 nvar       97920
   FORM u,v,slh:  2.13146209716796875E-004
   SYNC:  1.10697746276855469E-003
 SolveSys:  0.34286308288574219     
 RHSForm:  1.55811309814453125E-002
           0 KSPSolve  0.28593397140502930      its          28 norm  1.65091050980887546E-003 nvar       97920
   FORM u,v,slh:  2.31027603149414063E-004
   SYNC:  6.87122344970703125E-004
 SolveSys:  0.28693294525146484     
 RHSForm:  1.16040706634521484E-002
           0 KSPSolve  0.21813917160034180      its          24 norm  1.68213795246510939E-003 nvar       97920
   FORM u,v,slh:  2.38895416259765625E-004
   SYNC:  5.12838363647460938E-004
 SolveSys:  0.21958804130554199     
 RHSForm:  1.56359672546386719E-002
           0 KSPSolve  0.37846899032592773      its          36 norm  1.68967668436228904E-003 nvar       97920
   FORM u,v,slh:  2.12907791137695313E-004
   SYNC:  9.08851623535156250E-004
 SolveSys:  0.37967300415039063     
 RHSForm:  1.51908397674560547E-002
           0 KSPSolve  0.34400486946105957      its          34 norm  1.68868586583437695E-003 nvar       97920
   FORM u,v,slh:  2.35795974731445313E-004
   SYNC:  5.71966171264648438E-004
 SolveSys:  0.34488892555236816     
 RHSForm:  1.27038955688476563E-002
           0 KSPSolve  0.36681699752807617      its          36 norm  1.68478618458862430E-003 nvar       97920
   FORM u,v,slh:  2.29835510253906250E-004
   SYNC:  8.94069671630859375E-004
 SolveSys:  0.36802482604980469     
 RHSForm:  1.50949954986572266E-002
           0 KSPSolve  0.35062384605407715      its          36 norm  1.69134235819302231E-003 nvar       97920
   FORM u,v,slh:  2.33888626098632813E-004
   SYNC:  9.57012176513671875E-004
 SolveSys:  0.35189080238342285     
  WRITE XY-DATA: REC=       4
   MODEL TIME: 02:00:00  03JAN2013;  DAY IN YEAR:003,  DAY IN 4YRS:0003
 OUTPUT DATA to E/XY/sl.dat
 XY_OUT:  0.21699309349060059     
 RHSForm:  1.84628963470458984E-002
           0 KSPSolve  0.39667391777038574      its          39 norm  1.69465878255138712E-003 nvar       97920
   FORM u,v,slh:  2.97069549560546875E-004
   SYNC:  1.26385688781738281E-003
 SolveSys:  0.39837908744812012     
 RHSForm:  1.53779983520507813E-002
           0 KSPSolve  0.37115216255187988      its          38 norm  1.69225559308878396E-003 nvar       97920
   FORM u,v,slh:  1.98125839233398438E-004
   SYNC:  3.19004058837890625E-004
 SolveSys:  0.37237000465393066     
 RHSForm:  1.23958587646484375E-002
           0 KSPSolve  0.33964800834655762      its          34 norm  1.69662499402405413E-003 nvar       97920
   FORM u,v,slh:  2.02894210815429688E-004
   SYNC:  5.62906265258789063E-004
 SolveSys:  0.34051585197448730     
 RHSForm:  1.13141536712646484E-002
           0 KSPSolve  0.30598998069763184      its          29 norm  1.69763723444651200E-003 nvar       97920
   FORM u,v,slh:  2.25067138671875000E-004
   SYNC:  5.80072402954101563E-004
 SolveSys:  0.30687618255615234     
 RHSForm:  1.87928676605224609E-002
           0 KSPSolve  0.27882790565490723      its          27 norm  1.70039963773897947E-003 nvar       97920
   FORM u,v,slh:  2.11954116821289063E-004
   SYNC:  4.16994094848632813E-004
 SolveSys:  0.27965402603149414     
 RHSForm:  1.11029148101806641E-002
           0 KSPSolve  0.33277678489685059      its          35 norm  1.70288097199977075E-003 nvar       97920
   FORM u,v,slh:  2.48908996582031250E-004
   SYNC:  6.95943832397460938E-004
 SolveSys:  0.33380699157714844     
 RHSForm:  2.83248424530029297E-002
           0 KSPSolve  0.36676788330078125      its          37 norm  1.70653614725940783E-003 nvar       97920
   FORM u,v,slh:  2.31981277465820313E-004
   SYNC:  5.73158264160156250E-004
 SolveSys:  0.36766791343688965     
 RHSForm:  1.51951313018798828E-002
           0 KSPSolve  0.37767696380615234      its          37 norm  1.70412334626843915E-003 nvar       97920
   FORM u,v,slh:  2.88963317871093750E-004
   SYNC:  1.27387046813964844E-003
 SolveSys:  0.37946891784667969     
 RHSForm:  1.44219398498535156E-002
           0 KSPSolve  0.35131788253784180      its          34 norm  1.71220731621147268E-003 nvar       97920
   FORM u,v,slh:  2.20060348510742188E-004
   SYNC:  5.41925430297851563E-004
 SolveSys:  0.35221385955810547     
 RHSForm:  1.42891407012939453E-002
           0 KSPSolve  0.34635305404663086      its          32 norm  1.71034695214333874E-003 nvar       97920
   FORM u,v,slh:  1.95980072021484375E-004
   SYNC:  7.71999359130859375E-004
 SolveSys:  0.34749412536621094     
  WRITE XY-DATA: REC=       1
   MODEL TIME: 07:00:00  03JAN2013;  DAY IN YEAR:003,  DAY IN 4YRS:0003
 OUTPUT DATA to E/XY/sl.dat
 XY_OUT:  1.94580554962158203E-002
 RHSForm:  2.05430984497070313E-002
           0 KSPSolve  0.31806302070617676      its          33 norm  1.71742439399484451E-003 nvar       97920
   FORM u,v,slh:  2.80857086181640625E-004
   SYNC:  1.30009651184082031E-003
 SolveSys:  0.31985902786254883     
 RHSForm:  1.12709999084472656E-002
           0 KSPSolve  0.33618617057800293      its          36 norm  1.71642136479335425E-003 nvar       97920
   FORM u,v,slh:  1.95026397705078125E-004
   SYNC:  6.85214996337890625E-004
 SolveSys:  0.33715915679931641     
 RHSForm:  1.21498107910156250E-002
           0 KSPSolve  0.36360406875610352      its          34 norm  1.72018681020864785E-003 nvar       97920
   FORM u,v,slh:  2.23875045776367188E-004
   SYNC:  1.06787681579589844E-003
 SolveSys:  0.36498212814331055     
 RHSForm:  1.55179500579833984E-002
           0 KSPSolve  0.34727597236633301      its          32 norm  1.71789627710447848E-003 nvar       97920
   FORM u,v,slh:  1.51872634887695313E-004
   SYNC:  8.63075256347656250E-004
 SolveSys:  0.34836196899414063     
 RHSForm:  1.15120410919189453E-002
           0 KSPSolve  0.31688594818115234      its          31 norm  1.72400461498038770E-003 nvar       97920
   FORM u,v,slh:  2.24113464355468750E-004
   SYNC:  8.71896743774414063E-004
 SolveSys:  0.31805706024169922     
 RHSForm:  1.39660835266113281E-002
           0 KSPSolve  0.35177397727966309      its          33 norm  1.72525449183287050E-003 nvar       97920
   FORM u,v,slh:  2.26020812988281250E-004
   SYNC:  6.85930252075195313E-004
 SolveSys:  0.35285091400146484     
 RHSForm:  1.18129253387451172E-002
           0 KSPSolve  0.33714509010314941      its          33 norm  1.72410766184789193E-003 nvar       97920
   FORM u,v,slh:  2.03132629394531250E-004
   SYNC:  7.82966613769531250E-004
 SolveSys:  0.33821487426757813     
 RHSForm:  1.67391300201416016E-002
           0 KSPSolve  0.32434916496276855      its          31 norm  1.73023343930224136E-003 nvar       97920
   FORM u,v,slh:  2.16960906982421875E-004
   SYNC:  9.60826873779296875E-004
 SolveSys:  0.32561016082763672     
 RHSForm:  1.85928344726562500E-002
           0 KSPSolve  0.31429004669189453      its          31 norm  1.72692143985605541E-003 nvar       97920
   FORM u,v,slh:  1.43051147460937500E-004
   SYNC:  1.01208686828613281E-003
 SolveSys:  0.31552815437316895     
 RHSForm:  1.56779289245605469E-002
           0 KSPSolve  0.33161997795104980      its          31 norm  1.72636161050129127E-003 nvar       97920
   FORM u,v,slh:  2.55823135375976563E-004
   SYNC:  1.16395950317382813E-003
 SolveSys:  0.33311104774475098     
  WRITE XY-DATA: REC=       2
   MODEL TIME: 12:00:00  03JAN2013;  DAY IN YEAR:003,  DAY IN 4YRS:0003
 OUTPUT DATA to E/XY/sl.dat
 XY_OUT:  1.74391269683837891E-002
 RHSForm:  1.84340476989746094E-002
           0 KSPSolve  0.29491305351257324      its          30 norm  1.73029500399374237E-003 nvar       97920
   FORM u,v,slh:  3.24964523315429688E-004
   SYNC:  1.17111206054687500E-003
 SolveSys:  0.29651808738708496     
 RHSForm:  1.29590034484863281E-002
           0 KSPSolve  0.31186199188232422      its          30 norm  1.72808730816384070E-003 nvar       97920
   FORM u,v,slh:  1.96933746337890625E-004
   SYNC:  7.87019729614257813E-004
 SolveSys:  0.31298518180847168     
 RHSForm:  1.81810855865478516E-002
           0 KSPSolve  0.27336597442626953      its          29 norm  1.73915426491218347E-003 nvar       97920
   FORM u,v,slh:  2.91109085083007813E-004
   SYNC:  9.74893569946289063E-004
 SolveSys:  0.27470397949218750     
 RHSForm:  1.23620033264160156E-002
           0 KSPSolve  0.31075286865234375      its          31 norm  1.73142051897840084E-003 nvar       97920
   FORM u,v,slh:  2.04086303710937500E-004
   SYNC:  7.69138336181640625E-004
 SolveSys:  0.31180787086486816     
 RHSForm:  1.72369480133056641E-002
           0 KSPSolve  0.32728290557861328      its          30 norm  1.73370468751253277E-003 nvar       97920
   FORM u,v,slh:  1.96218490600585938E-004
   SYNC:  8.92877578735351563E-004
 SolveSys:  0.32845187187194824     
 RHSForm:  1.17630958557128906E-002
           0 KSPSolve  0.32743096351623535      its          30 norm  1.73312906806408597E-003 nvar       97920
   FORM u,v,slh:  1.85012817382812500E-004
   SYNC:  4.56094741821289063E-004
 SolveSys:  0.32901716232299805     
 RHSForm:  1.71668529510498047E-002
           0 KSPSolve  0.30556797981262207      its          30 norm  1.73353164172370365E-003 nvar       97920
   FORM u,v,slh:  2.00033187866210938E-004
   SYNC:  7.55071640014648438E-004
 SolveSys:  0.30722498893737793     
 RHSForm:  1.79009437561035156E-002
           0 KSPSolve  0.30259108543395996      its          30 norm  1.73818233064126850E-003 nvar       97920
   FORM u,v,slh:  2.03847885131835938E-004
   SYNC:  6.08921051025390625E-004
 SolveSys:  0.30348396301269531     
 RHSForm:  1.70159339904785156E-002
           0 KSPSolve  0.31241202354431152      its          30 norm  1.74427728006021549E-003 nvar       97920
   FORM u,v,slh:  2.17914581298828125E-004
   SYNC:  9.42945480346679688E-004
 SolveSys:  0.31365203857421875     
 RHSForm:  1.35369300842285156E-002
           0 KSPSolve  0.32145690917968750      its          31 norm  1.74747417303014766E-003 nvar       97920
   FORM u,v,slh:  1.52111053466796875E-004
   SYNC:  1.09004974365234375E-003
 SolveSys:  0.32276701927185059     
  WRITE XY-DATA: REC=       3
   MODEL TIME: 17:00:00  03JAN2013;  DAY IN YEAR:003,  DAY IN 4YRS:0003
 OUTPUT DATA to E/XY/sl.dat
 XY_OUT:  1.61740779876708984E-002
 RHSForm:  1.77819728851318359E-002
           0 KSPSolve  0.34679198265075684      its          33 norm  1.74715075217748072E-003 nvar       97920
   FORM u,v,slh:  3.32117080688476563E-004
   SYNC:  6.50882720947265625E-004
 SolveSys:  0.34800100326538086     
 RHSForm:  1.48229598999023438E-002
           0 KSPSolve  0.34804415702819824      its          34 norm  1.74674653205597044E-003 nvar       97920
   FORM u,v,slh:  2.25067138671875000E-004
   SYNC:  8.94069671630859375E-004
 SolveSys:  0.34924507141113281     
 RHSForm:  1.19760036468505859E-002
           0 KSPSolve  0.34855914115905762      its          34 norm  1.74805391535992724E-003 nvar       97920
   FORM u,v,slh:  2.26974487304687500E-004
   SYNC:  5.73158264160156250E-004
 SolveSys:  0.34943795204162598     
 RHSForm:  1.84609889984130859E-002
           0 KSPSolve  0.35302996635437012      its          34 norm  1.74867516688809350E-003 nvar       97920
   FORM u,v,slh:  2.08139419555664063E-004
   SYNC:  1.10197067260742188E-003
 SolveSys:  0.35441994667053223     
 RHSForm:  1.53341293334960938E-002
           0 KSPSolve  0.36330699920654297      its          34 norm  1.75530137747449124E-003 nvar       97920
   FORM u,v,slh:  1.62124633789062500E-004
   SYNC:  8.27074050903320313E-004
 SolveSys:  0.36436986923217773     
 RHSForm:  1.65231227874755859E-002
           0 KSPSolve  0.35920000076293945      its          36 norm  1.74919536896656525E-003 nvar       97920
   FORM u,v,slh:  2.01940536499023438E-004
   SYNC:  1.22213363647460938E-003
 SolveSys:  0.36157894134521484     
 RHSForm:  2.20251083374023438E-002
           0 KSPSolve  0.34953022003173828      its          35 norm  1.75612858396002902E-003 nvar       97920
   FORM u,v,slh:  2.01940536499023438E-004
   SYNC:  8.26120376586914063E-004
 SolveSys:  0.35063815116882324     
 RHSForm:  1.58360004425048828E-002
           0 KSPSolve  0.34208893775939941      its          35 norm  1.75389603758724952E-003 nvar       97920
   FORM u,v,slh:  2.21967697143554688E-004
   SYNC:  6.87122344970703125E-004
 SolveSys:  0.34307789802551270     
 RHSForm:  2.00028419494628906E-002
           0 KSPSolve  0.36912178993225098      its          37 norm  1.75295213171051565E-003 nvar       97920
   FORM u,v,slh:  2.04086303710937500E-004
   SYNC:  8.01086425781250000E-004
 SolveSys:  0.37021207809448242     
 RHSForm:  1.52289867401123047E-002
           0 KSPSolve  0.35576391220092773      its          36 norm  1.75735285963832602E-003 nvar       97920
   FORM u,v,slh:  1.18017196655273438E-004
   SYNC:  7.91072845458984375E-004
 SolveSys:  0.35703706741333008     
  WRITE XY-DATA: REC=       4
   MODEL TIME: 22:00:00  03JAN2013;  DAY IN YEAR:003,  DAY IN 4YRS:0003
 OUTPUT DATA to E/XY/sl.dat
 XY_OUT:  1.84988975524902344E-002
 RHSForm:  2.13110446929931641E-002
           0 KSPSolve  0.35977196693420410      its          35 norm  1.75803017211379592E-003 nvar       97920
   FORM u,v,slh:  3.31878662109375000E-004
   SYNC:  8.66889953613281250E-004
 SolveSys:  0.36107301712036133     
 RHSForm:  1.22900009155273438E-002
           0 KSPSolve  0.35930013656616211      its          37 norm  1.75516578987783343E-003 nvar       97920
   FORM u,v,slh:  2.47001647949218750E-004
   SYNC:  8.47101211547851563E-004
 SolveSys:  0.36047911643981934     
 RHSForm:  1.12960338592529297E-002
           0 KSPSolve  0.38547706604003906      its          38 norm  1.76171471818327755E-003 nvar       97920
   FORM u,v,slh:  2.24113464355468750E-004
   SYNC:  8.08000564575195313E-004
 SolveSys:  0.38658404350280762     
 RHSForm:  1.26481056213378906E-002
           0 KSPSolve  0.34985303878784180      its          36 norm  1.76360875326840778E-003 nvar       97920
   FORM u,v,slh:  1.97887420654296875E-004
   SYNC:  6.39915466308593750E-004
 SolveSys:  0.35078907012939453     
 RHSForm:  1.23391151428222656E-002
           0 KSPSolve  0.35176515579223633      its          34 norm  1.75861292144152172E-003 nvar       97920
   FORM u,v,slh:  2.28166580200195313E-004
   SYNC:  9.93967056274414063E-004
 SolveSys:  0.35306715965270996     
 RHSForm:  1.45509243011474609E-002
           0 KSPSolve  0.34471893310546875      its          36 norm  1.76332983557774296E-003 nvar       97920
   FORM u,v,slh:  1.99079513549804688E-004
   SYNC:  9.39130783081054688E-004
 SolveSys:  0.34593892097473145     
 RHSForm:  1.45211219787597656E-002
           0 KSPSolve  0.40195798873901367      its          39 norm  1.76610803682559223E-003 nvar       97920
   FORM u,v,slh:  2.02894210815429688E-004
   SYNC:  9.78946685791015625E-004
 SolveSys:  0.40329217910766602     
 RHSForm:  1.53648853302001953E-002
           0 KSPSolve  0.36919307708740234      its          37 norm  1.76462307836420325E-003 nvar       97920
   FORM u,v,slh:  2.46047973632812500E-004
   SYNC:  8.95977020263671875E-004
 SolveSys:  0.37041401863098145     
 RHSForm:  1.21219158172607422E-002
           0 KSPSolve  0.31983804702758789      its          32 norm  1.76232085440797921E-003 nvar       97920
   FORM u,v,slh:  1.48057937622070313E-004
   SYNC:  9.04083251953125000E-004
 SolveSys:  0.32096409797668457     
 RHSForm:  1.70488357543945313E-002
           0 KSPSolve  0.31889700889587402      its          30 norm  1.75809777162127417E-003 nvar       97920
   FORM u,v,slh:  2.00033187866210938E-004
   SYNC:  3.80992889404296875E-004
 SolveSys:  0.31963801383972168     
  WRITE XY-DATA: REC=       4
   MODEL TIME: 03:00:00  04JAN2013;  DAY IN YEAR:004,  DAY IN 4YRS:0004
 OUTPUT DATA to E/XY/sl.dat
 XY_OUT:  1.68819427490234375E-002
 RHSForm:  1.69491767883300781E-002
           0 KSPSolve  0.33932709693908691      its          33 norm  1.76803290011944047E-003 nvar       97920
   FORM u,v,slh:  3.23057174682617188E-004
   SYNC:  1.76501274108886719E-003
 SolveSys:  0.34152412414550781     
 RHSForm:  1.75418853759765625E-002
           0 KSPSolve  0.37393116950988770      its          38 norm  1.76715373516932303E-003 nvar       97920
   FORM u,v,slh:  2.05039978027343750E-004
   SYNC:  6.91890716552734375E-004
 SolveSys:  0.37491297721862793     
 RHSForm:  1.65228843688964844E-002
           0 KSPSolve  0.36383104324340820      its          35 norm  1.77358102126832064E-003 nvar       97920
   FORM u,v,slh:  2.13861465454101563E-004
   SYNC:  9.26971435546875000E-004
 SolveSys:  0.36505794525146484     
 RHSForm:  1.56800746917724609E-002
           0 KSPSolve  0.33525204658508301      its          31 norm  1.77041889924748480E-003 nvar       97920
   FORM u,v,slh:  2.25067138671875000E-004
   SYNC:  6.73055648803710938E-004
 SolveSys:  0.33623194694519043     
 RHSForm:  1.85890197753906250E-002
           0 KSPSolve  0.32716917991638184      its          32 norm  1.77474385571724388E-003 nvar       97920
   FORM u,v,slh:  2.32934951782226563E-004
   SYNC:  6.74009323120117188E-004
 SolveSys:  0.32816815376281738     
 RHSForm:  1.48570537567138672E-002
           0 KSPSolve  0.34485411643981934      its          36 norm  1.77614298889895001E-003 nvar       97920
   FORM u,v,slh:  2.00986862182617188E-004
   SYNC:  8.59975814819335938E-004
 SolveSys:  0.34608316421508789     
 RHSForm:  1.29830837249755859E-002
           0 KSPSolve  0.35349011421203613      its          35 norm  1.77967023267834308E-003 nvar       97920
   FORM u,v,slh:  2.33173370361328125E-004
   SYNC:  7.33137130737304688E-004
 SolveSys:  0.35453295707702637     
 RHSForm:  1.87571048736572266E-002
           0 KSPSolve  0.35606098175048828      its          34 norm  1.77069067888049642E-003 nvar       97920
   FORM u,v,slh:  1.95980072021484375E-004
   SYNC:  1.13797187805175781E-003
 SolveSys:  0.35748195648193359     
 RHSForm:  1.16369724273681641E-002
           0 KSPSolve  0.34365105628967285      its          34 norm  1.77554759182936605E-003 nvar       97920
   FORM u,v,slh:  2.15053558349609375E-004
   SYNC:  7.41004943847656250E-004
 SolveSys:  0.34470486640930176     
 RHSForm:  1.60639286041259766E-002
           0 KSPSolve  0.34857821464538574      its          33 norm  1.78363364090241118E-003 nvar       97920
   FORM u,v,slh:  2.28166580200195313E-004
   SYNC:  5.55992126464843750E-004
 SolveSys:  0.34947299957275391     
  WRITE XY-DATA: REC=       1
   MODEL TIME: 08:00:00  04JAN2013;  DAY IN YEAR:004,  DAY IN 4YRS:0004
 OUTPUT DATA to E/XY/sl.dat
 XY_OUT:  1.68299674987792969E-002
 RHSForm:  1.92880630493164063E-002
           0 KSPSolve  0.34972500801086426      its          34 norm  1.77873246907608883E-003 nvar       97920
   FORM u,v,slh:  3.11136245727539063E-004
   SYNC:  5.19037246704101563E-004
 SolveSys:  0.35073781013488770     
 RHSForm:  1.16579532623291016E-002
           0 KSPSolve  0.34242892265319824      its          33 norm  1.78422491409740763E-003 nvar       97920
   FORM u,v,slh:  2.01940536499023438E-004
   SYNC:  6.33955001831054688E-004
 SolveSys:  0.34334611892700195     
 RHSForm:  1.55210494995117188E-002
           0 KSPSolve  0.35584807395935059      its          33 norm  1.78513116016312053E-003 nvar       97920
   FORM u,v,slh:  1.90019607543945313E-004
   SYNC:  1.26814842224121094E-003
 SolveSys:  0.35746192932128906     
 RHSForm:  2.17249393463134766E-002
           0 KSPSolve  0.33601212501525879      its          32 norm  1.79018679210239044E-003 nvar       97920
   FORM u,v,slh:  1.42097473144531250E-004
   SYNC:  9.02175903320312500E-004
 SolveSys:  0.33713698387145996     
 RHSForm:  1.63440704345703125E-002
           0 KSPSolve  0.31138801574707031      its          32 norm  1.79203498330455916E-003 nvar       97920
   FORM u,v,slh:  1.98841094970703125E-004
   SYNC:  8.33988189697265625E-004
 SolveSys:  0.31250286102294922     
 RHSForm:  1.13110542297363281E-002
           0 KSPSolve  0.31577205657958984      its          32 norm  1.79170710293762719E-003 nvar       97920
   FORM u,v,slh:  2.51054763793945313E-004
   SYNC:  7.87973403930664063E-004
 SolveSys:  0.31689095497131348     
 RHSForm:  1.64849758148193359E-002
           0 KSPSolve  0.33251500129699707      its          31 norm  1.79456566229205120E-003 nvar       97920
   FORM u,v,slh:  2.19106674194335938E-004
   SYNC:  6.51121139526367188E-004
 SolveSys:  0.33345818519592285     
 RHSForm:  1.39288902282714844E-002
           0 KSPSolve  0.31308007240295410      its          30 norm  1.79930892054185098E-003 nvar       97920
   FORM u,v,slh:  2.00033187866210938E-004
   SYNC:  7.31945037841796875E-004
 SolveSys:  0.31420397758483887     
 RHSForm:  1.55611038208007813E-002
           0 KSPSolve  0.32784891128540039      its          30 norm  1.79374998966419009E-003 nvar       97920
   FORM u,v,slh:  2.00986862182617188E-004
   SYNC:  1.01709365844726563E-003
 SolveSys:  0.32918214797973633     
 RHSForm:  1.88348293304443359E-002
           0 KSPSolve  0.31430482864379883      its          29 norm  1.80266551473767995E-003 nvar       97920
   FORM u,v,slh:  2.28166580200195313E-004
   SYNC:  7.67946243286132813E-004
 SolveSys:  0.31537580490112305     
  WRITE XY-DATA: REC=       2
   MODEL TIME: 13:00:00  04JAN2013;  DAY IN YEAR:004,  DAY IN 4YRS:0004
 OUTPUT DATA to E/XY/sl.dat
 XY_OUT:  2.30438709259033203E-002
 RHSForm:  2.06201076507568359E-002
           0 KSPSolve  0.31604409217834473      its          30 norm  1.79576952505536638E-003 nvar       97920
   FORM u,v,slh:  3.06844711303710938E-004
   SYNC:  1.27196311950683594E-003
 SolveSys:  0.31772303581237793     
 RHSForm:  1.28891468048095703E-002
           0 KSPSolve  0.28946113586425781      its          28 norm  1.80845217297651820E-003 nvar       97920
   FORM u,v,slh:  1.97887420654296875E-004
   SYNC:  9.45091247558593750E-004
 SolveSys:  0.29068398475646973     
 RHSForm:  1.25191211700439453E-002
           0 KSPSolve  0.32680702209472656      its          30 norm  1.79911685872156078E-003 nvar       97920
   FORM u,v,slh:  1.98125839233398438E-004
   SYNC:  9.38892364501953125E-004
 SolveSys:  0.32804083824157715     
 RHSForm:  1.16448402404785156E-002
           0 KSPSolve  0.28703594207763672      its          28 norm  1.80345050560365883E-003 nvar       97920
   FORM u,v,slh:  2.34127044677734375E-004
   SYNC:  7.35998153686523438E-004
 SolveSys:  0.28810095787048340     
 RHSForm:  1.14688873291015625E-002
           0 KSPSolve  0.28645515441894531      its          29 norm  1.80426684634770948E-003 nvar       97920
   FORM u,v,slh:  2.00033187866210938E-004
   SYNC:  1.09291076660156250E-003
 SolveSys:  0.28784418106079102     
 RHSForm:  1.36039257049560547E-002
           0 KSPSolve  0.27685189247131348      its          28 norm  1.81043820893522539E-003 nvar       97920
   FORM u,v,slh:  2.05039978027343750E-004
   SYNC:  8.41140747070312500E-004
 SolveSys:  0.27798700332641602     
 RHSForm:  1.57699584960937500E-002
           0 KSPSolve  0.30000114440917969      its          28 norm  1.81720479827936557E-003 nvar       97920
   FORM u,v,slh:  2.04086303710937500E-004
   SYNC:  6.31093978881835938E-004
 SolveSys:  0.30091404914855957     
 RHSForm:  1.12600326538085938E-002
           0 KSPSolve  0.30268311500549316      its          28 norm  1.82305309639866123E-003 nvar       97920
   FORM u,v,slh:  2.00033187866210938E-004
   SYNC:  9.14812088012695313E-004
 SolveSys:  0.30388307571411133     
 RHSForm:  1.12659931182861328E-002
           0 KSPSolve  0.26412796974182129      its          28 norm  1.82253469852178751E-003 nvar       97920
   FORM u,v,slh:  2.28881835937500000E-004
   SYNC:  6.27994537353515625E-004
 SolveSys:  0.26506614685058594     
 RHSForm:  1.40359401702880859E-002
           0 KSPSolve  0.27827000617980957      its          28 norm  1.82009347981235397E-003 nvar       97920
   FORM u,v,slh:  2.40802764892578125E-004
   SYNC:  6.93082809448242188E-004
 SolveSys:  0.27939081192016602     
  WRITE XY-DATA: REC=       3
   MODEL TIME: 18:00:00  04JAN2013;  DAY IN YEAR:004,  DAY IN 4YRS:0004
 OUTPUT DATA to E/XY/sl.dat
 XY_OUT:  1.89700126647949219E-002
 RHSForm:  1.58557891845703125E-002
           0 KSPSolve  0.28643083572387695      its          27 norm  1.82663914223673445E-003 nvar       97920
   FORM u,v,slh:  2.95162200927734375E-004
   SYNC:  1.24597549438476563E-003
 SolveSys:  0.28810000419616699     
 RHSForm:  1.13139152526855469E-002
           0 KSPSolve  0.28961801528930664      its          28 norm  1.81915580292583328E-003 nvar       97920
   FORM u,v,slh:  2.00986862182617188E-004
   SYNC:  8.85009765625000000E-004
 SolveSys:  0.29078412055969238     
 RHSForm:  1.20739936828613281E-002
           0 KSPSolve  0.27203679084777832      its          26 norm  1.83106138384007858E-003 nvar       97920
   FORM u,v,slh:  2.41994857788085938E-004
   SYNC:  4.79936599731445313E-004
 SolveSys:  0.27283787727355957     
 RHSForm:  1.28138065338134766E-002
           0 KSPSolve  0.26098680496215820      its          27 norm  1.83646738158090104E-003 nvar       97920
   FORM u,v,slh:  1.74045562744140625E-004
   SYNC:  3.39031219482421875E-004
 SolveSys:  0.26171088218688965     
 RHSForm:  1.25498771667480469E-002
           0 KSPSolve  0.27249693870544434      its          27 norm  1.82996163675861021E-003 nvar       97920
   FORM u,v,slh:  2.24113464355468750E-004
   SYNC:  1.06906890869140625E-003
 SolveSys:  0.27387189865112305     
 RHSForm:  1.62019729614257813E-002
           0 KSPSolve  0.26396894454956055      its          26 norm  1.83551080409705483E-003 nvar       97920
   FORM u,v,slh:  2.20775604248046875E-004
   SYNC:  7.83920288085937500E-004
 SolveSys:  0.26569795608520508     
 RHSForm:  1.59428119659423828E-002
           0 KSPSolve  0.27390003204345703      its          27 norm  1.83483814004585175E-003 nvar       97920
   FORM u,v,slh:  2.08139419555664063E-004
   SYNC:  4.03165817260742188E-004
 SolveSys:  0.27484607696533203     
 RHSForm:  1.12679004669189453E-002
           0 KSPSolve  0.25597214698791504      its          26 norm  1.83311122292374382E-003 nvar       97920
   FORM u,v,slh:  1.99079513549804688E-004
   SYNC:  8.54969024658203125E-004
 SolveSys:  0.25710320472717285     
 RHSForm:  1.67670249938964844E-002
           0 KSPSolve  0.26294398307800293      its          26 norm  1.84410173908381445E-003 nvar       97920
   FORM u,v,slh:  1.94072723388671875E-004
   SYNC:  9.23156738281250000E-004
 SolveSys:  0.26432180404663086     
 RHSForm:  1.56970024108886719E-002
           0 KSPSolve  0.25912904739379883      its          26 norm  1.84959151614059840E-003 nvar       97920
   FORM u,v,slh:  2.48908996582031250E-004
   SYNC:  1.11103057861328125E-003
 SolveSys:  0.26056790351867676     
  WRITE XY-DATA: REC=       4
   MODEL TIME: 23:00:00  04JAN2013;  DAY IN YEAR:004,  DAY IN 4YRS:0004
 OUTPUT DATA to E/XY/sl.dat
 XY_OUT:  1.80549621582031250E-002
 RHSForm:  1.89540386199951172E-002
           0 KSPSolve  0.29659605026245117      its          27 norm  1.83538915842175227E-003 nvar       97920
   FORM u,v,slh:  3.11851501464843750E-004
   SYNC:  1.14583969116210938E-003
 SolveSys:  0.29816508293151855     
 RHSForm:  1.74779891967773438E-002
           0 KSPSolve  0.24384498596191406      its          25 norm  1.84837710178267474E-003 nvar       97920
   FORM u,v,slh:  2.67028808593750000E-004
   SYNC:  7.30991363525390625E-004
 SolveSys:  0.24491596221923828     
 RHSForm:  1.31869316101074219E-002
           0 KSPSolve  0.27917313575744629      its          27 norm  1.84105553924400196E-003 nvar       97920
   FORM u,v,slh:  2.01940536499023438E-004
   SYNC:  8.97169113159179688E-004
 SolveSys:  0.28035497665405273     
 RHSForm:  1.58431529998779297E-002
           0 KSPSolve  0.24649882316589355      its          25 norm  1.84743307760728529E-003 nvar       97920
   FORM u,v,slh:  1.79052352905273438E-004
   SYNC:  6.33001327514648438E-004
 SolveSys:  0.24741983413696289     
 RHSForm:  1.17061138153076172E-002
           0 KSPSolve  0.26034712791442871      its          26 norm  1.85919961142446289E-003 nvar       97920
   FORM u,v,slh:  2.31981277465820313E-004
   SYNC:  7.63177871704101563E-004
 SolveSys:  0.26142001152038574     
 RHSForm:  1.14748477935791016E-002
           0 KSPSolve  0.25109195709228516      its          26 norm  1.85817399274429006E-003 nvar       97920
   FORM u,v,slh:  2.04086303710937500E-004
   SYNC:  1.66082382202148438E-003
 SolveSys:  0.25311183929443359     
 RHSForm:  1.58860683441162109E-002
           0 KSPSolve  0.23810696601867676      its          26 norm  1.85619363968526452E-003 nvar       97920
   FORM u,v,slh:  2.00033187866210938E-004
   SYNC:  9.69886779785156250E-004
 SolveSys:  0.23942089080810547     
 RHSForm:  1.30300521850585938E-002
           0 KSPSolve  0.24442601203918457      its          26 norm  1.86458158879234857E-003 nvar       97920
   FORM u,v,slh:  2.30789184570312500E-004
   SYNC:  9.05990600585937500E-004
 SolveSys:  0.24564504623413086     
 RHSForm:  1.61991119384765625E-002
           0 KSPSolve  0.24790406227111816      its          26 norm  1.86798750285711206E-003 nvar       97920
   FORM u,v,slh:  2.28881835937500000E-004
   SYNC:  6.78062438964843750E-004
 SolveSys:  0.24889993667602539     
 RHSForm:  1.63259506225585938E-002
           0 KSPSolve  0.27372479438781738      its          27 norm  1.85537917520388102E-003 nvar       97920
   FORM u,v,slh:  2.42948532104492188E-004
   SYNC:  1.53398513793945313E-003
 SolveSys:  0.27558112144470215     
  WRITE XY-DATA: REC=       4
   MODEL TIME: 04:00:00  05JAN2013;  DAY IN YEAR:005,  DAY IN 4YRS:0005
 OUTPUT DATA to E/XY/sl.dat
 XY_OUT:  2.04281806945800781E-002
 RHSForm:  1.71730518341064453E-002
           0 KSPSolve  0.24136090278625488      its          25 norm  1.87036928309123707E-003 nvar       97920
   FORM u,v,slh:  3.03983688354492188E-004
   SYNC:  1.27911567687988281E-003
 SolveSys:  0.24305987358093262     
 RHSForm:  1.48220062255859375E-002
           0 KSPSolve  0.26241588592529297      its          27 norm  1.87089458307602551E-003 nvar       97920
   FORM u,v,slh:  2.19821929931640625E-004
   SYNC:  7.87973403930664063E-004
 SolveSys:  0.26350092887878418     
 RHSForm:  1.07738971710205078E-002
           0 KSPSolve  0.26217198371887207      its          26 norm  1.87019782281698066E-003 nvar       97920
   FORM u,v,slh:  2.35080718994140625E-004
   SYNC:  5.47170639038085938E-004
 SolveSys:  0.26318311691284180     
 RHSForm:  2.13029384613037109E-002
           0 KSPSolve  0.26949977874755859      its          27 norm  1.86999221407534405E-003 nvar       97920
   FORM u,v,slh:  2.31027603149414063E-004
   SYNC:  1.00803375244140625E-003
 SolveSys:  0.27081584930419922     
 RHSForm:  1.27050876617431641E-002
           0 KSPSolve  0.26196599006652832      its          27 norm  1.86721004201134667E-003 nvar       97920
   FORM u,v,slh:  2.04086303710937500E-004
   SYNC:  8.65936279296875000E-004
 SolveSys:  0.26311206817626953     
 RHSForm:  1.24108791351318359E-002
           0 KSPSolve  0.26973509788513184      its          26 norm  1.88133500929725354E-003 nvar       97920
   FORM u,v,slh:  2.14099884033203125E-004
   SYNC:  9.90867614746093750E-004
 SolveSys:  0.27102398872375488     
 RHSForm:  1.62332057952880859E-002
           0 KSPSolve  0.29921793937683105      its          28 norm  1.87512771773595951E-003 nvar       97920
   FORM u,v,slh:  2.12192535400390625E-004
   SYNC:  7.87019729614257813E-004
 SolveSys:  0.30028796195983887     
 RHSForm:  1.72340869903564453E-002
           0 KSPSolve  0.27941703796386719      its          27 norm  1.87238493260445389E-003 nvar       97920
   FORM u,v,slh:  7.98940658569335938E-004
   SYNC:  8.29935073852539063E-004
 SolveSys:  0.28112292289733887     
 RHSForm:  1.65979862213134766E-002
           0 KSPSolve  0.27873492240905762      its          27 norm  1.88824868002493190E-003 nvar       97920
   FORM u,v,slh:  2.33888626098632813E-004
   SYNC:  7.38143920898437500E-004
 SolveSys:  0.27978181838989258     
 RHSForm:  1.58219337463378906E-002
           0 KSPSolve  0.29285693168640137      its          28 norm  1.88905697102779730E-003 nvar       97920
   FORM u,v,slh:  2.29120254516601563E-004
   SYNC:  8.23020935058593750E-004
 SolveSys:  0.29398894309997559     
  WRITE XY-DATA: REC=       1
   MODEL TIME: 09:00:00  05JAN2013;  DAY IN YEAR:005,  DAY IN 4YRS:0005
 OUTPUT DATA to E/XY/sl.dat
 XY_OUT:  1.70741081237792969E-002
 RHSForm:  1.98128223419189453E-002
           0 KSPSolve  0.29617285728454590      its          28 norm  1.88688405313619805E-003 nvar       97920
   FORM u,v,slh:  3.18050384521484375E-004
   SYNC:  6.84976577758789063E-004
 SolveSys:  0.29727292060852051     
 RHSForm:  1.59239768981933594E-002
           0 KSPSolve  0.29142403602600098      its          29 norm  1.87635695918053820E-003 nvar       97920
   FORM u,v,slh:  2.02178955078125000E-004
   SYNC:  3.08036804199218750E-004
 SolveSys:  0.29211902618408203     
 RHSForm:  1.55799388885498047E-002
           0 KSPSolve  0.27585387229919434      its          27 norm  1.89281049190516025E-003 nvar       97920
   FORM u,v,slh:  2.46047973632812500E-004
   SYNC:  8.80002975463867188E-004
 SolveSys:  0.27705597877502441     
 RHSForm:  1.58579349517822266E-002
           0 KSPSolve  0.31431007385253906      its          29 norm  1.89453801592648764E-003 nvar       97920
   FORM u,v,slh:  1.96933746337890625E-004
   SYNC:  1.08098983764648438E-003
 SolveSys:  0.31566905975341797     
 RHSForm:  1.26531124114990234E-002
           0 KSPSolve  0.29630303382873535      its          29 norm  1.88770768046352317E-003 nvar       97920
   FORM u,v,slh:  2.47001647949218750E-004
   SYNC:  1.73377990722656250E-003
 SolveSys:  0.29837894439697266     
 RHSForm:  1.29439830780029297E-002
           0 KSPSolve  0.26836895942687988      its          29 norm  1.88750339547608722E-003 nvar       97920
   FORM u,v,slh:  2.30073928833007813E-004
   SYNC:  8.53061676025390625E-004
 SolveSys:  0.26953196525573730     
 RHSForm:  1.15170478820800781E-002
           0 KSPSolve  0.26234388351440430      its          29 norm  1.89610585364596005E-003 nvar       97920
   FORM u,v,slh:  2.00986862182617188E-004
   SYNC:  1.24502182006835938E-003
 SolveSys:  0.26386785507202148     
 RHSForm:  1.23949050903320313E-002
           0 KSPSolve  0.29195594787597656      its          30 norm  1.88701785353928629E-003 nvar       97920
   FORM u,v,slh:  2.01940536499023438E-004
   SYNC:  9.79900360107421875E-004
 SolveSys:  0.29321599006652832     
 RHSForm:  1.32031440734863281E-002
           0 KSPSolve  0.30141997337341309      its          29 norm  1.89398070737340461E-003 nvar       97920
   FORM u,v,slh:  2.00986862182617188E-004
   SYNC:  6.50167465209960938E-004
 SolveSys:  0.30242085456848145     
 RHSForm:  1.56950950622558594E-002
           0 KSPSolve  0.31231999397277832      its          30 norm  1.89499619813354270E-003 nvar       97920
   FORM u,v,slh:  2.34842300415039063E-004
   SYNC:  6.10113143920898438E-004
 SolveSys:  0.31324005126953125     
  WRITE XY-DATA: REC=       2
   MODEL TIME: 14:00:00  05JAN2013;  DAY IN YEAR:005,  DAY IN 4YRS:0005
 OUTPUT DATA to E/XY/sl.dat
 XY_OUT:  1.77049636840820313E-002
 RHSForm:  2.37538814544677734E-002
           0 KSPSolve  0.29113292694091797      its          29 norm  1.90821155397447105E-003 nvar       97920
   FORM u,v,slh:  3.22103500366210938E-004
   SYNC:  2.09712982177734375E-003
 SolveSys:  0.29367399215698242     
 RHSForm:  1.54139995574951172E-002
           0 KSPSolve  0.32756018638610840      its          31 norm  1.90224032157639369E-003 nvar       97920
   FORM u,v,slh:  1.99079513549804688E-004
   SYNC:  9.45091247558593750E-004
 SolveSys:  0.32878708839416504     
 RHSForm:  1.63879394531250000E-002
           0 KSPSolve  0.31600403785705566      its          30 norm  1.91087664584393318E-003 nvar       97920
   FORM u,v,slh:  2.03847885131835938E-004
   SYNC:  7.47919082641601563E-004
 SolveSys:  0.31703400611877441     
 RHSForm:  1.40941143035888672E-002
           0 KSPSolve  0.30720400810241699      its          30 norm  1.91037377753805471E-003 nvar       97920
   FORM u,v,slh:  2.07185745239257813E-004
   SYNC:  7.57932662963867188E-004
 SolveSys:  0.30825495719909668     
 RHSForm:  1.99239253997802734E-002
           0 KSPSolve  0.31910800933837891      its          30 norm  1.91274003277618304E-003 nvar       97920
   FORM u,v,slh:  2.31981277465820313E-004
   SYNC:  6.98804855346679688E-004
 SolveSys:  0.32017493247985840     
 RHSForm:  1.53381824493408203E-002
           0 KSPSolve  0.29518699645996094      its          30 norm  1.91287814918986230E-003 nvar       97920
   FORM u,v,slh:  2.38895416259765625E-004
   SYNC:  9.46044921875000000E-004
 SolveSys:  0.29650282859802246     
 RHSForm:  1.37670040130615234E-002
           0 KSPSolve  0.29603695869445801      its          30 norm  1.91360524063019098E-003 nvar       97920
   FORM u,v,slh:  2.00986862182617188E-004
   SYNC:  9.35077667236328125E-004
 SolveSys:  0.29725694656372070     
 RHSForm:  1.33640766143798828E-002
           0 KSPSolve  0.29258704185485840      its          30 norm  1.91282857633841286E-003 nvar       97920
   FORM u,v,slh:  2.02894210815429688E-004
   SYNC:  7.34090805053710938E-004
 SolveSys:  0.29366993904113770     
 RHSForm:  1.56228542327880859E-002
           0 KSPSolve  0.32921004295349121      its          30 norm  1.91142787563967497E-003 nvar       97920
   FORM u,v,slh:  3.20911407470703125E-004
   SYNC:  5.78165054321289063E-004
 SolveSys:  0.33040499687194824     
 RHSForm:  1.36458873748779297E-002
           0 KSPSolve  0.29490208625793457      its          29 norm  1.92210140702695322E-003 nvar       97920
   FORM u,v,slh:  2.25067138671875000E-004
   SYNC:  9.61065292358398438E-004
 SolveSys:  0.29618215560913086     
  WRITE XY-DATA: REC=       3
   MODEL TIME: 19:00:00  05JAN2013;  DAY IN YEAR:005,  DAY IN 4YRS:0005
 OUTPUT DATA to E/XY/sl.dat
 XY_OUT:  1.52869224548339844E-002
 RHSForm:  1.23369693756103516E-002
           0 KSPSolve  0.31907987594604492      its          30 norm  1.92119429068033048E-003 nvar       97920
   FORM u,v,slh:  2.34127044677734375E-004
   SYNC:  9.27925109863281250E-004
 SolveSys:  0.32042312622070313     
 RHSForm:  1.11370086669921875E-002
           0 KSPSolve  0.30116987228393555      its          29 norm  1.92681880337562043E-003 nvar       97920
   FORM u,v,slh:  2.01940536499023438E-004
   SYNC:  6.99043273925781250E-004
 SolveSys:  0.30215001106262207     
 RHSForm:  1.24859809875488281E-002
           0 KSPSolve  0.31773900985717773      its          30 norm  1.92189886138230989E-003 nvar       97920
   FORM u,v,slh:  2.23875045776367188E-004
   SYNC:  7.17878341674804688E-004
 SolveSys:  0.31876206398010254     
 RHSForm:  1.11389160156250000E-002
           0 KSPSolve  0.28743004798889160      its          29 norm  1.92290698807171304E-003 nvar       97920
   FORM u,v,slh:  1.67846679687500000E-004
   SYNC:  4.25100326538085938E-004
 SolveSys:  0.28873205184936523     
 RHSForm:  1.51951313018798828E-002
           0 KSPSolve  0.31989192962646484      its          29 norm  1.92761272700077511E-003 nvar       97920
   FORM u,v,slh:  2.47955322265625000E-004
   SYNC:  8.88824462890625000E-004
 SolveSys:  0.32110691070556641     
 RHSForm:  1.71868801116943359E-002
           0 KSPSolve  0.29548001289367676      its          29 norm  1.92928893170238075E-003 nvar       97920
   FORM u,v,slh:  2.23875045776367188E-004
   SYNC:  4.56809997558593750E-004
 SolveSys:  0.29687190055847168     
 RHSForm:  1.54409408569335938E-002
           0 KSPSolve  0.31073188781738281      its          29 norm  1.92767457991147246E-003 nvar       97920
   FORM u,v,slh:  2.01940536499023438E-004
   SYNC:  3.55005264282226563E-004
 SolveSys:  0.31137704849243164     
 RHSForm:  1.12280845642089844E-002
           0 KSPSolve  0.28867292404174805      its          28 norm  1.93765936598378754E-003 nvar       97920
   FORM u,v,slh:  2.22921371459960938E-004
   SYNC:  9.89913940429687500E-004
 SolveSys:  0.28995895385742188     
 RHSForm:  1.27320289611816406E-002
           0 KSPSolve  0.28356790542602539      its          29 norm  1.93435944822194965E-003 nvar       97920
   FORM u,v,slh:  2.26974487304687500E-004
   SYNC:  1.09910964965820313E-003
 SolveSys:  0.28497481346130371     
 RHSForm:  1.15108489990234375E-002
           0 KSPSolve  0.27581906318664551      its          28 norm  1.93463297181559776E-003 nvar       97920
   FORM u,v,slh:  2.32934951782226563E-004
   SYNC:  9.39846038818359375E-004
 SolveSys:  0.27706813812255859     
  WRITE XY-DATA: REC=       4
   MODEL TIME: 24:00:00  05JAN2013;  DAY IN YEAR:005,  DAY IN 4YRS:0005
 OUTPUT DATA to E/XY/sl.dat
 XY_OUT:  1.60560607910156250E-002
 
END OF TIME INTEGRATION OF OCEAN MODEL
 
 TIME GLOBAL:   210.95405602455139     
  ELAPSED DAY:   1; TIME:  0: 1:20,91
  ELAPSED DAY:   1; TIME:  0: 1:53,56
  ELAPSED DAY:   1; TIME:  0: 1:40,99
  ELAPSED DAY:   1; TIME:  0: 1:32,15
  ELAPSED DAY:   1; TIME:  0: 1:43, 0
  ELAPSED DAY:   1; TIME:  0: 1:27,93
  ELAPSED DAY:   1; TIME:  0: 1:33,89
  ELAPSED DAY:   1; TIME:  0: 1:56,99
