 INPUT OCEAN TASK PARAMETERS FROM octask.par
       1800.0  :STEP,IN SECONDS(*-FORMAT,11-COLUMNS)
        1.0  :DURATION OF RUN IN DAY(*11C)
          0  :INITIAL STEP(=0=>START FROM INIT.T&S; >0=>START FROM CONTROL POINT)(I7)
       2013  :INITIAL YEAR(I7)
         0   :WRITING PERIOD IN STEPS FOR CONTROL POINT OUTPUT
         0   :WRITING PERIOD IN STEPS FOR INTEGRAL PARAMETER OUTPUT
         5   :WRITING PERIOD IN STEPS FOR LOCAL OUTPUT (not use if =<0)
  0. 0.0     :EXTERNAL&INTERNAL PERIODS IN DAYS TO WRITE XYZ ARRAYS
  0. 0.0     :EXTERNAL&INTERNAL PERIODS IN DAYS TO WRITE PASSIVE TRACER ARRAYS
  1. 0.2     :EXTERNAL&INTERNAL PERIODS IN DAYS TO WRITE  XY ARRAYS
  0. 0.0     :EXTERNAL&INTERNAL PERIODS IN DAYS TO WRITE  YZ ARRAYS
  -2   -2   3    :TYPES OF SS CONDITION FOR T,S,WIND(IGT,IGS =1,2,3),IGWS=(1,2,3,4)(3I4)
   0   30        :USAGE OF ICE BLOCK IN OCEAN MODEL(0-DO NOT USE,1-USE)
   1   1         :1-DO NOT 2- REMOVE SPACE AVARAGING HEAT & FRESH WATER FLUXES(2I4)
 1.0E-03   1.0E-03       :COEFFICIENT OF RELAXATION FOR SST & SSS[CM/S](*22C)
 E                           :PATH TO OCEAN CONTROL POINT(RESULTES)(A32)
 ../Data_NEMO/SS2013               :PATH TO OCEAN DATA FILES
 sst.dat                           :SEA SURFACE TEMPERATURE
 sss.dat                           :SEA SURFACE SALINITY
 tlbc.dat                          :T-VALUES FOR LIQUID WALLS
 slbc.dat                          :S-VALUES FOR LIQUID WAL
 /san1lun1nfs/Data/COSMO13kmINMOM/ :PATH TO FILES OF ATM FORCINGM
 mzs.dat                           : SEA SURFACE ZONAL WIND STRESS(A32)
 mms.dat                           : SEA SURFACE MERIDIONAL WIND STRESS(A32)
 mnhf.dat                          : SEA SURFACE HEAT BALANCE(OCMOD)(A32)
 mswr.dat                          : SEA SURFACE SHORTWAVE RAD BALANCE(A32)^M
 mpme.dat                          : PRECIPITATION-EVAPORATION(A32)^M
 icemask.dat                       : ICE MASK (A32)^M
 sst_OkhSea.dat                    : TEMPERATURE OF ATMOSPHERE(COUPLED MODEL ONLY)^M
 slp.dat                           : SEA LEVEL PRESSURE^M
 rof4joseas_cosmo.dat              : RIVER RUNOFF^M
 trd.dat                           : DW-LW-RAD
 srd.dat                           : DW-SW-RAD
 tpr.dat                           : PRECIPIT
 t2m.dat                           : TEMP OF ATMOSPHERE
 q2m.dat                           : HUMIDITY
 u10.dat                           : U-WIND SPEED
 v10.dat                           : V-WIND SPEED
 NONE                              : SEA-LAND MASK FOR ATMPSPHERE^M
 
 COMMENTS:
 
 TYPES OF SS CONDITION FOR T,S:
 
 1 - FIRST CONDITION
     (ONLY T,S AT OCEAN SURFACE ARE USED)
 2 - SECOND CONDITION
     (HEAT AND FRESH WATER BALANCES ARE USED)
 3 - THIRD CONDITION
     (HEAT AND SALT FLUXES ARE CALCULATED BY BULK-FORMULAE)
 
 TYPES OF SS CONDITION FOR U,V:
 
 1 - WIND STRESS COMPONENTS ARE READ FROM FILES,
     ATM PRESSURE DOES NOT AFFECT DYNAMICS
 2 - WIND STRESS COMPONENTS ARE READ FROM FILES,
     ATM PRESSURE AFFECTS DYNAMICS
 3 - WIND STRESS COMPONENTS ARE CALCULATED BY BULK FORMULAE,
     ATM PRESSURE DOES NOT AFFECT DYNAMICS
 4 - WIND STRESS COMPONENTS ARE CALCULATED BY BULK FORMULAE,
     ATM PRESSURE AFFECTS DYNAMICS
 
 USAGE OF ICE BLOCK IN OCEAN MODEL:
 
 (FIRST NUMBER)
 0 - ICE BLOCK IS NOT USED
 1 - ICE BLOCK IS USED
 
 
 (SECOND NUMBER) - NUMBER OF TIME STEPS OF ICE MODEL
 IN ONE TIME STEP OF OCEAN MODEL
 EQUAL 1 IF ICE RHEOLOGY IS NOT USED
 >>1 (~60) IF ICE RHEOLOGY IS USED
 

  NUMBER OF ALL GRID POINTS =   2875425
  TOTAL MEMORY =  11501700 Bytes,    10.969 Mbytes,  0.010712 Gbytes.

      4 -SWITCHING KEYS FOR TASK:INP.COND
      5 -SEA LEVEL(+)/STREAM FUNCTION(-)
      3 -T&S LATERAL  TRANSPORT&MIX
     -5 -T&S VERTICAL TRANSP&MIX
     -2 -U&V LATERAL TRANSPORT&MIX
      3 -U&V VERTICAL TRANSPORT&MIX
      1 -PASSIVETRACER LATERAL TRANSPORT&MIX
      1 -PASSIVETRACER VERTICAL TRANSPORT&MIX
      0 -NUMBER OF LIQUID BOUNDARIES INCLUDED
  0.1000E-06  0.0000 BOTTOM FRICTION AND ITERATION PARAMETER FOR STREAM FUNCTION
  0.1000E+01  0.1000E+06[CM**2/S] -LATERAL DIFFUSION OF 2nd ORDER IN X & Y DIRECTION
  0.1000E+01  0.2500E+06[CM**2/S] -LATERAL VISCOSITY OF 2nd ORDER IN X & Y DIRECTION
  0.1560E-01  0.1560E-01[UNDIM,CM**4/S] -LATERAL DIFFUSION OF 4th ORDER IN X&Y DIRECTION
  0.1000E-02  0.1000E-02[UNDIM,CM**4/S] -LATERAL VISCOSITY OF 4th ORDER IN X&Y DIRECTION
  50.0000   0.0500-MAX(TOP)&BACKGROUND DIFFUS.
 150.0000   1.0000-MAX(TOP)&BACKGROUND VISKOS.
  300.0  300.0    0.5-SWITCHING DEPTHS AND RESIDUAL FRACTION OF LATERAL DIFFUSION
 FILE WITH TEM. POINT SEA-LAND MASK: mask_2b.txt
        FILE WITH BOTTOM TOPOGRAPHY: hh.dat
 NUMBER OF LEVITUS HORIZONTS: 29 FOR H= 3500.00
   W-LEVELS ARE ARRANGED IN THE MIDDLES OF T-LAYERS.
  W-LEVELS W-STEPS  T-LEVELS T-STEPS *1000.00
   1000.00 1000.00    666.67  666.67
   BASIN PARAMETERS FROM 0COM.INC:

   ERTH RADIUS = 0.6370000E+09(cm); rn = 0.6370000E+09[cm, or undim]
  EARTH ANGULAR VELOCITY(OMEGA) = 0.7292123E-04[RAD/SEC]
         HEAT CAPACITY OF WATER =  4.100000    [J/GR/GRAD] FOR 35%. SAL
              REFERENCE DENSITY =  1.025000    [GR/CM**3]
     FREE FALL ACCELERATION(GRV)=   980.600[CM/S**2]
  FREE FALL ACCELERATION/RH0 (G)=   956.683[CM/S**2/(GR/CM**3)]
                        CPW*RH0 =  4.202500    [J/GRAD/CM**3]
    NX= 208;  NY= 108;  NZ=   1;  MMM=   3; NNN=   3
   MLR=  13;  MM= 206;  NN= 106; MDIM= 208; MMD=   0
  Temperature mask.(nx, ny) = (208, 108). DXST =0.05, DYST =0.05.                
  BOTTOM MASK BASED ON TEMPERATURE MASK HAS
  NUMBER OF GRIDS =    21525
   COMPUTING IIX, JJX, LRX  BY LU
   COMPUTING IIXU,JJXU,LRXU BY LUU
   COMPUTING IIY, JJY, LRY  BY LU
   COMPUTING IIYU,JJYU,LRYU BY LUU
   MLR=     13;  MLRDEF =      1
   LRX  =      1;  LRY =      1
   LRXU =      1;  LRYU=      1
   WARNING! PARAMETER OF SECTION IN COMMON BLOCK 0COM.INC
   IS GREATER THEN DEFINED: MLR=     13 > MLRDEF=      1

   BEGIN TESTING IIX-JJX 
   SEARCHING FOR LENGTH <      2
   END TESTING; ERRORS=      0

   BEGIN TESTING IIY-JJY 
   SEARCHING FOR LENGTH <      2
   END TESTING; ERRORS=      0

   BEGIN TESTING IIX-JJX 
   SEARCHING FOR LENGTH <      3
   END TESTING; ERRORS=      0

   BEGIN TESTING IIY-JJY 
   SEARCHING FOR LENGTH <      3
   END TESTING; ERRORS=      0

   BEGIN TESTING IIXU-JJXU
   SEARCHING FOR LENGTH <      2
   END TESTING; ERRORS=      0

   BEGIN TESTING IIYU-JJYU
   SEARCHING FOR LENGTH <      2
   END TESTING; ERRORS=      0

   RECONSTRUCTION OF MASK BASED ON IIX AND JJX
   MASK BASED ON IIX, JJX; NUMBER OF GRIDS =    21216

   RECONSTRUCTION OF MASK BASED ON IIY AND JJY
   MASK BASED ON IIY, JJY; NUMBER OF GRIDS =    21216

   RECONSTRUCTION OF TEMPERATURE MASK BASED ON
   (IIX,JJX) AND (IIY,JJY) SIMULTANEOUSLY:
   TEMPERATURE MASK BASED ON (IIX,JJX) AND (IIY,JJY)
   IS EQUAL TO ORIGINAL MASK
   NUMBER OF GRIDS =    21216

   RECONSTRUCTION OF MASK BASED ON IIXU AND JJXU
   MASK BASED ON IIXU, JJXU; NUMBER OF GRIDS=    20909

   RECONSTRUCTION OF MASK BASED ON IIYU AND JJYU
   MASK BASED ON IIYU, JJYU; NUMBER OF GRIDS=    20909
   CONSTRUCTION OF C-X-Y-GRID MASKS BASED ON T-GRID:
   C-GRID MASK IN X DIRECTION HAS NUMBER OF OCEAN POINTS=    21112
   C-GRID MASK IN Y DIRECTION HAS NUMBER OF OCEAN POINTS=    21012
   TOTAL VECTOR DIMENSION ON T-GRID =  21216
   TOTAL VECTOR DIMENSION ON H-GRID =  20909
   MEAN DEPTH [CM]: 99999.84
  SUM OF SW DIVERGENCE COEFFICIENT =  21216.00
  FOR   21216.00 T-GRID POINTS
   Shortwave penetration divergent coefficients have been defined

    VERTICAL SWITCH FUNCTIONS IN VICINITY OF POINT
      LON = 323.00000   LAT =  53.50000
     WITH COORDINATES OF   10.30 W,   47.80 N.
                        SWITCH DEPTH FOR TYPE OF DIFFUSION:  300.0
     SWITCH DEPTH&RESIDUAL FRACTION FOR VALUE OF DIFFUSION:  300.0    0.5
 Depth[m] 0   0.25 0.50 0.75  1     
 ---------+----+----+----+----+-----
     0.0 |*                   +     

   Setting vertical switching function for lateral diffusion.
 RDR;RMU;EPS= 0.100E-06 0.000E+00 0.500E-03
    LATERAL DIFFUSION TYPE:
   WCLSD, WCLZD, WCLRD  = 1.00000 1.00000 0.00000
         WCVZD1,WCVRD1  =         1.00000 0.00000
  WCVZD2,WCVRD2,WCVZRD  =         1.00000 0.00000 0.00000
 TT & SS: AMXT,AMYT =  0.1000E+06  0.1000E+06
 UU & VV: AMXU,AMYU =  0.2500E+06  0.2500E+06
 ANUMAXT,ANUBGRT  =     50.0000      0.0500 -MAX(TOP)&BACKGR.TS VERT.DIFFUS.
 ANUMAXU,ANUBGRU  =    150.0000      1.0000 -MAX(TOP)&BACKGR. VERT.VISKOSITY
  STEP:   0.50HRS;  1800.00SEC;  0.02083DAY.
  DURATION OF RUN     1.00 DAYS.
  START DAY:   1; TIME:  0: 0: 0,11
 
START OF TIME INTEGRATION OF OCEAN MODEL
 
 MatForm:   121.23776006698608     
 RHSForm:  4.95691299438476563E-002
           0 KSPSolve   6.6757290363311768      its         603 norm  1.30689903806974596E-003 nvar       63340
   FORM u,v,slh:  2.23398208618164063E-003
   SYNC:  4.00543212890625000E-005
 SolveSys:   6.7008810043334961     
 RHSForm:  2.20718383789062500E-002
           0 KSPSolve   5.9812209606170654      its         552 norm  1.86931954627570819E-003 nvar       63340
   FORM u,v,slh:  6.06060028076171875E-004
   SYNC:  3.09944152832031250E-006
 SolveSys:   5.9818890094757080     
 RHSForm:  2.08530426025390625E-002
           0 KSPSolve   4.2833940982818604      its         394 norm  1.86682567076010709E-003 nvar       63340
   FORM u,v,slh:  1.15489959716796875E-003
   SYNC:  4.00543212890625000E-005
 SolveSys:   4.2850909233093262     
 RHSForm:  2.20839977264404297E-002
           0 KSPSolve   2.9169430732727051      its         269 norm  1.60747872966562487E-003 nvar       63340
   FORM u,v,slh:  5.78165054321289063E-004
   SYNC:  1.90734863281250000E-006
 SolveSys:   2.9175810813903809     
 RHSForm:  2.07059383392333984E-002
           0 KSPSolve   3.3163630962371826      its         307 norm  1.33272730654365279E-003 nvar       63340
   FORM u,v,slh:  5.80787658691406250E-004
   SYNC:  1.90734863281250000E-006
 SolveSys:   3.3170199394226074     
 RHSForm:  2.07951068878173828E-002
           0 KSPSolve   4.6090900897979736      its         426 norm  1.19440181402213994E-003 nvar       63340
   FORM u,v,slh:  1.07979774475097656E-003
   SYNC:  4.00543212890625000E-005
 SolveSys:   4.6107900142669678     
 RHSForm:  2.19168663024902344E-002
           0 KSPSolve   3.6938011646270752      its         343 norm  1.18301992671744345E-003 nvar       63340
   FORM u,v,slh:  5.97953796386718750E-004
   SYNC:  2.14576721191406250E-006
 SolveSys:   3.6944620609283447     
 RHSForm:  2.08120346069335938E-002
           0 KSPSolve   3.3919298648834229      its         315 norm  1.23528780801572644E-003 nvar       63340
   FORM u,v,slh:  8.02040100097656250E-004
   SYNC:  2.90870666503906250E-005
 SolveSys:   3.3929648399353027     
 RHSForm:  2.16829776763916016E-002
           0 KSPSolve   1.8570580482482910      its         173 norm  1.28919366174711034E-003 nvar       63340
   FORM u,v,slh:  5.85079193115234375E-004
   SYNC:  1.90734863281250000E-006
 SolveSys:   1.8577070236206055     
 RHSForm:  2.07130908966064453E-002
           0 KSPSolve   2.0123589038848877      its         187 norm  1.30872651879105056E-003 nvar       63340
   FORM u,v,slh:  5.81979751586914063E-004
   SYNC:  3.09944152832031250E-006
 SolveSys:   2.0130050182342529     
  WRITE XY-DATA: REC=       1
   MODEL TIME: 05:00:00  01JAN2013;  DAY IN YEAR:001,  DAY IN 4YRS:0001
 OUTPUT DATA to E/XY/sl.dat
 XY_OUT:  1.60779953002929688E-002
 RHSForm:  2.28908061981201172E-002
           0 KSPSolve   2.4827189445495605      its         231 norm  1.34141078677656764E-003 nvar       63340
   FORM u,v,slh:  6.62088394165039063E-004
   SYNC:  4.69684600830078125E-005
 SolveSys:   2.4835648536682129     
 RHSForm:  2.06930637359619141E-002
           0 KSPSolve   2.7262818813323975      its         254 norm  1.33477334313206490E-003 nvar       63340
   FORM u,v,slh:  5.81026077270507813E-004
   SYNC:  1.90734863281250000E-006
 SolveSys:   2.7269279956817627     
 RHSForm:  2.07219123840332031E-002
           0 KSPSolve   2.0612652301788330      its         192 norm  1.32016967551316423E-003 nvar       63340
   FORM u,v,slh:  1.02496147155761719E-003
   SYNC:  4.22000885009765625E-005
 SolveSys:   2.0628559589385986     
 RHSForm:  2.20010280609130859E-002
           0 KSPSolve  0.82398509979248047      its          78 norm  1.31350228200284819E-003 nvar       63340
   FORM u,v,slh:  5.92947006225585938E-004
   SYNC:  3.09944152832031250E-006
 SolveSys:  0.82464218139648438     
 RHSForm:  2.06987857818603516E-002
           0 KSPSolve  0.11911797523498535      its          13 norm  1.25267608387969820E-003 nvar       63340
   FORM u,v,slh:  5.84840774536132813E-004
   SYNC:  1.90734863281250000E-006
 SolveSys:  0.11976814270019531     
 RHSForm:  2.07130908966064453E-002
           0 KSPSolve  0.96269488334655762      its          89 norm  1.29901346678039701E-003 nvar       63340
   FORM u,v,slh:  6.03199005126953125E-004
   SYNC:  1.90734863281250000E-006
 SolveSys:  0.96336293220520020     
 RHSForm:  2.07171440124511719E-002
           0 KSPSolve   1.5843200683593750      its         147 norm  1.30332836212189722E-003 nvar       63340
   FORM u,v,slh:  6.01053237915039063E-004
   SYNC:  1.90734863281250000E-006
 SolveSys:   1.5849871635437012     
 RHSForm:  2.07018852233886719E-002
           0 KSPSolve   1.3158760070800781      its         121 norm  1.26914331968328736E-003 nvar       63340
   FORM u,v,slh:  5.82933425903320313E-004
   SYNC:  2.14576721191406250E-006
 SolveSys:   1.3165237903594971     
 RHSForm:  2.07240581512451172E-002
           0 KSPSolve   1.0126769542694092      its          94 norm  1.30863645586967443E-003 nvar       63340
   FORM u,v,slh:  5.99861145019531250E-004
   SYNC:  1.90734863281250000E-006
 SolveSys:   1.0133419036865234     
 RHSForm:  2.08039283752441406E-002
           0 KSPSolve  0.59732198715209961      its          56 norm  1.29403207527300731E-003 nvar       63340
   FORM u,v,slh:  5.90801239013671875E-004
   SYNC:  1.90734863281250000E-006
 SolveSys:  0.59797596931457520     
  WRITE XY-DATA: REC=       2
   MODEL TIME: 10:00:00  01JAN2013;  DAY IN YEAR:001,  DAY IN 4YRS:0001
 OUTPUT DATA to E/XY/sl.dat
 XY_OUT:  6.76202774047851563E-003
 RHSForm:  2.24599838256835938E-002
           0 KSPSolve  0.12058186531066895      its          13 norm  1.26604580807401172E-003 nvar       63340
   FORM u,v,slh:  6.74962997436523438E-004
   SYNC:  4.50611114501953125E-005
 SolveSys:  0.12143182754516602     
 RHSForm:  2.08969116210937500E-002
           0 KSPSolve  0.18428683280944824      its          19 norm  1.29804219667401075E-003 nvar       63340
   FORM u,v,slh:  5.81026077270507813E-004
   SYNC:  1.90734863281250000E-006
 SolveSys:  0.18493199348449707     
 RHSForm:  2.07121372222900391E-002
           0 KSPSolve  0.53277301788330078      its          51 norm  1.30179828951657570E-003 nvar       63340
   FORM u,v,slh:  5.98907470703125000E-004
   SYNC:  1.90734863281250000E-006
 SolveSys:  0.53343892097473145     
 RHSForm:  2.07068920135498047E-002
           0 KSPSolve  0.65596890449523926      its          60 norm  1.29787470982848860E-003 nvar       63340
   FORM u,v,slh:  7.92980194091796875E-004
   SYNC:  3.91006469726562500E-005
 SolveSys:  0.65698885917663574     
 RHSForm:  2.15890407562255859E-002
           0 KSPSolve  0.59726500511169434      its          56 norm  1.27903746751191569E-003 nvar       63340
   FORM u,v,slh:  5.97000122070312500E-004
   SYNC:  3.09944152832031250E-006
 SolveSys:  0.59792804718017578     
 RHSForm:  2.07297801971435547E-002
           0 KSPSolve  0.52074503898620605      its          50 norm  1.28988415115388090E-003 nvar       63340
   FORM u,v,slh:  5.79118728637695313E-004
   SYNC:  1.90734863281250000E-006
 SolveSys:  0.52138900756835938     
 RHSForm:  2.06830501556396484E-002
           0 KSPSolve  0.50845003128051758      its          49 norm  1.29813483747184301E-003 nvar       63340
   FORM u,v,slh:  5.96046447753906250E-004
   SYNC:  1.90734863281250000E-006
 SolveSys:  0.50911092758178711     
 RHSForm:  2.07109451293945313E-002
           0 KSPSolve  0.54563093185424805      its          52 norm  1.31484360648187492E-003 nvar       63340
   FORM u,v,slh:  5.98907470703125000E-004
   SYNC:  2.14576721191406250E-006
 SolveSys:  0.54629492759704590     
 RHSForm:  2.07130908966064453E-002
           0 KSPSolve  0.57038807868957520      its          54 norm  1.30353239285571718E-003 nvar       63340
   FORM u,v,slh:  5.91993331909179688E-004
   SYNC:  1.90734863281250000E-006
 SolveSys:  0.57104396820068359     
 RHSForm:  2.07688808441162109E-002
           0 KSPSolve  0.52070093154907227      its          50 norm  1.31151768079286230E-003 nvar       63340
   FORM u,v,slh:  5.83171844482421875E-004
   SYNC:  1.90734863281250000E-006
 SolveSys:  0.52136707305908203     
  WRITE XY-DATA: REC=       3
   MODEL TIME: 15:00:00  01JAN2013;  DAY IN YEAR:001,  DAY IN 4YRS:0001
 OUTPUT DATA to E/XY/sl.dat
 XY_OUT:  6.54983520507812500E-003
 RHSForm:  2.25720405578613281E-002
           0 KSPSolve  0.41627907752990723      its          40 norm  1.31880527473220090E-003 nvar       63340
   FORM u,v,slh:  6.63995742797851563E-004
   SYNC:  4.60147857666015625E-005
 SolveSys:  0.41712498664855957     
 RHSForm:  2.07870006561279297E-002
           0 KSPSolve  0.31421113014221191      its          29 norm  1.29969823891243927E-003 nvar       63340
   FORM u,v,slh:  5.81979751586914063E-004
   SYNC:  1.90734863281250000E-006
 SolveSys:  0.31485915184020996     
 RHSForm:  2.06909179687500000E-002
           0 KSPSolve  0.25915384292602539      its          25 norm  1.31841481240923186E-003 nvar       63340
   FORM u,v,slh:  5.79833984375000000E-004
   SYNC:  2.14576721191406250E-006
 SolveSys:  0.25979804992675781     
 RHSForm:  2.06999778747558594E-002
           0 KSPSolve  0.29933881759643555      its          28 norm  1.31909017112814852E-003 nvar       63340
   FORM u,v,slh:  5.78880310058593750E-004
   SYNC:  2.14576721191406250E-006
 SolveSys:  0.29998302459716797     
 RHSForm:  2.06978321075439453E-002
           0 KSPSolve  0.31407713890075684      its          29 norm  1.31854103048044229E-003 nvar       63340
   FORM u,v,slh:  5.77926635742187500E-004
   SYNC:  1.90734863281250000E-006
 SolveSys:  0.31473612785339355     
 RHSForm:  2.07331180572509766E-002
           0 KSPSolve  0.31364583969116211      its          29 norm  1.30936093597214254E-003 nvar       63340
   FORM u,v,slh:  5.80787658691406250E-004
   SYNC:  1.90734863281250000E-006
 SolveSys:  0.31430602073669434     
 RHSForm:  2.07099914550781250E-002
           0 KSPSolve  0.29931783676147461      its          28 norm  1.32055346670433699E-003 nvar       63340
   FORM u,v,slh:  5.97000122070312500E-004
   SYNC:  2.86102294921875000E-006
 SolveSys:  0.29997992515563965     
 RHSForm:  2.06921100616455078E-002
           0 KSPSolve  0.32685208320617676      its          28 norm  1.32218130320112411E-003 nvar       63340
   FORM u,v,slh:  5.80072402954101563E-004
   SYNC:  1.90734863281250000E-006
 SolveSys:  0.32751607894897461     
 RHSForm:  2.07250118255615234E-002
           0 KSPSolve  0.31401705741882324      its          29 norm  1.31668095024954244E-003 nvar       63340
   FORM u,v,slh:  5.97000122070312500E-004
   SYNC:  3.09944152832031250E-006
 SolveSys:  0.31467914581298828     
 RHSForm:  2.07028388977050781E-002
           0 KSPSolve  0.31369900703430176      its          29 norm  1.31308471694626750E-003 nvar       63340
   FORM u,v,slh:  5.81026077270507813E-004
   SYNC:  2.14576721191406250E-006
 SolveSys:  0.31434512138366699     
  WRITE XY-DATA: REC=       4
   MODEL TIME: 20:00:00  01JAN2013;  DAY IN YEAR:001,  DAY IN 4YRS:0001
 OUTPUT DATA to E/XY/sl.dat
 XY_OUT:  5.65505027770996094E-003
 RHSForm:  2.24909782409667969E-002
           0 KSPSolve  0.32985401153564453      its          30 norm  1.31205689669754524E-003 nvar       63340
   FORM u,v,slh:  6.69956207275390625E-004
   SYNC:  4.48226928710937500E-005
 SolveSys:  0.33070302009582520     
 RHSForm:  2.07707881927490234E-002
           0 KSPSolve  0.32794094085693359      its          30 norm  1.31488920431261616E-003 nvar       63340
   FORM u,v,slh:  5.81979751586914063E-004
   SYNC:  2.86102294921875000E-006
 SolveSys:  0.32860302925109863     
 RHSForm:  2.07221508026123047E-002
           0 KSPSolve  0.35628604888916016      its          33 norm  1.31796768483775938E-003 nvar       63340
   FORM u,v,slh:  6.02006912231445313E-004
   SYNC:  2.14576721191406250E-006
 SolveSys:  0.35695099830627441     
 RHSForm:  2.07560062408447266E-002
           0 KSPSolve  0.37213993072509766      its          35 norm  1.31801855079116594E-003 nvar       63340
   FORM u,v,slh:  5.81979751586914063E-004
   SYNC:  1.90734863281250000E-006
 SolveSys:  0.37278604507446289     
 RHSForm:  2.07040309906005859E-002
           0 KSPSolve  0.38862895965576172      its          37 norm  1.31436565745515484E-003 nvar       63340
   FORM u,v,slh:  6.01053237915039063E-004
   SYNC:  1.90734863281250000E-006
 SolveSys:  0.38929295539855957     
 RHSForm:  2.07760334014892578E-002
           0 KSPSolve  0.36443614959716797      its          34 norm  1.31567879396817335E-003 nvar       63340
   FORM u,v,slh:  5.93900680541992188E-004
   SYNC:  3.09944152832031250E-006
 SolveSys:  0.36509299278259277     
 RHSForm:  2.07710266113281250E-002
           0 KSPSolve  0.37162709236145020      its          35 norm  1.31529519656668108E-003 nvar       63340
   FORM u,v,slh:  5.81979751586914063E-004
   SYNC:  3.09944152832031250E-006
 SolveSys:  0.37227296829223633     
 RHSForm:  2.07400321960449219E-002
           0 KSPSolve  0.35218381881713867      its          32 norm  1.31813689151405542E-003 nvar       63340
   FORM u,v,slh:  8.02993774414062500E-004
   SYNC:  3.40938568115234375E-005
 SolveSys:  0.35320591926574707     
 
END OF TIME INTEGRATION OF OCEAN MODEL
 
 TIME GLOBAL:   185.60612201690674     
  ELAPSED DAY:   1; TIME:  0: 3: 5,32
