 INPUT OCEAN TASK PARAMETERS FROM octask.par
       1800.0  :STEP,IN SECONDS(*-FORMAT,11-COLUMNS)
        1.0  :DURATION OF RUN IN DAY(*11C)
          0  :INITIAL STEP(=0=>START FROM INIT.T&S; >0=>START FROM CONTROL POINT)(I7)
       2013  :INITIAL YEAR(I7)
         0   :WRITING PERIOD IN STEPS FOR CONTROL POINT OUTPUT
         0   :WRITING PERIOD IN STEPS FOR INTEGRAL PARAMETER OUTPUT
         5   :WRITING PERIOD IN STEPS FOR LOCAL OUTPUT (not use if =<0)
  0. 0.0     :EXTERNAL&INTERNAL PERIODS IN DAYS TO WRITE XYZ ARRAYS
  0. 0.0     :EXTERNAL&INTERNAL PERIODS IN DAYS TO WRITE PASSIVE TRACER ARRAYS
  1. 0.2     :EXTERNAL&INTERNAL PERIODS IN DAYS TO WRITE  XY ARRAYS
  0. 0.0     :EXTERNAL&INTERNAL PERIODS IN DAYS TO WRITE  YZ ARRAYS
  -2   -2   3    :TYPES OF SS CONDITION FOR T,S,WIND(IGT,IGS =1,2,3),IGWS=(1,2,3,4)(3I4)
   0   30        :USAGE OF ICE BLOCK IN OCEAN MODEL(0-DO NOT USE,1-USE)
   1   1         :1-DO NOT 2- REMOVE SPACE AVARAGING HEAT & FRESH WATER FLUXES(2I4)
 1.0E-03   1.0E-03       :COEFFICIENT OF RELAXATION FOR SST & SSS[CM/S](*22C)
 E                           :PATH TO OCEAN CONTROL POINT(RESULTES)(A32)
 ../Data_NEMO/SS2013               :PATH TO OCEAN DATA FILES
 sst.dat                           :SEA SURFACE TEMPERATURE
 sss.dat                           :SEA SURFACE SALINITY
 tlbc.dat                          :T-VALUES FOR LIQUID WALLS
 slbc.dat                          :S-VALUES FOR LIQUID WAL
 /san1lun1nfs/Data/COSMO13kmINMOM/ :PATH TO FILES OF ATM FORCINGM
 mzs.dat                           : SEA SURFACE ZONAL WIND STRESS(A32)
 mms.dat                           : SEA SURFACE MERIDIONAL WIND STRESS(A32)
 mnhf.dat                          : SEA SURFACE HEAT BALANCE(OCMOD)(A32)
 mswr.dat                          : SEA SURFACE SHORTWAVE RAD BALANCE(A32)^M
 mpme.dat                          : PRECIPITATION-EVAPORATION(A32)^M
 icemask.dat                       : ICE MASK (A32)^M
 sst_OkhSea.dat                    : TEMPERATURE OF ATMOSPHERE(COUPLED MODEL ONLY)^M
 slp.dat                           : SEA LEVEL PRESSURE^M
 rof4joseas_cosmo.dat              : RIVER RUNOFF^M
 trd.dat                           : DW-LW-RAD
 srd.dat                           : DW-SW-RAD
 tpr.dat                           : PRECIPIT
 t2m.dat                           : TEMP OF ATMOSPHERE
 q2m.dat                           : HUMIDITY
 u10.dat                           : U-WIND SPEED
 v10.dat                           : V-WIND SPEED
 NONE                              : SEA-LAND MASK FOR ATMPSPHERE^M
 
 COMMENTS:
 
 TYPES OF SS CONDITION FOR T,S:
 
 1 - FIRST CONDITION
     (ONLY T,S AT OCEAN SURFACE ARE USED)
 2 - SECOND CONDITION
     (HEAT AND FRESH WATER BALANCES ARE USED)
 3 - THIRD CONDITION
     (HEAT AND SALT FLUXES ARE CALCULATED BY BULK-FORMULAE)
 
 TYPES OF SS CONDITION FOR U,V:
 
 1 - WIND STRESS COMPONENTS ARE READ FROM FILES,
     ATM PRESSURE DOES NOT AFFECT DYNAMICS
 2 - WIND STRESS COMPONENTS ARE READ FROM FILES,
     ATM PRESSURE AFFECTS DYNAMICS
 3 - WIND STRESS COMPONENTS ARE CALCULATED BY BULK FORMULAE,
     ATM PRESSURE DOES NOT AFFECT DYNAMICS
 4 - WIND STRESS COMPONENTS ARE CALCULATED BY BULK FORMULAE,
     ATM PRESSURE AFFECTS DYNAMICS
 
 USAGE OF ICE BLOCK IN OCEAN MODEL:
 
 (FIRST NUMBER)
 0 - ICE BLOCK IS NOT USED
 INPUT OCEAN TASK PARAMETERS FROM octask.par
 1 - ICE BLOCK IS USED
 
       1800.0  :STEP,IN SECONDS(*-FORMAT,11-COLUMNS)
        1.0  :DURATION OF RUN IN DAY(*11C)
 
 (SECOND NUMBER) - NUMBER OF TIME STEPS OF ICE MODEL
          0  :INITIAL STEP(=0=>START FROM INIT.T&S; >0=>START FROM CONTROL POINT)(I7)
       2013  :INITIAL YEAR(I7)
 IN ONE TIME STEP OF OCEAN MODEL
 EQUAL 1 IF ICE RHEOLOGY IS NOT USED
         0   :WRITING PERIOD IN STEPS FOR CONTROL POINT OUTPUT
         0   :WRITING PERIOD IN STEPS FOR INTEGRAL PARAMETER OUTPUT
         5   :WRITING PERIOD IN STEPS FOR LOCAL OUTPUT (not use if =<0)
 >>1 (~60) IF ICE RHEOLOGY IS USED
 

  0. 0.0     :EXTERNAL&INTERNAL PERIODS IN DAYS TO WRITE XYZ ARRAYS
  0. 0.0     :EXTERNAL&INTERNAL PERIODS IN DAYS TO WRITE PASSIVE TRACER ARRAYS
  1. 0.2     :EXTERNAL&INTERNAL PERIODS IN DAYS TO WRITE  XY ARRAYS
  0. 0.0     :EXTERNAL&INTERNAL PERIODS IN DAYS TO WRITE  YZ ARRAYS
  -2   -2   3    :TYPES OF SS CONDITION FOR T,S,WIND(IGT,IGS =1,2,3),IGWS=(1,2,3,4)(3I4)
   0   30        :USAGE OF ICE BLOCK IN OCEAN MODEL(0-DO NOT USE,1-USE)
   1   1         :1-DO NOT 2- REMOVE SPACE AVARAGING HEAT & FRESH WATER FLUXES(2I4)
 1.0E-03   1.0E-03       :COEFFICIENT OF RELAXATION FOR SST & SSS[CM/S](*22C)
 E                           :PATH TO OCEAN CONTROL POINT(RESULTES)(A32)
 ../Data_NEMO/SS2013               :PATH TO OCEAN DATA FILES
 sst.dat                           :SEA SURFACE TEMPERATURE
 sss.dat                           :SEA SURFACE SALINITY
 tlbc.dat                          :T-VALUES FOR LIQUID WALLS
 slbc.dat                          :S-VALUES FOR LIQUID WAL
 /san1lun1nfs/Data/COSMO13kmINMOM/ :PATH TO FILES OF ATM FORCINGM
 mzs.dat                           : SEA SURFACE ZONAL WIND STRESS(A32)
 mms.dat                           : SEA SURFACE MERIDIONAL WIND STRESS(A32)
 mnhf.dat                          : SEA SURFACE HEAT BALANCE(OCMOD)(A32)
 mswr.dat                          : SEA SURFACE SHORTWAVE RAD BALANCE(A32)^M
 mpme.dat                          : PRECIPITATION-EVAPORATION(A32)^M
 icemask.dat                       : ICE MASK (A32)^M
 sst_OkhSea.dat                    : TEMPERATURE OF ATMOSPHERE(COUPLED MODEL ONLY)^M
 slp.dat                           : SEA LEVEL PRESSURE^M
 rof4joseas_cosmo.dat              : RIVER RUNOFF^M
 trd.dat                           : DW-LW-RAD
 srd.dat                           : DW-SW-RAD
 tpr.dat                           : PRECIPIT
 t2m.dat                           : TEMP OF ATMOSPHERE
 q2m.dat                           : HUMIDITY
 u10.dat                           : U-WIND SPEED
 v10.dat                           : V-WIND SPEED
 NONE                              : SEA-LAND MASK FOR ATMPSPHERE^M
 
 COMMENTS:
 
 TYPES OF SS CONDITION FOR T,S:
 
 1 - FIRST CONDITION
     (ONLY T,S AT OCEAN SURFACE ARE USED)
 2 - SECOND CONDITION
     (HEAT AND FRESH WATER BALANCES ARE USED)
 3 - THIRD CONDITION
     (HEAT AND SALT FLUXES ARE CALCULATED BY BULK-FORMULAE)
 
 TYPES OF SS CONDITION FOR U,V:
 
 1 - WIND STRESS COMPONENTS ARE READ FROM FILES,
     ATM PRESSURE DOES NOT AFFECT DYNAMICS
 2 - WIND STRESS COMPONENTS ARE READ FROM FILES,
     ATM PRESSURE AFFECTS DYNAMICS
 3 - WIND STRESS COMPONENTS ARE CALCULATED BY BULK FORMULAE,
     ATM PRESSURE DOES NOT AFFECT DYNAMICS
 4 - WIND STRESS COMPONENTS ARE CALCULATED BY BULK FORMULAE,
     ATM PRESSURE AFFECTS DYNAMICS
 
 USAGE OF ICE BLOCK IN OCEAN MODEL:
 
 (FIRST NUMBER)
 0 - ICE BLOCK IS NOT USED
 1 - ICE BLOCK IS USED
 
 
 (SECOND NUMBER) - NUMBER OF TIME STEPS OF ICE MODEL
 IN ONE TIME STEP OF OCEAN MODEL
 EQUAL 1 IF ICE RHEOLOGY IS NOT USED
 >>1 (~60) IF ICE RHEOLOGY IS USED
 

 INPUT OCEAN TASK PARAMETERS FROM octask.par
       1800.0  :STEP,IN SECONDS(*-FORMAT,11-COLUMNS)
        1.0  :DURATION OF RUN IN DAY(*11C)
          0  :INITIAL STEP(=0=>START FROM INIT.T&S; >0=>START FROM CONTROL POINT)(I7)
       2013  :INITIAL YEAR(I7)
         0   :WRITING PERIOD IN STEPS FOR CONTROL POINT OUTPUT
         0   :WRITING PERIOD IN STEPS FOR INTEGRAL PARAMETER OUTPUT
         5   :WRITING PERIOD IN STEPS FOR LOCAL OUTPUT (not use if =<0)
  0. 0.0     :EXTERNAL&INTERNAL PERIODS IN DAYS TO WRITE XYZ ARRAYS
  0. 0.0     :EXTERNAL&INTERNAL PERIODS IN DAYS TO WRITE PASSIVE TRACER ARRAYS
  1. 0.2     :EXTERNAL&INTERNAL PERIODS IN DAYS TO WRITE  XY ARRAYS
  0. 0.0     :EXTERNAL&INTERNAL PERIODS IN DAYS TO WRITE  YZ ARRAYS
  -2   -2   3    :TYPES OF SS CONDITION FOR T,S,WIND(IGT,IGS =1,2,3),IGWS=(1,2,3,4)(3I4)
   0   30        :USAGE OF ICE BLOCK IN OCEAN MODEL(0-DO NOT USE,1-USE)
   1   1         :1-DO NOT 2- REMOVE SPACE AVARAGING HEAT & FRESH WATER FLUXES(2I4)
 1.0E-03   1.0E-03       :COEFFICIENT OF RELAXATION FOR SST & SSS[CM/S](*22C)
 E                           :PATH TO OCEAN CONTROL POINT(RESULTES)(A32)
 ../Data_NEMO/SS2013               :PATH TO OCEAN DATA FILES
 sst.dat                           :SEA SURFACE TEMPERATURE
 sss.dat                           :SEA SURFACE SALINITY
 tlbc.dat                          :T-VALUES FOR LIQUID WALLS
 slbc.dat                          :S-VALUES FOR LIQUID WAL
 /san1lun1nfs/Data/COSMO13kmINMOM/ :PATH TO FILES OF ATM FORCINGM
 mzs.dat                           : SEA SURFACE ZONAL WIND STRESS(A32)
 mms.dat                           : SEA SURFACE MERIDIONAL WIND STRESS(A32)
 mnhf.dat                          : SEA SURFACE HEAT BALANCE(OCMOD)(A32)
 mswr.dat                          : SEA SURFACE SHORTWAVE RAD BALANCE(A32)^M
 mpme.dat                          : PRECIPITATION-EVAPORATION(A32)^M
 icemask.dat                       : ICE MASK (A32)^M
 sst_OkhSea.dat                    : TEMPERATURE OF ATMOSPHERE(COUPLED MODEL ONLY)^M
 slp.dat                           : SEA LEVEL PRESSURE^M
 rof4joseas_cosmo.dat              : RIVER RUNOFF^M
 trd.dat                           : DW-LW-RAD
 srd.dat                           : DW-SW-RAD
 tpr.dat                           : PRECIPIT
 t2m.dat                           : TEMP OF ATMOSPHERE
 q2m.dat                           : HUMIDITY
 u10.dat                           : U-WIND SPEED
 v10.dat                           : V-WIND SPEED
 NONE                              : SEA-LAND MASK FOR ATMPSPHERE^M
 
 COMMENTS:
 
 TYPES OF SS CONDITION FOR T,S:
 
 1 - FIRST CONDITION
     (ONLY T,S AT OCEAN SURFACE ARE USED)
 2 - SECOND CONDITION
     (HEAT AND FRESH WATER BALANCES ARE USED)
 3 - THIRD CONDITION
     (HEAT AND SALT FLUXES ARE CALCULATED BY BULK-FORMULAE)
 
 TYPES OF SS CONDITION FOR U,V:
 
 1 - WIND STRESS COMPONENTS ARE READ FROM FILES,
     ATM PRESSURE DOES NOT AFFECT DYNAMICS
 2 - WIND STRESS COMPONENTS ARE READ FROM FILES,
     ATM PRESSURE AFFECTS DYNAMICS
 3 - WIND STRESS COMPONENTS ARE CALCULATED BY BULK FORMULAE,
     ATM PRESSURE DOES NOT AFFECT DYNAMICS
 4 - WIND STRESS COMPONENTS ARE CALCULATED BY BULK FORMULAE,
     ATM PRESSURE AFFECTS DYNAMICS
 
 USAGE OF ICE BLOCK IN OCEAN MODEL:
 
 (FIRST NUMBER)
 0 - ICE BLOCK IS NOT USED
 1 - ICE BLOCK IS USED
 
 
 (SECOND NUMBER) - NUMBER OF TIME STEPS OF ICE MODEL
 IN ONE TIME STEP OF OCEAN MODEL
 EQUAL 1 IF ICE RHEOLOGY IS NOT USED
 >>1 (~60) IF ICE RHEOLOGY IS USED
 

 INPUT OCEAN TASK PARAMETERS FROM octask.par
       1800.0  :STEP,IN SECONDS(*-FORMAT,11-COLUMNS)
        1.0  :DURATION OF RUN IN DAY(*11C)
          0  :INITIAL STEP(=0=>START FROM INIT.T&S; >0=>START FROM CONTROL POINT)(I7)
       2013  :INITIAL YEAR(I7)
         0   :WRITING PERIOD IN STEPS FOR CONTROL POINT OUTPUT
         0   :WRITING PERIOD IN STEPS FOR INTEGRAL PARAMETER OUTPUT
         5   :WRITING PERIOD IN STEPS FOR LOCAL OUTPUT (not use if =<0)
  0. 0.0     :EXTERNAL&INTERNAL PERIODS IN DAYS TO WRITE XYZ ARRAYS
  0. 0.0     :EXTERNAL&INTERNAL PERIODS IN DAYS TO WRITE PASSIVE TRACER ARRAYS
  1. 0.2     :EXTERNAL&INTERNAL PERIODS IN DAYS TO WRITE  XY ARRAYS
  0. 0.0     :EXTERNAL&INTERNAL PERIODS IN DAYS TO WRITE  YZ ARRAYS
  -2   -2   3    :TYPES OF SS CONDITION FOR T,S,WIND(IGT,IGS =1,2,3),IGWS=(1,2,3,4)(3I4)
   0   30        :USAGE OF ICE BLOCK IN OCEAN MODEL(0-DO NOT USE,1-USE)
   1   1         :1-DO NOT 2- REMOVE SPACE AVARAGING HEAT & FRESH WATER FLUXES(2I4)
 1.0E-03   1.0E-03       :COEFFICIENT OF RELAXATION FOR SST & SSS[CM/S](*22C)
 E                           :PATH TO OCEAN CONTROL POINT(RESULTES)(A32)
 ../Data_NEMO/SS2013               :PATH TO OCEAN DATA FILES
 sst.dat                           :SEA SURFACE TEMPERATURE
 sss.dat                           :SEA SURFACE SALINITY
 tlbc.dat                          :T-VALUES FOR LIQUID WALLS
 slbc.dat                          :S-VALUES FOR LIQUID WAL
 /san1lun1nfs/Data/COSMO13kmINMOM/ :PATH TO FILES OF ATM FORCINGM
 mzs.dat                           : SEA SURFACE ZONAL WIND STRESS(A32)
 mms.dat                           : SEA SURFACE MERIDIONAL WIND STRESS(A32)
 mnhf.dat                          : SEA SURFACE HEAT BALANCE(OCMOD)(A32)
 mswr.dat                          : SEA SURFACE SHORTWAVE RAD BALANCE(A32)^M
 mpme.dat                          : PRECIPITATION-EVAPORATION(A32)^M
 icemask.dat                       : ICE MASK (A32)^M
 sst_OkhSea.dat                    : TEMPERATURE OF ATMOSPHERE(COUPLED MODEL ONLY)^M
 slp.dat                           : SEA LEVEL PRESSURE^M
 rof4joseas_cosmo.dat              : RIVER RUNOFF^M
 trd.dat                           : DW-LW-RAD
 srd.dat                           : DW-SW-RAD
 tpr.dat                           : PRECIPIT
 t2m.dat                           : TEMP OF ATMOSPHERE
 q2m.dat                           : HUMIDITY
 u10.dat                           : U-WIND SPEED
 v10.dat                           : V-WIND SPEED
 NONE                              : SEA-LAND MASK FOR ATMPSPHERE^M
 
 COMMENTS:
 
 TYPES OF SS CONDITION FOR T,S:
 
 1 - FIRST CONDITION
     (ONLY T,S AT OCEAN SURFACE ARE USED)
 2 - SECOND CONDITION
     (HEAT AND FRESH WATER BALANCES ARE USED)
 3 - THIRD CONDITION
     (HEAT AND SALT FLUXES ARE CALCULATED BY BULK-FORMULAE)
 
 TYPES OF SS CONDITION FOR U,V:
 
 1 - WIND STRESS COMPONENTS ARE READ FROM FILES,
     ATM PRESSURE DOES NOT AFFECT DYNAMICS
 2 - WIND STRESS COMPONENTS ARE READ FROM FILES,
     ATM PRESSURE AFFECTS DYNAMICS
 3 - WIND STRESS COMPONENTS ARE CALCULATED BY BULK FORMULAE,
     ATM PRESSURE DOES NOT AFFECT DYNAMICS
 4 - WIND STRESS COMPONENTS ARE CALCULATED BY BULK FORMULAE,
     ATM PRESSURE AFFECTS DYNAMICS
 
 USAGE OF ICE BLOCK IN OCEAN MODEL:
 
 (FIRST NUMBER)
 0 - ICE BLOCK IS NOT USED
 1 - ICE BLOCK IS USED
 
 
 (SECOND NUMBER) - NUMBER OF TIME STEPS OF ICE MODEL
 IN ONE TIME STEP OF OCEAN MODEL
 EQUAL 1 IF ICE RHEOLOGY IS NOT USED
 >>1 (~60) IF ICE RHEOLOGY IS USED
 

  NUMBER OF ALL GRID POINTS =   2875425
  TOTAL MEMORY =  11501700 Bytes,    10.969 Mbytes,  0.010712 Gbytes.

  NUMBER OF ALL GRID POINTS =   2875425
  TOTAL MEMORY =  11501700 Bytes,    10.969 Mbytes,  0.010712 Gbytes.

  NUMBER OF ALL GRID POINTS =   2875425
  TOTAL MEMORY =  11501700 Bytes,    10.969 Mbytes,  0.010712 Gbytes.

  NUMBER OF ALL GRID POINTS =   2875425
  TOTAL MEMORY =  11501700 Bytes,    10.969 Mbytes,  0.010712 Gbytes.

      4 -SWITCHING KEYS FOR TASK:INP.COND
      5 -SEA LEVEL(+)/STREAM FUNCTION(-)
      3 -T&S LATERAL  TRANSPORT&MIX
     -5 -T&S VERTICAL TRANSP&MIX
     -2 -U&V LATERAL TRANSPORT&MIX
      3 -U&V VERTICAL TRANSPORT&MIX
      1 -PASSIVETRACER LATERAL TRANSPORT&MIX
      1 -PASSIVETRACER VERTICAL TRANSPORT&MIX
      0 -NUMBER OF LIQUID BOUNDARIES INCLUDED
      4 -SWITCHING KEYS FOR TASK:INP.COND
      5 -SEA LEVEL(+)/STREAM FUNCTION(-)
      3 -T&S LATERAL  TRANSPORT&MIX
     -5 -T&S VERTICAL TRANSP&MIX
     -2 -U&V LATERAL TRANSPORT&MIX
      3 -U&V VERTICAL TRANSPORT&MIX
      1 -PASSIVETRACER LATERAL TRANSPORT&MIX
      1 -PASSIVETRACER VERTICAL TRANSPORT&MIX
      0 -NUMBER OF LIQUID BOUNDARIES INCLUDED
  0.1000E-06  0.0000 BOTTOM FRICTION AND ITERATION PARAMETER FOR STREAM FUNCTION
  0.1000E-06  0.0000 BOTTOM FRICTION AND ITERATION PARAMETER FOR STREAM FUNCTION
      4 -SWITCHING KEYS FOR TASK:INP.COND
      5 -SEA LEVEL(+)/STREAM FUNCTION(-)
      3 -T&S LATERAL  TRANSPORT&MIX
     -5 -T&S VERTICAL TRANSP&MIX
     -2 -U&V LATERAL TRANSPORT&MIX
      3 -U&V VERTICAL TRANSPORT&MIX
      1 -PASSIVETRACER LATERAL TRANSPORT&MIX
      1 -PASSIVETRACER VERTICAL TRANSPORT&MIX
      0 -NUMBER OF LIQUID BOUNDARIES INCLUDED
  0.1000E-06  0.0000 BOTTOM FRICTION AND ITERATION PARAMETER FOR STREAM FUNCTION
  0.1000E+01  0.1000E+06[CM**2/S] -LATERAL DIFFUSION OF 2nd ORDER IN X & Y DIRECTION
  0.1000E+01  0.2500E+06[CM**2/S] -LATERAL VISCOSITY OF 2nd ORDER IN X & Y DIRECTION
  0.1000E+01  0.1000E+06[CM**2/S] -LATERAL DIFFUSION OF 2nd ORDER IN X & Y DIRECTION
  0.1000E+01  0.2500E+06[CM**2/S] -LATERAL VISCOSITY OF 2nd ORDER IN X & Y DIRECTION
  0.1560E-01  0.1560E-01[UNDIM,CM**4/S] -LATERAL DIFFUSION OF 4th ORDER IN X&Y DIRECTION
  0.1000E-02  0.1000E-02[UNDIM,CM**4/S] -LATERAL VISCOSITY OF 4th ORDER IN X&Y DIRECTION
  50.0000   0.0500-MAX(TOP)&BACKGROUND DIFFUS.
  0.1560E-01  0.1560E-01[UNDIM,CM**4/S] -LATERAL DIFFUSION OF 4th ORDER IN X&Y DIRECTION
  0.1000E-02  0.1000E-02[UNDIM,CM**4/S] -LATERAL VISCOSITY OF 4th ORDER IN X&Y DIRECTION
  0.1000E+01  0.1000E+06[CM**2/S] -LATERAL DIFFUSION OF 2nd ORDER IN X & Y DIRECTION
  0.1000E+01  0.2500E+06[CM**2/S] -LATERAL VISCOSITY OF 2nd ORDER IN X & Y DIRECTION
  0.1560E-01  0.1560E-01[UNDIM,CM**4/S] -LATERAL DIFFUSION OF 4th ORDER IN X&Y DIRECTION
  0.1000E-02  0.1000E-02[UNDIM,CM**4/S] -LATERAL VISCOSITY OF 4th ORDER IN X&Y DIRECTION
  50.0000   0.0500-MAX(TOP)&BACKGROUND DIFFUS.
 150.0000   1.0000-MAX(TOP)&BACKGROUND VISKOS.
 150.0000   1.0000-MAX(TOP)&BACKGROUND VISKOS.
  50.0000   0.0500-MAX(TOP)&BACKGROUND DIFFUS.
  300.0  300.0    0.5-SWITCHING DEPTHS AND RESIDUAL FRACTION OF LATERAL DIFFUSION
 FILE WITH TEM. POINT SEA-LAND MASK: mask_2b.txt
        FILE WITH BOTTOM TOPOGRAPHY: hh.dat
  300.0  300.0    0.5-SWITCHING DEPTHS AND RESIDUAL FRACTION OF LATERAL DIFFUSION
 FILE WITH TEM. POINT SEA-LAND MASK: mask_2b.txt
        FILE WITH BOTTOM TOPOGRAPHY: hh.dat
 150.0000   1.0000-MAX(TOP)&BACKGROUND VISKOS.
  300.0  300.0    0.5-SWITCHING DEPTHS AND RESIDUAL FRACTION OF LATERAL DIFFUSION
 FILE WITH TEM. POINT SEA-LAND MASK: mask_2b.txt
        FILE WITH BOTTOM TOPOGRAPHY: hh.dat
 NUMBER OF LEVITUS HORIZONTS: 29 FOR H= 3500.00
   W-LEVELS ARE ARRANGED IN THE MIDDLES OF T-LAYERS.
  W-LEVELS W-STEPS  T-LEVELS T-STEPS *1000.00
   1000.00 1000.00    666.67  666.67
 NUMBER OF LEVITUS HORIZONTS: 29 FOR H= 3500.00
   W-LEVELS ARE ARRANGED IN THE MIDDLES OF T-LAYERS.
  W-LEVELS W-STEPS  T-LEVELS T-STEPS *1000.00
 NUMBER OF LEVITUS HORIZONTS: 29 FOR H= 3500.00
   W-LEVELS ARE ARRANGED IN THE MIDDLES OF T-LAYERS.
  W-LEVELS W-STEPS  T-LEVELS T-STEPS *1000.00
   1000.00 1000.00    666.67  666.67
   BASIN PARAMETERS FROM 0COM.INC:

   ERTH RADIUS = 0.6370000E+09(cm); rn = 0.6370000E+09[cm, or undim]
  EARTH ANGULAR VELOCITY(OMEGA) = 0.7292123E-04[RAD/SEC]
         HEAT CAPACITY OF WATER =  4.100000    [J/GR/GRAD] FOR 35%. SAL
              REFERENCE DENSITY =  1.025000    [GR/CM**3]
     FREE FALL ACCELERATION(GRV)=   980.600[CM/S**2]
   1000.00 1000.00    666.67  666.67
  FREE FALL ACCELERATION/RH0 (G)=   956.683[CM/S**2/(GR/CM**3)]
                        CPW*RH0 =  4.202500    [J/GRAD/CM**3]
    NX= 208;  NY= 108;  NZ=   1;  MMM=   3; NNN=   3
   BASIN PARAMETERS FROM 0COM.INC:
   MLR=  13;  MM= 206;  NN= 106; MDIM= 208; MMD=   0

   BASIN PARAMETERS FROM 0COM.INC:

   ERTH RADIUS = 0.6370000E+09(cm); rn = 0.6370000E+09[cm, or undim]
  EARTH ANGULAR VELOCITY(OMEGA) = 0.7292123E-04[RAD/SEC]
   ERTH RADIUS = 0.6370000E+09(cm); rn = 0.6370000E+09[cm, or undim]
         HEAT CAPACITY OF WATER =  4.100000    [J/GR/GRAD] FOR 35%. SAL
  EARTH ANGULAR VELOCITY(OMEGA) = 0.7292123E-04[RAD/SEC]
              REFERENCE DENSITY =  1.025000    [GR/CM**3]
         HEAT CAPACITY OF WATER =  4.100000    [J/GR/GRAD] FOR 35%. SAL
     FREE FALL ACCELERATION(GRV)=   980.600[CM/S**2]
              REFERENCE DENSITY =  1.025000    [GR/CM**3]
  FREE FALL ACCELERATION/RH0 (G)=   956.683[CM/S**2/(GR/CM**3)]
                        CPW*RH0 =  4.202500    [J/GRAD/CM**3]
     FREE FALL ACCELERATION(GRV)=   980.600[CM/S**2]
  FREE FALL ACCELERATION/RH0 (G)=   956.683[CM/S**2/(GR/CM**3)]
    NX= 208;  NY= 108;  NZ=   1;  MMM=   3; NNN=   3
                        CPW*RH0 =  4.202500    [J/GRAD/CM**3]
    NX= 208;  NY= 108;  NZ=   1;  MMM=   3; NNN=   3
      4 -SWITCHING KEYS FOR TASK:INP.COND
      5 -SEA LEVEL(+)/STREAM FUNCTION(-)
      3 -T&S LATERAL  TRANSPORT&MIX
   MLR=  13;  MM= 206;  NN= 106; MDIM= 208; MMD=   0
     -5 -T&S VERTICAL TRANSP&MIX
     -2 -U&V LATERAL TRANSPORT&MIX
      3 -U&V VERTICAL TRANSPORT&MIX
      1 -PASSIVETRACER LATERAL TRANSPORT&MIX
      1 -PASSIVETRACER VERTICAL TRANSPORT&MIX
   MLR=  13;  MM= 206;  NN= 106; MDIM= 208; MMD=   0
      0 -NUMBER OF LIQUID BOUNDARIES INCLUDED
  0.1000E-06  0.0000 BOTTOM FRICTION AND ITERATION PARAMETER FOR STREAM FUNCTION
  0.1000E+01  0.1000E+06[CM**2/S] -LATERAL DIFFUSION OF 2nd ORDER IN X & Y DIRECTION
  0.1000E+01  0.2500E+06[CM**2/S] -LATERAL VISCOSITY OF 2nd ORDER IN X & Y DIRECTION
  0.1560E-01  0.1560E-01[UNDIM,CM**4/S] -LATERAL DIFFUSION OF 4th ORDER IN X&Y DIRECTION
  0.1000E-02  0.1000E-02[UNDIM,CM**4/S] -LATERAL VISCOSITY OF 4th ORDER IN X&Y DIRECTION
  50.0000   0.0500-MAX(TOP)&BACKGROUND DIFFUS.
 150.0000   1.0000-MAX(TOP)&BACKGROUND VISKOS.
  300.0  300.0    0.5-SWITCHING DEPTHS AND RESIDUAL FRACTION OF LATERAL DIFFUSION
 FILE WITH TEM. POINT SEA-LAND MASK: mask_2b.txt
        FILE WITH BOTTOM TOPOGRAPHY: hh.dat
 NUMBER OF LEVITUS HORIZONTS: 29 FOR H= 3500.00
   W-LEVELS ARE ARRANGED IN THE MIDDLES OF T-LAYERS.
  W-LEVELS W-STEPS  T-LEVELS T-STEPS *1000.00
   1000.00 1000.00    666.67  666.67
   BASIN PARAMETERS FROM 0COM.INC:

   ERTH RADIUS = 0.6370000E+09(cm); rn = 0.6370000E+09[cm, or undim]
  EARTH ANGULAR VELOCITY(OMEGA) = 0.7292123E-04[RAD/SEC]
         HEAT CAPACITY OF WATER =  4.100000    [J/GR/GRAD] FOR 35%. SAL
              REFERENCE DENSITY =  1.025000    [GR/CM**3]
     FREE FALL ACCELERATION(GRV)=   980.600[CM/S**2]
  FREE FALL ACCELERATION/RH0 (G)=   956.683[CM/S**2/(GR/CM**3)]
                        CPW*RH0 =  4.202500    [J/GRAD/CM**3]
    NX= 208;  NY= 108;  NZ=   1;  MMM=   3; NNN=   3
   MLR=  13;  MM= 206;  NN= 106; MDIM= 208; MMD=   0
  Temperature mask.(nx, ny) = (208, 108). DXST =0.05, DYST =0.05.                
  Temperature mask.(nx, ny) = (208, 108). DXST =0.05, DYST =0.05.                
  Temperature mask.(nx, ny) = (208, 108). DXST =0.05, DYST =0.05.                
  Temperature mask.(nx, ny) = (208, 108). DXST =0.05, DYST =0.05.                
  BOTTOM MASK BASED ON TEMPERATURE MASK HAS
  NUMBER OF GRIDS =    21525
  BOTTOM MASK BASED ON TEMPERATURE MASK HAS
  NUMBER OF GRIDS =    21525
  BOTTOM MASK BASED ON TEMPERATURE MASK HAS
  NUMBER OF GRIDS =    21525
   COMPUTING IIX, JJX, LRX  BY LU
  BOTTOM MASK BASED ON TEMPERATURE MASK HAS
  NUMBER OF GRIDS =    21525
   COMPUTING IIX, JJX, LRX  BY LU
   COMPUTING IIX, JJX, LRX  BY LU
   COMPUTING IIXU,JJXU,LRXU BY LUU
   COMPUTING IIXU,JJXU,LRXU BY LUU
   COMPUTING IIXU,JJXU,LRXU BY LUU
   COMPUTING IIY, JJY, LRY  BY LU
   COMPUTING IIY, JJY, LRY  BY LU
   COMPUTING IIY, JJY, LRY  BY LU
   COMPUTING IIYU,JJYU,LRYU BY LUU
   COMPUTING IIX, JJX, LRX  BY LU
   COMPUTING IIYU,JJYU,LRYU BY LUU
   COMPUTING IIYU,JJYU,LRYU BY LUU
   MLR=     13;  MLRDEF =      1
   LRX  =      1;  LRY =      1
   LRXU =      1;  LRYU=      1
   WARNING! PARAMETER OF SECTION IN COMMON BLOCK 0COM.INC
   IS GREATER THEN DEFINED: MLR=     13 > MLRDEF=      1

   BEGIN TESTING IIX-JJX 
   SEARCHING FOR LENGTH <      2
   END TESTING; ERRORS=      0

   BEGIN TESTING IIY-JJY 
   SEARCHING FOR LENGTH <      2
   END TESTING; ERRORS=      0

   BEGIN TESTING IIX-JJX 
   SEARCHING FOR LENGTH <      3
   END TESTING; ERRORS=      0

   BEGIN TESTING IIY-JJY 
   SEARCHING FOR LENGTH <      3
   END TESTING; ERRORS=      0

   BEGIN TESTING IIXU-JJXU
   SEARCHING FOR LENGTH <      2
   END TESTING; ERRORS=      0

   BEGIN TESTING IIYU-JJYU
   SEARCHING FOR LENGTH <      2
   END TESTING; ERRORS=      0

   RECONSTRUCTION OF MASK BASED ON IIX AND JJX
   COMPUTING IIXU,JJXU,LRXU BY LUU
   MLR=     13;  MLRDEF =      1
   LRX  =      1;  LRY =      1
   LRXU =      1;  LRYU=      1
   WARNING! PARAMETER OF SECTION IN COMMON BLOCK 0COM.INC
   IS GREATER THEN DEFINED: MLR=     13 > MLRDEF=      1

   BEGIN TESTING IIX-JJX 
   SEARCHING FOR LENGTH <      2
   END TESTING; ERRORS=      0

   BEGIN TESTING IIY-JJY 
   SEARCHING FOR LENGTH <      2
   END TESTING; ERRORS=      0

   BEGIN TESTING IIX-JJX 
   SEARCHING FOR LENGTH <      3
   END TESTING; ERRORS=      0

   BEGIN TESTING IIY-JJY 
   SEARCHING FOR LENGTH <      3
   END TESTING; ERRORS=      0

   BEGIN TESTING IIXU-JJXU
   SEARCHING FOR LENGTH <      2
   END TESTING; ERRORS=      0

   BEGIN TESTING IIYU-JJYU
   SEARCHING FOR LENGTH <      2
   END TESTING; ERRORS=      0

   RECONSTRUCTION OF MASK BASED ON IIX AND JJX
   MLR=     13;  MLRDEF =      1
   LRX  =      1;  LRY =      1
   LRXU =      1;  LRYU=      1
   WARNING! PARAMETER OF SECTION IN COMMON BLOCK 0COM.INC
   IS GREATER THEN DEFINED: MLR=     13 > MLRDEF=      1

   BEGIN TESTING IIX-JJX 
   SEARCHING FOR LENGTH <      2
   END TESTING; ERRORS=      0

   BEGIN TESTING IIY-JJY 
   SEARCHING FOR LENGTH <      2
   END TESTING; ERRORS=      0

   BEGIN TESTING IIX-JJX 
   SEARCHING FOR LENGTH <      3
   END TESTING; ERRORS=      0

   BEGIN TESTING IIY-JJY 
   SEARCHING FOR LENGTH <      3
   END TESTING; ERRORS=      0

   BEGIN TESTING IIXU-JJXU
   SEARCHING FOR LENGTH <      2
   END TESTING; ERRORS=      0

   BEGIN TESTING IIYU-JJYU
   SEARCHING FOR LENGTH <      2
   END TESTING; ERRORS=      0

   RECONSTRUCTION OF MASK BASED ON IIX AND JJX
   MASK BASED ON IIX, JJX; NUMBER OF GRIDS =    21216

   RECONSTRUCTION OF MASK BASED ON IIY AND JJY
   COMPUTING IIY, JJY, LRY  BY LU
   MASK BASED ON IIX, JJX; NUMBER OF GRIDS =    21216

   RECONSTRUCTION OF MASK BASED ON IIY AND JJY
   MASK BASED ON IIX, JJX; NUMBER OF GRIDS =    21216

   RECONSTRUCTION OF MASK BASED ON IIY AND JJY
   MASK BASED ON IIY, JJY; NUMBER OF GRIDS =    21216

   RECONSTRUCTION OF TEMPERATURE MASK BASED ON
   (IIX,JJX) AND (IIY,JJY) SIMULTANEOUSLY:
   COMPUTING IIYU,JJYU,LRYU BY LUU
   MASK BASED ON IIY, JJY; NUMBER OF GRIDS =    21216

   RECONSTRUCTION OF TEMPERATURE MASK BASED ON
   (IIX,JJX) AND (IIY,JJY) SIMULTANEOUSLY:
   MASK BASED ON IIY, JJY; NUMBER OF GRIDS =    21216

   RECONSTRUCTION OF TEMPERATURE MASK BASED ON
   (IIX,JJX) AND (IIY,JJY) SIMULTANEOUSLY:
   MLR=     13;  MLRDEF =      1
   LRX  =      1;  LRY =      1
   LRXU =      1;  LRYU=      1
   WARNING! PARAMETER OF SECTION IN COMMON BLOCK 0COM.INC
   IS GREATER THEN DEFINED: MLR=     13 > MLRDEF=      1

   BEGIN TESTING IIX-JJX 
   SEARCHING FOR LENGTH <      2
   END TESTING; ERRORS=      0

   BEGIN TESTING IIY-JJY 
   SEARCHING FOR LENGTH <      2
   END TESTING; ERRORS=      0

   BEGIN TESTING IIX-JJX 
   SEARCHING FOR LENGTH <      3
   END TESTING; ERRORS=      0

   BEGIN TESTING IIY-JJY 
   SEARCHING FOR LENGTH <      3
   END TESTING; ERRORS=      0

   BEGIN TESTING IIXU-JJXU
   TEMPERATURE MASK BASED ON (IIX,JJX) AND (IIY,JJY)
   IS EQUAL TO ORIGINAL MASK
   NUMBER OF GRIDS =    21216

   RECONSTRUCTION OF MASK BASED ON IIXU AND JJXU
   SEARCHING FOR LENGTH <      2
   END TESTING; ERRORS=      0

   BEGIN TESTING IIYU-JJYU
   SEARCHING FOR LENGTH <      2
   END TESTING; ERRORS=      0

   RECONSTRUCTION OF MASK BASED ON IIX AND JJX
   TEMPERATURE MASK BASED ON (IIX,JJX) AND (IIY,JJY)
   IS EQUAL TO ORIGINAL MASK
   NUMBER OF GRIDS =    21216

   RECONSTRUCTION OF MASK BASED ON IIXU AND JJXU
   TEMPERATURE MASK BASED ON (IIX,JJX) AND (IIY,JJY)
   IS EQUAL TO ORIGINAL MASK
   NUMBER OF GRIDS =    21216

   RECONSTRUCTION OF MASK BASED ON IIXU AND JJXU
   MASK BASED ON IIXU, JJXU; NUMBER OF GRIDS=    20909

   RECONSTRUCTION OF MASK BASED ON IIYU AND JJYU
   MASK BASED ON IIX, JJX; NUMBER OF GRIDS =    21216

   RECONSTRUCTION OF MASK BASED ON IIY AND JJY
   MASK BASED ON IIXU, JJXU; NUMBER OF GRIDS=    20909

   RECONSTRUCTION OF MASK BASED ON IIYU AND JJYU
   MASK BASED ON IIXU, JJXU; NUMBER OF GRIDS=    20909

   RECONSTRUCTION OF MASK BASED ON IIYU AND JJYU
   MASK BASED ON IIYU, JJYU; NUMBER OF GRIDS=    20909
   CONSTRUCTION OF C-X-Y-GRID MASKS BASED ON T-GRID:
   MASK BASED ON IIY, JJY; NUMBER OF GRIDS =    21216

   RECONSTRUCTION OF TEMPERATURE MASK BASED ON
   (IIX,JJX) AND (IIY,JJY) SIMULTANEOUSLY:
   MASK BASED ON IIYU, JJYU; NUMBER OF GRIDS=    20909
   CONSTRUCTION OF C-X-Y-GRID MASKS BASED ON T-GRID:
   MASK BASED ON IIYU, JJYU; NUMBER OF GRIDS=    20909
   CONSTRUCTION OF C-X-Y-GRID MASKS BASED ON T-GRID:
   TEMPERATURE MASK BASED ON (IIX,JJX) AND (IIY,JJY)
   IS EQUAL TO ORIGINAL MASK
   NUMBER OF GRIDS =    21216

   RECONSTRUCTION OF MASK BASED ON IIXU AND JJXU
   MASK BASED ON IIXU, JJXU; NUMBER OF GRIDS=    20909

   RECONSTRUCTION OF MASK BASED ON IIYU AND JJYU
   C-GRID MASK IN X DIRECTION HAS NUMBER OF OCEAN POINTS=    21112
   C-GRID MASK IN Y DIRECTION HAS NUMBER OF OCEAN POINTS=    21012
   C-GRID MASK IN X DIRECTION HAS NUMBER OF OCEAN POINTS=    21112
   C-GRID MASK IN Y DIRECTION HAS NUMBER OF OCEAN POINTS=    21012
   MASK BASED ON IIYU, JJYU; NUMBER OF GRIDS=    20909
   CONSTRUCTION OF C-X-Y-GRID MASKS BASED ON T-GRID:
   TOTAL VECTOR DIMENSION ON T-GRID =  21216
   C-GRID MASK IN X DIRECTION HAS NUMBER OF OCEAN POINTS=    21112
   C-GRID MASK IN Y DIRECTION HAS NUMBER OF OCEAN POINTS=    21012
   TOTAL VECTOR DIMENSION ON T-GRID =  21216
   TOTAL VECTOR DIMENSION ON H-GRID =  20909
   TOTAL VECTOR DIMENSION ON T-GRID =  21216
   TOTAL VECTOR DIMENSION ON H-GRID =  20909
   TOTAL VECTOR DIMENSION ON H-GRID =  20909
   MEAN DEPTH [CM]: 99999.84
   MEAN DEPTH [CM]: 99999.84
   C-GRID MASK IN X DIRECTION HAS NUMBER OF OCEAN POINTS=    21112
   C-GRID MASK IN Y DIRECTION HAS NUMBER OF OCEAN POINTS=    21012
   MEAN DEPTH [CM]: 99999.84
   TOTAL VECTOR DIMENSION ON T-GRID =  21216
   TOTAL VECTOR DIMENSION ON H-GRID =  20909
   MEAN DEPTH [CM]: 99999.84
  SUM OF SW DIVERGENCE COEFFICIENT =  21216.00
  FOR   21216.00 T-GRID POINTS
   Shortwave penetration divergent coefficients have been defined
  SUM OF SW DIVERGENCE COEFFICIENT =  21216.00
  FOR   21216.00 T-GRID POINTS
   Shortwave penetration divergent coefficients have been defined
  SUM OF SW DIVERGENCE COEFFICIENT =  21216.00
  FOR   21216.00 T-GRID POINTS
   Shortwave penetration divergent coefficients have been defined
  SUM OF SW DIVERGENCE COEFFICIENT =  21216.00
  FOR   21216.00 T-GRID POINTS
   Shortwave penetration divergent coefficients have been defined

    VERTICAL SWITCH FUNCTIONS IN VICINITY OF POINT
      LON = 323.00000   LAT =  53.50000
     WITH COORDINATES OF   10.30 W,   47.80 N.
                        SWITCH DEPTH FOR TYPE OF DIFFUSION:  300.0
     SWITCH DEPTH&RESIDUAL FRACTION FOR VALUE OF DIFFUSION:  300.0    0.5
 Depth[m] 0   0.25 0.50 0.75  1     
 ---------+----+----+----+----+-----
     0.0 |*                   +     

    VERTICAL SWITCH FUNCTIONS IN VICINITY OF POINT
      LON = 323.00000   LAT =  53.50000
     WITH COORDINATES OF   10.30 W,   47.80 N.
                        SWITCH DEPTH FOR TYPE OF DIFFUSION:  300.0
     SWITCH DEPTH&RESIDUAL FRACTION FOR VALUE OF DIFFUSION:  300.0    0.5
 Depth[m] 0   0.25 0.50 0.75  1     
 ---------+----+----+----+----+-----
     0.0 |*                   +     

   Setting vertical switching function for lateral diffusion.

   Setting vertical switching function for lateral diffusion.

    VERTICAL SWITCH FUNCTIONS IN VICINITY OF POINT
      LON = 323.00000   LAT =  53.50000
     WITH COORDINATES OF   10.30 W,   47.80 N.
                        SWITCH DEPTH FOR TYPE OF DIFFUSION:  300.0
     SWITCH DEPTH&RESIDUAL FRACTION FOR VALUE OF DIFFUSION:  300.0    0.5
 Depth[m] 0   0.25 0.50 0.75  1     
 ---------+----+----+----+----+-----
     0.0 |*                   +     

   Setting vertical switching function for lateral diffusion.
 RDR;RMU;EPS= 0.100E-06 0.000E+00 0.500E-03
    LATERAL DIFFUSION TYPE:
   WCLSD, WCLZD, WCLRD  = 1.00000 1.00000 0.00000
 RDR;RMU;EPS= 0.100E-06 0.000E+00 0.500E-03
    LATERAL DIFFUSION TYPE:
   WCLSD, WCLZD, WCLRD  = 1.00000 1.00000 0.00000
         WCVZD1,WCVRD1  =         1.00000 0.00000
  WCVZD2,WCVRD2,WCVZRD  =         1.00000 0.00000 0.00000
 TT & SS: AMXT,AMYT =  0.1000E+06  0.1000E+06
 UU & VV: AMXU,AMYU =  0.2500E+06  0.2500E+06
 ANUMAXT,ANUBGRT  =     50.0000      0.0500 -MAX(TOP)&BACKGR.TS VERT.DIFFUS.
 ANUMAXU,ANUBGRU  =    150.0000      1.0000 -MAX(TOP)&BACKGR. VERT.VISKOSITY
         WCVZD1,WCVRD1  =         1.00000 0.00000
  WCVZD2,WCVRD2,WCVZRD  =         1.00000 0.00000 0.00000
 TT & SS: AMXT,AMYT =  0.1000E+06  0.1000E+06
 UU & VV: AMXU,AMYU =  0.2500E+06  0.2500E+06
 ANUMAXT,ANUBGRT  =     50.0000      0.0500 -MAX(TOP)&BACKGR.TS VERT.DIFFUS.
 ANUMAXU,ANUBGRU  =    150.0000      1.0000 -MAX(TOP)&BACKGR. VERT.VISKOSITY
  STEP:   0.50HRS;  1800.00SEC;  0.02083DAY.
  DURATION OF RUN     1.00 DAYS.
  START DAY:   1; TIME:  0: 0: 0,16
  START DAY:   1; TIME:  0: 0: 0,16
 
START OF TIME INTEGRATION OF OCEAN MODEL
 
 RDR;RMU;EPS= 0.100E-06 0.000E+00 0.500E-03
    LATERAL DIFFUSION TYPE:
   WCLSD, WCLZD, WCLRD  = 1.00000 1.00000 0.00000
         WCVZD1,WCVRD1  =         1.00000 0.00000
  WCVZD2,WCVRD2,WCVZRD  =         1.00000 0.00000 0.00000
 TT & SS: AMXT,AMYT =  0.1000E+06  0.1000E+06
 UU & VV: AMXU,AMYU =  0.2500E+06  0.2500E+06
 ANUMAXT,ANUBGRT  =     50.0000      0.0500 -MAX(TOP)&BACKGR.TS VERT.DIFFUS.
 ANUMAXU,ANUBGRU  =    150.0000      1.0000 -MAX(TOP)&BACKGR. VERT.VISKOSITY
  START DAY:   1; TIME:  0: 0: 0,15

    VERTICAL SWITCH FUNCTIONS IN VICINITY OF POINT
      LON = 323.00000   LAT =  53.50000
     WITH COORDINATES OF   10.30 W,   47.80 N.
                        SWITCH DEPTH FOR TYPE OF DIFFUSION:  300.0
     SWITCH DEPTH&RESIDUAL FRACTION FOR VALUE OF DIFFUSION:  300.0    0.5
 Depth[m] 0   0.25 0.50 0.75  1     
 ---------+----+----+----+----+-----
     0.0 |*                   +     

   Setting vertical switching function for lateral diffusion.
 RDR;RMU;EPS= 0.100E-06 0.000E+00 0.500E-03
    LATERAL DIFFUSION TYPE:
   WCLSD, WCLZD, WCLRD  = 1.00000 1.00000 0.00000
         WCVZD1,WCVRD1  =         1.00000 0.00000
  WCVZD2,WCVRD2,WCVZRD  =         1.00000 0.00000 0.00000
 TT & SS: AMXT,AMYT =  0.1000E+06  0.1000E+06
 UU & VV: AMXU,AMYU =  0.2500E+06  0.2500E+06
 ANUMAXT,ANUBGRT  =     50.0000      0.0500 -MAX(TOP)&BACKGR.TS VERT.DIFFUS.
 ANUMAXU,ANUBGRU  =    150.0000      1.0000 -MAX(TOP)&BACKGR. VERT.VISKOSITY
  START DAY:   1; TIME:  0: 0: 0,16
 MatForm:   9.1235179901123047     
 RHSForm:  5.36589622497558594E-002
           0 KSPSolve   6.2987091541290283      its         857 norm  1.30619532522144657E-003 nvar       63340
   FORM u,v,slh:  1.51510238647460938E-002
   SYNC:  1.00588798522949219E-003
 SolveSys:   6.3158400058746338     
 RHSForm:  1.16240978240966797E-002
           0 KSPSolve   4.4185929298400879      its         663 norm  1.85788744989816702E-003 nvar       63340
   FORM u,v,slh:  2.62975692749023438E-004
   SYNC:  2.44140625000000000E-004
 SolveSys:   4.4191699028015137     
 RHSForm:  1.17790699005126953E-002
           0 KSPSolve   4.3049950599670410      its         625 norm  1.87123812597728948E-003 nvar       63340
   FORM u,v,slh:  6.62088394165039063E-004
   SYNC:  1.60408020019531250E-003
 SolveSys:   4.3077988624572754     
 RHSForm:  1.44610404968261719E-002
           0 KSPSolve   2.7720048427581787      its         410 norm  1.60533577586038641E-003 nvar       63340
   FORM u,v,slh:  2.65121459960937500E-004
   SYNC:  4.67061996459960938E-004
 SolveSys:   2.7728059291839600     
 RHSForm:  1.10809803009033203E-002
           0 KSPSolve   3.6472601890563965      its         533 norm  1.32982089602932409E-003 nvar       63340
   FORM u,v,slh:  1.03402137756347656E-003
   SYNC:  1.25217437744140625E-003
 SolveSys:   3.6501970291137695     
 RHSForm:  1.59270763397216797E-002
           0 KSPSolve   3.3580300807952881      its         487 norm  1.19284450918560078E-003 nvar       63340
   FORM u,v,slh:  6.37054443359375000E-004
   SYNC:  1.83010101318359375E-003
 SolveSys:   3.3611769676208496     
 RHSForm:  2.55730152130126953E-002
           0 KSPSolve   4.1053061485290527      its         605 norm  1.18104576895085929E-003 nvar       63340
   FORM u,v,slh:  2.60114669799804688E-004
   SYNC:  4.58955764770507813E-004
 SolveSys:   4.1061091423034668     
 RHSForm:  1.14381313323974609E-002
           0 KSPSolve   2.4539442062377930      its         366 norm  1.22728310041339225E-003 nvar       63340
   FORM u,v,slh:  1.51872634887695313E-004
   SYNC:  4.66823577880859375E-004
 SolveSys:   2.4546999931335449     
 RHSForm:  2.10468769073486328E-002
           0 KSPSolve   1.9324769973754883      its         285 norm  1.28706547612681050E-003 nvar       63340
   FORM u,v,slh:  2.41041183471679688E-004
   SYNC:  3.03030014038085938E-004
 SolveSys:   1.9330930709838867     
 RHSForm:  9.14001464843750000E-003
           0 KSPSolve   2.0542609691619873      its         308 norm  1.32156318378098435E-003 nvar       63340
   FORM u,v,slh:  6.40869140625000000E-004
   SYNC:  8.59975814819335938E-004
 SolveSys:   2.0563969612121582     
  WRITE XY-DATA: REC=       1
   MODEL TIME: 05:00:00  01JAN2013;  DAY IN YEAR:001,  DAY IN 4YRS:0001
 OUTPUT DATA to E/XY/sl.dat
 XY_OUT:  0.20318698883056641     
 RHSForm:  1.26972198486328125E-002
           0 KSPSolve   2.0329589843750000      its         305 norm  1.33671806900940928E-003 nvar       63340
   FORM u,v,slh:  2.43902206420898438E-004
   SYNC:  2.62975692749023438E-004
 SolveSys:   2.0335390567779541     
 RHSForm:  7.53808021545410156E-003
           0 KSPSolve   1.7555828094482422      its         264 norm  1.33128495413561304E-003 nvar       63340
   FORM u,v,slh:  2.70843505859375000E-004
   SYNC:  5.09977340698242188E-004
 SolveSys:   1.7564349174499512     
 RHSForm:  9.30786132812500000E-003
           0 KSPSolve   1.8933670520782471      its         275 norm  1.32119782281972888E-003 nvar       63340
   FORM u,v,slh:  2.48908996582031250E-004
   SYNC:  3.91006469726562500E-004
 SolveSys:   1.8941168785095215     
 RHSForm:  9.13810729980468750E-003
           0 KSPSolve  0.71273922920227051      its         107 norm  1.30966536850935628E-003 nvar       63340
   FORM u,v,slh:  2.56061553955078125E-004
   SYNC:  2.59160995483398438E-004
 SolveSys:  0.71332406997680664     
 RHSForm:  1.14581584930419922E-002
           0 KSPSolve  0.12226009368896484      its          19 norm  1.29213370772822736E-003 nvar       63340
   FORM u,v,slh:  2.57015228271484375E-004
   SYNC:  2.50101089477539063E-004
 SolveSys:  0.12283897399902344     
 RHSForm:  8.98194313049316406E-003
           0 KSPSolve  0.95461893081665039      its         142 norm  1.30058461431168271E-003 nvar       63340
   FORM u,v,slh:  2.50101089477539063E-004
   SYNC:  2.70843505859375000E-004
 SolveSys:  0.95521402359008789     
 RHSForm:  9.24205780029296875E-003
           0 KSPSolve  0.85770392417907715      its         125 norm  1.29421631002955904E-003 nvar       63340
   FORM u,v,slh:  3.84092330932617188E-004
   SYNC:  4.92095947265625000E-004
 SolveSys:  0.85879588127136230     
 RHSForm:  1.32091045379638672E-002
           0 KSPSolve   1.1398639678955078      its         171 norm  1.30238907438445578E-003 nvar       63340
   FORM u,v,slh:  1.94787979125976563E-004
   SYNC:  2.98976898193359375E-004
 SolveSys:   1.1404218673706055     
 RHSForm:  9.25898551940917969E-003
           0 KSPSolve  0.84754991531372070      its         124 norm  1.30915974559706635E-003 nvar       63340
   FORM u,v,slh:  2.56061553955078125E-004
   SYNC:  2.47955322265625000E-004
 SolveSys:  0.84812307357788086     
 RHSForm:  7.68399238586425781E-003
           0 KSPSolve  0.38459110260009766      its          57 norm  1.29762106963436782E-003 nvar       63340
   FORM u,v,slh:  1.45912170410156250E-004
   SYNC:  4.14848327636718750E-004
 SolveSys:  0.38521599769592285     
  WRITE XY-DATA: REC=       2
   MODEL TIME: 10:00:00  01JAN2013;  DAY IN YEAR:001,  DAY IN 4YRS:0001
 OUTPUT DATA to E/XY/sl.dat
 XY_OUT:  1.26309394836425781E-002
 RHSForm:  1.45339965820312500E-002
           0 KSPSolve  7.70499706268310547E-002 its          14 norm  1.27065402658095789E-003 nvar       63340
   FORM u,v,slh:  2.73942947387695313E-004
   SYNC:  5.00917434692382813E-004
 SolveSys:  7.79440402984619141E-002
 RHSForm:  8.33415985107421875E-003
           0 KSPSolve  0.13258814811706543      its          21 norm  1.30574203208044522E-003 nvar       63340
   FORM u,v,slh:  2.52008438110351563E-004
   SYNC:  4.22000885009765625E-004
 SolveSys:  0.13333415985107422     
 RHSForm:  9.28497314453125000E-003
           0 KSPSolve  0.43351697921752930      its          65 norm  1.30237280952205442E-003 nvar       63340
   FORM u,v,slh:  2.46047973632812500E-004
   SYNC:  3.10897827148437500E-004
 SolveSys:  0.43413996696472168     
 RHSForm:  1.70280933380126953E-002
           0 KSPSolve  0.45633387565612793      its          64 norm  1.28995483204203060E-003 nvar       63340
   FORM u,v,slh:  2.50101089477539063E-004
   SYNC:  3.86953353881835938E-004
 SolveSys:  0.45704221725463867     
 RHSForm:  9.22799110412597656E-003
           0 KSPSolve  0.41093182563781738      its          59 norm  1.28501487788821385E-003 nvar       63340
   FORM u,v,slh:  2.52008438110351563E-004
   SYNC:  2.40087509155273438E-004
 SolveSys:  0.41149091720581055     
 RHSForm:  7.58504867553710938E-003
           0 KSPSolve  0.42519998550415039      its          60 norm  1.29984647421336943E-003 nvar       63340
   FORM u,v,slh:  2.53200531005859375E-004
   SYNC:  2.77996063232421875E-004
 SolveSys:  0.42579817771911621     
 RHSForm:  7.71689414978027344E-003
           0 KSPSolve  0.40439605712890625      its          59 norm  1.30018093503310342E-003 nvar       63340
   FORM u,v,slh:  2.60114669799804688E-004
   SYNC:  2.38895416259765625E-004
 SolveSys:  0.40496516227722168     
 RHSForm:  1.16660594940185547E-002
           0 KSPSolve  0.40571999549865723      its          59 norm  1.29756837492934107E-003 nvar       63340
   FORM u,v,slh:  2.58922576904296875E-004
   SYNC:  2.95162200927734375E-004
 SolveSys:  0.40638709068298340     
 RHSForm:  1.06959342956542969E-002
           0 KSPSolve  0.42862391471862793      its          58 norm  1.30813949336286732E-003 nvar       63340
   FORM u,v,slh:  2.66075134277343750E-004
   SYNC:  3.76939773559570313E-004
 SolveSys:  0.42937088012695313     
 RHSForm:  2.06260681152343750E-002
           0 KSPSolve  0.41573810577392578      its          57 norm  1.29611490101680252E-003 nvar       63340
   FORM u,v,slh:  2.63929367065429688E-004
   SYNC:  3.02076339721679688E-004
 SolveSys:  0.41637206077575684     
  WRITE XY-DATA: REC=       3
   MODEL TIME: 15:00:00  01JAN2013;  DAY IN YEAR:001,  DAY IN 4YRS:0001
 OUTPUT DATA to E/XY/sl.dat
 XY_OUT:  1.12309455871582031E-002
 RHSForm:  1.48010253906250000E-002
           0 KSPSolve  0.34142208099365234      its          50 norm  1.30936544912918919E-003 nvar       63340
   FORM u,v,slh:  3.84092330932617188E-004
   SYNC:  6.86168670654296875E-004
 SolveSys:  0.34266185760498047     
 RHSForm:  1.17599964141845703E-002
           0 KSPSolve  0.29992604255676270      its          46 norm  1.31671490043704033E-003 nvar       63340
   FORM u,v,slh:  2.60114669799804688E-004
   SYNC:  4.36067581176757813E-004
 SolveSys:  0.30068993568420410     
 RHSForm:  1.12080574035644531E-002
           0 KSPSolve  0.29018092155456543      its          44 norm  1.31989533222500160E-003 nvar       63340
   FORM u,v,slh:  2.52008438110351563E-004
   SYNC:  2.41994857788085938E-004
 SolveSys:  0.29074382781982422     
 RHSForm:  2.08170413970947266E-002
           0 KSPSolve  0.28778314590454102      its          44 norm  1.31744997800443291E-003 nvar       63340
   FORM u,v,slh:  2.62975692749023438E-004
   SYNC:  4.58955764770507813E-004
 SolveSys:  0.28857612609863281     
 RHSForm:  1.16140842437744141E-002
           0 KSPSolve  0.29148507118225098      its          45 norm  1.31735758355099129E-003 nvar       63340
   FORM u,v,slh:  2.59876251220703125E-004
   SYNC:  2.56061553955078125E-004
 SolveSys:  0.29207301139831543     
 RHSForm:  2.08380222320556641E-002
           0 KSPSolve  0.42449998855590820      its          43 norm  1.31961838057541065E-003 nvar       63340
   FORM u,v,slh:  2.61068344116210938E-004
   SYNC:  3.68833541870117188E-004
 SolveSys:  0.42520499229431152     
 RHSForm:  1.20258331298828125E-002
           0 KSPSolve  0.25725293159484863      its          40 norm  1.31796719223290751E-003 nvar       63340
   FORM u,v,slh:  2.59876251220703125E-004
   SYNC:  4.12940979003906250E-004
 SolveSys:  0.25799894332885742     
 RHSForm:  1.19369029998779297E-002
           0 KSPSolve  0.22999787330627441      its          34 norm  1.32082674953083344E-003 nvar       63340
   FORM u,v,slh:  2.60114669799804688E-004
   SYNC:  4.16994094848632813E-004
 SolveSys:  0.23076391220092773     
 RHSForm:  1.17490291595458984E-002
           0 KSPSolve  0.19965791702270508      its          29 norm  1.29837826558281745E-003 nvar       63340
   FORM u,v,slh:  2.57015228271484375E-004
   SYNC:  3.54051589965820313E-004
 SolveSys:  0.20034098625183105     
 RHSForm:  1.19349956512451172E-002
           0 KSPSolve  0.19337701797485352      its          28 norm  1.31811515334494928E-003 nvar       63340
   FORM u,v,slh:  2.35080718994140625E-004
   SYNC:  3.22103500366210938E-004
 SolveSys:  0.19406104087829590     
  WRITE XY-DATA: REC=       4
   MODEL TIME: 20:00:00  01JAN2013;  DAY IN YEAR:001,  DAY IN 4YRS:0001
 OUTPUT DATA to E/XY/sl.dat
 XY_OUT:  1.17440223693847656E-002
 RHSForm:  1.03330612182617188E-002
           0 KSPSolve  0.28140997886657715      its          42 norm  1.31574731291236391E-003 nvar       63340
   FORM u,v,slh:  3.77893447875976563E-004
   SYNC:  4.67061996459960938E-004
 SolveSys:  0.28243422508239746     
 RHSForm:  1.13441944122314453E-002
           0 KSPSolve  0.33437180519104004      its          50 norm  1.31647690908943049E-003 nvar       63340
   FORM u,v,slh:  2.61068344116210938E-004
   SYNC:  2.20060348510742188E-004
 SolveSys:  0.33492588996887207     
 RHSForm:  1.17030143737792969E-002
           0 KSPSolve  0.32572698593139648      its          49 norm  1.31353039807421295E-003 nvar       63340
   FORM u,v,slh:  2.52008438110351563E-004
   SYNC:  4.01973724365234375E-004
 SolveSys:  0.32645392417907715     
 RHSForm:  1.15399360656738281E-002
           0 KSPSolve  0.29040598869323730      its          47 norm  1.30926536773681148E-003 nvar       63340
   FORM u,v,slh:  2.68936157226562500E-004
   SYNC:  4.56809997558593750E-004
 SolveSys:  0.29120397567749023     
 RHSForm:  1.11420154571533203E-002
           0 KSPSolve  0.32401895523071289      its          46 norm  1.31528311923949349E-003 nvar       63340
   FORM u,v,slh:  2.52008438110351563E-004
   SYNC:  2.79903411865234375E-004
 SolveSys:  0.32462406158447266     
 RHSForm:  8.59999656677246094E-003
           0 KSPSolve  0.29051518440246582      its          48 norm  1.31077815199377723E-003 nvar       63340
   FORM u,v,slh:  2.50101089477539063E-004
   SYNC:  3.65018844604492188E-004
 SolveSys:  0.29120302200317383     
 RHSForm:  9.07802581787109375E-003
           0 KSPSolve  0.30518007278442383      its          47 norm  1.31550702359428478E-003 nvar       63340
   FORM u,v,slh:  2.47955322265625000E-004
   SYNC:  2.29120254516601563E-004
 SolveSys:  0.30578589439392090     
 RHSForm:  8.67104530334472656E-003
           0 KSPSolve  0.26683092117309570      its          46 norm  1.31056972088784262E-003 nvar       63340
   FORM u,v,slh:  2.59876251220703125E-004
   SYNC:  3.22103500366210938E-004
  ELAPSED DAY:   1; TIME:  0: 0:52, 2
  ELAPSED DAY:   1; TIME:  0: 0:48,73
  ELAPSED DAY:   1; TIME:  0: 0:45,59
 SolveSys:  0.26755380630493164     
 
END OF TIME INTEGRATION OF OCEAN MODEL
 
 TIME GLOBAL:   64.924698829650879     
  ELAPSED DAY:   1; TIME:  0: 0:55,82
