 INPUT OCEAN TASK PARAMETERS FROM octask.par
       1800.0  :STEP,IN SECONDS(*-FORMAT,11-COLUMNS)
        1.0  :DURATION OF RUN IN DAY(*11C)
          0  :INITIAL STEP(=0=>START FROM INIT.T&S; >0=>START FROM CONTROL POINT)(I7)
       2013  :INITIAL YEAR(I7)
         0   :WRITING PERIOD IN STEPS FOR CONTROL POINT OUTPUT
         0   :WRITING PERIOD IN STEPS FOR INTEGRAL PARAMETER OUTPUT
         5   :WRITING PERIOD IN STEPS FOR LOCAL OUTPUT (not use if =<0)
  0. 0.0     :EXTERNAL&INTERNAL PERIODS IN DAYS TO WRITE XYZ ARRAYS
  0. 0.0     :EXTERNAL&INTERNAL PERIODS IN DAYS TO WRITE PASSIVE TRACER ARRAYS
  1. 0.2     :EXTERNAL&INTERNAL PERIODS IN DAYS TO WRITE  XY ARRAYS
  0. 0.0     :EXTERNAL&INTERNAL PERIODS IN DAYS TO WRITE  YZ ARRAYS
  -2   -2   3    :TYPES OF SS CONDITION FOR T,S,WIND(IGT,IGS =1,2,3),IGWS=(1,2,3,4)(3I4)
   0   30        :USAGE OF ICE BLOCK IN OCEAN MODEL(0-DO NOT USE,1-USE)
   1   1         :1-DO NOT 2- REMOVE SPACE AVARAGING HEAT & FRESH WATER FLUXES(2I4)
 1.0E-03   1.0E-03       :COEFFICIENT OF RELAXATION FOR SST & SSS[CM/S](*22C)
 E                           :PATH TO OCEAN CONTROL POINT(RESULTES)(A32)
 ../Data_NEMO/SS2013               :PATH TO OCEAN DATA FILES
 sst.dat                           :SEA SURFACE TEMPERATURE
 sss.dat                           :SEA SURFACE SALINITY
 tlbc.dat                          :T-VALUES FOR LIQUID WALLS
 slbc.dat                          :S-VALUES FOR LIQUID WAL
 /san1lun1nfs/Data/COSMO13kmINMOM/ :PATH TO FILES OF ATM FORCINGM
 mzs.dat                           : SEA SURFACE ZONAL WIND STRESS(A32)
 mms.dat                           : SEA SURFACE MERIDIONAL WIND STRESS(A32)
 mnhf.dat                          : SEA SURFACE HEAT BALANCE(OCMOD)(A32)
 mswr.dat                          : SEA SURFACE SHORTWAVE RAD BALANCE(A32)^M
 mpme.dat                          : PRECIPITATION-EVAPORATION(A32)^M
 icemask.dat                       : ICE MASK (A32)^M
 sst_OkhSea.dat                    : TEMPERATURE OF ATMOSPHERE(COUPLED MODEL ONLY)^M
 slp.dat                           : SEA LEVEL PRESSURE^M
 rof4joseas_cosmo.dat              : RIVER RUNOFF^M
 trd.dat                           : DW-LW-RAD
 srd.dat                           : DW-SW-RAD
 tpr.dat                           : PRECIPIT
 t2m.dat                           : TEMP OF ATMOSPHERE
 q2m.dat                           : HUMIDITY
 u10.dat                           : U-WIND SPEED
 v10.dat                           : V-WIND SPEED
 NONE                              : SEA-LAND MASK FOR ATMPSPHERE^M
 
 COMMENTS:
 
 TYPES OF SS CONDITION FOR T,S:
 
 1 - FIRST CONDITION
     (ONLY T,S AT OCEAN SURFACE ARE USED)
 2 - SECOND CONDITION
     (HEAT AND FRESH WATER BALANCES ARE USED)
 3 - THIRD CONDITION
     (HEAT AND SALT FLUXES ARE CALCULATED BY BULK-FORMULAE)
 
 TYPES OF SS CONDITION FOR U,V:
 
 1 - WIND STRESS COMPONENTS ARE READ FROM FILES,
     ATM PRESSURE DOES NOT AFFECT DYNAMICS
 2 - WIND STRESS COMPONENTS ARE READ FROM FILES,
     ATM PRESSURE AFFECTS DYNAMICS
 3 - WIND STRESS COMPONENTS ARE CALCULATED BY BULK FORMULAE,
     ATM PRESSURE DOES NOT AFFECT DYNAMICS
 4 - WIND STRESS COMPONENTS ARE CALCULATED BY BULK FORMULAE,
     ATM PRESSURE AFFECTS DYNAMICS
 
 USAGE OF ICE BLOCK IN OCEAN MODEL:
 
 (FIRST NUMBER)
 0 - ICE BLOCK IS NOT USED
 1 - ICE BLOCK IS USED
 
 
 (SECOND NUMBER) - NUMBER OF TIME STEPS OF ICE MODEL
 IN ONE TIME STEP OF OCEAN MODEL
 EQUAL 1 IF ICE RHEOLOGY IS NOT USED
 >>1 (~60) IF ICE RHEOLOGY IS USED
 

 INPUT OCEAN TASK PARAMETERS FROM octask.par
       1800.0  :STEP,IN SECONDS(*-FORMAT,11-COLUMNS)
        1.0  :DURATION OF RUN IN DAY(*11C)
          0  :INITIAL STEP(=0=>START FROM INIT.T&S; >0=>START FROM CONTROL POINT)(I7)
       2013  :INITIAL YEAR(I7)
         0   :WRITING PERIOD IN STEPS FOR CONTROL POINT OUTPUT
         0   :WRITING PERIOD IN STEPS FOR INTEGRAL PARAMETER OUTPUT
         5   :WRITING PERIOD IN STEPS FOR LOCAL OUTPUT (not use if =<0)
  0. 0.0     :EXTERNAL&INTERNAL PERIODS IN DAYS TO WRITE XYZ ARRAYS
  0. 0.0     :EXTERNAL&INTERNAL PERIODS IN DAYS TO WRITE PASSIVE TRACER ARRAYS
  1. 0.2     :EXTERNAL&INTERNAL PERIODS IN DAYS TO WRITE  XY ARRAYS
  0. 0.0     :EXTERNAL&INTERNAL PERIODS IN DAYS TO WRITE  YZ ARRAYS
  -2   -2   3    :TYPES OF SS CONDITION FOR T,S,WIND(IGT,IGS =1,2,3),IGWS=(1,2,3,4)(3I4)
   0   30        :USAGE OF ICE BLOCK IN OCEAN MODEL(0-DO NOT USE,1-USE)
   1   1         :1-DO NOT 2- REMOVE SPACE AVARAGING HEAT & FRESH WATER FLUXES(2I4)
 1.0E-03   1.0E-03       :COEFFICIENT OF RELAXATION FOR SST & SSS[CM/S](*22C)
 E                           :PATH TO OCEAN CONTROL POINT(RESULTES)(A32)
 ../Data_NEMO/SS2013               :PATH TO OCEAN DATA FILES
 sst.dat                           :SEA SURFACE TEMPERATURE
 sss.dat                           :SEA SURFACE SALINITY
 tlbc.dat                          :T-VALUES FOR LIQUID WALLS
 slbc.dat                          :S-VALUES FOR LIQUID WAL
 /san1lun1nfs/Data/COSMO13kmINMOM/ :PATH TO FILES OF ATM FORCINGM
 mzs.dat                           : SEA SURFACE ZONAL WIND STRESS(A32)
 mms.dat                           : SEA SURFACE MERIDIONAL WIND STRESS(A32)
 mnhf.dat                          : SEA SURFACE HEAT BALANCE(OCMOD)(A32)
 mswr.dat                          : SEA SURFACE SHORTWAVE RAD BALANCE(A32)^M
 mpme.dat                          : PRECIPITATION-EVAPORATION(A32)^M
 icemask.dat                       : ICE MASK (A32)^M
 sst_OkhSea.dat                    : TEMPERATURE OF ATMOSPHERE(COUPLED MODEL ONLY)^M
 slp.dat                           : SEA LEVEL PRESSURE^M
 rof4joseas_cosmo.dat              : RIVER RUNOFF^M
 trd.dat                           : DW-LW-RAD
 srd.dat                           : DW-SW-RAD
 tpr.dat                           : PRECIPIT
 t2m.dat                           : TEMP OF ATMOSPHERE
 q2m.dat                           : HUMIDITY
 u10.dat                           : U-WIND SPEED
 v10.dat                           : V-WIND SPEED
 NONE                              : SEA-LAND MASK FOR ATMPSPHERE^M
 
 COMMENTS:
 
 TYPES OF SS CONDITION FOR T,S:
 
 1 - FIRST CONDITION
     (ONLY T,S AT OCEAN SURFACE ARE USED)
 2 - SECOND CONDITION
     (HEAT AND FRESH WATER BALANCES ARE USED)
 3 - THIRD CONDITION
     (HEAT AND SALT FLUXES ARE CALCULATED BY BULK-FORMULAE)
 
 TYPES OF SS CONDITION FOR U,V:
 
 1 - WIND STRESS COMPONENTS ARE READ FROM FILES,
     ATM PRESSURE DOES NOT AFFECT DYNAMICS
 2 - WIND STRESS COMPONENTS ARE READ FROM FILES,
     ATM PRESSURE AFFECTS DYNAMICS
 3 - WIND STRESS COMPONENTS ARE CALCULATED BY BULK FORMULAE,
     ATM PRESSURE DOES NOT AFFECT DYNAMICS
 4 - WIND STRESS COMPONENTS ARE CALCULATED BY BULK FORMULAE,
     ATM PRESSURE AFFECTS DYNAMICS
 
 USAGE OF ICE BLOCK IN OCEAN MODEL:
 
 (FIRST NUMBER)
 0 - ICE BLOCK IS NOT USED
 1 - ICE BLOCK IS USED
 
 
 (SECOND NUMBER) - NUMBER OF TIME STEPS OF ICE MODEL
 IN ONE TIME STEP OF OCEAN MODEL
 EQUAL 1 IF ICE RHEOLOGY IS NOT USED
 >>1 (~60) IF ICE RHEOLOGY IS USED
 

  NUMBER OF ALL GRID POINTS =   2875425
  TOTAL MEMORY =  11501700 Bytes,    10.969 Mbytes,  0.010712 Gbytes.

      4 -SWITCHING KEYS FOR TASK:INP.COND
      5 -SEA LEVEL(+)/STREAM FUNCTION(-)
      3 -T&S LATERAL  TRANSPORT&MIX
     -5 -T&S VERTICAL TRANSP&MIX
     -2 -U&V LATERAL TRANSPORT&MIX
      3 -U&V VERTICAL TRANSPORT&MIX
      1 -PASSIVETRACER LATERAL TRANSPORT&MIX
      1 -PASSIVETRACER VERTICAL TRANSPORT&MIX
      0 -NUMBER OF LIQUID BOUNDARIES INCLUDED
  0.1000E-06  0.0000 BOTTOM FRICTION AND ITERATION PARAMETER FOR STREAM FUNCTION
  0.1000E+01  0.1000E+06[CM**2/S] -LATERAL DIFFUSION OF 2nd ORDER IN X & Y DIRECTION
  0.1000E+01  0.2500E+06[CM**2/S] -LATERAL VISCOSITY OF 2nd ORDER IN X & Y DIRECTION
  0.1560E-01  0.1560E-01[UNDIM,CM**4/S] -LATERAL DIFFUSION OF 4th ORDER IN X&Y DIRECTION
  0.1000E-02  0.1000E-02[UNDIM,CM**4/S] -LATERAL VISCOSITY OF 4th ORDER IN X&Y DIRECTION
  50.0000   0.0500-MAX(TOP)&BACKGROUND DIFFUS.
 150.0000   1.0000-MAX(TOP)&BACKGROUND VISKOS.
  300.0  300.0    0.5-SWITCHING DEPTHS AND RESIDUAL FRACTION OF LATERAL DIFFUSION
 FILE WITH TEM. POINT SEA-LAND MASK: mask_2b.txt
        FILE WITH BOTTOM TOPOGRAPHY: hh.dat
 NUMBER OF LEVITUS HORIZONTS: 29 FOR H= 3500.00
   W-LEVELS ARE ARRANGED IN THE MIDDLES OF T-LAYERS.
  W-LEVELS W-STEPS  T-LEVELS T-STEPS *1000.00
   1000.00 1000.00    666.67  666.67
   BASIN PARAMETERS FROM 0COM.INC:

   ERTH RADIUS = 0.6370000E+09(cm); rn = 0.6370000E+09[cm, or undim]
  EARTH ANGULAR VELOCITY(OMEGA) = 0.7292123E-04[RAD/SEC]
         HEAT CAPACITY OF WATER =  4.100000    [J/GR/GRAD] FOR 35%. SAL
              REFERENCE DENSITY =  1.025000    [GR/CM**3]
     FREE FALL ACCELERATION(GRV)=   980.600[CM/S**2]
  FREE FALL ACCELERATION/RH0 (G)=   956.683[CM/S**2/(GR/CM**3)]
                        CPW*RH0 =  4.202500    [J/GRAD/CM**3]
    NX= 208;  NY= 108;  NZ=   1;  MMM=   3; NNN=   3
   MLR=  13;  MM= 206;  NN= 106; MDIM= 208; MMD=   0
  NUMBER OF ALL GRID POINTS =   2875425
  TOTAL MEMORY =  11501700 Bytes,    10.969 Mbytes,  0.010712 Gbytes.

      4 -SWITCHING KEYS FOR TASK:INP.COND
      5 -SEA LEVEL(+)/STREAM FUNCTION(-)
      3 -T&S LATERAL  TRANSPORT&MIX
     -5 -T&S VERTICAL TRANSP&MIX
     -2 -U&V LATERAL TRANSPORT&MIX
      3 -U&V VERTICAL TRANSPORT&MIX
      1 -PASSIVETRACER LATERAL TRANSPORT&MIX
      1 -PASSIVETRACER VERTICAL TRANSPORT&MIX
      0 -NUMBER OF LIQUID BOUNDARIES INCLUDED
  0.1000E-06  0.0000 BOTTOM FRICTION AND ITERATION PARAMETER FOR STREAM FUNCTION
  0.1000E+01  0.1000E+06[CM**2/S] -LATERAL DIFFUSION OF 2nd ORDER IN X & Y DIRECTION
  0.1000E+01  0.2500E+06[CM**2/S] -LATERAL VISCOSITY OF 2nd ORDER IN X & Y DIRECTION
  0.1560E-01  0.1560E-01[UNDIM,CM**4/S] -LATERAL DIFFUSION OF 4th ORDER IN X&Y DIRECTION
  0.1000E-02  0.1000E-02[UNDIM,CM**4/S] -LATERAL VISCOSITY OF 4th ORDER IN X&Y DIRECTION
  50.0000   0.0500-MAX(TOP)&BACKGROUND DIFFUS.
 150.0000   1.0000-MAX(TOP)&BACKGROUND VISKOS.
  300.0  300.0    0.5-SWITCHING DEPTHS AND RESIDUAL FRACTION OF LATERAL DIFFUSION
 FILE WITH TEM. POINT SEA-LAND MASK: mask_2b.txt
        FILE WITH BOTTOM TOPOGRAPHY: hh.dat
 NUMBER OF LEVITUS HORIZONTS: 29 FOR H= 3500.00
   W-LEVELS ARE ARRANGED IN THE MIDDLES OF T-LAYERS.
  W-LEVELS W-STEPS  T-LEVELS T-STEPS *1000.00
   1000.00 1000.00    666.67  666.67
   BASIN PARAMETERS FROM 0COM.INC:

   ERTH RADIUS = 0.6370000E+09(cm); rn = 0.6370000E+09[cm, or undim]
  EARTH ANGULAR VELOCITY(OMEGA) = 0.7292123E-04[RAD/SEC]
         HEAT CAPACITY OF WATER =  4.100000    [J/GR/GRAD] FOR 35%. SAL
              REFERENCE DENSITY =  1.025000    [GR/CM**3]
     FREE FALL ACCELERATION(GRV)=   980.600[CM/S**2]
  FREE FALL ACCELERATION/RH0 (G)=   956.683[CM/S**2/(GR/CM**3)]
                        CPW*RH0 =  4.202500    [J/GRAD/CM**3]
    NX= 208;  NY= 108;  NZ=   1;  MMM=   3; NNN=   3
   MLR=  13;  MM= 206;  NN= 106; MDIM= 208; MMD=   0
 INPUT OCEAN TASK PARAMETERS FROM octask.par
       1800.0  :STEP,IN SECONDS(*-FORMAT,11-COLUMNS)
        1.0  :DURATION OF RUN IN DAY(*11C)
          0  :INITIAL STEP(=0=>START FROM INIT.T&S; >0=>START FROM CONTROL POINT)(I7)
       2013  :INITIAL YEAR(I7)
         0   :WRITING PERIOD IN STEPS FOR CONTROL POINT OUTPUT
         0   :WRITING PERIOD IN STEPS FOR INTEGRAL PARAMETER OUTPUT
         5   :WRITING PERIOD IN STEPS FOR LOCAL OUTPUT (not use if =<0)
  0. 0.0     :EXTERNAL&INTERNAL PERIODS IN DAYS TO WRITE XYZ ARRAYS
  0. 0.0     :EXTERNAL&INTERNAL PERIODS IN DAYS TO WRITE PASSIVE TRACER ARRAYS
  1. 0.2     :EXTERNAL&INTERNAL PERIODS IN DAYS TO WRITE  XY ARRAYS
  0. 0.0     :EXTERNAL&INTERNAL PERIODS IN DAYS TO WRITE  YZ ARRAYS
  -2   -2   3    :TYPES OF SS CONDITION FOR T,S,WIND(IGT,IGS =1,2,3),IGWS=(1,2,3,4)(3I4)
   0   30        :USAGE OF ICE BLOCK IN OCEAN MODEL(0-DO NOT USE,1-USE)
   1   1         :1-DO NOT 2- REMOVE SPACE AVARAGING HEAT & FRESH WATER FLUXES(2I4)
 1.0E-03   1.0E-03       :COEFFICIENT OF RELAXATION FOR SST & SSS[CM/S](*22C)
 E                           :PATH TO OCEAN CONTROL POINT(RESULTES)(A32)
 ../Data_NEMO/SS2013               :PATH TO OCEAN DATA FILES
 sst.dat                           :SEA SURFACE TEMPERATURE
 sss.dat                           :SEA SURFACE SALINITY
 tlbc.dat                          :T-VALUES FOR LIQUID WALLS
 slbc.dat                          :S-VALUES FOR LIQUID WAL
 /san1lun1nfs/Data/COSMO13kmINMOM/ :PATH TO FILES OF ATM FORCINGM
 mzs.dat                           : SEA SURFACE ZONAL WIND STRESS(A32)
 mms.dat                           : SEA SURFACE MERIDIONAL WIND STRESS(A32)
 mnhf.dat                          : SEA SURFACE HEAT BALANCE(OCMOD)(A32)
 mswr.dat                          : SEA SURFACE SHORTWAVE RAD BALANCE(A32)^M
 mpme.dat                          : PRECIPITATION-EVAPORATION(A32)^M
 icemask.dat                       : ICE MASK (A32)^M
 sst_OkhSea.dat                    : TEMPERATURE OF ATMOSPHERE(COUPLED MODEL ONLY)^M
 slp.dat                           : SEA LEVEL PRESSURE^M
 rof4joseas_cosmo.dat              : RIVER RUNOFF^M
 trd.dat                           : DW-LW-RAD
 srd.dat                           : DW-SW-RAD
 tpr.dat                           : PRECIPIT
 t2m.dat                           : TEMP OF ATMOSPHERE
 q2m.dat                           : HUMIDITY
 u10.dat                           : U-WIND SPEED
 v10.dat                           : V-WIND SPEED
 NONE                              : SEA-LAND MASK FOR ATMPSPHERE^M
 
 COMMENTS:
 
 TYPES OF SS CONDITION FOR T,S:
 
 1 - FIRST CONDITION
     (ONLY T,S AT OCEAN SURFACE ARE USED)
 2 - SECOND CONDITION
     (HEAT AND FRESH WATER BALANCES ARE USED)
 3 - THIRD CONDITION
     (HEAT AND SALT FLUXES ARE CALCULATED BY BULK-FORMULAE)
 
 TYPES OF SS CONDITION FOR U,V:
 
 1 - WIND STRESS COMPONENTS ARE READ FROM FILES,
     ATM PRESSURE DOES NOT AFFECT DYNAMICS
 2 - WIND STRESS COMPONENTS ARE READ FROM FILES,
     ATM PRESSURE AFFECTS DYNAMICS
 3 - WIND STRESS COMPONENTS ARE CALCULATED BY BULK FORMULAE,
     ATM PRESSURE DOES NOT AFFECT DYNAMICS
 4 - WIND STRESS COMPONENTS ARE CALCULATED BY BULK FORMULAE,
     ATM PRESSURE AFFECTS DYNAMICS
 
 USAGE OF ICE BLOCK IN OCEAN MODEL:
 
 (FIRST NUMBER)
 0 - ICE BLOCK IS NOT USED
 1 - ICE BLOCK IS USED
 
 
 (SECOND NUMBER) - NUMBER OF TIME STEPS OF ICE MODEL
 IN ONE TIME STEP OF OCEAN MODEL
 EQUAL 1 IF ICE RHEOLOGY IS NOT USED
 >>1 (~60) IF ICE RHEOLOGY IS USED
 

 INPUT OCEAN TASK PARAMETERS FROM octask.par
       1800.0  :STEP,IN SECONDS(*-FORMAT,11-COLUMNS)
        1.0  :DURATION OF RUN IN DAY(*11C)
          0  :INITIAL STEP(=0=>START FROM INIT.T&S; >0=>START FROM CONTROL POINT)(I7)
       2013  :INITIAL YEAR(I7)
         0   :WRITING PERIOD IN STEPS FOR CONTROL POINT OUTPUT
         0   :WRITING PERIOD IN STEPS FOR INTEGRAL PARAMETER OUTPUT
         5   :WRITING PERIOD IN STEPS FOR LOCAL OUTPUT (not use if =<0)
  0. 0.0     :EXTERNAL&INTERNAL PERIODS IN DAYS TO WRITE XYZ ARRAYS
  0. 0.0     :EXTERNAL&INTERNAL PERIODS IN DAYS TO WRITE PASSIVE TRACER ARRAYS
 INPUT OCEAN TASK PARAMETERS FROM octask.par
       1800.0  :STEP,IN SECONDS(*-FORMAT,11-COLUMNS)
        1.0  :DURATION OF RUN IN DAY(*11C)
          0  :INITIAL STEP(=0=>START FROM INIT.T&S; >0=>START FROM CONTROL POINT)(I7)
       2013  :INITIAL YEAR(I7)
         0   :WRITING PERIOD IN STEPS FOR CONTROL POINT OUTPUT
         0   :WRITING PERIOD IN STEPS FOR INTEGRAL PARAMETER OUTPUT
         5   :WRITING PERIOD IN STEPS FOR LOCAL OUTPUT (not use if =<0)
  0. 0.0     :EXTERNAL&INTERNAL PERIODS IN DAYS TO WRITE XYZ ARRAYS
  0. 0.0     :EXTERNAL&INTERNAL PERIODS IN DAYS TO WRITE PASSIVE TRACER ARRAYS
  1. 0.2     :EXTERNAL&INTERNAL PERIODS IN DAYS TO WRITE  XY ARRAYS
  0. 0.0     :EXTERNAL&INTERNAL PERIODS IN DAYS TO WRITE  YZ ARRAYS
  -2   -2   3    :TYPES OF SS CONDITION FOR T,S,WIND(IGT,IGS =1,2,3),IGWS=(1,2,3,4)(3I4)
   0   30        :USAGE OF ICE BLOCK IN OCEAN MODEL(0-DO NOT USE,1-USE)
   1   1         :1-DO NOT 2- REMOVE SPACE AVARAGING HEAT & FRESH WATER FLUXES(2I4)
 1.0E-03   1.0E-03       :COEFFICIENT OF RELAXATION FOR SST & SSS[CM/S](*22C)
 E                           :PATH TO OCEAN CONTROL POINT(RESULTES)(A32)
 ../Data_NEMO/SS2013               :PATH TO OCEAN DATA FILES
 sst.dat                           :SEA SURFACE TEMPERATURE
 sss.dat                           :SEA SURFACE SALINITY
 tlbc.dat                          :T-VALUES FOR LIQUID WALLS
 slbc.dat                          :S-VALUES FOR LIQUID WAL
 /san1lun1nfs/Data/COSMO13kmINMOM/ :PATH TO FILES OF ATM FORCINGM
 mzs.dat                           : SEA SURFACE ZONAL WIND STRESS(A32)
 mms.dat                           : SEA SURFACE MERIDIONAL WIND STRESS(A32)
 mnhf.dat                          : SEA SURFACE HEAT BALANCE(OCMOD)(A32)
 mswr.dat                          : SEA SURFACE SHORTWAVE RAD BALANCE(A32)^M
 mpme.dat                          : PRECIPITATION-EVAPORATION(A32)^M
 icemask.dat                       : ICE MASK (A32)^M
 sst_OkhSea.dat                    : TEMPERATURE OF ATMOSPHERE(COUPLED MODEL ONLY)^M
 slp.dat                           : SEA LEVEL PRESSURE^M
 rof4joseas_cosmo.dat              : RIVER RUNOFF^M
 trd.dat                           : DW-LW-RAD
 srd.dat                           : DW-SW-RAD
 tpr.dat                           : PRECIPIT
 t2m.dat                           : TEMP OF ATMOSPHERE
 q2m.dat                           : HUMIDITY
 u10.dat                           : U-WIND SPEED
 v10.dat                           : V-WIND SPEED
 NONE                              : SEA-LAND MASK FOR ATMPSPHERE^M
 
 COMMENTS:
 
 TYPES OF SS CONDITION FOR T,S:
 
 1 - FIRST CONDITION
     (ONLY T,S AT OCEAN SURFACE ARE USED)
 2 - SECOND CONDITION
     (HEAT AND FRESH WATER BALANCES ARE USED)
 3 - THIRD CONDITION
     (HEAT AND SALT FLUXES ARE CALCULATED BY BULK-FORMULAE)
 
 TYPES OF SS CONDITION FOR U,V:
 
 1 - WIND STRESS COMPONENTS ARE READ FROM FILES,
     ATM PRESSURE DOES NOT AFFECT DYNAMICS
 2 - WIND STRESS COMPONENTS ARE READ FROM FILES,
     ATM PRESSURE AFFECTS DYNAMICS
 3 - WIND STRESS COMPONENTS ARE CALCULATED BY BULK FORMULAE,
     ATM PRESSURE DOES NOT AFFECT DYNAMICS
 4 - WIND STRESS COMPONENTS ARE CALCULATED BY BULK FORMULAE,
     ATM PRESSURE AFFECTS DYNAMICS
 
 USAGE OF ICE BLOCK IN OCEAN MODEL:
 
 (FIRST NUMBER)
 0 - ICE BLOCK IS NOT USED
 1 - ICE BLOCK IS USED
 
 
 (SECOND NUMBER) - NUMBER OF TIME STEPS OF ICE MODEL
 IN ONE TIME STEP OF OCEAN MODEL
 EQUAL 1 IF ICE RHEOLOGY IS NOT USED
 >>1 (~60) IF ICE RHEOLOGY IS USED
 

  1. 0.2     :EXTERNAL&INTERNAL PERIODS IN DAYS TO WRITE  XY ARRAYS
  0. 0.0     :EXTERNAL&INTERNAL PERIODS IN DAYS TO WRITE  YZ ARRAYS
 INPUT OCEAN TASK PARAMETERS FROM octask.par
  -2   -2   3    :TYPES OF SS CONDITION FOR T,S,WIND(IGT,IGS =1,2,3),IGWS=(1,2,3,4)(3I4)
   0   30        :USAGE OF ICE BLOCK IN OCEAN MODEL(0-DO NOT USE,1-USE)
   1   1         :1-DO NOT 2- REMOVE SPACE AVARAGING HEAT & FRESH WATER FLUXES(2I4)
 1.0E-03   1.0E-03       :COEFFICIENT OF RELAXATION FOR SST & SSS[CM/S](*22C)
 E                           :PATH TO OCEAN CONTROL POINT(RESULTES)(A32)
 ../Data_NEMO/SS2013               :PATH TO OCEAN DATA FILES
 sst.dat                           :SEA SURFACE TEMPERATURE
 sss.dat                           :SEA SURFACE SALINITY
 tlbc.dat                          :T-VALUES FOR LIQUID WALLS
 slbc.dat                          :S-VALUES FOR LIQUID WAL
 /san1lun1nfs/Data/COSMO13kmINMOM/ :PATH TO FILES OF ATM FORCINGM
 mzs.dat                           : SEA SURFACE ZONAL WIND STRESS(A32)
 mms.dat                           : SEA SURFACE MERIDIONAL WIND STRESS(A32)
 mnhf.dat                          : SEA SURFACE HEAT BALANCE(OCMOD)(A32)
 mswr.dat                          : SEA SURFACE SHORTWAVE RAD BALANCE(A32)^M
 mpme.dat                          : PRECIPITATION-EVAPORATION(A32)^M
 icemask.dat                       : ICE MASK (A32)^M
 sst_OkhSea.dat                    : TEMPERATURE OF ATMOSPHERE(COUPLED MODEL ONLY)^M
 slp.dat                           : SEA LEVEL PRESSURE^M
 rof4joseas_cosmo.dat              : RIVER RUNOFF^M
 trd.dat                           : DW-LW-RAD
 srd.dat                           : DW-SW-RAD
 tpr.dat                           : PRECIPIT
 t2m.dat                           : TEMP OF ATMOSPHERE
 q2m.dat                           : HUMIDITY
 u10.dat                           : U-WIND SPEED
 v10.dat                           : V-WIND SPEED
 NONE                              : SEA-LAND MASK FOR ATMPSPHERE^M
 
 COMMENTS:
 
 TYPES OF SS CONDITION FOR T,S:
 
 1 - FIRST CONDITION
     (ONLY T,S AT OCEAN SURFACE ARE USED)
 2 - SECOND CONDITION
     (HEAT AND FRESH WATER BALANCES ARE USED)
 3 - THIRD CONDITION
 INPUT OCEAN TASK PARAMETERS FROM octask.par
     (HEAT AND SALT FLUXES ARE CALCULATED BY BULK-FORMULAE)
 
 TYPES OF SS CONDITION FOR U,V:
 
 1 - WIND STRESS COMPONENTS ARE READ FROM FILES,
     ATM PRESSURE DOES NOT AFFECT DYNAMICS
 2 - WIND STRESS COMPONENTS ARE READ FROM FILES,
       1800.0  :STEP,IN SECONDS(*-FORMAT,11-COLUMNS)
        1.0  :DURATION OF RUN IN DAY(*11C)
          0  :INITIAL STEP(=0=>START FROM INIT.T&S; >0=>START FROM CONTROL POINT)(I7)
       2013  :INITIAL YEAR(I7)
         0   :WRITING PERIOD IN STEPS FOR CONTROL POINT OUTPUT
         0   :WRITING PERIOD IN STEPS FOR INTEGRAL PARAMETER OUTPUT
         5   :WRITING PERIOD IN STEPS FOR LOCAL OUTPUT (not use if =<0)
  0. 0.0     :EXTERNAL&INTERNAL PERIODS IN DAYS TO WRITE XYZ ARRAYS
     ATM PRESSURE AFFECTS DYNAMICS
 3 - WIND STRESS COMPONENTS ARE CALCULATED BY BULK FORMULAE,
     ATM PRESSURE DOES NOT AFFECT DYNAMICS
 4 - WIND STRESS COMPONENTS ARE CALCULATED BY BULK FORMULAE,
     ATM PRESSURE AFFECTS DYNAMICS
 
 USAGE OF ICE BLOCK IN OCEAN MODEL:
  0. 0.0     :EXTERNAL&INTERNAL PERIODS IN DAYS TO WRITE PASSIVE TRACER ARRAYS
  1. 0.2     :EXTERNAL&INTERNAL PERIODS IN DAYS TO WRITE  XY ARRAYS
  0. 0.0     :EXTERNAL&INTERNAL PERIODS IN DAYS TO WRITE  YZ ARRAYS
  -2   -2   3    :TYPES OF SS CONDITION FOR T,S,WIND(IGT,IGS =1,2,3),IGWS=(1,2,3,4)(3I4)
   0   30        :USAGE OF ICE BLOCK IN OCEAN MODEL(0-DO NOT USE,1-USE)
   1   1         :1-DO NOT 2- REMOVE SPACE AVARAGING HEAT & FRESH WATER FLUXES(2I4)
 1.0E-03   1.0E-03       :COEFFICIENT OF RELAXATION FOR SST & SSS[CM/S](*22C)
 E                           :PATH TO OCEAN CONTROL POINT(RESULTES)(A32)
 
 (FIRST NUMBER)
 0 - ICE BLOCK IS NOT USED
 1 - ICE BLOCK IS USED
 ../Data_NEMO/SS2013               :PATH TO OCEAN DATA FILES
 sst.dat                           :SEA SURFACE TEMPERATURE
 sss.dat                           :SEA SURFACE SALINITY
 tlbc.dat                          :T-VALUES FOR LIQUID WALLS
 slbc.dat                          :S-VALUES FOR LIQUID WAL
 /san1lun1nfs/Data/COSMO13kmINMOM/ :PATH TO FILES OF ATM FORCINGM
 
 
 (SECOND NUMBER) - NUMBER OF TIME STEPS OF ICE MODEL
 IN ONE TIME STEP OF OCEAN MODEL
 EQUAL 1 IF ICE RHEOLOGY IS NOT USED
 >>1 (~60) IF ICE RHEOLOGY IS USED
 

 mzs.dat                           : SEA SURFACE ZONAL WIND STRESS(A32)
 mms.dat                           : SEA SURFACE MERIDIONAL WIND STRESS(A32)
 mnhf.dat                          : SEA SURFACE HEAT BALANCE(OCMOD)(A32)
 mswr.dat                          : SEA SURFACE SHORTWAVE RAD BALANCE(A32)^M
 mpme.dat                          : PRECIPITATION-EVAPORATION(A32)^M
 icemask.dat                       : ICE MASK (A32)^M
 sst_OkhSea.dat                    : TEMPERATURE OF ATMOSPHERE(COUPLED MODEL ONLY)^M
 slp.dat                           : SEA LEVEL PRESSURE^M
 rof4joseas_cosmo.dat              : RIVER RUNOFF^M
 trd.dat                           : DW-LW-RAD
 srd.dat                           : DW-SW-RAD
 tpr.dat                           : PRECIPIT
 t2m.dat                           : TEMP OF ATMOSPHERE
 q2m.dat                           : HUMIDITY
 u10.dat                           : U-WIND SPEED
 v10.dat                           : V-WIND SPEED
 NONE                              : SEA-LAND MASK FOR ATMPSPHERE^M
 
 COMMENTS:
 
 TYPES OF SS CONDITION FOR T,S:
 
 1 - FIRST CONDITION
     (ONLY T,S AT OCEAN SURFACE ARE USED)
 2 - SECOND CONDITION
     (HEAT AND FRESH WATER BALANCES ARE USED)
 3 - THIRD CONDITION
     (HEAT AND SALT FLUXES ARE CALCULATED BY BULK-FORMULAE)
 
 TYPES OF SS CONDITION FOR U,V:
 
 1 - WIND STRESS COMPONENTS ARE READ FROM FILES,
     ATM PRESSURE DOES NOT AFFECT DYNAMICS
 2 - WIND STRESS COMPONENTS ARE READ FROM FILES,
     ATM PRESSURE AFFECTS DYNAMICS
 3 - WIND STRESS COMPONENTS ARE CALCULATED BY BULK FORMULAE,
     ATM PRESSURE DOES NOT AFFECT DYNAMICS
 4 - WIND STRESS COMPONENTS ARE CALCULATED BY BULK FORMULAE,
     ATM PRESSURE AFFECTS DYNAMICS
 
 USAGE OF ICE BLOCK IN OCEAN MODEL:
 
 (FIRST NUMBER)
 0 - ICE BLOCK IS NOT USED
 1 - ICE BLOCK IS USED
 
 
 (SECOND NUMBER) - NUMBER OF TIME STEPS OF ICE MODEL
 IN ONE TIME STEP OF OCEAN MODEL
 EQUAL 1 IF ICE RHEOLOGY IS NOT USED
 >>1 (~60) IF ICE RHEOLOGY IS USED
 

       1800.0  :STEP,IN SECONDS(*-FORMAT,11-COLUMNS)
        1.0  :DURATION OF RUN IN DAY(*11C)
          0  :INITIAL STEP(=0=>START FROM INIT.T&S; >0=>START FROM CONTROL POINT)(I7)
       2013  :INITIAL YEAR(I7)
         0   :WRITING PERIOD IN STEPS FOR CONTROL POINT OUTPUT
         0   :WRITING PERIOD IN STEPS FOR INTEGRAL PARAMETER OUTPUT
         5   :WRITING PERIOD IN STEPS FOR LOCAL OUTPUT (not use if =<0)
 INPUT OCEAN TASK PARAMETERS FROM octask.par
       1800.0  :STEP,IN SECONDS(*-FORMAT,11-COLUMNS)
        1.0  :DURATION OF RUN IN DAY(*11C)
          0  :INITIAL STEP(=0=>START FROM INIT.T&S; >0=>START FROM CONTROL POINT)(I7)
       2013  :INITIAL YEAR(I7)
         0   :WRITING PERIOD IN STEPS FOR CONTROL POINT OUTPUT
         0   :WRITING PERIOD IN STEPS FOR INTEGRAL PARAMETER OUTPUT
         5   :WRITING PERIOD IN STEPS FOR LOCAL OUTPUT (not use if =<0)
  0. 0.0     :EXTERNAL&INTERNAL PERIODS IN DAYS TO WRITE XYZ ARRAYS
  0. 0.0     :EXTERNAL&INTERNAL PERIODS IN DAYS TO WRITE PASSIVE TRACER ARRAYS
  1. 0.2     :EXTERNAL&INTERNAL PERIODS IN DAYS TO WRITE  XY ARRAYS
  0. 0.0     :EXTERNAL&INTERNAL PERIODS IN DAYS TO WRITE  YZ ARRAYS
  -2   -2   3    :TYPES OF SS CONDITION FOR T,S,WIND(IGT,IGS =1,2,3),IGWS=(1,2,3,4)(3I4)
   0   30        :USAGE OF ICE BLOCK IN OCEAN MODEL(0-DO NOT USE,1-USE)
   1   1         :1-DO NOT 2- REMOVE SPACE AVARAGING HEAT & FRESH WATER FLUXES(2I4)
 1.0E-03   1.0E-03       :COEFFICIENT OF RELAXATION FOR SST & SSS[CM/S](*22C)
 E                           :PATH TO OCEAN CONTROL POINT(RESULTES)(A32)
 ../Data_NEMO/SS2013               :PATH TO OCEAN DATA FILES
 sst.dat                           :SEA SURFACE TEMPERATURE
 sss.dat                           :SEA SURFACE SALINITY
 tlbc.dat                          :T-VALUES FOR LIQUID WALLS
 slbc.dat                          :S-VALUES FOR LIQUID WAL
 /san1lun1nfs/Data/COSMO13kmINMOM/ :PATH TO FILES OF ATM FORCINGM
 mzs.dat                           : SEA SURFACE ZONAL WIND STRESS(A32)
 mms.dat                           : SEA SURFACE MERIDIONAL WIND STRESS(A32)
 mnhf.dat                          : SEA SURFACE HEAT BALANCE(OCMOD)(A32)
 mswr.dat                          : SEA SURFACE SHORTWAVE RAD BALANCE(A32)^M
 mpme.dat                          : PRECIPITATION-EVAPORATION(A32)^M
 icemask.dat                       : ICE MASK (A32)^M
 sst_OkhSea.dat                    : TEMPERATURE OF ATMOSPHERE(COUPLED MODEL ONLY)^M
 slp.dat                           : SEA LEVEL PRESSURE^M
 rof4joseas_cosmo.dat              : RIVER RUNOFF^M
 trd.dat                           : DW-LW-RAD
 srd.dat                           : DW-SW-RAD
 tpr.dat                           : PRECIPIT
 t2m.dat                           : TEMP OF ATMOSPHERE
 q2m.dat                           : HUMIDITY
 u10.dat                           : U-WIND SPEED
 v10.dat                           : V-WIND SPEED
 NONE                              : SEA-LAND MASK FOR ATMPSPHERE^M
 
 COMMENTS:
 
 TYPES OF SS CONDITION FOR T,S:
 
 1 - FIRST CONDITION
     (ONLY T,S AT OCEAN SURFACE ARE USED)
 2 - SECOND CONDITION
     (HEAT AND FRESH WATER BALANCES ARE USED)
 3 - THIRD CONDITION
     (HEAT AND SALT FLUXES ARE CALCULATED BY BULK-FORMULAE)
 
 TYPES OF SS CONDITION FOR U,V:
 
 1 - WIND STRESS COMPONENTS ARE READ FROM FILES,
     ATM PRESSURE DOES NOT AFFECT DYNAMICS
 2 - WIND STRESS COMPONENTS ARE READ FROM FILES,
     ATM PRESSURE AFFECTS DYNAMICS
 3 - WIND STRESS COMPONENTS ARE CALCULATED BY BULK FORMULAE,
     ATM PRESSURE DOES NOT AFFECT DYNAMICS
 4 - WIND STRESS COMPONENTS ARE CALCULATED BY BULK FORMULAE,
     ATM PRESSURE AFFECTS DYNAMICS
 
 USAGE OF ICE BLOCK IN OCEAN MODEL:
 
 (FIRST NUMBER)
 0 - ICE BLOCK IS NOT USED
 1 - ICE BLOCK IS USED
 
 
 (SECOND NUMBER) - NUMBER OF TIME STEPS OF ICE MODEL
 IN ONE TIME STEP OF OCEAN MODEL
 EQUAL 1 IF ICE RHEOLOGY IS NOT USED
 >>1 (~60) IF ICE RHEOLOGY IS USED
 

  0. 0.0     :EXTERNAL&INTERNAL PERIODS IN DAYS TO WRITE XYZ ARRAYS
  0. 0.0     :EXTERNAL&INTERNAL PERIODS IN DAYS TO WRITE PASSIVE TRACER ARRAYS
  1. 0.2     :EXTERNAL&INTERNAL PERIODS IN DAYS TO WRITE  XY ARRAYS
  0. 0.0     :EXTERNAL&INTERNAL PERIODS IN DAYS TO WRITE  YZ ARRAYS
  -2   -2   3    :TYPES OF SS CONDITION FOR T,S,WIND(IGT,IGS =1,2,3),IGWS=(1,2,3,4)(3I4)
   0   30        :USAGE OF ICE BLOCK IN OCEAN MODEL(0-DO NOT USE,1-USE)
   1   1         :1-DO NOT 2- REMOVE SPACE AVARAGING HEAT & FRESH WATER FLUXES(2I4)
 1.0E-03   1.0E-03       :COEFFICIENT OF RELAXATION FOR SST & SSS[CM/S](*22C)
 E                           :PATH TO OCEAN CONTROL POINT(RESULTES)(A32)
 ../Data_NEMO/SS2013               :PATH TO OCEAN DATA FILES
 sst.dat                           :SEA SURFACE TEMPERATURE
 sss.dat                           :SEA SURFACE SALINITY
 tlbc.dat                          :T-VALUES FOR LIQUID WALLS
 slbc.dat                          :S-VALUES FOR LIQUID WAL
 /san1lun1nfs/Data/COSMO13kmINMOM/ :PATH TO FILES OF ATM FORCINGM
 mzs.dat                           : SEA SURFACE ZONAL WIND STRESS(A32)
 mms.dat                           : SEA SURFACE MERIDIONAL WIND STRESS(A32)
 mnhf.dat                          : SEA SURFACE HEAT BALANCE(OCMOD)(A32)
 mswr.dat                          : SEA SURFACE SHORTWAVE RAD BALANCE(A32)^M
 mpme.dat                          : PRECIPITATION-EVAPORATION(A32)^M
 icemask.dat                       : ICE MASK (A32)^M
 sst_OkhSea.dat                    : TEMPERATURE OF ATMOSPHERE(COUPLED MODEL ONLY)^M
 slp.dat                           : SEA LEVEL PRESSURE^M
 rof4joseas_cosmo.dat              : RIVER RUNOFF^M
 trd.dat                           : DW-LW-RAD
 srd.dat                           : DW-SW-RAD
 tpr.dat                           : PRECIPIT
 t2m.dat                           : TEMP OF ATMOSPHERE
 q2m.dat                           : HUMIDITY
 u10.dat                           : U-WIND SPEED
 v10.dat                           : V-WIND SPEED
 NONE                              : SEA-LAND MASK FOR ATMPSPHERE^M
 
 COMMENTS:
 
 TYPES OF SS CONDITION FOR T,S:
 
 1 - FIRST CONDITION
     (ONLY T,S AT OCEAN SURFACE ARE USED)
 2 - SECOND CONDITION
     (HEAT AND FRESH WATER BALANCES ARE USED)
 3 - THIRD CONDITION
     (HEAT AND SALT FLUXES ARE CALCULATED BY BULK-FORMULAE)
 
 TYPES OF SS CONDITION FOR U,V:
 
 1 - WIND STRESS COMPONENTS ARE READ FROM FILES,
     ATM PRESSURE DOES NOT AFFECT DYNAMICS
 2 - WIND STRESS COMPONENTS ARE READ FROM FILES,
     ATM PRESSURE AFFECTS DYNAMICS
 3 - WIND STRESS COMPONENTS ARE CALCULATED BY BULK FORMULAE,
     ATM PRESSURE DOES NOT AFFECT DYNAMICS
 4 - WIND STRESS COMPONENTS ARE CALCULATED BY BULK FORMULAE,
     ATM PRESSURE AFFECTS DYNAMICS
 
 USAGE OF ICE BLOCK IN OCEAN MODEL:
 
 (FIRST NUMBER)
 0 - ICE BLOCK IS NOT USED
 1 - ICE BLOCK IS USED
 
 
 (SECOND NUMBER) - NUMBER OF TIME STEPS OF ICE MODEL
 IN ONE TIME STEP OF OCEAN MODEL
 EQUAL 1 IF ICE RHEOLOGY IS NOT USED
 >>1 (~60) IF ICE RHEOLOGY IS USED
 

  NUMBER OF ALL GRID POINTS =   2875425
  TOTAL MEMORY =  11501700 Bytes,    10.969 Mbytes,  0.010712 Gbytes.

  NUMBER OF ALL GRID POINTS =   2875425
  TOTAL MEMORY =  11501700 Bytes,    10.969 Mbytes,  0.010712 Gbytes.

  NUMBER OF ALL GRID POINTS =   2875425
  TOTAL MEMORY =  11501700 Bytes,    10.969 Mbytes,  0.010712 Gbytes.

      4 -SWITCHING KEYS FOR TASK:INP.COND
      5 -SEA LEVEL(+)/STREAM FUNCTION(-)
      3 -T&S LATERAL  TRANSPORT&MIX
     -5 -T&S VERTICAL TRANSP&MIX
     -2 -U&V LATERAL TRANSPORT&MIX
      3 -U&V VERTICAL TRANSPORT&MIX
      1 -PASSIVETRACER LATERAL TRANSPORT&MIX
      1 -PASSIVETRACER VERTICAL TRANSPORT&MIX
      0 -NUMBER OF LIQUID BOUNDARIES INCLUDED
  0.1000E-06  0.0000 BOTTOM FRICTION AND ITERATION PARAMETER FOR STREAM FUNCTION
  0.1000E+01  0.1000E+06[CM**2/S] -LATERAL DIFFUSION OF 2nd ORDER IN X & Y DIRECTION
  0.1000E+01  0.2500E+06[CM**2/S] -LATERAL VISCOSITY OF 2nd ORDER IN X & Y DIRECTION
  0.1560E-01  0.1560E-01[UNDIM,CM**4/S] -LATERAL DIFFUSION OF 4th ORDER IN X&Y DIRECTION
  0.1000E-02  0.1000E-02[UNDIM,CM**4/S] -LATERAL VISCOSITY OF 4th ORDER IN X&Y DIRECTION
  50.0000   0.0500-MAX(TOP)&BACKGROUND DIFFUS.
 150.0000   1.0000-MAX(TOP)&BACKGROUND VISKOS.
  300.0  300.0    0.5-SWITCHING DEPTHS AND RESIDUAL FRACTION OF LATERAL DIFFUSION
 FILE WITH TEM. POINT SEA-LAND MASK: mask_2b.txt
        FILE WITH BOTTOM TOPOGRAPHY: hh.dat
 NUMBER OF LEVITUS HORIZONTS: 29 FOR H= 3500.00
   W-LEVELS ARE ARRANGED IN THE MIDDLES OF T-LAYERS.
  W-LEVELS W-STEPS  T-LEVELS T-STEPS *1000.00
   1000.00 1000.00    666.67  666.67
      4 -SWITCHING KEYS FOR TASK:INP.COND
      5 -SEA LEVEL(+)/STREAM FUNCTION(-)
      3 -T&S LATERAL  TRANSPORT&MIX
     -5 -T&S VERTICAL TRANSP&MIX
     -2 -U&V LATERAL TRANSPORT&MIX
      3 -U&V VERTICAL TRANSPORT&MIX
      1 -PASSIVETRACER LATERAL TRANSPORT&MIX
      1 -PASSIVETRACER VERTICAL TRANSPORT&MIX
      0 -NUMBER OF LIQUID BOUNDARIES INCLUDED
  0.1000E-06  0.0000 BOTTOM FRICTION AND ITERATION PARAMETER FOR STREAM FUNCTION
   BASIN PARAMETERS FROM 0COM.INC:

   ERTH RADIUS = 0.6370000E+09(cm); rn = 0.6370000E+09[cm, or undim]
  EARTH ANGULAR VELOCITY(OMEGA) = 0.7292123E-04[RAD/SEC]
         HEAT CAPACITY OF WATER =  4.100000    [J/GR/GRAD] FOR 35%. SAL
              REFERENCE DENSITY =  1.025000    [GR/CM**3]
     FREE FALL ACCELERATION(GRV)=   980.600[CM/S**2]
  0.1000E+01  0.1000E+06[CM**2/S] -LATERAL DIFFUSION OF 2nd ORDER IN X & Y DIRECTION
  FREE FALL ACCELERATION/RH0 (G)=   956.683[CM/S**2/(GR/CM**3)]
                        CPW*RH0 =  4.202500    [J/GRAD/CM**3]
  0.1000E+01  0.2500E+06[CM**2/S] -LATERAL VISCOSITY OF 2nd ORDER IN X & Y DIRECTION
  0.1560E-01  0.1560E-01[UNDIM,CM**4/S] -LATERAL DIFFUSION OF 4th ORDER IN X&Y DIRECTION
    NX= 208;  NY= 108;  NZ=   1;  MMM=   3; NNN=   3
  0.1000E-02  0.1000E-02[UNDIM,CM**4/S] -LATERAL VISCOSITY OF 4th ORDER IN X&Y DIRECTION
  50.0000   0.0500-MAX(TOP)&BACKGROUND DIFFUS.
   MLR=  13;  MM= 206;  NN= 106; MDIM= 208; MMD=   0
 150.0000   1.0000-MAX(TOP)&BACKGROUND VISKOS.
  300.0  300.0    0.5-SWITCHING DEPTHS AND RESIDUAL FRACTION OF LATERAL DIFFUSION
 FILE WITH TEM. POINT SEA-LAND MASK: mask_2b.txt
        FILE WITH BOTTOM TOPOGRAPHY: hh.dat
 NUMBER OF LEVITUS HORIZONTS: 29 FOR H= 3500.00
   W-LEVELS ARE ARRANGED IN THE MIDDLES OF T-LAYERS.
  W-LEVELS W-STEPS  T-LEVELS T-STEPS *1000.00
   1000.00 1000.00    666.67  666.67
      4 -SWITCHING KEYS FOR TASK:INP.COND
      5 -SEA LEVEL(+)/STREAM FUNCTION(-)
   BASIN PARAMETERS FROM 0COM.INC:

   ERTH RADIUS = 0.6370000E+09(cm); rn = 0.6370000E+09[cm, or undim]
      3 -T&S LATERAL  TRANSPORT&MIX
     -5 -T&S VERTICAL TRANSP&MIX
     -2 -U&V LATERAL TRANSPORT&MIX
      3 -U&V VERTICAL TRANSPORT&MIX
      1 -PASSIVETRACER LATERAL TRANSPORT&MIX
      1 -PASSIVETRACER VERTICAL TRANSPORT&MIX
      0 -NUMBER OF LIQUID BOUNDARIES INCLUDED
  0.1000E-06  0.0000 BOTTOM FRICTION AND ITERATION PARAMETER FOR STREAM FUNCTION
  EARTH ANGULAR VELOCITY(OMEGA) = 0.7292123E-04[RAD/SEC]
         HEAT CAPACITY OF WATER =  4.100000    [J/GR/GRAD] FOR 35%. SAL
              REFERENCE DENSITY =  1.025000    [GR/CM**3]
     FREE FALL ACCELERATION(GRV)=   980.600[CM/S**2]
  FREE FALL ACCELERATION/RH0 (G)=   956.683[CM/S**2/(GR/CM**3)]
                        CPW*RH0 =  4.202500    [J/GRAD/CM**3]
    NX= 208;  NY= 108;  NZ=   1;  MMM=   3; NNN=   3
  0.1000E+01  0.1000E+06[CM**2/S] -LATERAL DIFFUSION OF 2nd ORDER IN X & Y DIRECTION
  0.1000E+01  0.2500E+06[CM**2/S] -LATERAL VISCOSITY OF 2nd ORDER IN X & Y DIRECTION
  0.1560E-01  0.1560E-01[UNDIM,CM**4/S] -LATERAL DIFFUSION OF 4th ORDER IN X&Y DIRECTION
  0.1000E-02  0.1000E-02[UNDIM,CM**4/S] -LATERAL VISCOSITY OF 4th ORDER IN X&Y DIRECTION
   MLR=  13;  MM= 206;  NN= 106; MDIM= 208; MMD=   0
  50.0000   0.0500-MAX(TOP)&BACKGROUND DIFFUS.
 150.0000   1.0000-MAX(TOP)&BACKGROUND VISKOS.
  300.0  300.0    0.5-SWITCHING DEPTHS AND RESIDUAL FRACTION OF LATERAL DIFFUSION
 FILE WITH TEM. POINT SEA-LAND MASK: mask_2b.txt
        FILE WITH BOTTOM TOPOGRAPHY: hh.dat
  NUMBER OF ALL GRID POINTS =   2875425
 NUMBER OF LEVITUS HORIZONTS: 29 FOR H= 3500.00
   W-LEVELS ARE ARRANGED IN THE MIDDLES OF T-LAYERS.
  W-LEVELS W-STEPS  T-LEVELS T-STEPS *1000.00
  TOTAL MEMORY =  11501700 Bytes,    10.969 Mbytes,  0.010712 Gbytes.

   1000.00 1000.00    666.67  666.67
  NUMBER OF ALL GRID POINTS =   2875425
   BASIN PARAMETERS FROM 0COM.INC:

   ERTH RADIUS = 0.6370000E+09(cm); rn = 0.6370000E+09[cm, or undim]
  EARTH ANGULAR VELOCITY(OMEGA) = 0.7292123E-04[RAD/SEC]
         HEAT CAPACITY OF WATER =  4.100000    [J/GR/GRAD] FOR 35%. SAL
              REFERENCE DENSITY =  1.025000    [GR/CM**3]
     FREE FALL ACCELERATION(GRV)=   980.600[CM/S**2]
  FREE FALL ACCELERATION/RH0 (G)=   956.683[CM/S**2/(GR/CM**3)]
                        CPW*RH0 =  4.202500    [J/GRAD/CM**3]
    NX= 208;  NY= 108;  NZ=   1;  MMM=   3; NNN=   3
   MLR=  13;  MM= 206;  NN= 106; MDIM= 208; MMD=   0
  TOTAL MEMORY =  11501700 Bytes,    10.969 Mbytes,  0.010712 Gbytes.

  NUMBER OF ALL GRID POINTS =   2875425
  TOTAL MEMORY =  11501700 Bytes,    10.969 Mbytes,  0.010712 Gbytes.

      4 -SWITCHING KEYS FOR TASK:INP.COND
      5 -SEA LEVEL(+)/STREAM FUNCTION(-)
      3 -T&S LATERAL  TRANSPORT&MIX
     -5 -T&S VERTICAL TRANSP&MIX
     -2 -U&V LATERAL TRANSPORT&MIX
      3 -U&V VERTICAL TRANSPORT&MIX
      1 -PASSIVETRACER LATERAL TRANSPORT&MIX
      1 -PASSIVETRACER VERTICAL TRANSPORT&MIX
      0 -NUMBER OF LIQUID BOUNDARIES INCLUDED
  0.1000E-06  0.0000 BOTTOM FRICTION AND ITERATION PARAMETER FOR STREAM FUNCTION
      4 -SWITCHING KEYS FOR TASK:INP.COND
      5 -SEA LEVEL(+)/STREAM FUNCTION(-)
      3 -T&S LATERAL  TRANSPORT&MIX
     -5 -T&S VERTICAL TRANSP&MIX
     -2 -U&V LATERAL TRANSPORT&MIX
  0.1000E+01  0.1000E+06[CM**2/S] -LATERAL DIFFUSION OF 2nd ORDER IN X & Y DIRECTION
      3 -U&V VERTICAL TRANSPORT&MIX
      1 -PASSIVETRACER LATERAL TRANSPORT&MIX
      1 -PASSIVETRACER VERTICAL TRANSPORT&MIX
      0 -NUMBER OF LIQUID BOUNDARIES INCLUDED
  0.1000E-06  0.0000 BOTTOM FRICTION AND ITERATION PARAMETER FOR STREAM FUNCTION
  0.1000E+01  0.2500E+06[CM**2/S] -LATERAL VISCOSITY OF 2nd ORDER IN X & Y DIRECTION
  0.1560E-01  0.1560E-01[UNDIM,CM**4/S] -LATERAL DIFFUSION OF 4th ORDER IN X&Y DIRECTION
  0.1000E-02  0.1000E-02[UNDIM,CM**4/S] -LATERAL VISCOSITY OF 4th ORDER IN X&Y DIRECTION
  0.1000E+01  0.1000E+06[CM**2/S] -LATERAL DIFFUSION OF 2nd ORDER IN X & Y DIRECTION
  50.0000   0.0500-MAX(TOP)&BACKGROUND DIFFUS.
 150.0000   1.0000-MAX(TOP)&BACKGROUND VISKOS.
  0.1000E+01  0.2500E+06[CM**2/S] -LATERAL VISCOSITY OF 2nd ORDER IN X & Y DIRECTION
  0.1560E-01  0.1560E-01[UNDIM,CM**4/S] -LATERAL DIFFUSION OF 4th ORDER IN X&Y DIRECTION
  0.1000E-02  0.1000E-02[UNDIM,CM**4/S] -LATERAL VISCOSITY OF 4th ORDER IN X&Y DIRECTION
  300.0  300.0    0.5-SWITCHING DEPTHS AND RESIDUAL FRACTION OF LATERAL DIFFUSION
 FILE WITH TEM. POINT SEA-LAND MASK: mask_2b.txt
        FILE WITH BOTTOM TOPOGRAPHY: hh.dat
  50.0000   0.0500-MAX(TOP)&BACKGROUND DIFFUS.
 150.0000   1.0000-MAX(TOP)&BACKGROUND VISKOS.
  300.0  300.0    0.5-SWITCHING DEPTHS AND RESIDUAL FRACTION OF LATERAL DIFFUSION
 FILE WITH TEM. POINT SEA-LAND MASK: mask_2b.txt
        FILE WITH BOTTOM TOPOGRAPHY: hh.dat
 NUMBER OF LEVITUS HORIZONTS: 29 FOR H= 3500.00
   W-LEVELS ARE ARRANGED IN THE MIDDLES OF T-LAYERS.
  W-LEVELS W-STEPS  T-LEVELS T-STEPS *1000.00
   1000.00 1000.00    666.67  666.67
 NUMBER OF LEVITUS HORIZONTS: 29 FOR H= 3500.00
   W-LEVELS ARE ARRANGED IN THE MIDDLES OF T-LAYERS.
  W-LEVELS W-STEPS  T-LEVELS T-STEPS *1000.00
   1000.00 1000.00    666.67  666.67
   BASIN PARAMETERS FROM 0COM.INC:

   ERTH RADIUS = 0.6370000E+09(cm); rn = 0.6370000E+09[cm, or undim]
  EARTH ANGULAR VELOCITY(OMEGA) = 0.7292123E-04[RAD/SEC]
         HEAT CAPACITY OF WATER =  4.100000    [J/GR/GRAD] FOR 35%. SAL
              REFERENCE DENSITY =  1.025000    [GR/CM**3]
     FREE FALL ACCELERATION(GRV)=   980.600[CM/S**2]
  FREE FALL ACCELERATION/RH0 (G)=   956.683[CM/S**2/(GR/CM**3)]
                        CPW*RH0 =  4.202500    [J/GRAD/CM**3]
   BASIN PARAMETERS FROM 0COM.INC:

    NX= 208;  NY= 108;  NZ=   1;  MMM=   3; NNN=   3
      4 -SWITCHING KEYS FOR TASK:INP.COND
      5 -SEA LEVEL(+)/STREAM FUNCTION(-)
      3 -T&S LATERAL  TRANSPORT&MIX
     -5 -T&S VERTICAL TRANSP&MIX
     -2 -U&V LATERAL TRANSPORT&MIX
      3 -U&V VERTICAL TRANSPORT&MIX
      1 -PASSIVETRACER LATERAL TRANSPORT&MIX
   ERTH RADIUS = 0.6370000E+09(cm); rn = 0.6370000E+09[cm, or undim]
  EARTH ANGULAR VELOCITY(OMEGA) = 0.7292123E-04[RAD/SEC]
         HEAT CAPACITY OF WATER =  4.100000    [J/GR/GRAD] FOR 35%. SAL
              REFERENCE DENSITY =  1.025000    [GR/CM**3]
     FREE FALL ACCELERATION(GRV)=   980.600[CM/S**2]
  FREE FALL ACCELERATION/RH0 (G)=   956.683[CM/S**2/(GR/CM**3)]
                        CPW*RH0 =  4.202500    [J/GRAD/CM**3]
   MLR=  13;  MM= 206;  NN= 106; MDIM= 208; MMD=   0
      1 -PASSIVETRACER VERTICAL TRANSPORT&MIX
      0 -NUMBER OF LIQUID BOUNDARIES INCLUDED
  0.1000E-06  0.0000 BOTTOM FRICTION AND ITERATION PARAMETER FOR STREAM FUNCTION
    NX= 208;  NY= 108;  NZ=   1;  MMM=   3; NNN=   3
   MLR=  13;  MM= 206;  NN= 106; MDIM= 208; MMD=   0
  0.1000E+01  0.1000E+06[CM**2/S] -LATERAL DIFFUSION OF 2nd ORDER IN X & Y DIRECTION
  0.1000E+01  0.2500E+06[CM**2/S] -LATERAL VISCOSITY OF 2nd ORDER IN X & Y DIRECTION
  0.1560E-01  0.1560E-01[UNDIM,CM**4/S] -LATERAL DIFFUSION OF 4th ORDER IN X&Y DIRECTION
  0.1000E-02  0.1000E-02[UNDIM,CM**4/S] -LATERAL VISCOSITY OF 4th ORDER IN X&Y DIRECTION
  50.0000   0.0500-MAX(TOP)&BACKGROUND DIFFUS.
 150.0000   1.0000-MAX(TOP)&BACKGROUND VISKOS.
  300.0  300.0    0.5-SWITCHING DEPTHS AND RESIDUAL FRACTION OF LATERAL DIFFUSION
 FILE WITH TEM. POINT SEA-LAND MASK: mask_2b.txt
        FILE WITH BOTTOM TOPOGRAPHY: hh.dat
 NUMBER OF LEVITUS HORIZONTS: 29 FOR H= 3500.00
   W-LEVELS ARE ARRANGED IN THE MIDDLES OF T-LAYERS.
  W-LEVELS W-STEPS  T-LEVELS T-STEPS *1000.00
   1000.00 1000.00    666.67  666.67
   BASIN PARAMETERS FROM 0COM.INC:

   ERTH RADIUS = 0.6370000E+09(cm); rn = 0.6370000E+09[cm, or undim]
  EARTH ANGULAR VELOCITY(OMEGA) = 0.7292123E-04[RAD/SEC]
         HEAT CAPACITY OF WATER =  4.100000    [J/GR/GRAD] FOR 35%. SAL
              REFERENCE DENSITY =  1.025000    [GR/CM**3]
     FREE FALL ACCELERATION(GRV)=   980.600[CM/S**2]
  FREE FALL ACCELERATION/RH0 (G)=   956.683[CM/S**2/(GR/CM**3)]
                        CPW*RH0 =  4.202500    [J/GRAD/CM**3]
    NX= 208;  NY= 108;  NZ=   1;  MMM=   3; NNN=   3
   MLR=  13;  MM= 206;  NN= 106; MDIM= 208; MMD=   0
  Temperature mask.(nx, ny) = (208, 108). DXST =0.05, DYST =0.05.                
  Temperature mask.(nx, ny) = (208, 108). DXST =0.05, DYST =0.05.                
  Temperature mask.(nx, ny) = (208, 108). DXST =0.05, DYST =0.05.                
  Temperature mask.(nx, ny) = (208, 108). DXST =0.05, DYST =0.05.                
  Temperature mask.(nx, ny) = (208, 108). DXST =0.05, DYST =0.05.                
  Temperature mask.(nx, ny) = (208, 108). DXST =0.05, DYST =0.05.                
  Temperature mask.(nx, ny) = (208, 108). DXST =0.05, DYST =0.05.                
  Temperature mask.(nx, ny) = (208, 108). DXST =0.05, DYST =0.05.                
  BOTTOM MASK BASED ON TEMPERATURE MASK HAS
  NUMBER OF GRIDS =    21525
  BOTTOM MASK BASED ON TEMPERATURE MASK HAS
  NUMBER OF GRIDS =    21525
  BOTTOM MASK BASED ON TEMPERATURE MASK HAS
  NUMBER OF GRIDS =    21525
  BOTTOM MASK BASED ON TEMPERATURE MASK HAS
  NUMBER OF GRIDS =    21525
  BOTTOM MASK BASED ON TEMPERATURE MASK HAS
  NUMBER OF GRIDS =    21525
  BOTTOM MASK BASED ON TEMPERATURE MASK HAS
  NUMBER OF GRIDS =    21525
   COMPUTING IIX, JJX, LRX  BY LU
   COMPUTING IIX, JJX, LRX  BY LU
   COMPUTING IIX, JJX, LRX  BY LU
   COMPUTING IIX, JJX, LRX  BY LU
   COMPUTING IIX, JJX, LRX  BY LU
   COMPUTING IIXU,JJXU,LRXU BY LUU
   COMPUTING IIXU,JJXU,LRXU BY LUU
   COMPUTING IIXU,JJXU,LRXU BY LUU
   COMPUTING IIXU,JJXU,LRXU BY LUU
   COMPUTING IIXU,JJXU,LRXU BY LUU
   COMPUTING IIY, JJY, LRY  BY LU
   COMPUTING IIX, JJX, LRX  BY LU
   COMPUTING IIY, JJY, LRY  BY LU
   COMPUTING IIY, JJY, LRY  BY LU
   COMPUTING IIY, JJY, LRY  BY LU
   COMPUTING IIY, JJY, LRY  BY LU
   COMPUTING IIYU,JJYU,LRYU BY LUU
   COMPUTING IIXU,JJXU,LRXU BY LUU
  BOTTOM MASK BASED ON TEMPERATURE MASK HAS
  NUMBER OF GRIDS =    21525
   COMPUTING IIYU,JJYU,LRYU BY LUU
   COMPUTING IIYU,JJYU,LRYU BY LUU
   COMPUTING IIYU,JJYU,LRYU BY LUU
   COMPUTING IIYU,JJYU,LRYU BY LUU
   MLR=     13;  MLRDEF =      1
   LRX  =      1;  LRY =      1
   LRXU =      1;  LRYU=      1
   WARNING! PARAMETER OF SECTION IN COMMON BLOCK 0COM.INC
   IS GREATER THEN DEFINED: MLR=     13 > MLRDEF=      1

   BEGIN TESTING IIX-JJX 
   SEARCHING FOR LENGTH <      2
   END TESTING; ERRORS=      0

   BEGIN TESTING IIY-JJY 
   SEARCHING FOR LENGTH <      2
   END TESTING; ERRORS=      0

   BEGIN TESTING IIX-JJX 
   SEARCHING FOR LENGTH <      3
   END TESTING; ERRORS=      0

   BEGIN TESTING IIY-JJY 
   SEARCHING FOR LENGTH <      3
   END TESTING; ERRORS=      0

   BEGIN TESTING IIXU-JJXU
   SEARCHING FOR LENGTH <      2
   END TESTING; ERRORS=      0

   BEGIN TESTING IIYU-JJYU
   SEARCHING FOR LENGTH <      2
   END TESTING; ERRORS=      0

   RECONSTRUCTION OF MASK BASED ON IIX AND JJX
   MLR=     13;  MLRDEF =      1
   LRX  =      1;  LRY =      1
   LRXU =      1;  LRYU=      1
   WARNING! PARAMETER OF SECTION IN COMMON BLOCK 0COM.INC
   IS GREATER THEN DEFINED: MLR=     13 > MLRDEF=      1

   BEGIN TESTING IIX-JJX 
   SEARCHING FOR LENGTH <      2
   MLR=     13;  MLRDEF =      1
   LRX  =      1;  LRY =      1
   END TESTING; ERRORS=      0

   BEGIN TESTING IIY-JJY 
   SEARCHING FOR LENGTH <      2
   END TESTING; ERRORS=      0

   BEGIN TESTING IIX-JJX 
   SEARCHING FOR LENGTH <      3
   END TESTING; ERRORS=      0

   BEGIN TESTING IIY-JJY 
   SEARCHING FOR LENGTH <      3
   END TESTING; ERRORS=      0

   BEGIN TESTING IIXU-JJXU
   SEARCHING FOR LENGTH <      2
   END TESTING; ERRORS=      0

   BEGIN TESTING IIYU-JJYU
   SEARCHING FOR LENGTH <      2
   COMPUTING IIY, JJY, LRY  BY LU
   LRXU =      1;  LRYU=      1
   WARNING! PARAMETER OF SECTION IN COMMON BLOCK 0COM.INC
   IS GREATER THEN DEFINED: MLR=     13 > MLRDEF=      1

   BEGIN TESTING IIX-JJX 
   SEARCHING FOR LENGTH <      2
   END TESTING; ERRORS=      0

   BEGIN TESTING IIY-JJY 
   SEARCHING FOR LENGTH <      2
   END TESTING; ERRORS=      0

   BEGIN TESTING IIX-JJX 
   SEARCHING FOR LENGTH <      3
   END TESTING; ERRORS=      0

   END TESTING; ERRORS=      0

   RECONSTRUCTION OF MASK BASED ON IIX AND JJX
   MLR=     13;  MLRDEF =      1
   LRX  =      1;  LRY =      1
   LRXU =      1;  LRYU=      1
   WARNING! PARAMETER OF SECTION IN COMMON BLOCK 0COM.INC
   IS GREATER THEN DEFINED: MLR=     13 > MLRDEF=      1

   BEGIN TESTING IIX-JJX 
   SEARCHING FOR LENGTH <      2
   BEGIN TESTING IIY-JJY 
   SEARCHING FOR LENGTH <      3
   END TESTING; ERRORS=      0

   BEGIN TESTING IIXU-JJXU
   SEARCHING FOR LENGTH <      2
   END TESTING; ERRORS=      0

   END TESTING; ERRORS=      0

   BEGIN TESTING IIY-JJY 
   SEARCHING FOR LENGTH <      2
   END TESTING; ERRORS=      0

   MLR=     13;  MLRDEF =      1
   LRX  =      1;  LRY =      1
   LRXU =      1;  LRYU=      1
   BEGIN TESTING IIYU-JJYU
   SEARCHING FOR LENGTH <      2
   END TESTING; ERRORS=      0

   RECONSTRUCTION OF MASK BASED ON IIX AND JJX
   BEGIN TESTING IIX-JJX 
   SEARCHING FOR LENGTH <      3
   END TESTING; ERRORS=      0

   BEGIN TESTING IIY-JJY 
   SEARCHING FOR LENGTH <      3
   END TESTING; ERRORS=      0

   BEGIN TESTING IIXU-JJXU
   SEARCHING FOR LENGTH <      2
   END TESTING; ERRORS=      0

   WARNING! PARAMETER OF SECTION IN COMMON BLOCK 0COM.INC
   IS GREATER THEN DEFINED: MLR=     13 > MLRDEF=      1

   BEGIN TESTING IIX-JJX 
   SEARCHING FOR LENGTH <      2
   END TESTING; ERRORS=      0

   BEGIN TESTING IIY-JJY 
   BEGIN TESTING IIYU-JJYU
   SEARCHING FOR LENGTH <      2
   END TESTING; ERRORS=      0

   RECONSTRUCTION OF MASK BASED ON IIX AND JJX
   SEARCHING FOR LENGTH <      2
   END TESTING; ERRORS=      0

   BEGIN TESTING IIX-JJX 
   SEARCHING FOR LENGTH <      3
   END TESTING; ERRORS=      0

   BEGIN TESTING IIY-JJY 
   SEARCHING FOR LENGTH <      3
   END TESTING; ERRORS=      0

   BEGIN TESTING IIXU-JJXU
   SEARCHING FOR LENGTH <      2
   END TESTING; ERRORS=      0

   BEGIN TESTING IIYU-JJYU
   SEARCHING FOR LENGTH <      2
   END TESTING; ERRORS=      0

   RECONSTRUCTION OF MASK BASED ON IIX AND JJX
   MASK BASED ON IIX, JJX; NUMBER OF GRIDS =    21216

   RECONSTRUCTION OF MASK BASED ON IIY AND JJY
   COMPUTING IIYU,JJYU,LRYU BY LUU
   COMPUTING IIX, JJX, LRX  BY LU
   MASK BASED ON IIX, JJX; NUMBER OF GRIDS =    21216

   RECONSTRUCTION OF MASK BASED ON IIY AND JJY
   MASK BASED ON IIX, JJX; NUMBER OF GRIDS =    21216

   RECONSTRUCTION OF MASK BASED ON IIY AND JJY
   MASK BASED ON IIX, JJX; NUMBER OF GRIDS =    21216

   RECONSTRUCTION OF MASK BASED ON IIY AND JJY
   MASK BASED ON IIX, JJX; NUMBER OF GRIDS =    21216

   RECONSTRUCTION OF MASK BASED ON IIY AND JJY
   MASK BASED ON IIY, JJY; NUMBER OF GRIDS =    21216

   RECONSTRUCTION OF TEMPERATURE MASK BASED ON
   (IIX,JJX) AND (IIY,JJY) SIMULTANEOUSLY:
   MASK BASED ON IIY, JJY; NUMBER OF GRIDS =    21216

   RECONSTRUCTION OF TEMPERATURE MASK BASED ON
   (IIX,JJX) AND (IIY,JJY) SIMULTANEOUSLY:
   MASK BASED ON IIY, JJY; NUMBER OF GRIDS =    21216

   RECONSTRUCTION OF TEMPERATURE MASK BASED ON
   (IIX,JJX) AND (IIY,JJY) SIMULTANEOUSLY:
   MLR=     13;  MLRDEF =      1
   LRX  =      1;  LRY =      1
   LRXU =      1;  LRYU=      1
   WARNING! PARAMETER OF SECTION IN COMMON BLOCK 0COM.INC
   MASK BASED ON IIY, JJY; NUMBER OF GRIDS =    21216

   RECONSTRUCTION OF TEMPERATURE MASK BASED ON
   IS GREATER THEN DEFINED: MLR=     13 > MLRDEF=      1

   BEGIN TESTING IIX-JJX 
   SEARCHING FOR LENGTH <      2
   (IIX,JJX) AND (IIY,JJY) SIMULTANEOUSLY:
   END TESTING; ERRORS=      0

   BEGIN TESTING IIY-JJY 
   SEARCHING FOR LENGTH <      2
   COMPUTING IIXU,JJXU,LRXU BY LUU
   END TESTING; ERRORS=      0

   BEGIN TESTING IIX-JJX 
   SEARCHING FOR LENGTH <      3
   END TESTING; ERRORS=      0

   BEGIN TESTING IIY-JJY 
   SEARCHING FOR LENGTH <      3
   END TESTING; ERRORS=      0

   MASK BASED ON IIY, JJY; NUMBER OF GRIDS =    21216

   RECONSTRUCTION OF TEMPERATURE MASK BASED ON
   (IIX,JJX) AND (IIY,JJY) SIMULTANEOUSLY:
   BEGIN TESTING IIXU-JJXU
   SEARCHING FOR LENGTH <      2
   END TESTING; ERRORS=      0

   BEGIN TESTING IIYU-JJYU
   SEARCHING FOR LENGTH <      2
   END TESTING; ERRORS=      0

   RECONSTRUCTION OF MASK BASED ON IIX AND JJX
   TEMPERATURE MASK BASED ON (IIX,JJX) AND (IIY,JJY)
   IS EQUAL TO ORIGINAL MASK
   NUMBER OF GRIDS =    21216

   RECONSTRUCTION OF MASK BASED ON IIXU AND JJXU
   TEMPERATURE MASK BASED ON (IIX,JJX) AND (IIY,JJY)
   IS EQUAL TO ORIGINAL MASK
   NUMBER OF GRIDS =    21216

   RECONSTRUCTION OF MASK BASED ON IIXU AND JJXU
   TEMPERATURE MASK BASED ON (IIX,JJX) AND (IIY,JJY)
   IS EQUAL TO ORIGINAL MASK
   NUMBER OF GRIDS =    21216

   RECONSTRUCTION OF MASK BASED ON IIXU AND JJXU
   TEMPERATURE MASK BASED ON (IIX,JJX) AND (IIY,JJY)
   IS EQUAL TO ORIGINAL MASK
   NUMBER OF GRIDS =    21216

   RECONSTRUCTION OF MASK BASED ON IIXU AND JJXU
   COMPUTING IIY, JJY, LRY  BY LU
   TEMPERATURE MASK BASED ON (IIX,JJX) AND (IIY,JJY)
   IS EQUAL TO ORIGINAL MASK
   NUMBER OF GRIDS =    21216

   RECONSTRUCTION OF MASK BASED ON IIXU AND JJXU
   MASK BASED ON IIXU, JJXU; NUMBER OF GRIDS=    20909

   RECONSTRUCTION OF MASK BASED ON IIYU AND JJYU
   MASK BASED ON IIX, JJX; NUMBER OF GRIDS =    21216

   RECONSTRUCTION OF MASK BASED ON IIY AND JJY
   MASK BASED ON IIXU, JJXU; NUMBER OF GRIDS=    20909

   RECONSTRUCTION OF MASK BASED ON IIYU AND JJYU
   MASK BASED ON IIXU, JJXU; NUMBER OF GRIDS=    20909

   RECONSTRUCTION OF MASK BASED ON IIYU AND JJYU
   MASK BASED ON IIXU, JJXU; NUMBER OF GRIDS=    20909

   RECONSTRUCTION OF MASK BASED ON IIYU AND JJYU
   MASK BASED ON IIYU, JJYU; NUMBER OF GRIDS=    20909
   CONSTRUCTION OF C-X-Y-GRID MASKS BASED ON T-GRID:
   MASK BASED ON IIXU, JJXU; NUMBER OF GRIDS=    20909

   RECONSTRUCTION OF MASK BASED ON IIYU AND JJYU
   COMPUTING IIYU,JJYU,LRYU BY LUU
   MASK BASED ON IIYU, JJYU; NUMBER OF GRIDS=    20909
   CONSTRUCTION OF C-X-Y-GRID MASKS BASED ON T-GRID:
   MASK BASED ON IIYU, JJYU; NUMBER OF GRIDS=    20909
   CONSTRUCTION OF C-X-Y-GRID MASKS BASED ON T-GRID:
   MASK BASED ON IIY, JJY; NUMBER OF GRIDS =    21216

   RECONSTRUCTION OF TEMPERATURE MASK BASED ON
   (IIX,JJX) AND (IIY,JJY) SIMULTANEOUSLY:
   MASK BASED ON IIYU, JJYU; NUMBER OF GRIDS=    20909
   CONSTRUCTION OF C-X-Y-GRID MASKS BASED ON T-GRID:
   MASK BASED ON IIYU, JJYU; NUMBER OF GRIDS=    20909
   CONSTRUCTION OF C-X-Y-GRID MASKS BASED ON T-GRID:
   MLR=     13;  MLRDEF =      1
   LRX  =      1;  LRY =      1
   LRXU =      1;  LRYU=      1
   WARNING! PARAMETER OF SECTION IN COMMON BLOCK 0COM.INC
   IS GREATER THEN DEFINED: MLR=     13 > MLRDEF=      1

   BEGIN TESTING IIX-JJX 
   SEARCHING FOR LENGTH <      2
   END TESTING; ERRORS=      0

   BEGIN TESTING IIY-JJY 
   SEARCHING FOR LENGTH <      2
   END TESTING; ERRORS=      0

   BEGIN TESTING IIX-JJX 
   SEARCHING FOR LENGTH <      3
   END TESTING; ERRORS=      0

   BEGIN TESTING IIY-JJY 
   SEARCHING FOR LENGTH <      3
   END TESTING; ERRORS=      0

   BEGIN TESTING IIXU-JJXU
   SEARCHING FOR LENGTH <      2
   END TESTING; ERRORS=      0

   BEGIN TESTING IIYU-JJYU
   SEARCHING FOR LENGTH <      2
   END TESTING; ERRORS=      0

   RECONSTRUCTION OF MASK BASED ON IIX AND JJX
   TEMPERATURE MASK BASED ON (IIX,JJX) AND (IIY,JJY)
   IS EQUAL TO ORIGINAL MASK
   NUMBER OF GRIDS =    21216

   RECONSTRUCTION OF MASK BASED ON IIXU AND JJXU
   C-GRID MASK IN X DIRECTION HAS NUMBER OF OCEAN POINTS=    21112
   C-GRID MASK IN Y DIRECTION HAS NUMBER OF OCEAN POINTS=    21012
   C-GRID MASK IN X DIRECTION HAS NUMBER OF OCEAN POINTS=    21112
   C-GRID MASK IN Y DIRECTION HAS NUMBER OF OCEAN POINTS=    21012
   MASK BASED ON IIXU, JJXU; NUMBER OF GRIDS=    20909

   RECONSTRUCTION OF MASK BASED ON IIYU AND JJYU
   TOTAL VECTOR DIMENSION ON T-GRID =  21216
   C-GRID MASK IN X DIRECTION HAS NUMBER OF OCEAN POINTS=    21112
   C-GRID MASK IN Y DIRECTION HAS NUMBER OF OCEAN POINTS=    21012
   MASK BASED ON IIX, JJX; NUMBER OF GRIDS =    21216

   RECONSTRUCTION OF MASK BASED ON IIY AND JJY
   TOTAL VECTOR DIMENSION ON T-GRID =  21216
   TOTAL VECTOR DIMENSION ON H-GRID =  20909
   TOTAL VECTOR DIMENSION ON T-GRID =  21216
   C-GRID MASK IN X DIRECTION HAS NUMBER OF OCEAN POINTS=    21112
   C-GRID MASK IN Y DIRECTION HAS NUMBER OF OCEAN POINTS=    21012
   MASK BASED ON IIYU, JJYU; NUMBER OF GRIDS=    20909
   CONSTRUCTION OF C-X-Y-GRID MASKS BASED ON T-GRID:
   C-GRID MASK IN X DIRECTION HAS NUMBER OF OCEAN POINTS=    21112
   C-GRID MASK IN Y DIRECTION HAS NUMBER OF OCEAN POINTS=    21012
   TOTAL VECTOR DIMENSION ON H-GRID =  20909
   MASK BASED ON IIY, JJY; NUMBER OF GRIDS =    21216

   RECONSTRUCTION OF TEMPERATURE MASK BASED ON
   (IIX,JJX) AND (IIY,JJY) SIMULTANEOUSLY:
   TOTAL VECTOR DIMENSION ON H-GRID =  20909
   TOTAL VECTOR DIMENSION ON T-GRID =  21216
   TOTAL VECTOR DIMENSION ON T-GRID =  21216
   TOTAL VECTOR DIMENSION ON H-GRID =  20909
   TOTAL VECTOR DIMENSION ON H-GRID =  20909
   MEAN DEPTH [CM]: 99999.84
  BOTTOM MASK BASED ON TEMPERATURE MASK HAS
  NUMBER OF GRIDS =    21525
   MEAN DEPTH [CM]: 99999.84
   MEAN DEPTH [CM]: 99999.84
   TEMPERATURE MASK BASED ON (IIX,JJX) AND (IIY,JJY)
   IS EQUAL TO ORIGINAL MASK
   NUMBER OF GRIDS =    21216

   RECONSTRUCTION OF MASK BASED ON IIXU AND JJXU
   C-GRID MASK IN X DIRECTION HAS NUMBER OF OCEAN POINTS=    21112
   C-GRID MASK IN Y DIRECTION HAS NUMBER OF OCEAN POINTS=    21012
   MEAN DEPTH [CM]: 99999.84
   MEAN DEPTH [CM]: 99999.84
   TOTAL VECTOR DIMENSION ON T-GRID =  21216
   MASK BASED ON IIXU, JJXU; NUMBER OF GRIDS=    20909

   RECONSTRUCTION OF MASK BASED ON IIYU AND JJYU
   COMPUTING IIX, JJX, LRX  BY LU
   TOTAL VECTOR DIMENSION ON H-GRID =  20909
   COMPUTING IIXU,JJXU,LRXU BY LUU
   MASK BASED ON IIYU, JJYU; NUMBER OF GRIDS=    20909
   CONSTRUCTION OF C-X-Y-GRID MASKS BASED ON T-GRID:
   COMPUTING IIY, JJY, LRY  BY LU
   MEAN DEPTH [CM]: 99999.84
   COMPUTING IIYU,JJYU,LRYU BY LUU
   MLR=     13;  MLRDEF =      1
   LRX  =      1;  LRY =      1
   LRXU =      1;  LRYU=      1
   WARNING! PARAMETER OF SECTION IN COMMON BLOCK 0COM.INC
   IS GREATER THEN DEFINED: MLR=     13 > MLRDEF=      1

   BEGIN TESTING IIX-JJX 
   SEARCHING FOR LENGTH <      2
   END TESTING; ERRORS=      0

   BEGIN TESTING IIY-JJY 
   SEARCHING FOR LENGTH <      2
   END TESTING; ERRORS=      0

   BEGIN TESTING IIX-JJX 
   SEARCHING FOR LENGTH <      3
   END TESTING; ERRORS=      0

   BEGIN TESTING IIY-JJY 
   SEARCHING FOR LENGTH <      3
   END TESTING; ERRORS=      0

   BEGIN TESTING IIXU-JJXU
   SEARCHING FOR LENGTH <      2
   END TESTING; ERRORS=      0

   BEGIN TESTING IIYU-JJYU
   SEARCHING FOR LENGTH <      2
   END TESTING; ERRORS=      0

   RECONSTRUCTION OF MASK BASED ON IIX AND JJX
   C-GRID MASK IN X DIRECTION HAS NUMBER OF OCEAN POINTS=    21112
   C-GRID MASK IN Y DIRECTION HAS NUMBER OF OCEAN POINTS=    21012
   MASK BASED ON IIX, JJX; NUMBER OF GRIDS =    21216

   RECONSTRUCTION OF MASK BASED ON IIY AND JJY
   TOTAL VECTOR DIMENSION ON T-GRID =  21216
   MASK BASED ON IIY, JJY; NUMBER OF GRIDS =    21216

   RECONSTRUCTION OF TEMPERATURE MASK BASED ON
   (IIX,JJX) AND (IIY,JJY) SIMULTANEOUSLY:
   TOTAL VECTOR DIMENSION ON H-GRID =  20909
  SUM OF SW DIVERGENCE COEFFICIENT =  21216.00
  FOR   21216.00 T-GRID POINTS
   Shortwave penetration divergent coefficients have been defined
  SUM OF SW DIVERGENCE COEFFICIENT =  21216.00
  FOR   21216.00 T-GRID POINTS
   Shortwave penetration divergent coefficients have been defined
  SUM OF SW DIVERGENCE COEFFICIENT =  21216.00
  FOR   21216.00 T-GRID POINTS
   Shortwave penetration divergent coefficients have been defined
   TEMPERATURE MASK BASED ON (IIX,JJX) AND (IIY,JJY)
   IS EQUAL TO ORIGINAL MASK
   NUMBER OF GRIDS =    21216

   RECONSTRUCTION OF MASK BASED ON IIXU AND JJXU
  SUM OF SW DIVERGENCE COEFFICIENT =  21216.00
  FOR   21216.00 T-GRID POINTS
   Shortwave penetration divergent coefficients have been defined
  SUM OF SW DIVERGENCE COEFFICIENT =  21216.00
  FOR   21216.00 T-GRID POINTS
   Shortwave penetration divergent coefficients have been defined
   MASK BASED ON IIXU, JJXU; NUMBER OF GRIDS=    20909

   RECONSTRUCTION OF MASK BASED ON IIYU AND JJYU
   MEAN DEPTH [CM]: 99999.84
   MASK BASED ON IIYU, JJYU; NUMBER OF GRIDS=    20909
   CONSTRUCTION OF C-X-Y-GRID MASKS BASED ON T-GRID:
  SUM OF SW DIVERGENCE COEFFICIENT =  21216.00
  FOR   21216.00 T-GRID POINTS
   Shortwave penetration divergent coefficients have been defined
   C-GRID MASK IN X DIRECTION HAS NUMBER OF OCEAN POINTS=    21112
   C-GRID MASK IN Y DIRECTION HAS NUMBER OF OCEAN POINTS=    21012
   TOTAL VECTOR DIMENSION ON T-GRID =  21216
   TOTAL VECTOR DIMENSION ON H-GRID =  20909

    VERTICAL SWITCH FUNCTIONS IN VICINITY OF POINT
      LON = 323.00000   LAT =  53.50000
     WITH COORDINATES OF   10.30 W,   47.80 N.
                        SWITCH DEPTH FOR TYPE OF DIFFUSION:  300.0
     SWITCH DEPTH&RESIDUAL FRACTION FOR VALUE OF DIFFUSION:  300.0    0.5
 Depth[m] 0   0.25 0.50 0.75  1     
 ---------+----+----+----+----+-----
     0.0 |*                   +     

   Setting vertical switching function for lateral diffusion.
   MEAN DEPTH [CM]: 99999.84

    VERTICAL SWITCH FUNCTIONS IN VICINITY OF POINT
      LON = 323.00000   LAT =  53.50000
     WITH COORDINATES OF   10.30 W,   47.80 N.
                        SWITCH DEPTH FOR TYPE OF DIFFUSION:  300.0
     SWITCH DEPTH&RESIDUAL FRACTION FOR VALUE OF DIFFUSION:  300.0    0.5
 Depth[m] 0   0.25 0.50 0.75  1     
 ---------+----+----+----+----+-----
     0.0 |*                   +     

   Setting vertical switching function for lateral diffusion.

    VERTICAL SWITCH FUNCTIONS IN VICINITY OF POINT
      LON = 323.00000   LAT =  53.50000
     WITH COORDINATES OF   10.30 W,   47.80 N.
                        SWITCH DEPTH FOR TYPE OF DIFFUSION:  300.0
     SWITCH DEPTH&RESIDUAL FRACTION FOR VALUE OF DIFFUSION:  300.0    0.5
 Depth[m] 0   0.25 0.50 0.75  1     
 ---------+----+----+----+----+-----
     0.0 |*                   +     

   Setting vertical switching function for lateral diffusion.

    VERTICAL SWITCH FUNCTIONS IN VICINITY OF POINT
      LON = 323.00000   LAT =  53.50000
 RDR;RMU;EPS= 0.100E-06 0.000E+00 0.500E-03
    LATERAL DIFFUSION TYPE:
   WCLSD, WCLZD, WCLRD  = 1.00000 1.00000 0.00000
         WCVZD1,WCVRD1  =         1.00000 0.00000
  WCVZD2,WCVRD2,WCVZRD  =         1.00000 0.00000 0.00000
     WITH COORDINATES OF   10.30 W,   47.80 N.
                        SWITCH DEPTH FOR TYPE OF DIFFUSION:  300.0
     SWITCH DEPTH&RESIDUAL FRACTION FOR VALUE OF DIFFUSION:  300.0    0.5
 Depth[m] 0   0.25 0.50 0.75  1     
 ---------+----+----+----+----+-----
 TT & SS: AMXT,AMYT =  0.1000E+06  0.1000E+06
 UU & VV: AMXU,AMYU =  0.2500E+06  0.2500E+06
 ANUMAXT,ANUBGRT  =     50.0000      0.0500 -MAX(TOP)&BACKGR.TS VERT.DIFFUS.
 ANUMAXU,ANUBGRU  =    150.0000      1.0000 -MAX(TOP)&BACKGR. VERT.VISKOSITY
     0.0 |*                   +     

   Setting vertical switching function for lateral diffusion.
 RDR;RMU;EPS= 0.100E-06 0.000E+00 0.500E-03
    LATERAL DIFFUSION TYPE:
   WCLSD, WCLZD, WCLRD  = 1.00000 1.00000 0.00000
         WCVZD1,WCVRD1  =         1.00000 0.00000
  WCVZD2,WCVRD2,WCVZRD  =         1.00000 0.00000 0.00000
 TT & SS: AMXT,AMYT =  0.1000E+06  0.1000E+06
  START DAY:   1; TIME:  0: 0: 0,16
 UU & VV: AMXU,AMYU =  0.2500E+06  0.2500E+06
 ANUMAXT,ANUBGRT  =     50.0000      0.0500 -MAX(TOP)&BACKGR.TS VERT.DIFFUS.
 ANUMAXU,ANUBGRU  =    150.0000      1.0000 -MAX(TOP)&BACKGR. VERT.VISKOSITY
 RDR;RMU;EPS= 0.100E-06 0.000E+00 0.500E-03
    LATERAL DIFFUSION TYPE:
   WCLSD, WCLZD, WCLRD  = 1.00000 1.00000 0.00000
  START DAY:   1; TIME:  0: 0: 0,17
         WCVZD1,WCVRD1  =         1.00000 0.00000
  WCVZD2,WCVRD2,WCVZRD  =         1.00000 0.00000 0.00000
 TT & SS: AMXT,AMYT =  0.1000E+06  0.1000E+06
 UU & VV: AMXU,AMYU =  0.2500E+06  0.2500E+06
 ANUMAXT,ANUBGRT  =     50.0000      0.0500 -MAX(TOP)&BACKGR.TS VERT.DIFFUS.
 ANUMAXU,ANUBGRU  =    150.0000      1.0000 -MAX(TOP)&BACKGR. VERT.VISKOSITY
  START DAY:   1; TIME:  0: 0: 0,18

    VERTICAL SWITCH FUNCTIONS IN VICINITY OF POINT
      LON = 323.00000   LAT =  53.50000
     WITH COORDINATES OF   10.30 W,   47.80 N.
                        SWITCH DEPTH FOR TYPE OF DIFFUSION:  300.0
     SWITCH DEPTH&RESIDUAL FRACTION FOR VALUE OF DIFFUSION:  300.0    0.5
 Depth[m] 0   0.25 0.50 0.75  1     
 ---------+----+----+----+----+-----
     0.0 |*                   +     

   Setting vertical switching function for lateral diffusion.
 RDR;RMU;EPS= 0.100E-06 0.000E+00 0.500E-03
    LATERAL DIFFUSION TYPE:
   WCLSD, WCLZD, WCLRD  = 1.00000 1.00000 0.00000
         WCVZD1,WCVRD1  =         1.00000 0.00000
  WCVZD2,WCVRD2,WCVZRD  =         1.00000 0.00000 0.00000
 TT & SS: AMXT,AMYT =  0.1000E+06  0.1000E+06
 UU & VV: AMXU,AMYU =  0.2500E+06  0.2500E+06
 ANUMAXT,ANUBGRT  =     50.0000      0.0500 -MAX(TOP)&BACKGR.TS VERT.DIFFUS.
 ANUMAXU,ANUBGRU  =    150.0000      1.0000 -MAX(TOP)&BACKGR. VERT.VISKOSITY
  START DAY:   1; TIME:  0: 0: 0,13
 RDR;RMU;EPS= 0.100E-06 0.000E+00 0.500E-03
    LATERAL DIFFUSION TYPE:
   WCLSD, WCLZD, WCLRD  = 1.00000 1.00000 0.00000
         WCVZD1,WCVRD1  =         1.00000 0.00000
  WCVZD2,WCVRD2,WCVZRD  =         1.00000 0.00000 0.00000
 TT & SS: AMXT,AMYT =  0.1000E+06  0.1000E+06
 UU & VV: AMXU,AMYU =  0.2500E+06  0.2500E+06
 ANUMAXT,ANUBGRT  =     50.0000      0.0500 -MAX(TOP)&BACKGR.TS VERT.DIFFUS.
 ANUMAXU,ANUBGRU  =    150.0000      1.0000 -MAX(TOP)&BACKGR. VERT.VISKOSITY
  START DAY:   1; TIME:  0: 0: 0,17

    VERTICAL SWITCH FUNCTIONS IN VICINITY OF POINT
      LON = 323.00000   LAT =  53.50000
     WITH COORDINATES OF   10.30 W,   47.80 N.
                        SWITCH DEPTH FOR TYPE OF DIFFUSION:  300.0
     SWITCH DEPTH&RESIDUAL FRACTION FOR VALUE OF DIFFUSION:  300.0    0.5
 Depth[m] 0   0.25 0.50 0.75  1     
 ---------+----+----+----+----+-----
     0.0 |*                   +     

   Setting vertical switching function for lateral diffusion.
  SUM OF SW DIVERGENCE COEFFICIENT =  21216.00
  FOR   21216.00 T-GRID POINTS
   Shortwave penetration divergent coefficients have been defined
 RDR;RMU;EPS= 0.100E-06 0.000E+00 0.500E-03
    LATERAL DIFFUSION TYPE:
   WCLSD, WCLZD, WCLRD  = 1.00000 1.00000 0.00000
         WCVZD1,WCVRD1  =         1.00000 0.00000
  WCVZD2,WCVRD2,WCVZRD  =         1.00000 0.00000 0.00000
 TT & SS: AMXT,AMYT =  0.1000E+06  0.1000E+06
 UU & VV: AMXU,AMYU =  0.2500E+06  0.2500E+06
 ANUMAXT,ANUBGRT  =     50.0000      0.0500 -MAX(TOP)&BACKGR.TS VERT.DIFFUS.
 ANUMAXU,ANUBGRU  =    150.0000      1.0000 -MAX(TOP)&BACKGR. VERT.VISKOSITY
  START DAY:   1; TIME:  0: 0: 0,18
  SUM OF SW DIVERGENCE COEFFICIENT =  21216.00
  FOR   21216.00 T-GRID POINTS
   Shortwave penetration divergent coefficients have been defined

    VERTICAL SWITCH FUNCTIONS IN VICINITY OF POINT
      LON = 323.00000   LAT =  53.50000
     WITH COORDINATES OF   10.30 W,   47.80 N.
                        SWITCH DEPTH FOR TYPE OF DIFFUSION:  300.0
     SWITCH DEPTH&RESIDUAL FRACTION FOR VALUE OF DIFFUSION:  300.0    0.5
 Depth[m] 0   0.25 0.50 0.75  1     
 ---------+----+----+----+----+-----
     0.0 |*                   +     

   Setting vertical switching function for lateral diffusion.
 RDR;RMU;EPS= 0.100E-06 0.000E+00 0.500E-03
    LATERAL DIFFUSION TYPE:
   WCLSD, WCLZD, WCLRD  = 1.00000 1.00000 0.00000
         WCVZD1,WCVRD1  =         1.00000 0.00000
  WCVZD2,WCVRD2,WCVZRD  =         1.00000 0.00000 0.00000
 TT & SS: AMXT,AMYT =  0.1000E+06  0.1000E+06
 UU & VV: AMXU,AMYU =  0.2500E+06  0.2500E+06
 ANUMAXT,ANUBGRT  =     50.0000      0.0500 -MAX(TOP)&BACKGR.TS VERT.DIFFUS.
 ANUMAXU,ANUBGRU  =    150.0000      1.0000 -MAX(TOP)&BACKGR. VERT.VISKOSITY
  STEP:   0.50HRS;  1800.00SEC;  0.02083DAY.
  DURATION OF RUN     1.00 DAYS.
  START DAY:   1; TIME:  0: 0: 0,17
 
START OF TIME INTEGRATION OF OCEAN MODEL
 

    VERTICAL SWITCH FUNCTIONS IN VICINITY OF POINT
      LON = 323.00000   LAT =  53.50000
     WITH COORDINATES OF   10.30 W,   47.80 N.
                        SWITCH DEPTH FOR TYPE OF DIFFUSION:  300.0
     SWITCH DEPTH&RESIDUAL FRACTION FOR VALUE OF DIFFUSION:  300.0    0.5
 Depth[m] 0   0.25 0.50 0.75  1     
 ---------+----+----+----+----+-----
     0.0 |*                   +     

   Setting vertical switching function for lateral diffusion.
 RDR;RMU;EPS= 0.100E-06 0.000E+00 0.500E-03
    LATERAL DIFFUSION TYPE:
   WCLSD, WCLZD, WCLRD  = 1.00000 1.00000 0.00000
         WCVZD1,WCVRD1  =         1.00000 0.00000
  WCVZD2,WCVRD2,WCVZRD  =         1.00000 0.00000 0.00000
 TT & SS: AMXT,AMYT =  0.1000E+06  0.1000E+06
 UU & VV: AMXU,AMYU =  0.2500E+06  0.2500E+06
 ANUMAXT,ANUBGRT  =     50.0000      0.0500 -MAX(TOP)&BACKGR.TS VERT.DIFFUS.
 ANUMAXU,ANUBGRU  =    150.0000      1.0000 -MAX(TOP)&BACKGR. VERT.VISKOSITY
  START DAY:   1; TIME:  0: 0: 0,19
 MatForm:   4.0335710048675537     
 RHSForm:  1.24058723449707031E-002
           0 KSPSolve   7.0817530155181885      its         850 norm  1.30636077784489582E-003 nvar       63340
   FORM u,v,slh:  3.77511978149414063E-003
   SYNC:  1.37186050415039063E-003
 SolveSys:   7.0878961086273193     
 RHSForm:  1.57768726348876953E-002
           0 KSPSolve   4.9612751007080078      its         608 norm  1.87375726622114949E-003 nvar       63340
   FORM u,v,slh:  2.67982482910156250E-004
   SYNC:  7.41958618164062500E-004
 SolveSys:   4.9624938964843750     
 RHSForm:  1.70710086822509766E-002
           0 KSPSolve   5.1726830005645752      its         632 norm  1.87031675934706235E-003 nvar       63340
   FORM u,v,slh:  1.38998031616210938E-004
   SYNC:  8.30888748168945313E-004
 SolveSys:   5.1737241744995117     
 RHSForm:  9.13691520690917969E-003
           0 KSPSolve   3.3002948760986328      its         409 norm  1.60514806176541096E-003 nvar       63340
   FORM u,v,slh:  1.28030776977539063E-004
   SYNC:  9.05990600585937500E-004
 SolveSys:   3.3013978004455566     
 RHSForm:  1.11670494079589844E-002
           0 KSPSolve   4.1798989772796631      its         528 norm  1.33361061708424508E-003 nvar       63340
   FORM u,v,slh:  6.02006912231445313E-004
   SYNC:  1.58882141113281250E-003
 SolveSys:   4.1824939250946045     
 RHSForm:  1.32589340209960938E-002
           0 KSPSolve   3.8649840354919434      its         471 norm  1.18871396341832156E-003 nvar       63340
   FORM u,v,slh:  2.77042388916015625E-004
   SYNC:  1.21808052062988281E-003
 SolveSys:   3.8666698932647705     
 RHSForm:  1.39789581298828125E-002
           0 KSPSolve   4.6625320911407471      its         574 norm  1.18316551313577076E-003 nvar       63340
   FORM u,v,slh:  6.08921051025390625E-004
   SYNC:  2.55990028381347656E-003
 SolveSys:   4.6662600040435791     
 RHSForm:  1.79538726806640625E-002
           0 KSPSolve   3.1352210044860840      its         386 norm  1.23535400102969708E-003 nvar       63340
   FORM u,v,slh:  1.31845474243164063E-004
   SYNC:  7.64846801757812500E-004
 SolveSys:   3.1361918449401855     
 RHSForm:  1.11608505249023438E-002
           0 KSPSolve   2.3302640914916992      its         283 norm  1.28567453507041928E-003 nvar       63340
   FORM u,v,slh:  1.66893005371093750E-004
   SYNC:  5.14984130859375000E-004
 SolveSys:   2.3311309814453125     
 RHSForm:  8.22901725769042969E-003
           0 KSPSolve   2.5282900333404541      its         308 norm  1.31906949259358677E-003 nvar       63340
   FORM u,v,slh:  2.70128250122070313E-004
   SYNC:  9.26017761230468750E-004
 SolveSys:   2.5296828746795654     
  WRITE XY-DATA: REC=       1
   MODEL TIME: 05:00:00  01JAN2013;  DAY IN YEAR:001,  DAY IN 4YRS:0001
 OUTPUT DATA to E/XY/sl.dat
 XY_OUT:  4.77118492126464844E-002
 RHSForm:  1.85010433197021484E-002
           0 KSPSolve   2.3934078216552734      its         303 norm  1.33734968829059904E-003 nvar       63340
   FORM u,v,slh:  1.54972076416015625E-004
   SYNC:  5.24044036865234375E-004
 SolveSys:   2.3941738605499268     
 RHSForm:  1.11989974975585938E-002
           0 KSPSolve   2.1293179988861084      its         258 norm  1.32960515908221158E-003 nvar       63340
   FORM u,v,slh:  1.30891799926757813E-004
   SYNC:  9.70125198364257813E-004
 SolveSys:   2.1304941177368164     
 RHSForm:  8.51392745971679688E-003
           0 KSPSolve   2.2565340995788574      its         281 norm  1.32180566774788640E-003 nvar       63340
   FORM u,v,slh:  1.45912170410156250E-004
   SYNC:  6.60896301269531250E-004
 SolveSys:   2.2574241161346436     
 RHSForm:  1.03888511657714844E-002
           0 KSPSolve  0.86911606788635254      its         110 norm  1.30780593945089012E-003 nvar       63340
   FORM u,v,slh:  1.26838684082031250E-004
   SYNC:  8.74996185302734375E-004
 SolveSys:  0.87018895149230957     
 RHSForm:  1.05171203613281250E-002
           0 KSPSolve  0.13683414459228516      its          20 norm  1.25685656256337066E-003 nvar       63340
   FORM u,v,slh:  1.16825103759765625E-004
   SYNC:  4.71115112304687500E-004
 SolveSys:  0.13773417472839355     
 RHSForm:  1.04739665985107422E-002
           0 KSPSolve   1.1272599697113037      its         142 norm  1.29997823599188925E-003 nvar       63340
   FORM u,v,slh:  1.49965286254882813E-004
   SYNC:  8.31127166748046875E-004
 SolveSys:   1.1283280849456787     
 RHSForm:  9.40489768981933594E-003
           0 KSPSolve   1.0031309127807617      its         121 norm  1.29137594685735575E-003 nvar       63340
   FORM u,v,slh:  4.78982925415039063E-004
   SYNC:  5.14984130859375000E-004
 SolveSys:   1.0043947696685791     
 RHSForm:  1.13430023193359375E-002
           0 KSPSolve   1.3291730880737305      its         163 norm  1.30728025517003557E-003 nvar       63340
   FORM u,v,slh:  1.26123428344726563E-004
   SYNC:  7.50064849853515625E-004
 SolveSys:   1.3301231861114502     
 RHSForm:  1.37369632720947266E-002
           0 KSPSolve  0.97848892211914063      its         123 norm  1.30453858439854502E-003 nvar       63340
   FORM u,v,slh:  1.30176544189453125E-004
   SYNC:  8.39948654174804688E-004
 SolveSys:  0.97953414916992188     
 RHSForm:  1.10628604888916016E-002
           0 KSPSolve  0.45545983314514160      its          57 norm  1.30003631152528589E-003 nvar       63340
   FORM u,v,slh:  8.01086425781250000E-005
   SYNC:  1.35898590087890625E-003
 SolveSys:  0.45696496963500977     
  WRITE XY-DATA: REC=       2
   MODEL TIME: 10:00:00  01JAN2013;  DAY IN YEAR:001,  DAY IN 4YRS:0001
 OUTPUT DATA to E/XY/sl.dat
 XY_OUT:  2.10230350494384766E-002
 RHSForm:  1.42078399658203125E-002
           0 KSPSolve  8.63130092620849609E-002 its          13 norm  1.28838071445287836E-003 nvar       63340
   FORM u,v,slh:  2.34842300415039063E-004
   SYNC:  8.41856002807617188E-004
 SolveSys:  8.82599353790283203E-002
 RHSForm:  1.27010345458984375E-002
           0 KSPSolve  0.15287184715270996      its          21 norm  1.29925717321233798E-003 nvar       63340
   FORM u,v,slh:  1.48057937622070313E-004
   SYNC:  4.91142272949218750E-004
 SolveSys:  0.15359902381896973     
 RHSForm:  9.05799865722656250E-003
           0 KSPSolve  0.52368903160095215      its          64 norm  1.29518654789988674E-003 nvar       63340
   FORM u,v,slh:  1.44958496093750000E-004
   SYNC:  5.99145889282226563E-004
 SolveSys:  0.52458214759826660     
 RHSForm:  1.39899253845214844E-002
           0 KSPSolve  0.53194308280944824      its          64 norm  1.27468785834831673E-003 nvar       63340
   FORM u,v,slh:  1.28030776977539063E-004
   SYNC:  5.06877899169921875E-004
 SolveSys:  0.53265118598937988     
 RHSForm:  9.17696952819824219E-003
           0 KSPSolve  0.52819085121154785      its          66 norm  1.29988573200333726E-003 nvar       63340
   FORM u,v,slh:  1.46150588989257813E-004
   SYNC:  7.36951828002929688E-004
 SolveSys:  0.52917098999023438     
 RHSForm:  1.11691951751708984E-002
           0 KSPSolve  0.49434089660644531      its          63 norm  1.29849659217662035E-003 nvar       63340
   FORM u,v,slh:  1.33037567138671875E-004
   SYNC:  6.69002532958984375E-004
 SolveSys:  0.49521684646606445     
 RHSForm:  8.72087478637695313E-003
           0 KSPSolve  0.49444484710693359      its          60 norm  1.30361430388974131E-003 nvar       63340
   FORM u,v,slh:  1.28984451293945313E-004
   SYNC:  8.12053680419921875E-004
 SolveSys:  0.49545788764953613     
 RHSForm:  1.11720561981201172E-002
           0 KSPSolve  0.45587301254272461      its          59 norm  1.30877110669118195E-003 nvar       63340
   FORM u,v,slh:  1.28984451293945313E-004
   SYNC:  9.16004180908203125E-004
 SolveSys:  0.45699000358581543     
 RHSForm:  1.28550529479980469E-002
           0 KSPSolve  0.45192098617553711      its          57 norm  1.29735603704174939E-003 nvar       63340
   FORM u,v,slh:  1.29938125610351563E-004
   SYNC:  5.86986541748046875E-004
 SolveSys:  0.45280098915100098     
 RHSForm:  1.05609893798828125E-002
           0 KSPSolve  0.43981885910034180      its          56 norm  1.29587027967923351E-003 nvar       63340
   FORM u,v,slh:  1.58071517944335938E-004
   SYNC:  7.06195831298828125E-004
 SolveSys:  0.44076204299926758     
  WRITE XY-DATA: REC=       3
   MODEL TIME: 15:00:00  01JAN2013;  DAY IN YEAR:001,  DAY IN 4YRS:0001
 OUTPUT DATA to E/XY/sl.dat
 XY_OUT:  1.77090167999267578E-002
 RHSForm:  1.65159702301025391E-002
           0 KSPSolve  0.40403795242309570      its          51 norm  1.31216881759971021E-003 nvar       63340
   FORM u,v,slh:  2.38895416259765625E-004
   SYNC:  7.46965408325195313E-004
 SolveSys:  0.40516591072082520     
 RHSForm:  1.27289295196533203E-002
           0 KSPSolve  0.37512803077697754      its          48 norm  1.31700911701532631E-003 nvar       63340
   FORM u,v,slh:  1.28030776977539063E-004
   SYNC:  6.48975372314453125E-004
 SolveSys:  0.37597393989562988     
 RHSForm:  1.09050273895263672E-002
           0 KSPSolve  0.34163904190063477      its          47 norm  1.31634621934284242E-003 nvar       63340
   FORM u,v,slh:  1.33991241455078125E-004
   SYNC:  1.12581253051757813E-003
 SolveSys:  0.34296989440917969     
 RHSForm:  1.32079124450683594E-002
           0 KSPSolve  0.32979106903076172      its          46 norm  1.31980085275831133E-003 nvar       63340
   FORM u,v,slh:  1.49965286254882813E-004
   SYNC:  5.09977340698242188E-004
 SolveSys:  0.33058691024780273     
 RHSForm:  1.10349655151367188E-002
           0 KSPSolve  0.34151792526245117      its          46 norm  1.31436408761425629E-003 nvar       63340
   FORM u,v,slh:  1.26123428344726563E-004
   SYNC:  5.59091567993164063E-004
 SolveSys:  0.34228110313415527     
 RHSForm:  1.27949714660644531E-002
           0 KSPSolve  0.33664584159851074      its          44 norm  1.31693462251381314E-003 nvar       63340
   FORM u,v,slh:  1.45912170410156250E-004
   SYNC:  7.10010528564453125E-004
 SolveSys:  0.33759188652038574     
 RHSForm:  1.17530822753906250E-002
           0 KSPSolve  0.31005096435546875      its          42 norm  1.31651448988028084E-003 nvar       63340
   FORM u,v,slh:  1.44958496093750000E-004
   SYNC:  6.95228576660156250E-004
 SolveSys:  0.31098389625549316     
 RHSForm:  1.09839439392089844E-002
           0 KSPSolve  0.31252694129943848      its          40 norm  1.32048245744278655E-003 nvar       63340
   FORM u,v,slh:  5.04016876220703125E-004
   SYNC:  5.10931015014648438E-004
 SolveSys:  0.31381201744079590     
 RHSForm:  1.47888660430908203E-002
           0 KSPSolve  0.28537487983703613      its          39 norm  1.32050950281496294E-003 nvar       63340
   FORM u,v,slh:  1.43051147460937500E-004
   SYNC:  6.58988952636718750E-004
 SolveSys:  0.28624987602233887     
 RHSForm:  1.09109878540039063E-002
           0 KSPSolve  0.31735205650329590      its          42 norm  1.31837494534297077E-003 nvar       63340
   FORM u,v,slh:  1.25885009765625000E-004
   SYNC:  7.66038894653320313E-004
 SolveSys:  0.31839799880981445     
  WRITE XY-DATA: REC=       4
   MODEL TIME: 20:00:00  01JAN2013;  DAY IN YEAR:001,  DAY IN 4YRS:0001
 OUTPUT DATA to E/XY/sl.dat
 XY_OUT:  1.46219730377197266E-002
 RHSForm:  1.21769905090332031E-002
           0 KSPSolve  0.38833308219909668      its          48 norm  1.31974619082738331E-003 nvar       63340
   FORM u,v,slh:  1.52111053466796875E-004
   SYNC:  7.41004943847656250E-004
 SolveSys:  0.38931488990783691     
 RHSForm:  1.09338760375976563E-002
           0 KSPSolve  0.36685705184936523      its          48 norm  1.31200154133758709E-003 nvar       63340
   FORM u,v,slh:  1.56164169311523438E-004
   SYNC:  7.58886337280273438E-004
 SolveSys:  0.36786317825317383     
 RHSForm:  8.36181640625000000E-003
           0 KSPSolve  0.36606001853942871      its          47 norm  1.30877739703104531E-003 nvar       63340
   FORM u,v,slh:  1.54972076416015625E-004
   SYNC:  6.46114349365234375E-004
 SolveSys:  0.36695003509521484     
 RHSForm:  1.37422084808349609E-002
           0 KSPSolve  0.37234616279602051      its          47 norm  1.31738229876440923E-003 nvar       63340
   FORM u,v,slh:  1.51157379150390625E-004
   SYNC:  7.49826431274414063E-004
 SolveSys:  0.37333321571350098     
 RHSForm:  1.24900341033935547E-002
           0 KSPSolve  0.37879204750061035      its          49 norm  1.31470114078102414E-003 nvar       63340
   FORM u,v,slh:  1.27077102661132813E-004
   SYNC:  4.95195388793945313E-004
 SolveSys:  0.38022398948669434     
 RHSForm:  1.31089687347412109E-002
           0 KSPSolve  0.38612914085388184      its          49 norm  1.30306845981246035E-003 nvar       63340
   FORM u,v,slh:  1.36852264404296875E-004
   SYNC:  6.90937042236328125E-004
 SolveSys:  0.38759589195251465     
 RHSForm:  1.14128589630126953E-002
           0 KSPSolve  0.34200882911682129      its          45 norm  1.31358159955670775E-003 nvar       63340
   FORM u,v,slh:  1.51157379150390625E-004
   SYNC:  5.54084777832031250E-004
 SolveSys:  0.34283089637756348     
 RHSForm:  1.16879940032958984E-002
           0 KSPSolve  0.33025908470153809      its          44 norm  1.31080896895639071E-003 nvar       63340
   FORM u,v,slh:  1.26838684082031250E-004
  ELAPSED DAY:   1; TIME:  0: 0:32,47
  ELAPSED DAY:   1; TIME:  0: 0:28,58
  ELAPSED DAY:   1; TIME:  0: 0:23,20
  ELAPSED DAY:   1; TIME:  0: 0:36,54
  ELAPSED DAY:   1; TIME:  0: 0:27, 2
  ELAPSED DAY:   1; TIME:  0: 0:30,95
  ELAPSED DAY:   1; TIME:  0: 0:28,43
   SYNC:  2.85601615905761719E-003
 SolveSys:  0.33380794525146484     
 
END OF TIME INTEGRATION OF OCEAN MODEL
 
 TIME GLOBAL:   69.124554157257080     
  ELAPSED DAY:   1; TIME:  0: 0:37,72
